
obj/mi_TP2_v8.elf:     formato del fichero elf32-littlearm


Desensamblado de la sección .inicio:

70010000 <__ROM_start__>:
70010000:	f10c00c0 	cpsid	if
70010004:	e10f0000 	mrs	r0, CPSR
70010008:	e3c0020f 	bic	r0, r0, #-268435456	; 0xf0000000
7001000c:	e129f000 	msr	CPSR_fc, r0
70010010:	ee100f10 	mrc	15, 0, r0, cr0, cr0, {0}
70010014:	eaffffff 	b	70010018 <_Copia_ROM_a_RAM>

70010018 <_Copia_ROM_a_RAM>:
70010018:	e59fd020 	ldr	sp, [pc, #32]	; 70010040 <_Bootloader+0x4>

7001001c <_Copia_Seccion_TEXT>:
7001001c:	e59f0020 	ldr	r0, [pc, #32]	; 70010044 <_Bootloader+0x8>
70010020:	e59f1020 	ldr	r1, [pc, #32]	; 70010048 <_Bootloader+0xc>
70010024:	e59f2020 	ldr	r2, [pc, #32]	; 7001004c <_Bootloader+0x10>
70010028:	fa00000b 	blx	7001005c <td3_memcopy>

7001002c <_Copia_Seccion_DATA>:
7001002c:	e59f001c 	ldr	r0, [pc, #28]	; 70010050 <_Bootloader+0x14>
70010030:	e59f101c 	ldr	r1, [pc, #28]	; 70010054 <_Bootloader+0x18>
70010034:	e59f201c 	ldr	r2, [pc, #28]	; 70010058 <_Bootloader+0x1c>
70010038:	fa000007 	blx	7001005c <td3_memcopy>

7001003c <_Bootloader>:
7001003c:	ea00804b 	b	70030170 <_start>
70010040:	70021000 	andvc	r1, r2, r0
70010044:	70030000 	andvc	r0, r3, r0
70010048:	7001009c 	mulvc	r1, ip, r0
7001004c:	00000244 	andeq	r0, r0, r4, asr #4
70010050:	70030244 	andvc	r0, r3, r4, asr #4
70010054:	700102e0 	andvc	r0, r1, r0, ror #5
70010058:	00000008 	andeq	r0, r0, r8

7001005c <td3_memcopy>:
7001005c:	b480      	push	{r7}
7001005e:	b087      	sub	sp, #28
70010060:	af00      	add	r7, sp, #0
70010062:	60f8      	str	r0, [r7, #12]
70010064:	60b9      	str	r1, [r7, #8]
70010066:	607a      	str	r2, [r7, #4]
70010068:	68fb      	ldr	r3, [r7, #12]
7001006a:	613b      	str	r3, [r7, #16]
7001006c:	68bb      	ldr	r3, [r7, #8]
7001006e:	617b      	str	r3, [r7, #20]
70010070:	e00a      	b.n	70010088 <td3_memcopy+0x2c>
70010072:	697a      	ldr	r2, [r7, #20]
70010074:	1c53      	adds	r3, r2, #1
70010076:	617b      	str	r3, [r7, #20]
70010078:	693b      	ldr	r3, [r7, #16]
7001007a:	1c59      	adds	r1, r3, #1
7001007c:	6139      	str	r1, [r7, #16]
7001007e:	7812      	ldrb	r2, [r2, #0]
70010080:	701a      	strb	r2, [r3, #0]
70010082:	687b      	ldr	r3, [r7, #4]
70010084:	3b01      	subs	r3, #1
70010086:	607b      	str	r3, [r7, #4]
70010088:	687b      	ldr	r3, [r7, #4]
7001008a:	2b00      	cmp	r3, #0
7001008c:	d1f1      	bne.n	70010072 <td3_memcopy+0x16>
7001008e:	bf00      	nop
70010090:	bf00      	nop
70010092:	371c      	adds	r7, #28
70010094:	46bd      	mov	sp, r7
70010096:	f85d 7b04 	ldr.w	r7, [sp], #4
7001009a:	4770      	bx	lr

Desensamblado de la sección .text:

70030000 <__text_start__>:
70030000:	f57ff04f 	dsb	sy
70030004:	e10f0000 	mrs	r0, CPSR
70030008:	e3c00080 	bic	r0, r0, #128	; 0x80
7003000c:	e129f000 	msr	CPSR_fc, r0
70030010:	f57ff04f 	dsb	sy
70030014:	f57ff06f 	isb	sy
70030018:	e12fff1e 	bx	lr
7003001c:	00000000 	andeq	r0, r0, r0

70030020 <_irq_disable>:
70030020:	f57ff04f 	dsb	sy
70030024:	e10f0000 	mrs	r0, CPSR
70030028:	e3800040 	orr	r0, r0, #64	; 0x40
7003002c:	e129f000 	msr	CPSR_fc, r0
70030030:	f57ff04f 	dsb	sy
70030034:	f57ff06f 	isb	sy
70030038:	e12fff1e 	bx	lr

7003003c <_LOAD_ISR_Vectors_Base>:
7003003c:	ee0c0f10 	mcr	15, 0, r0, cr12, cr0, {0}
70030040:	f57ff04f 	dsb	sy
70030044:	e12fff1e 	bx	lr
	...

70030050 <_HALT_CPU>:
70030050:	e320f003 	wfi
70030054:	e12fff1e 	bx	lr
	...

70030060 <_BREAKPOINT_DEBUG>:
70030060:	e320f002 	wfe
70030064:	e12fff1e 	bx	lr
	...

70030070 <_READ_CPSR_REGS>:
70030070:	f57ff04f 	dsb	sy
70030074:	e10f0000 	mrs	r0, CPSR
70030078:	e12fff1e 	bx	lr
7003007c:	00000000 	andeq	r0, r0, r0

70030080 <_EOI>:
70030080:	e3a00001 	mov	r0, #1
70030084:	e59f1034 	ldr	r1, [pc, #52]	; 700300c0 <_READ_32+0x8>
70030088:	e5810048 	str	r0, [r1, #72]	; 0x48
7003008c:	e12fff1e 	bx	lr

70030090 <_WRITE_8>:
70030090:	e5c01000 	strb	r1, [r0]
70030094:	e12fff1e 	bx	lr

70030098 <_WRITE_16>:
70030098:	e1c010b0 	strh	r1, [r0]
7003009c:	e12fff1e 	bx	lr

700300a0 <_WRITE_32>:
700300a0:	e5801000 	str	r1, [r0]
700300a4:	e12fff1e 	bx	lr

700300a8 <_READ_8>:
700300a8:	e5d00000 	ldrb	r0, [r0]
700300ac:	e12fff1e 	bx	lr

700300b0 <_READ_16>:
700300b0:	e1d000b0 	ldrh	r0, [r0]
700300b4:	e12fff1e 	bx	lr

700300b8 <_READ_32>:
700300b8:	e5900000 	ldr	r0, [r0]
700300bc:	e12fff1e 	bx	lr
700300c0:	48200000 	stmdami	r0!, {}	; <UNPREDICTABLE>

700300c4 <_Prueba>:
700300c4:	e3a01001 	mov	r1, #1
700300c8:	e59f2028 	ldr	r2, [pc, #40]	; 700300f8 <_prueba_stack+0xc>
700300cc:	e5920000 	ldr	r0, [r2]

700300d0 <_leer_ascii>:
700300d0:	e59fc024 	ldr	ip, [pc, #36]	; 700300fc <_prueba_stack+0x10>
700300d4:	e5dc0000 	ldrb	r0, [ip]
700300d8:	e59f3018 	ldr	r3, [pc, #24]	; 700300f8 <_prueba_stack+0xc>
700300dc:	e5c30000 	strb	r0, [r3]
700300e0:	e59c0000 	ldr	r0, [ip]
700300e4:	e59f3014 	ldr	r3, [pc, #20]	; 70030100 <_prueba_stack+0x14>
700300e8:	e5830000 	str	r0, [r3]

700300ec <_prueba_stack>:
700300ec:	e52d0004 	push	{r0}		; (str r0, [sp, #-4]!)
700300f0:	e49d0004 	pop	{r0}		; (ldr r0, [sp], #4)
700300f4:	eafffffe 	b	700300f4 <_prueba_stack+0x8>
700300f8:	70030248 	andvc	r0, r3, r8, asr #4
700300fc:	70030244 	andvc	r0, r3, r4, asr #4
70030100:	7003024c 	andvc	r0, r3, ip, asr #4

70030104 <UND_Handler>:
70030104:	e3a0ac01 	mov	sl, #256	; 0x100
70030108:	f8bd0a00 	rfeia	sp!

7003010c <SVC_Handler>:
7003010c:	e1b0f00e 	movs	pc, lr

70030110 <PREF_Handler>:
70030110:	e3a0ac03 	mov	sl, #768	; 0x300
70030114:	f8bd0a00 	rfeia	sp!

70030118 <ABT_Handler>:
70030118:	e3a0ab01 	mov	sl, #1024	; 0x400
7003011c:	f8bd0a00 	rfeia	sp!

70030120 <IRQ_Handler>:
70030120:	e3a0ac05 	mov	sl, #1280	; 0x500
70030124:	f8bd0a00 	rfeia	sp!

70030128 <FIQ_Handler>:
70030128:	e3a0ac06 	mov	sl, #1536	; 0x600
7003012c:	f8bd0a00 	rfeia	sp!

70030130 <_table_start>:
70030130:	e59ff018 	ldr	pc, [pc, #24]	; 70030150 <addr__reset_vector>
70030134:	e59ff018 	ldr	pc, [pc, #24]	; 70030154 <addr_UND_Handler>
70030138:	e59ff018 	ldr	pc, [pc, #24]	; 70030158 <addr_SVC_Handler>
7003013c:	e59ff018 	ldr	pc, [pc, #24]	; 7003015c <addr_PREF_Handler>
70030140:	e59ff018 	ldr	pc, [pc, #24]	; 70030160 <addr_ABT_Handler>
70030144:	e59ff018 	ldr	pc, [pc, #24]	; 70030164 <addr_start>
70030148:	e59ff018 	ldr	pc, [pc, #24]	; 70030168 <addr_IRQ_Handler>
7003014c:	e59ff018 	ldr	pc, [pc, #24]	; 7003016c <addr_FIQ_Handler>

70030150 <addr__reset_vector>:
70030150:	70010000 	andvc	r0, r1, r0

70030154 <addr_UND_Handler>:
70030154:	70030104 	andvc	r0, r3, r4, lsl #2

70030158 <addr_SVC_Handler>:
70030158:	7003010c 	andvc	r0, r3, ip, lsl #2

7003015c <addr_PREF_Handler>:
7003015c:	70030110 	andvc	r0, r3, r0, lsl r1

70030160 <addr_ABT_Handler>:
70030160:	70030118 	andvc	r0, r3, r8, lsl r1

70030164 <addr_start>:
70030164:	70030170 	andvc	r0, r3, r0, ror r1

70030168 <addr_IRQ_Handler>:
70030168:	70030120 	andvc	r0, r3, r0, lsr #2

7003016c <addr_FIQ_Handler>:
7003016c:	70030128 	andvc	r0, r3, r8, lsr #2

70030170 <_start>:
70030170:	e59f0050 	ldr	r0, [pc, #80]	; 700301c8 <idle+0x4>
70030174:	e59f1050 	ldr	r1, [pc, #80]	; 700301cc <idle+0x8>
70030178:	e3a02000 	mov	r2, #0
7003017c:	e1500001 	cmp	r0, r1
70030180:	0a000002 	beq	70030190 <_TABLE_COPY>

70030184 <_LOOP>:
70030184:	e4802004 	str	r2, [r0], #4
70030188:	e1500001 	cmp	r0, r1
7003018c:	dafffffc 	ble	70030184 <_LOOP>

70030190 <_TABLE_COPY>:
70030190:	e3a00000 	mov	r0, #0
70030194:	e59f1034 	ldr	r1, [pc, #52]	; 700301d0 <idle+0xc>
70030198:	e59f2034 	ldr	r2, [pc, #52]	; 700301d4 <idle+0x10>

7003019c <_TABLE_LOOP>:
7003019c:	e4913004 	ldr	r3, [r1], #4
700301a0:	e4803004 	str	r3, [r0], #4
700301a4:	e1510002 	cmp	r1, r2
700301a8:	1afffffb 	bne	7003019c <_TABLE_LOOP>

700301ac <_STACK_INIT>:
700301ac:	e321f0d3 	msr	CPSR_c, #211	; 0xd3
700301b0:	e59fd020 	ldr	sp, [pc, #32]	; 700301d8 <idle+0x14>
700301b4:	e59fa020 	ldr	sl, [pc, #32]	; 700301dc <idle+0x18>
700301b8:	e1a0e00f 	mov	lr, pc
700301bc:	e12fff1a 	bx	sl
700301c0:	ef00005f 	svc	0x0000005f

700301c4 <idle>:
700301c4:	eafffffe 	b	700301c4 <idle>
700301c8:	7003024c 	andvc	r0, r3, ip, asr #4
700301cc:	70030250 	andvc	r0, r3, r0, asr r2
700301d0:	70030130 	andvc	r0, r3, r0, lsr r1
700301d4:	70030170 	andvc	r0, r3, r0, ror r1
700301d8:	70021180 	andvc	r1, r2, r0, lsl #3
700301dc:	700301e1 	andvc	r0, r3, r1, ror #3

700301e0 <__gic_init>:
700301e0:	b480      	push	{r7}
700301e2:	b083      	sub	sp, #12
700301e4:	af00      	add	r7, sp, #0
700301e6:	f04f 53f0 	mov.w	r3, #503316480	; 0x1e000000
700301ea:	603b      	str	r3, [r7, #0]
700301ec:	f44f 5380 	mov.w	r3, #4096	; 0x1000
700301f0:	f6c1 6300 	movt	r3, #7680	; 0x1e00
700301f4:	607b      	str	r3, [r7, #4]
700301f6:	683b      	ldr	r3, [r7, #0]
700301f8:	22f0      	movs	r2, #240	; 0xf0
700301fa:	605a      	str	r2, [r3, #4]
700301fc:	687b      	ldr	r3, [r7, #4]
700301fe:	f8d3 3104 	ldr.w	r3, [r3, #260]	; 0x104
70030202:	f043 0202 	orr.w	r2, r3, #2
70030206:	687b      	ldr	r3, [r7, #4]
70030208:	f8c3 2104 	str.w	r2, [r3, #260]	; 0x104
7003020c:	687b      	ldr	r3, [r7, #4]
7003020e:	f8d3 3104 	ldr.w	r3, [r3, #260]	; 0x104
70030212:	f043 0210 	orr.w	r2, r3, #16
70030216:	687b      	ldr	r3, [r7, #4]
70030218:	f8c3 2104 	str.w	r2, [r3, #260]	; 0x104
7003021c:	687b      	ldr	r3, [r7, #4]
7003021e:	f8d3 3104 	ldr.w	r3, [r3, #260]	; 0x104
70030222:	f443 5280 	orr.w	r2, r3, #4096	; 0x1000
70030226:	687b      	ldr	r3, [r7, #4]
70030228:	f8c3 2104 	str.w	r2, [r3, #260]	; 0x104
7003022c:	683b      	ldr	r3, [r7, #0]
7003022e:	2201      	movs	r2, #1
70030230:	601a      	str	r2, [r3, #0]
70030232:	687b      	ldr	r3, [r7, #4]
70030234:	2201      	movs	r2, #1
70030236:	601a      	str	r2, [r3, #0]
70030238:	bf00      	nop
7003023a:	370c      	adds	r7, #12
7003023c:	46bd      	mov	sp, r7
7003023e:	f85d 7b04 	ldr.w	r7, [sp], #4
70030242:	4770      	bx	lr

Desensamblado de la sección .data:

70030244 <__data_start__>:
70030244:	004c4f48 	subeq	r4, ip, r8, asr #30

70030248 <argumento>:
70030248:	00000004 	andeq	r0, r0, r4

Desensamblado de la sección .bss:

7003024c <__bss_start__>:
7003024c:	00000000 	andeq	r0, r0, r0

Desensamblado de la sección .stack:

70020000 <__stack_start__>:
	...

70021000 <fin_pila>:
	...

70021080 <__irq_stack_top__>:
	...

70021100 <__fiq_stack_top__>:
	...

70021180 <__svc_stack_top__>:
	...

70021200 <__abt_stack_top__>:
	...

70021280 <__und_stack_top__>:
	...

Desensamblado de la sección .ARM.attributes:

00000000 <.ARM.attributes>:
   0:	00003841 	andeq	r3, r0, r1, asr #16
   4:	61656100 	cmnvs	r5, r0, lsl #2
   8:	01006962 	tsteq	r0, r2, ror #18
   c:	0000002e 	andeq	r0, r0, lr, lsr #32
  10:	726f4305 	rsbvc	r4, pc, #335544320	; 0x14000000
  14:	2d786574 	cfldr64cs	mvdx6, [r8, #-464]!	; 0xfffffe30
  18:	06003841 	streq	r3, [r0], -r1, asr #16
  1c:	0841070a 	stmdaeq	r1, {r1, r3, r8, r9, sl}^
  20:	0a020901 	beq	8242c <C_STACK_SIZE+0x8142c>
  24:	12010c03 	andne	r0, r1, #768	; 0x300
  28:	15011404 	strne	r1, [r1, #-1028]	; 0xfffffbfc
  2c:	18031701 	stmdane	r3, {r0, r8, r9, sl, ip}
  30:	1c021a01 			; <UNDEFINED> instruction: 0x1c021a01
  34:	44012201 	strmi	r2, [r1], #-513	; 0xfffffdff
  38:	La dirección 0x0000000000000038 está fuera de los límites.


Desensamblado de la sección .comment:

00000000 <.comment>:
   0:	3a434347 	bcc	10d0d24 <C_STACK_SIZE+0x10cfd24>
   4:	62552820 	subsvs	r2, r5, #32, 16	; 0x200000
   8:	75746e75 	ldrbvc	r6, [r4, #-3701]!	; 0xfffff18b
   c:	342e3920 	strtcc	r3, [lr], #-2336	; 0xfffff6e0
  10:	312d302e 			; <UNDEFINED> instruction: 0x312d302e
  14:	6e756275 	mrcvs	2, 3, r6, cr5, cr5, {3}
  18:	7e317574 	mrcvc	5, 1, r7, cr1, cr4, {3}
  1c:	302e3032 	eorcc	r3, lr, r2, lsr r0
  20:	29312e34 	ldmdbcs	r1!, {r2, r4, r5, r9, sl, fp, sp}
  24:	342e3920 	strtcc	r3, [lr], #-2336	; 0xfffff6e0
  28:	La dirección 0x0000000000000028 está fuera de los límites.


Desensamblado de la sección .debug_line:

00000000 <.debug_line>:
   0:	00000072 	andeq	r0, r0, r2, ror r0
   4:	00310003 	eorseq	r0, r1, r3
   8:	01020000 	mrseq	r0, (UNDEF: 2)
   c:	000d0efb 	strdeq	r0, [sp], -fp
  10:	01010101 	tsteq	r1, r1, lsl #2
  14:	01000000 	mrseq	r0, (UNDEF: 0)
  18:	73010000 	movwvc	r0, #4096	; 0x1000
  1c:	00006372 	andeq	r6, r0, r2, ror r3
  20:	5f776f6c 	svcpl	0x00776f6c
  24:	6576656c 	ldrbvs	r6, [r6, #-1388]!	; 0xfffffa94
  28:	70635f6c 	rsbvc	r5, r3, ip, ror #30
  2c:	63615f75 	cmnvs	r1, #468	; 0x1d4
  30:	73736563 	cmnvc	r3, #415236096	; 0x18c00000
  34:	0100732e 	tsteq	r0, lr, lsr #6
  38:	00000000 	andeq	r0, r0, r0
  3c:	00000205 	andeq	r0, r0, r5, lsl #4
  40:	1e037003 	cdpne	0, 0, cr7, cr3, cr3, {0}
  44:	2f2f2f01 	svccs	0x002f2f01
  48:	512f2f2f 			; <UNDEFINED> instruction: 0x512f2f2f
  4c:	2f2f2f2f 	svccs	0x002f2f2f
  50:	2f352f2f 	svccs	0x00352f2f
  54:	660a032f 	strvs	r0, [sl], -pc, lsr #6
  58:	6a2f6e2f 	bvs	bdb91c <C_STACK_SIZE+0xbda91c>
  5c:	2f4e2f2f 	svccs	0x004e2f2f
  60:	2f35302f 	svccs	0x0035302f
  64:	2f312f31 	svccs	0x00312f31
  68:	2f312f31 	svccs	0x00312f31
  6c:	61032f31 	tstvs	r3, r1, lsr pc
  70:	0002022e 	andeq	r0, r2, lr, lsr #4
  74:	006f0101 	rsbeq	r0, pc, r1, lsl #2
  78:	00030000 	andeq	r0, r3, r0
  7c:	00000028 	andeq	r0, r0, r8, lsr #32
  80:	0efb0102 	cdpeq	1, 15, cr0, cr11, cr2, {0}
  84:	0101000d 	tsteq	r1, sp
  88:	00000101 	andeq	r0, r0, r1, lsl #2
  8c:	00000100 	andeq	r0, r0, r0, lsl #2
  90:	63727301 	cmnvs	r2, #67108864	; 0x4000000
  94:	64740000 	ldrbtvs	r0, [r4], #-0
  98:	656d5f33 	strbvs	r5, [sp, #-3891]!	; 0xfffff0cd
  9c:	706f636d 	rsbvc	r6, pc, sp, ror #6
  a0:	00732e79 	rsbseq	r2, r3, r9, ror lr
  a4:	00000001 	andeq	r0, r0, r1
  a8:	18020500 	stmdane	r2, {r8, sl}
  ac:	03700100 	cmneq	r0, #0, 2
  b0:	2f320119 	svccs	0x00320119
  b4:	2f322f2f 	svccs	0x00322f2f
  b8:	03312f2f 	teqeq	r1, #47, 30	; 0xbc
  bc:	2f322e6f 	svccs	0x00322e6f
  c0:	2f2f332f 	svccs	0x002f332f
  c4:	01000202 	tsteq	r0, r2, lsl #4
  c8:	02050001 	andeq	r0, r5, #1
  cc:	700300c4 	andvc	r0, r3, r4, asr #1
  d0:	2f013103 	svccs	0x00013103
  d4:	2f2f312f 	svccs	0x002f312f
  d8:	2f2f302f 	svccs	0x002f302f
  dc:	03302f31 	teqeq	r0, #49, 30	; 0xc4
  e0:	34322e6f 	ldrtcc	r2, [r2], #-3695	; 0xfffff191
  e4:	01000202 	tsteq	r0, r2, lsl #4
  e8:	00004e01 	andeq	r4, r0, r1, lsl #28
  ec:	2f000300 	svccs	0x00000300
  f0:	02000000 	andeq	r0, r0, #0
  f4:	0d0efb01 	vstreq	d15, [lr, #-4]
  f8:	01010100 	mrseq	r0, (UNDEF: 17)
  fc:	00000001 	andeq	r0, r0, r1
 100:	01000001 	tsteq	r0, r1
 104:	00637273 	rsbeq	r7, r3, r3, ror r2
 108:	63786500 	cmnvs	r8, #0, 10
 10c:	69747065 	ldmdbvs	r4!, {r0, r2, r5, r6, ip, sp, lr}^
 110:	685f6e6f 	ldmdavs	pc, {r0, r1, r2, r3, r5, r6, r9, sl, fp, sp, lr}^	; <UNPREDICTABLE>
 114:	6c646e61 	stclvs	14, cr6, [r4], #-388	; 0xfffffe7c
 118:	2e737265 	cdpcs	2, 7, cr7, cr3, cr5, {3}
 11c:	00010073 	andeq	r0, r1, r3, ror r0
 120:	05000000 	streq	r0, [r0, #-0]
 124:	03010402 	movweq	r0, #5122	; 0x1402
 128:	01100370 	tsteq	r0, r0, ror r3
 12c:	2f32322f 	svccs	0x0032322f
 130:	2f312f31 	svccs	0x00312f31
 134:	02022f31 	andeq	r2, r2, #49, 30	; 0xc4
 138:	6c010100 	stfvss	f0, [r1], {-0}
 13c:	03000000 	movweq	r0, #0
 140:	00002400 	andeq	r2, r0, r0, lsl #8
 144:	fb010200 	blx	4094e <C_STACK_SIZE+0x3f94e>
 148:	01000d0e 	tsteq	r0, lr, lsl #26
 14c:	00010101 	andeq	r0, r1, r1, lsl #2
 150:	00010000 	andeq	r0, r1, r0
 154:	72730100 	rsbsvc	r0, r3, #0, 2
 158:	73000063 	movwvc	r0, #99	; 0x63
 15c:	74726174 	ldrbtvc	r6, [r2], #-372	; 0xfffffe8c
 160:	732e7075 			; <UNDEFINED> instruction: 0x732e7075
 164:	00000100 	andeq	r0, r0, r0, lsl #2
 168:	02050000 	andeq	r0, r5, #0
 16c:	70030130 	andvc	r0, r3, r0, lsr r1
 170:	0100c303 	tsteq	r0, r3, lsl #6
 174:	2f2f2f2f 	svccs	0x002f2f2f
 178:	032f2f2f 			; <UNDEFINED> instruction: 0x032f2f2f
 17c:	2f20080f 	svccs	0x0020080f
 180:	302f2f2f 	eorcc	r2, pc, pc, lsr #30
 184:	2f352f2f 	svccs	0x00352f2f
 188:	302f312f 	eorcc	r3, pc, pc, lsr #2
 18c:	2e0b032f 	cdpcs	3, 0, cr0, cr11, cr15, {1}
 190:	2e0b032f 	cdpcs	3, 0, cr0, cr11, cr15, {1}
 194:	32342f2f 	eorscc	r2, r4, #47, 30	; 0xbc
 198:	2f2e4503 	svccs	0x002e4503
 19c:	2f2e0f03 	svccs	0x002e0f03
 1a0:	032e1303 			; <UNDEFINED> instruction: 0x032e1303
 1a4:	02022e0b 	andeq	r2, r2, #11, 28	; 0xb0
 1a8:	43010100 	movwmi	r0, #4352	; 0x1100
 1ac:	03000000 	movweq	r0, #0
 1b0:	00002900 	andeq	r2, r0, r0, lsl #18
 1b4:	fb010200 	blx	409be <C_STACK_SIZE+0x3f9be>
 1b8:	01000d0e 	tsteq	r0, lr, lsl #26
 1bc:	00010101 	andeq	r0, r1, r1, lsl #2
 1c0:	00010000 	andeq	r0, r1, r0
 1c4:	72730100 	rsbsvc	r0, r3, #0, 2
 1c8:	72000063 	andvc	r0, r0, #99	; 0x63
 1cc:	74657365 	strbtvc	r7, [r5], #-869	; 0xfffffc9b
 1d0:	6365765f 	cmnvs	r5, #99614720	; 0x5f00000
 1d4:	2e726f74 	mrccs	15, 3, r6, cr2, cr4, {3}
 1d8:	00010073 	andeq	r0, r1, r3, ror r0
 1dc:	05000000 	streq	r0, [r0, #-0]
 1e0:	01000002 	tsteq	r0, r2
 1e4:	01160370 	tsteq	r6, r0, ror r3
 1e8:	312f2f36 			; <UNDEFINED> instruction: 0x312f2f36
 1ec:	00020230 	andeq	r0, r2, r0, lsr r2
 1f0:	00530101 	subseq	r0, r3, r1, lsl #2
 1f4:	00030000 	andeq	r0, r3, r0
 1f8:	00000020 	andeq	r0, r0, r0, lsr #32
 1fc:	0efb0102 	cdpeq	1, 15, cr0, cr11, cr2, {0}
 200:	0101000d 	tsteq	r1, sp
 204:	00000101 	andeq	r0, r0, r1, lsl #2
 208:	00000100 	andeq	r0, r0, r0, lsl #2
 20c:	63727301 	cmnvs	r2, #67108864	; 0x4000000
 210:	64740000 	ldrbtvs	r0, [r4], #-0
 214:	00632e33 	rsbeq	r2, r3, r3, lsr lr
 218:	00000001 	andeq	r0, r0, r1
 21c:	05000105 	streq	r0, [r0, #-261]	; 0xfffffefb
 220:	01005c02 	tsteq	r0, r2, lsl #24
 224:	0b051a70 	bleq	146bec <C_STACK_SIZE+0x145bec>
 228:	2f110568 	svccs	0x00110568
 22c:	05300a05 	ldreq	r0, [r0, #-2565]!	; 0xfffff5fb
 230:	12052323 	andne	r2, r5, #-1946157056	; 0x8c000000
 234:	3c18053c 	cfldr32cc	mvfx0, [r8], {60}	; 0x3c
 238:	05201605 	streq	r1, [r0, #-1541]!	; 0xfffff9fb
 23c:	0a052109 	beq	148668 <C_STACK_SIZE+0x147668>
 240:	43010538 	movwmi	r0, #5432	; 0x1538
 244:	01000702 	tsteq	r0, r2, lsl #14
 248:	00009d01 	andeq	r9, r0, r1, lsl #26
 24c:	77000300 	strvc	r0, [r0, -r0, lsl #6]
 250:	02000000 	andeq	r0, r0, #0
 254:	0d0efb01 	vstreq	d15, [lr, #-4]
 258:	01010100 	mrseq	r0, (UNDEF: 17)
 25c:	00000001 	andeq	r0, r0, r1
 260:	01000001 	tsteq	r0, r1
 264:	00637273 	rsbeq	r7, r3, r3, ror r2
 268:	7273752f 	rsbsvc	r7, r3, #197132288	; 0xbc00000
 26c:	6d72612f 	ldfvse	f6, [r2, #-188]!	; 0xffffff44
 270:	6e696c2d 	cdpvs	12, 6, cr6, cr9, cr13, {1}
 274:	672d7875 			; <UNDEFINED> instruction: 0x672d7875
 278:	6165756e 	cmnvs	r5, lr, ror #10
 27c:	66686962 	strbtvs	r6, [r8], -r2, ror #18
 280:	636e692f 	cmnvs	lr, #770048	; 0xbc000
 284:	6564756c 	strbvs	r7, [r4, #-1388]!	; 0xfffffa94
 288:	7469622f 	strbtvc	r6, [r9], #-559	; 0xfffffdd1
 28c:	72730073 	rsbsvc	r0, r3, #115	; 0x73
 290:	2e2e2f63 	cdpcs	15, 2, cr2, cr14, cr3, {3}
 294:	636e692f 	cmnvs	lr, #770048	; 0xbc000
 298:	69670000 	stmdbvs	r7!, {}^	; <UNPREDICTABLE>
 29c:	00632e63 	rsbeq	r2, r3, r3, ror #28
 2a0:	74000001 	strvc	r0, [r0], #-1
 2a4:	73657079 	cmnvc	r5, #121	; 0x79
 2a8:	0200682e 	andeq	r6, r0, #3014656	; 0x2e0000
 2ac:	74730000 	ldrbtvc	r0, [r3], #-0
 2b0:	746e6964 	strbtvc	r6, [lr], #-2404	; 0xfffff69c
 2b4:	6e69752d 	cdpvs	5, 6, cr7, cr9, cr13, {1}
 2b8:	682e6e74 	stmdavs	lr!, {r2, r4, r5, r6, r9, sl, fp, sp, lr}
 2bc:	00000200 	andeq	r0, r0, r0, lsl #4
 2c0:	2e636967 	vnmulcs.f16	s13, s6, s15	; <UNPREDICTABLE>
 2c4:	00030068 	andeq	r0, r3, r8, rrx
 2c8:	05050000 	streq	r0, [r5, #-0]
 2cc:	e0020500 	and	r0, r2, r0, lsl #10
 2d0:	16700301 	ldrbtne	r0, [r0], -r1, lsl #6
 2d4:	3d3d1805 	ldccc	8, cr1, [sp, #-20]!	; 0xffffffec
 2d8:	055b1505 	ldrbeq	r1, [fp, #-1285]	; 0xfffffafb
 2dc:	83833d1d 	orrhi	r3, r3, #1856	; 0x740
 2e0:	05053d83 	streq	r3, [r5, #-3459]	; 0xfffff27d
 2e4:	0006023f 	andeq	r0, r6, pc, lsr r2
 2e8:	La dirección 0x00000000000002e8 está fuera de los límites.


Desensamblado de la sección .debug_info:

00000000 <.debug_info>:
   0:	00000022 	andeq	r0, r0, r2, lsr #32
   4:	00000002 	andeq	r0, r0, r2
   8:	01040000 	mrseq	r0, (UNDEF: 4)
   c:	00000000 	andeq	r0, r0, r0
  10:	70030000 	andvc	r0, r3, r0
  14:	700300c4 	andvc	r0, r3, r4, asr #1
  18:	00000000 	andeq	r0, r0, r0
  1c:	0000001b 	andeq	r0, r0, fp, lsl r0
  20:	00000099 	muleq	r0, r9, r0
  24:	001e8001 	andseq	r8, lr, r1
  28:	00020000 	andeq	r0, r2, r0
  2c:	00000014 	andeq	r0, r0, r4, lsl r0
  30:	00760104 	rsbseq	r0, r6, r4, lsl #2
  34:	00000000 	andeq	r0, r0, r0
  38:	00a50000 	adceq	r0, r5, r0
  3c:	001b0000 	andseq	r0, fp, r0
  40:	00990000 	addseq	r0, r9, r0
  44:	80010000 	andhi	r0, r1, r0
  48:	00000022 	andeq	r0, r0, r2, lsr #32
  4c:	00260002 	eoreq	r0, r6, r2
  50:	01040000 	mrseq	r0, (UNDEF: 4)
  54:	000000e9 	andeq	r0, r0, r9, ror #1
  58:	70030104 	andvc	r0, r3, r4, lsl #2
  5c:	70030130 	andvc	r0, r3, r0, lsr r1
  60:	000000b7 	strheq	r0, [r0], -r7
  64:	0000001b 	andeq	r0, r0, fp, lsl r0
  68:	00000099 	muleq	r0, r9, r0
  6c:	00228001 	eoreq	r8, r2, r1
  70:	00020000 	andeq	r0, r2, r0
  74:	0000003a 	andeq	r0, r0, sl, lsr r0
  78:	013b0104 	teqeq	fp, r4, lsl #2
  7c:	01300000 	teqeq	r0, r0
  80:	01e07003 	mvneq	r7, r3
  84:	00d07003 	sbcseq	r7, r0, r3
  88:	001b0000 	andseq	r0, fp, r0
  8c:	00990000 	addseq	r0, r9, r0
  90:	80010000 	andhi	r0, r1, r0
  94:	00000022 	andeq	r0, r0, r2, lsr #32
  98:	004e0002 	subeq	r0, lr, r2
  9c:	01040000 	mrseq	r0, (UNDEF: 4)
  a0:	000001ab 	andeq	r0, r0, fp, lsr #3
  a4:	70010000 	andvc	r0, r1, r0
  a8:	70010018 	andvc	r0, r1, r8, lsl r0
  ac:	000000de 	ldrdeq	r0, [r0], -lr
  b0:	0000001b 	andeq	r0, r0, fp, lsl r0
  b4:	00000099 	muleq	r0, r9, r0
  b8:	00c38001 	sbceq	r8, r3, r1
  bc:	00040000 	andeq	r0, r4, r0
  c0:	00000062 	andeq	r0, r0, r2, rrx
  c4:	01140104 	tsteq	r4, r4, lsl #2
  c8:	ca0c0000 	bgt	3000d0 <C_STACK_SIZE+0x2ff0d0>
  cc:	1b000001 	blne	d8 <_PUBLIC_SIZE_INICIO+0x3c>
  d0:	20000000 	andcs	r0, r0, r0
  d4:	00000000 	andeq	r0, r0, r0
  d8:	f2000000 	vhadd.s8	d0, d0, d0
  dc:	02000001 	andeq	r0, r0, #1
  e0:	00000030 	andeq	r0, r0, r0, lsr r0
  e4:	00000030 	andeq	r0, r0, r0, lsr r0
  e8:	01040003 	tsteq	r4, r3
  ec:	0002ba08 	andeq	fp, r2, r8, lsl #20
  f0:	00300500 	eorseq	r0, r0, r0, lsl #10
  f4:	c2060000 	andgt	r0, r6, #0
  f8:	01000001 	tsteq	r0, r1
  fc:	00250d03 	eoreq	r0, r5, r3, lsl #26
 100:	f9070000 			; <UNDEFINED> instruction: 0xf9070000
 104:	01000000 	mrseq	r0, (UNDEF: 0)
 108:	005c2a08 	subseq	r2, ip, r8, lsl #20
 10c:	00407001 	subeq	r7, r0, r1
 110:	9c010000 	stcls	0, cr0, [r1], {-0}
 114:	000000aa 	andeq	r0, r0, sl, lsr #1
 118:	00010508 	andeq	r0, r1, r8, lsl #10
 11c:	3c080100 	stfccs	f0, [r8], {-0}
 120:	000000aa 	andeq	r0, r0, sl, lsr #1
 124:	086c9102 	stmdaeq	ip!, {r1, r8, ip, pc}^
 128:	0000010d 	andeq	r0, r0, sp, lsl #2
 12c:	ac510801 	mrrcge	8, 0, r0, r1, cr1
 130:	02000000 	andeq	r0, r0, #0
 134:	ae086891 	mcrge	8, 0, r6, cr8, cr1, {4}
 138:	01000001 	tsteq	r0, r1
 13c:	00b36608 	adcseq	r6, r3, r8, lsl #12
 140:	91020000 	mrsls	r0, (UNDEF: 2)
 144:	00f10964 	rscseq	r0, r1, r4, ror #18
 148:	0b010000 	bleq	40150 <C_STACK_SIZE+0x3f150>
 14c:	0000ba0b 	andeq	fp, r0, fp, lsl #20
 150:	70910200 	addsvc	r0, r1, r0, lsl #4
 154:	0001b809 	andeq	fp, r1, r9, lsl #16
 158:	110c0100 	mrsne	r0, (UNDEF: 28)
 15c:	000000c0 	andeq	r0, r0, r0, asr #1
 160:	00749102 	rsbseq	r9, r4, r2, lsl #2
 164:	040b040a 	streq	r0, [fp], #-1034	; 0xfffffbf6
 168:	000000b2 	strheq	r0, [r0], -r2
 16c:	0704040c 	streq	r0, [r4, -ip, lsl #8]
 170:	000002c9 	andeq	r0, r0, r9, asr #5
 174:	0030040b 	eorseq	r0, r0, fp, lsl #8
 178:	040b0000 	streq	r0, [fp], #-0
 17c:	00000037 	andeq	r0, r0, r7, lsr r0
 180:	00033100 	andeq	r3, r3, r0, lsl #2
 184:	fc000400 	stc2	4, cr0, [r0], {-0}
 188:	04000000 	streq	r0, [r0], #-0
 18c:	00011401 	andeq	r1, r1, r1, lsl #8
 190:	023d0c00 	eorseq	r0, sp, #0, 24
 194:	001b0000 	andseq	r0, fp, r0
 198:	00300000 	eorseq	r0, r0, r0
 19c:	00000000 	andeq	r0, r0, r0
 1a0:	02490000 	subeq	r0, r9, #0
 1a4:	04020000 	streq	r0, [r2], #-0
 1a8:	746e6905 	strbtvc	r6, [lr], #-2309	; 0xfffff6fb
 1ac:	07040300 	streq	r0, [r4, -r0, lsl #6]
 1b0:	000002c9 	andeq	r0, r0, r9, asr #5
 1b4:	b1080103 	tstlt	r8, r3, lsl #2
 1b8:	03000002 	movweq	r0, #2
 1bc:	02e60702 	rsceq	r0, r6, #524288	; 0x80000
 1c0:	04030000 	streq	r0, [r3], #-0
 1c4:	0002c407 	andeq	ip, r2, r7, lsl #8
 1c8:	06010300 	streq	r0, [r1], -r0, lsl #6
 1cc:	000002b3 			; <UNDEFINED> instruction: 0x000002b3
 1d0:	00029704 	andeq	r9, r2, r4, lsl #14
 1d4:	17260200 	strne	r0, [r6, -r0, lsl #4]!
 1d8:	00000033 	andeq	r0, r0, r3, lsr r0
 1dc:	e2050203 	and	r0, r5, #805306368	; 0x30000000
 1e0:	04000001 	streq	r0, [r0], #-1
 1e4:	000001ec 	andeq	r0, r0, ip, ror #3
 1e8:	2c162a02 			; <UNDEFINED> instruction: 0x2c162a02
 1ec:	03000000 	movweq	r0, #0
 1f0:	022f0508 	eoreq	r0, pc, #8, 10	; 0x2000000
 1f4:	08030000 	stmdaeq	r3, {}	; <UNPREDICTABLE>
 1f8:	0002bf07 	andeq	fp, r2, r7, lsl #30
 1fc:	05040300 	streq	r0, [r4, #-768]	; 0xfffffd00
 200:	00000234 	andeq	r0, r0, r4, lsr r2
 204:	ba080103 	blt	200618 <C_STACK_SIZE+0x1ff618>
 208:	04000002 	streq	r0, [r0], #-2
 20c:	00000299 	muleq	r0, r9, r2
 210:	4f131803 	svcmi	0x00131803
 214:	04000000 	streq	r0, [r0], #-0
 218:	000001ee 	andeq	r0, r0, lr, ror #3
 21c:	62141a03 	andsvs	r1, r4, #12288	; 0x3000
 220:	05000000 	streq	r0, [r0, #-0]
 224:	121c041c 	andsne	r0, ip, #28, 8	; 0x1c000000
 228:	00000107 	andeq	r0, r0, r7, lsl #2
 22c:	00032506 	andeq	r2, r3, r6, lsl #10
 230:	151e0400 	ldrne	r0, [lr, #-1024]	; 0xfffffc00
 234:	00000096 	muleq	r0, r6, r0
 238:	4d500700 	ldclmi	7, cr0, [r0, #-0]
 23c:	1f040052 	svcne	0x00040052
 240:	00009615 	andeq	r9, r0, r5, lsl r6
 244:	42070400 	andmi	r0, r7, #0, 8
 248:	04005250 	streq	r5, [r0], #-592	; 0xfffffdb0
 24c:	00961520 	addseq	r1, r6, r0, lsr #10
 250:	07080000 	streq	r0, [r8, -r0]
 254:	00524149 	subseq	r4, r2, r9, asr #2
 258:	96152104 	ldrls	r2, [r5], -r4, lsl #2
 25c:	0c000000 	stceq	0, cr0, [r0], {-0}
 260:	00021606 	andeq	r1, r2, r6, lsl #12
 264:	15220400 	strne	r0, [r2, #-1024]!	; 0xfffffc00
 268:	00000096 	muleq	r0, r6, r0
 26c:	50520710 	subspl	r0, r2, r0, lsl r7
 270:	23040052 	movwcs	r0, #16466	; 0x4052
 274:	00009615 	andeq	r9, r0, r5, lsl r6
 278:	e0061400 	and	r1, r6, r0, lsl #8
 27c:	04000002 	streq	r0, [r0], #-2
 280:	00961524 	addseq	r1, r6, r4, lsr #10
 284:	00180000 	andseq	r0, r8, r0
 288:	0000a208 	andeq	sl, r0, r8, lsl #4
 28c:	02030400 	andeq	r0, r3, #0, 8
 290:	25040000 	strcs	r0, [r4, #-0]
 294:	00010707 	andeq	r0, r1, r7, lsl #14
 298:	10000900 	andne	r0, r0, r0, lsl #18
 29c:	46122704 	ldrmi	r2, [r2], -r4, lsl #14
 2a0:	06000002 	streq	r0, [r0], -r2
 2a4:	00000325 	andeq	r0, r0, r5, lsr #6
 2a8:	96122904 	ldrls	r2, [r2], -r4, lsl #18
 2ac:	00000000 	andeq	r0, r0, r0
 2b0:	0001d406 	andeq	sp, r1, r6, lsl #8
 2b4:	122a0400 	eorne	r0, sl, #0, 8
 2b8:	00000096 	muleq	r0, r6, r0
 2bc:	02470604 	subeq	r0, r7, #4, 12	; 0x400000
 2c0:	2b040000 	blcs	1002c8 <C_STACK_SIZE+0xff2c8>
 2c4:	00024b09 	andeq	r4, r2, r9, lsl #22
 2c8:	d60a0800 	strle	r0, [sl], -r0, lsl #16
 2cc:	04000002 	streq	r0, [r0], #-2
 2d0:	025b122c 	subseq	r1, fp, #44, 4	; 0xc0000002
 2d4:	01000000 	mrseq	r0, (UNDEF: 0)
 2d8:	0002510a 	andeq	r5, r2, sl, lsl #2
 2dc:	092d0400 	stmfdeq	sp!, {sl}
 2e0:	0000026b 	andeq	r0, r0, fp, ror #4
 2e4:	250a010c 	strcs	r0, [sl, #-268]	; 0xfffffef4
 2e8:	04000002 	streq	r0, [r0], #-2
 2ec:	025b122e 	subseq	r1, fp, #-536870910	; 0xe0000002
 2f0:	01800000 	orreq	r0, r0, r0
 2f4:	00025b0a 	andeq	r5, r2, sl, lsl #22
 2f8:	092f0400 	stmdbeq	pc!, {sl}	; <UNPREDICTABLE>
 2fc:	0000026b 	andeq	r0, r0, fp, ror #4
 300:	2a0a018c 	bcs	280938 <C_STACK_SIZE+0x27f938>
 304:	04000003 	streq	r0, [r0], #-3
 308:	025b1230 	subseq	r1, fp, #48, 4
 30c:	02000000 	andeq	r0, r0, #0
 310:	0002650a 	andeq	r6, r2, sl, lsl #10
 314:	09310400 	ldmdbeq	r1!, {sl}
 318:	0000026b 	andeq	r0, r0, fp, ror #4
 31c:	030a020c 	movweq	r0, #41484	; 0xa20c
 320:	04000003 	streq	r0, [r0], #-3
 324:	025b1232 	subseq	r1, fp, #536870915	; 0x20000003
 328:	02800000 	addeq	r0, r0, #0
 32c:	00026f0a 	andeq	r6, r2, sl, lsl #30
 330:	09330400 	ldmdbeq	r3!, {sl}
 334:	0000026b 	andeq	r0, r0, fp, ror #4
 338:	1b0a028c 	blne	280d70 <C_STACK_SIZE+0x27fd70>
 33c:	04000002 	streq	r0, [r0], #-2
 340:	025b1234 	subseq	r1, fp, #52, 4	; 0x40000003
 344:	03000000 	movweq	r0, #0
 348:	0002790a 	andeq	r7, r2, sl, lsl #18
 34c:	09350400 	ldmdbeq	r5!, {sl}
 350:	0000027b 	andeq	r0, r0, fp, ror r2
 354:	0b0a030c 	bleq	280f8c <C_STACK_SIZE+0x27ff8c>
 358:	04000002 	streq	r0, [r0], #-2
 35c:	028b1236 	addeq	r1, fp, #1610612739	; 0x60000003
 360:	04000000 	streq	r0, [r0], #-0
 364:	0002830a 	andeq	r8, r2, sl, lsl #6
 368:	09370400 	ldmdbeq	r7!, {sl}
 36c:	0000029b 	muleq	r0, fp, r2
 370:	1b0a0460 	blne	2814f8 <C_STACK_SIZE+0x2804f8>
 374:	04000003 	streq	r0, [r0], #-3
 378:	028b1238 	addeq	r1, fp, #56, 4	; 0x80000003
 37c:	08000000 	stmdaeq	r0, {}	; <UNPREDICTABLE>
 380:	00028d0a 	andeq	r8, r2, sl, lsl #26
 384:	09390400 	ldmdbeq	r9!, {sl}
 388:	0000029b 	muleq	r0, fp, r2
 38c:	fd0a0860 	stc2	8, cr0, [sl, #-384]	; 0xfffffe80
 390:	04000001 	streq	r0, [r0], #-1
 394:	02ac123a 	adceq	r1, ip, #-1610612733	; 0xa0000003
 398:	0c000000 	stceq	0, cr0, [r0], {-0}
 39c:	0002f90a 	andeq	pc, r2, sl, lsl #18
 3a0:	093b0400 	ldmdbeq	fp!, {sl}
 3a4:	000002bc 			; <UNDEFINED> instruction: 0x000002bc
 3a8:	0b0a0c18 	bleq	283410 <C_STACK_SIZE+0x282410>
 3ac:	04000003 	streq	r0, [r0], #-3
 3b0:	0096123c 	addseq	r1, r6, ip, lsr r2
 3b4:	0f000000 	svceq	0x00000000
 3b8:	0002a10a 	andeq	sl, r2, sl, lsl #2
 3bc:	093d0400 	ldmdbeq	sp!, {sl}
 3c0:	000002cd 	andeq	r0, r0, sp, asr #5
 3c4:	08000f04 	stmdaeq	r0, {r2, r8, r9, sl, fp}
 3c8:	00000118 	andeq	r0, r0, r8, lsl r1
 3cc:	00008a0b 	andeq	r8, r0, fp, lsl #20
 3d0:	00025b00 	andeq	r5, r2, r0, lsl #22
 3d4:	002c0c00 	eoreq	r0, ip, r0, lsl #24
 3d8:	00f40000 	rscseq	r0, r4, r0
 3dc:	0000960b 	andeq	r9, r0, fp, lsl #12
 3e0:	00026b00 	andeq	r6, r2, r0, lsl #22
 3e4:	002c0c00 	eoreq	r0, ip, r0, lsl #24
 3e8:	00020000 	andeq	r0, r2, r0
 3ec:	00008a0b 	andeq	r8, r0, fp, lsl #20
 3f0:	00027b00 	andeq	r7, r2, r0, lsl #22
 3f4:	002c0c00 	eoreq	r0, ip, r0, lsl #24
 3f8:	00700000 	rsbseq	r0, r0, r0
 3fc:	00008a0b 	andeq	r8, r0, fp, lsl #20
 400:	00028b00 	andeq	r8, r2, r0, lsl #22
 404:	002c0c00 	eoreq	r0, ip, r0, lsl #24
 408:	00f00000 	rscseq	r0, r0, r0
 40c:	0000960b 	andeq	r9, r0, fp, lsl #12
 410:	00029b00 	andeq	r9, r2, r0, lsl #22
 414:	002c0c00 	eoreq	r0, ip, r0, lsl #24
 418:	00170000 	andseq	r0, r7, r0
 41c:	00008a0b 	andeq	r8, r0, fp, lsl #20
 420:	0002ac00 	andeq	sl, r2, r0, lsl #24
 424:	002c0d00 	eoreq	r0, ip, r0, lsl #26
 428:	039c0000 	orrseq	r0, ip, #0
 42c:	00960b00 	addseq	r0, r6, r0, lsl #22
 430:	02bc0000 	adcseq	r0, ip, #0
 434:	2c0c0000 	stccs	0, cr0, [ip], {-0}
 438:	05000000 	streq	r0, [r0, #-0]
 43c:	008a0b00 	addeq	r0, sl, r0, lsl #22
 440:	02cd0000 	sbceq	r0, sp, #0
 444:	2c0d0000 	stccs	0, cr0, [sp], {-0}
 448:	e4000000 	str	r0, [r0], #-0
 44c:	8a0b0002 	bhi	2c045c <C_STACK_SIZE+0x2bf45c>
 450:	dd000000 	stcle	0, cr0, [r0, #-0]
 454:	0c000002 	stceq	0, cr0, [r0], {2}
 458:	0000002c 	andeq	r0, r0, ip, lsr #32
 45c:	da0400f8 	ble	100844 <C_STACK_SIZE+0xff844>
 460:	04000001 	streq	r0, [r0], #-1
 464:	0246073e 	subeq	r0, r6, #16252928	; 0xf80000
 468:	100e0000 	andne	r0, lr, r0
 46c:	01000003 	tsteq	r0, r3
 470:	01e02804 	mvneq	r2, r4, lsl #16
 474:	00647003 	rsbeq	r7, r4, r3
 478:	9c010000 	stcls	0, cr0, [r1], {-0}
 47c:	0000031e 	andeq	r0, r0, lr, lsl r3
 480:	0001f70f 	andeq	pc, r1, pc, lsl #14
 484:	18060100 	stmdane	r6, {r8}
 488:	00000324 	andeq	r0, r0, r4, lsr #6
 48c:	0f709102 	svceq	0x00709102
 490:	000002ab 	andeq	r0, r0, fp, lsr #5
 494:	2f180701 	svccs	0x00180701
 498:	02000003 	andeq	r0, r0, #3
 49c:	10007491 	mulne	r0, r1, r4
 4a0:	00010c04 	andeq	r0, r1, r4, lsl #24
 4a4:	031e1100 	tsteq	lr, #0, 2
 4a8:	04100000 	ldreq	r0, [r0], #-0
 4ac:	000002dd 	ldrdeq	r0, [r0], -sp
 4b0:	00032911 	andeq	r2, r3, r1, lsl r9
	...

Desensamblado de la sección .debug_abbrev:

00000000 <.debug_abbrev>:
   0:	10001101 	andne	r1, r0, r1, lsl #2
   4:	12011106 	andne	r1, r1, #-2147483647	; 0x80000001
   8:	1b0e0301 	blne	380c14 <C_STACK_SIZE+0x37fc14>
   c:	130e250e 	movwne	r2, #58638	; 0xe50e
  10:	00000005 	andeq	r0, r0, r5
  14:	10001101 	andne	r1, r0, r1, lsl #2
  18:	03065506 	movweq	r5, #25862	; 0x6506
  1c:	250e1b0e 	strcs	r1, [lr, #-2830]	; 0xfffff4f2
  20:	0005130e 	andeq	r1, r5, lr, lsl #6
  24:	11010000 	mrsne	r0, (UNDEF: 1)
  28:	11061000 	mrsne	r1, (UNDEF: 6)
  2c:	03011201 	movweq	r1, #4609	; 0x1201
  30:	250e1b0e 	strcs	r1, [lr, #-2830]	; 0xfffff4f2
  34:	0005130e 	andeq	r1, r5, lr, lsl #6
  38:	11010000 	mrsne	r0, (UNDEF: 1)
  3c:	11061000 	mrsne	r1, (UNDEF: 6)
  40:	03011201 	movweq	r1, #4609	; 0x1201
  44:	250e1b0e 	strcs	r1, [lr, #-2830]	; 0xfffff4f2
  48:	0005130e 	andeq	r1, r5, lr, lsl #6
  4c:	11010000 	mrsne	r0, (UNDEF: 1)
  50:	11061000 	mrsne	r1, (UNDEF: 6)
  54:	03011201 	movweq	r1, #4609	; 0x1201
  58:	250e1b0e 	strcs	r1, [lr, #-2830]	; 0xfffff4f2
  5c:	0005130e 	andeq	r1, r5, lr, lsl #6
  60:	11010000 	mrsne	r0, (UNDEF: 1)
  64:	130e2501 	movwne	r2, #58625	; 0xe501
  68:	1b0e030b 	blne	380c9c <C_STACK_SIZE+0x37fc9c>
  6c:	1117550e 	tstne	r7, lr, lsl #10
  70:	00171001 	andseq	r1, r7, r1
  74:	01010200 	mrseq	r0, R9_usr
  78:	13011349 	movwne	r1, #4937	; 0x1349
  7c:	21030000 	mrscs	r0, (UNDEF: 3)
  80:	04000000 	streq	r0, [r0], #-0
  84:	0b0b0024 	bleq	2c011c <C_STACK_SIZE+0x2bf11c>
  88:	0e030b3e 	vmoveq.16	d3[0], r0
  8c:	26050000 	strcs	r0, [r5], -r0
  90:	00134900 	andseq	r4, r3, r0, lsl #18
  94:	00340600 	eorseq	r0, r4, r0, lsl #12
  98:	0b3a0e03 	bleq	e838ac <C_STACK_SIZE+0xe828ac>
  9c:	0b390b3b 	bleq	e42d90 <C_STACK_SIZE+0xe41d90>
  a0:	193f1349 	ldmdbne	pc!, {r0, r3, r6, r8, r9, ip}	; <UNPREDICTABLE>
  a4:	0000193c 	andeq	r1, r0, ip, lsr r9
  a8:	3f012e07 	svccc	0x00012e07
  ac:	3a0e0319 	bcc	380d18 <C_STACK_SIZE+0x37fd18>
  b0:	390b3b0b 	stmdbcc	fp, {r0, r1, r3, r8, r9, fp, ip, sp}
  b4:	1119270b 	tstne	r9, fp, lsl #14
  b8:	40061201 	andmi	r1, r6, r1, lsl #4
  bc:	19429718 	stmdbne	r2, {r3, r4, r8, r9, sl, ip, pc}^
  c0:	00001301 	andeq	r1, r0, r1, lsl #6
  c4:	03000508 	movweq	r0, #1288	; 0x508
  c8:	3b0b3a0e 	blcc	2ce908 <C_STACK_SIZE+0x2cd908>
  cc:	490b390b 	stmdbmi	fp, {r0, r1, r3, r8, fp, ip, sp}
  d0:	00180213 	andseq	r0, r8, r3, lsl r2
  d4:	00340900 	eorseq	r0, r4, r0, lsl #18
  d8:	0b3a0e03 	bleq	e838ec <C_STACK_SIZE+0xe828ec>
  dc:	0b390b3b 	bleq	e42dd0 <C_STACK_SIZE+0xe41dd0>
  e0:	18021349 	stmdane	r2, {r0, r3, r6, r8, r9, ip}
  e4:	0f0a0000 	svceq	0x000a0000
  e8:	000b0b00 	andeq	r0, fp, r0, lsl #22
  ec:	000f0b00 	andeq	r0, pc, r0, lsl #22
  f0:	13490b0b 	movtne	r0, #39691	; 0x9b0b
  f4:	260c0000 	strcs	r0, [ip], -r0
  f8:	00000000 	andeq	r0, r0, r0
  fc:	25011101 	strcs	r1, [r1, #-257]	; 0xfffffeff
 100:	030b130e 	movweq	r1, #45838	; 0xb30e
 104:	550e1b0e 	strpl	r1, [lr, #-2830]	; 0xfffff4f2
 108:	10011117 	andne	r1, r1, r7, lsl r1
 10c:	02000017 	andeq	r0, r0, #23
 110:	0b0b0024 	bleq	2c01a8 <C_STACK_SIZE+0x2bf1a8>
 114:	08030b3e 	stmdaeq	r3, {r1, r2, r3, r4, r5, r8, r9, fp}
 118:	24030000 	strcs	r0, [r3], #-0
 11c:	3e0b0b00 	vmlacc.f64	d0, d11, d0
 120:	000e030b 	andeq	r0, lr, fp, lsl #6
 124:	00160400 	andseq	r0, r6, r0, lsl #8
 128:	0b3a0e03 	bleq	e8393c <C_STACK_SIZE+0xe8293c>
 12c:	0b390b3b 	bleq	e42e20 <C_STACK_SIZE+0xe41e20>
 130:	00001349 	andeq	r1, r0, r9, asr #6
 134:	0b011305 	bleq	44d50 <C_STACK_SIZE+0x43d50>
 138:	3b0b3a0b 	blcc	2ce96c <C_STACK_SIZE+0x2cd96c>
 13c:	010b390b 	tsteq	fp, fp, lsl #18
 140:	06000013 			; <UNDEFINED> instruction: 0x06000013
 144:	0e03000d 	cdpeq	0, 0, cr0, cr3, cr13, {0}
 148:	0b3b0b3a 	bleq	ec2e38 <C_STACK_SIZE+0xec1e38>
 14c:	13490b39 	movtne	r0, #39737	; 0x9b39
 150:	00000b38 	andeq	r0, r0, r8, lsr fp
 154:	03000d07 	movweq	r0, #3335	; 0xd07
 158:	3b0b3a08 	blcc	2ce980 <C_STACK_SIZE+0x2cd980>
 15c:	490b390b 	stmdbmi	fp, {r0, r1, r3, r8, fp, ip, sp}
 160:	000b3813 	andeq	r3, fp, r3, lsl r8
 164:	00350800 	eorseq	r0, r5, r0, lsl #16
 168:	00001349 	andeq	r1, r0, r9, asr #6
 16c:	0b011309 	bleq	44d98 <C_STACK_SIZE+0x43d98>
 170:	3b0b3a05 	blcc	2ce98c <C_STACK_SIZE+0x2cd98c>
 174:	010b390b 	tsteq	fp, fp, lsl #18
 178:	0a000013 	beq	1cc <_PUB_RAM_IRQ_STACK_SIZE+0xcc>
 17c:	0e03000d 	cdpeq	0, 0, cr0, cr3, cr13, {0}
 180:	0b3b0b3a 	bleq	ec2e70 <C_STACK_SIZE+0xec1e70>
 184:	13490b39 	movtne	r0, #39737	; 0x9b39
 188:	00000538 	andeq	r0, r0, r8, lsr r5
 18c:	4901010b 	stmdbmi	r1, {r0, r1, r3, r8}
 190:	00130113 	andseq	r0, r3, r3, lsl r1
 194:	00210c00 	eoreq	r0, r1, r0, lsl #24
 198:	0b2f1349 	bleq	bc4ec4 <C_STACK_SIZE+0xbc3ec4>
 19c:	210d0000 	mrscs	r0, (UNDEF: 13)
 1a0:	2f134900 	svccs	0x00134900
 1a4:	0e000005 	cdpeq	0, 0, cr0, cr0, cr5, {0}
 1a8:	193f012e 	ldmdbne	pc!, {r1, r2, r3, r5, r8}	; <UNPREDICTABLE>
 1ac:	0b3a0e03 	bleq	e839c0 <C_STACK_SIZE+0xe829c0>
 1b0:	0b390b3b 	bleq	e42ea4 <C_STACK_SIZE+0xe41ea4>
 1b4:	06120111 			; <UNDEFINED> instruction: 0x06120111
 1b8:	42971840 	addsmi	r1, r7, #64, 16	; 0x400000
 1bc:	00130119 	andseq	r0, r3, r9, lsl r1
 1c0:	00340f00 	eorseq	r0, r4, r0, lsl #30
 1c4:	0b3a0e03 	bleq	e839d8 <C_STACK_SIZE+0xe829d8>
 1c8:	0b390b3b 	bleq	e42ebc <C_STACK_SIZE+0xe41ebc>
 1cc:	18021349 	stmdane	r2, {r0, r3, r6, r8, r9, ip}
 1d0:	0f100000 	svceq	0x00100000
 1d4:	490b0b00 	stmdbmi	fp, {r8, r9, fp}
 1d8:	11000013 	tstne	r0, r3, lsl r0
 1dc:	13490026 	movtne	r0, #36902	; 0x9026
 1e0:	La dirección 0x00000000000001e0 está fuera de los límites.


Desensamblado de la sección .debug_aranges:

00000000 <.debug_aranges>:
   0:	0000001c 	andeq	r0, r0, ip, lsl r0
   4:	00000002 	andeq	r0, r0, r2
   8:	00040000 	andeq	r0, r4, r0
   c:	00000000 	andeq	r0, r0, r0
  10:	70030000 	andvc	r0, r3, r0
  14:	000000c4 	andeq	r0, r0, r4, asr #1
	...
  20:	00000024 	andeq	r0, r0, r4, lsr #32
  24:	00260002 	eoreq	r0, r6, r2
  28:	00040000 	andeq	r0, r4, r0
  2c:	00000000 	andeq	r0, r0, r0
  30:	70010018 	andvc	r0, r1, r8, lsl r0
  34:	00000044 	andeq	r0, r0, r4, asr #32
  38:	700300c4 	andvc	r0, r3, r4, asr #1
  3c:	00000040 	andeq	r0, r0, r0, asr #32
	...
  48:	0000001c 	andeq	r0, r0, ip, lsl r0
  4c:	00480002 	subeq	r0, r8, r2
  50:	00040000 	andeq	r0, r4, r0
  54:	00000000 	andeq	r0, r0, r0
  58:	70030104 	andvc	r0, r3, r4, lsl #2
  5c:	0000002c 	andeq	r0, r0, ip, lsr #32
	...
  68:	0000001c 	andeq	r0, r0, ip, lsl r0
  6c:	006e0002 	rsbeq	r0, lr, r2
  70:	00040000 	andeq	r0, r4, r0
  74:	00000000 	andeq	r0, r0, r0
  78:	70030130 	andvc	r0, r3, r0, lsr r1
  7c:	000000b0 	strheq	r0, [r0], -r0	; <UNPREDICTABLE>
	...
  88:	0000001c 	andeq	r0, r0, ip, lsl r0
  8c:	00940002 	addseq	r0, r4, r2
  90:	00040000 	andeq	r0, r4, r0
  94:	00000000 	andeq	r0, r0, r0
  98:	70010000 	andvc	r0, r1, r0
  9c:	00000018 	andeq	r0, r0, r8, lsl r0
	...
  a8:	0000001c 	andeq	r0, r0, ip, lsl r0
  ac:	00ba0002 	adcseq	r0, sl, r2
  b0:	00040000 	andeq	r0, r4, r0
  b4:	00000000 	andeq	r0, r0, r0
  b8:	7001005c 	andvc	r0, r1, ip, asr r0
  bc:	00000040 	andeq	r0, r0, r0, asr #32
	...
  c8:	0000001c 	andeq	r0, r0, ip, lsl r0
  cc:	01810002 	orreq	r0, r1, r2
  d0:	00040000 	andeq	r0, r4, r0
  d4:	00000000 	andeq	r0, r0, r0
  d8:	700301e0 	andvc	r0, r3, r0, ror #3
  dc:	00000064 	andeq	r0, r0, r4, rrx
	...

Desensamblado de la sección .debug_str:

00000000 <.debug_str>:
   0:	2f637273 	svccs	0x00637273
   4:	5f776f6c 	svcpl	0x00776f6c
   8:	6576656c 	ldrbvs	r6, [r6, #-1388]!	; 0xfffffa94
   c:	70635f6c 	rsbvc	r5, r3, ip, ror #30
  10:	63615f75 	cmnvs	r1, #468	; 0x1d4
  14:	73736563 	cmnvc	r3, #415236096	; 0x18c00000
  18:	2f00732e 	svccs	0x0000732e
  1c:	656d6f68 	strbvs	r6, [sp, #-3944]!	; 0xfffff098
  20:	6261672f 	rsbvs	r6, r1, #12320768	; 0xbc0000
  24:	6c656972 			; <UNDEFINED> instruction: 0x6c656972
  28:	73697263 	cmnvc	r9, #805306374	; 0x30000006
  2c:	6f696661 	svcvs	0x00696661
  30:	6373452f 	cmnvs	r3, #197132288	; 0xbc00000
  34:	6f746972 	svcvs	0x00746972
  38:	2f6f6972 	svccs	0x006f6972
  3c:	2d334454 	cfldrscs	mvf4, [r3, #-336]!	; 0xfffffeb0
  40:	33323032 	teqcc	r2, #50	; 0x32
  44:	6e694c2d 	cdpvs	12, 6, cr4, cr9, cr13, {1}
  48:	472f7875 			; <UNDEFINED> instruction: 0x472f7875
  4c:	722f5449 	eorvc	r5, pc, #1224736768	; 0x49000000
  50:	6c6f7065 	stclvs	0, cr7, [pc], #-404	; fffffec4 <__bss_end__+0x8ffcfc74>
  54:	6c61636f 	stclvs	3, cr6, [r1], #-444	; 0xfffffe44
  58:	3035722f 	eorscc	r7, r5, pc, lsr #4
  5c:	432d3135 			; <UNDEFINED> instruction: 0x432d3135
  60:	41534952 	cmpmi	r3, r2, asr r9
  64:	2d4f4946 	vstrcs.16	s9, [pc, #-140]	; ffffffe0 <__bss_end__+0x8ffcfd90>	; <UNPREDICTABLE>
  68:	52424147 	subpl	r4, r2, #-1073741807	; 0xc0000011
  6c:	2f4c4549 	svccs	0x004c4549
  70:	635f3130 	cmpvs	pc, #48, 2
  74:	2f746175 	svccs	0x00746175
  78:	5f315054 	svcpl	0x00315054
  7c:	5f494241 	svcpl	0x00494241
  80:	73415f79 	movtvc	r5, #8057	; 0x1f79
  84:	626d6573 	rsbvs	r6, sp, #482344960	; 0x1cc00000
  88:	5f72656c 	svcpl	0x0072656c
  8c:	764d5241 	strbvc	r5, [sp], -r1, asr #4
  90:	50542f37 	subspl	r2, r4, r7, lsr pc
  94:	38765f32 	ldmdacc	r6!, {r1, r4, r5, r8, r9, sl, fp, ip, lr}^
  98:	554e4700 	strbpl	r4, [lr, #-1792]	; 0xfffff900
  9c:	20534120 	subscs	r4, r3, r0, lsr #2
  a0:	34332e32 	ldrtcc	r2, [r3], #-3634	; 0xfffff1ce
  a4:	63727300 	cmnvs	r2, #0, 6
  a8:	3364742f 	cmncc	r4, #788529152	; 0x2f000000
  ac:	6d656d5f 	stclvs	13, cr6, [r5, #-380]!	; 0xfffffe84
  b0:	79706f63 	ldmdbvc	r0!, {r0, r1, r5, r6, r8, r9, sl, fp, sp, lr}^
  b4:	7300732e 	movwvc	r7, #814	; 0x32e
  b8:	652f6372 	strvs	r6, [pc, #-882]!	; fffffd4e <__bss_end__+0x8ffcfafe>
  bc:	70656378 	rsbvc	r6, r5, r8, ror r3
  c0:	6e6f6974 			; <UNDEFINED> instruction: 0x6e6f6974
  c4:	6e61685f 	mcrvs	8, 3, r6, cr1, cr15, {2}
  c8:	72656c64 	rsbvc	r6, r5, #100, 24	; 0x6400
  cc:	00732e73 	rsbseq	r2, r3, r3, ror lr
  d0:	2f637273 	svccs	0x00637273
  d4:	72617473 	rsbvc	r7, r1, #1929379840	; 0x73000000
  d8:	2e707574 	mrccs	5, 3, r7, cr0, cr4, {3}
  dc:	72730073 	rsbsvc	r0, r3, #115	; 0x73
  e0:	65722f63 	ldrbvs	r2, [r2, #-3939]!	; 0xfffff09d
  e4:	5f746573 	svcpl	0x00746573
  e8:	74636576 	strbtvc	r6, [r3], #-1398	; 0xfffffa8a
  ec:	732e726f 			; <UNDEFINED> instruction: 0x732e726f
  f0:	7a737000 	bvc	1cdc0f8 <C_STACK_SIZE+0x1cdb0f8>
  f4:	74736544 	ldrbtvc	r6, [r3], #-1348	; 0xfffffabc
  f8:	33647400 	cmncc	r4, #0, 8
  fc:	6d656d5f 	stclvs	13, cr6, [r5, #-380]!	; 0xfffffe84
 100:	79706f63 	ldmdbvc	r0!, {r0, r1, r5, r6, r8, r9, sl, fp, sp, lr}^
 104:	73656400 	cmnvc	r5, #0, 8
 108:	6f6e6974 	svcvs	0x006e6974
 10c:	69726f00 	ldmdbvs	r2!, {r8, r9, sl, fp, sp, lr}^
 110:	006e6567 	rsbeq	r6, lr, r7, ror #10
 114:	20554e47 	subscs	r4, r5, r7, asr #28
 118:	20393943 	eorscs	r3, r9, r3, asr #18
 11c:	2e342e39 	mrccs	14, 1, r2, cr4, cr9, {1}
 120:	6d2d2030 	stcvs	0, cr2, [sp, #-192]!	; 0xffffff40
 124:	3d757063 	ldclcc	0, cr7, [r5, #-396]!	; 0xfffffe74
 128:	74726f63 	ldrbtvc	r6, [r2], #-3939	; 0xfffff09d
 12c:	612d7865 			; <UNDEFINED> instruction: 0x612d7865
 130:	6d2d2038 	stcvs	0, cr2, [sp, #-224]!	; 0xffffff20
 134:	616f6c66 	cmnvs	pc, r6, ror #24
 138:	62612d74 	rsbvs	r2, r1, #116, 26	; 0x1d00
 13c:	61683d69 	cmnvs	r8, r9, ror #26
 140:	2d206472 	cfstrscs	mvf6, [r0, #-456]!	; 0xfffffe38
 144:	7570666d 	ldrbvc	r6, [r0, #-1645]!	; 0xfffff993
 148:	7066763d 	rsbvc	r7, r6, sp, lsr r6
 14c:	642d3376 	strtvs	r3, [sp], #-886	; 0xfffffc8a
 150:	2d203631 	stccs	6, cr3, [r0, #-196]!	; 0xffffff3c
 154:	7568746d 	strbvc	r7, [r8, #-1133]!	; 0xfffffb93
 158:	2d20626d 	sfmcs	f6, 4, [r0, #-436]!	; 0xfffffe4c
 15c:	736c746d 	cmnvc	ip, #1828716544	; 0x6d000000
 160:	6169642d 	cmnvs	r9, sp, lsr #8
 164:	7463656c 	strbtvc	r6, [r3], #-1388	; 0xfffffa94
 168:	756e673d 	strbvc	r6, [lr, #-1853]!	; 0xfffff8c3
 16c:	616d2d20 	cmnvs	sp, r0, lsr #26
 170:	3d686372 	stclcc	3, cr6, [r8, #-456]!	; 0xfffffe38
 174:	766d7261 	strbtvc	r7, [sp], -r1, ror #4
 178:	2b612d37 	blcs	184b65c <C_STACK_SIZE+0x184a65c>
 17c:	2b636573 	blcs	18d9750 <C_STACK_SIZE+0x18d8750>
 180:	2d207066 	stccs	0, cr7, [r0, #-408]!	; 0xfffffe68
 184:	4f2d2067 	svcmi	0x002d2067
 188:	732d2030 			; <UNDEFINED> instruction: 0x732d2030
 18c:	673d6474 			; <UNDEFINED> instruction: 0x673d6474
 190:	3939756e 	ldmdbcc	r9!, {r1, r2, r3, r5, r6, r8, sl, ip, sp, lr}
 194:	73662d20 	cmnvc	r6, #32, 26	; 0x800
 198:	6b636174 	blvs	18d8770 <C_STACK_SIZE+0x18d7770>
 19c:	6f72702d 	svcvs	0x0072702d
 1a0:	74636574 	strbtvc	r6, [r3], #-1396	; 0xfffffa8c
 1a4:	732d726f 			; <UNDEFINED> instruction: 0x732d726f
 1a8:	6e6f7274 	mcrvs	2, 3, r7, cr15, cr4, {3}
 1ac:	756e0067 	strbvc	r0, [lr, #-103]!	; 0xffffff99
 1b0:	79625f6d 	stmdbvc	r2!, {r0, r2, r3, r5, r6, r8, r9, sl, fp, ip, lr}^
 1b4:	00736574 	rsbseq	r6, r3, r4, ror r5
 1b8:	537a7370 	cmnpl	sl, #112, 6	; 0xc0000001
 1bc:	6372756f 	cmnvs	r2, #465567744	; 0x1bc00000
 1c0:	656d0065 	strbvs	r0, [sp, #-101]!	; 0xffffff9b
 1c4:	6a61736e 	bvs	185cf84 <C_STACK_SIZE+0x185bf84>
 1c8:	72730065 	rsbsvc	r0, r3, #101	; 0x65
 1cc:	64742f63 	ldrbtvs	r2, [r4], #-3939	; 0xfffff09d
 1d0:	00632e33 	rsbeq	r2, r3, r3, lsr lr
 1d4:	45505954 	ldrbmi	r5, [r0, #-2388]	; 0xfffff6ac
 1d8:	675f0052 			; <UNDEFINED> instruction: 0x675f0052
 1dc:	5f646369 	svcpl	0x00646369
 1e0:	68730074 	ldmdavs	r3!, {r2, r4, r5, r6}^
 1e4:	2074726f 	rsbscs	r7, r4, pc, ror #4
 1e8:	00746e69 	rsbseq	r6, r4, r9, ror #28
 1ec:	69755f5f 	ldmdbvs	r5!, {r0, r1, r2, r3, r4, r6, r8, r9, sl, fp, ip, lr}^
 1f0:	3233746e 	eorscc	r7, r3, #1845493760	; 0x6e000000
 1f4:	4700745f 	smlsdmi	r0, pc, r4, r7	; <UNPREDICTABLE>
 1f8:	30434349 	subcc	r4, r3, r9, asr #6
 1fc:	46434900 	strbmi	r4, [r3], -r0, lsl #18
 200:	5f005247 	svcpl	0x00005247
 204:	63636967 	cmnvs	r3, #1687552	; 0x19c000
 208:	4900745f 	stmdbmi	r0, {r0, r1, r2, r3, r4, r6, sl, ip, sp, lr}
 20c:	4f495250 	svcmi	0x00495250
 210:	59544952 	ldmdbpl	r4, {r1, r4, r6, r8, fp, lr}^
 214:	4f450052 	svcmi	0x00450052
 218:	49005249 	stmdbmi	r0, {r0, r3, r6, r9, ip, lr}
 21c:	54434153 	strbpl	r4, [r3], #-339	; 0xfffffead
 220:	52455649 	subpl	r5, r5, #76546048	; 0x4900000
 224:	45434900 	strbmi	r4, [r3, #-2304]	; 0xfffff700
 228:	4c42414e 	stfmie	f4, [r2], {78}	; 0x4e
 22c:	6c005245 	sfmvs	f5, 4, [r0], {69}	; 0x45
 230:	20676e6f 	rsbcs	r6, r7, pc, ror #28
 234:	676e6f6c 	strbvs	r6, [lr, -ip, ror #30]!
 238:	746e6920 	strbtvc	r6, [lr], #-2336	; 0xfffff6e0
 23c:	63727300 	cmnvs	r2, #0, 6
 240:	6369672f 	cmnvs	r9, #12320768	; 0xbc0000
 244:	7200632e 	andvc	r6, r0, #-1207959552	; 0xb8000000
 248:	72657365 	rsbvc	r7, r5, #-1811939327	; 0x94000001
 24c:	30646576 	rsbcc	r6, r4, r6, ror r5
 250:	73657200 	cmnvc	r5, #0, 4
 254:	65767265 	ldrbvs	r7, [r6, #-613]!	; 0xfffffd9b
 258:	72003164 	andvc	r3, r0, #100, 2
 25c:	72657365 	rsbvc	r7, r5, #-1811939327	; 0x94000001
 260:	32646576 	rsbcc	r6, r4, #494927872	; 0x1d800000
 264:	73657200 	cmnvc	r5, #0, 4
 268:	65767265 	ldrbvs	r7, [r6, #-613]!	; 0xfffffd9b
 26c:	72003364 	andvc	r3, r0, #100, 6	; 0x90000001
 270:	72657365 	rsbvc	r7, r5, #-1811939327	; 0x94000001
 274:	34646576 	strbtcc	r6, [r4], #-1398	; 0xfffffa8a
 278:	73657200 	cmnvc	r5, #0, 4
 27c:	65767265 	ldrbvs	r7, [r6, #-613]!	; 0xfffffd9b
 280:	72003564 	andvc	r3, r0, #100, 10	; 0x19000000
 284:	72657365 	rsbvc	r7, r5, #-1811939327	; 0x94000001
 288:	36646576 			; <UNDEFINED> instruction: 0x36646576
 28c:	73657200 	cmnvc	r5, #0, 4
 290:	65767265 	ldrbvs	r7, [r6, #-613]!	; 0xfffffd9b
 294:	5f003764 	svcpl	0x00003764
 298:	6e69755f 	mcrvs	5, 3, r7, cr9, cr15, {2}
 29c:	745f3874 	ldrbvc	r3, [pc], #-2164	; 2a4 <_PUBLIC_SIZE_TEXT+0x60>
 2a0:	73657200 	cmnvc	r5, #0, 4
 2a4:	65767265 	ldrbvs	r7, [r6, #-613]!	; 0xfffffd9b
 2a8:	47003964 	strmi	r3, [r0, -r4, ror #18]
 2ac:	30444349 	subcc	r4, r4, r9, asr #6
 2b0:	736e7500 	cmnvc	lr, #0, 10
 2b4:	656e6769 	strbvs	r6, [lr, #-1897]!	; 0xfffff897
 2b8:	68632064 	stmdavs	r3!, {r2, r5, r6, sp}^
 2bc:	6c007261 	sfmvs	f7, 4, [r0], {97}	; 0x61
 2c0:	20676e6f 	rsbcs	r6, r7, pc, ror #28
 2c4:	676e6f6c 	strbvs	r6, [lr, -ip, ror #30]!
 2c8:	736e7520 	cmnvc	lr, #32, 10	; 0x8000000
 2cc:	656e6769 	strbvs	r6, [lr, #-1897]!	; 0xfffff897
 2d0:	6e692064 	cdpvs	0, 6, cr2, cr9, cr4, {3}
 2d4:	53490074 	movtpl	r0, #36980	; 0x9074
 2d8:	42414e45 	submi	r4, r1, #1104	; 0x450
 2dc:	0052454c 	subseq	r4, r2, ip, asr #10
 2e0:	49505048 	ldmdbmi	r0, {r3, r6, ip, lr}^
 2e4:	68730052 	ldmdavs	r3!, {r1, r4, r6}^
 2e8:	2074726f 	rsbscs	r7, r4, pc, ror #4
 2ec:	69736e75 	ldmdbvs	r3!, {r0, r2, r4, r5, r6, r9, sl, fp, sp, lr}^
 2f0:	64656e67 	strbtvs	r6, [r5], #-3687	; 0xfffff199
 2f4:	746e6920 	strbtvc	r6, [lr], #-2336	; 0xfffff6e0
 2f8:	73657200 	cmnvc	r5, #0, 4
 2fc:	65767265 	ldrbvs	r7, [r6, #-613]!	; 0xfffffd9b
 300:	49003864 	stmdbmi	r0, {r2, r5, r6, fp, ip, sp}
 304:	4e455043 	cdpmi	0, 4, cr5, cr5, cr3, {2}
 308:	53005244 	movwpl	r5, #580	; 0x244
 30c:	00524947 	subseq	r4, r2, r7, asr #18
 310:	69675f5f 	stmdbvs	r7!, {r0, r1, r2, r3, r4, r6, r8, r9, sl, fp, ip, lr}^
 314:	6e695f63 	cdpvs	15, 6, cr5, cr9, cr3, {3}
 318:	49007469 	stmdbmi	r0, {r0, r3, r5, r6, sl, ip, sp, lr}
 31c:	47524154 			; <UNDEFINED> instruction: 0x47524154
 320:	52535445 	subspl	r5, r3, #1157627904	; 0x45000000
 324:	4c544300 	mrrcmi	3, 0, r4, r4, cr0	; <UNPREDICTABLE>
 328:	53490052 	movtpl	r0, #36946	; 0x9052
 32c:	444e4550 	strbmi	r4, [lr], #-1360	; 0xfffffab0
 330:	La dirección 0x0000000000000330 está fuera de los límites.


Desensamblado de la sección .debug_ranges:

00000000 <.debug_ranges>:
   0:	ffffffff 			; <UNDEFINED> instruction: 0xffffffff
   4:	00000000 	andeq	r0, r0, r0
   8:	70010018 	andvc	r0, r1, r8, lsl r0
   c:	7001005c 	andvc	r0, r1, ip, asr r0
  10:	700300c4 	andvc	r0, r3, r4, asr #1
  14:	70030104 	andvc	r0, r3, r4, lsl #2
	...
  20:	7001005c 	andvc	r0, r1, ip, asr r0
  24:	7001009c 	mulvc	r1, ip, r0
	...
  30:	700301e0 	andvc	r0, r3, r0, ror #3
  34:	70030244 	andvc	r0, r3, r4, asr #4
	...

Desensamblado de la sección .debug_frame:

00000000 <.debug_frame>:
   0:	0000000c 	andeq	r0, r0, ip
   4:	ffffffff 			; <UNDEFINED> instruction: 0xffffffff
   8:	7c020001 	stcvc	0, cr0, [r2], {1}
   c:	000d0c0e 	andeq	r0, sp, lr, lsl #24
  10:	00000024 	andeq	r0, r0, r4, lsr #32
  14:	00000000 	andeq	r0, r0, r0
  18:	7001005c 	andvc	r0, r1, ip, asr r0
  1c:	00000040 	andeq	r0, r0, r0, asr #32
  20:	87040e41 	strhi	r0, [r4, -r1, asr #28]
  24:	200e4101 	andcs	r4, lr, r1, lsl #2
  28:	59070d41 	stmdbpl	r7, {r0, r6, r8, sl, fp}
  2c:	0d41040e 	cfstrdeq	mvd0, [r1, #-56]	; 0xffffffc8
  30:	0ec7420d 	cdpeq	2, 12, cr4, cr7, cr13, {0}
  34:	00000000 	andeq	r0, r0, r0
  38:	0000000c 	andeq	r0, r0, ip
  3c:	ffffffff 			; <UNDEFINED> instruction: 0xffffffff
  40:	7c020001 	stcvc	0, cr0, [r2], {1}
  44:	000d0c0e 	andeq	r0, sp, lr, lsl #24
  48:	00000024 	andeq	r0, r0, r4, lsr #32
  4c:	00000038 	andeq	r0, r0, r8, lsr r0
  50:	700301e0 	andvc	r0, r3, r0, ror #3
  54:	00000064 	andeq	r0, r0, r4, rrx
  58:	87040e41 	strhi	r0, [r4, -r1, asr #28]
  5c:	100e4101 	andne	r4, lr, r1, lsl #2
  60:	6b070d41 	blvs	1c356c <C_STACK_SIZE+0x1c256c>
  64:	0d41040e 	cfstrdeq	mvd0, [r1, #-56]	; 0xffffffc8
  68:	0ec7420d 	cdpeq	2, 12, cr4, cr7, cr13, {0}
  6c:	00000000 	andeq	r0, r0, r0
