
obj/mi_TP2_v7.elf:     formato del fichero elf32-littlearm


Desensamblado de la sección .inicio:

70010000 <__ROM_start__>:
70010000:	f10c00c0 	cpsid	if
70010004:	e10f0000 	mrs	r0, CPSR
70010008:	e3c0020f 	bic	r0, r0, #-268435456	; 0xf0000000
7001000c:	e129f000 	msr	CPSR_fc, r0
70010010:	ee100f10 	mrc	15, 0, r0, cr0, cr0, {0}
70010014:	eaffffff 	b	70010018 <_inicio_>

70010018 <_inicio_>:
70010018:	e59fd020 	ldr	sp, [pc, #32]	; 70010040 <_Bootloader+0x4>

7001001c <_Copia_Seccion_TEXT>:
7001001c:	e59f0020 	ldr	r0, [pc, #32]	; 70010044 <_Bootloader+0x8>
70010020:	e59f1020 	ldr	r1, [pc, #32]	; 70010048 <_Bootloader+0xc>
70010024:	e59f2020 	ldr	r2, [pc, #32]	; 7001004c <_Bootloader+0x10>
70010028:	fa00000b 	blx	7001005c <td3_memcopy>

7001002c <_Copia_Seccion_DATA>:
7001002c:	e59f001c 	ldr	r0, [pc, #28]	; 70010050 <_Bootloader+0x14>
70010030:	e59f101c 	ldr	r1, [pc, #28]	; 70010054 <_Bootloader+0x18>
70010034:	e59f201c 	ldr	r2, [pc, #28]	; 70010058 <_Bootloader+0x1c>
70010038:	fa000007 	blx	7001005c <td3_memcopy>

7001003c <_Bootloader>:
7001003c:	ea007fef 	b	70030000 <_PUBLIC_RAM_INIT>
70010040:	70021000 	andvc	r1, r2, r0
70010044:	70030000 	andvc	r0, r3, r0
70010048:	7001009c 	mulvc	r1, ip, r0
7001004c:	00000040 	andeq	r0, r0, r0, asr #32
70010050:	70030040 	andvc	r0, r3, r0, asr #32
70010054:	700100dc 	ldrdvc	r0, [r1], -ip
70010058:	00000008 	andeq	r0, r0, r8

7001005c <td3_memcopy>:
7001005c:	b480      	push	{r7}
7001005e:	b087      	sub	sp, #28
70010060:	af00      	add	r7, sp, #0
70010062:	60f8      	str	r0, [r7, #12]
70010064:	60b9      	str	r1, [r7, #8]
70010066:	607a      	str	r2, [r7, #4]
70010068:	68fb      	ldr	r3, [r7, #12]
7001006a:	613b      	str	r3, [r7, #16]
7001006c:	68bb      	ldr	r3, [r7, #8]
7001006e:	617b      	str	r3, [r7, #20]
70010070:	e00a      	b.n	70010088 <td3_memcopy+0x2c>
70010072:	697a      	ldr	r2, [r7, #20]
70010074:	1c53      	adds	r3, r2, #1
70010076:	617b      	str	r3, [r7, #20]
70010078:	693b      	ldr	r3, [r7, #16]
7001007a:	1c59      	adds	r1, r3, #1
7001007c:	6139      	str	r1, [r7, #16]
7001007e:	7812      	ldrb	r2, [r2, #0]
70010080:	701a      	strb	r2, [r3, #0]
70010082:	687b      	ldr	r3, [r7, #4]
70010084:	3b01      	subs	r3, #1
70010086:	607b      	str	r3, [r7, #4]
70010088:	687b      	ldr	r3, [r7, #4]
7001008a:	2b00      	cmp	r3, #0
7001008c:	d1f1      	bne.n	70010072 <td3_memcopy+0x16>
7001008e:	bf00      	nop
70010090:	bf00      	nop
70010092:	371c      	adds	r7, #28
70010094:	46bd      	mov	sp, r7
70010096:	f85d 7b04 	ldr.w	r7, [sp], #4
7001009a:	4770      	bx	lr

Desensamblado de la sección .text:

70030000 <__text_start__>:
70030000:	e3a01001 	mov	r1, #1
70030004:	e59f2028 	ldr	r2, [pc, #40]	; 70030034 <_prueba_stack+0xc>
70030008:	e5920000 	ldr	r0, [r2]

7003000c <_leer_ascii>:
7003000c:	e59fc024 	ldr	ip, [pc, #36]	; 70030038 <_prueba_stack+0x10>
70030010:	e5dc0000 	ldrb	r0, [ip]
70030014:	e59f3018 	ldr	r3, [pc, #24]	; 70030034 <_prueba_stack+0xc>
70030018:	e5c30000 	strb	r0, [r3]
7003001c:	e59c0000 	ldr	r0, [ip]
70030020:	e59f3014 	ldr	r3, [pc, #20]	; 7003003c <_prueba_stack+0x14>
70030024:	e5830000 	str	r0, [r3]

70030028 <_prueba_stack>:
70030028:	e52d0004 	push	{r0}		; (str r0, [sp, #-4]!)
7003002c:	e49d0004 	pop	{r0}		; (ldr r0, [sp], #4)
70030030:	eafffffe 	b	70030030 <_prueba_stack+0x8>
70030034:	70030044 	andvc	r0, r3, r4, asr #32
70030038:	70030040 	andvc	r0, r3, r0, asr #32
7003003c:	70030048 	andvc	r0, r3, r8, asr #32

Desensamblado de la sección .data:

70030040 <__data_start__>:
70030040:	004c4f48 	subeq	r4, ip, r8, asr #30

70030044 <argumento>:
70030044:	00000004 	andeq	r0, r0, r4

Desensamblado de la sección .bss:

70030048 <__bss_start__>:
70030048:	00000000 	andeq	r0, r0, r0

Desensamblado de la sección .stack:

70020000 <pila>:
	...

Desensamblado de la sección .ARM.attributes:

00000000 <.ARM.attributes>:
   0:	00003841 	andeq	r3, r0, r1, asr #16
   4:	61656100 	cmnvs	r5, r0, lsl #2
   8:	01006962 	tsteq	r0, r2, ror #18
   c:	0000002e 	andeq	r0, r0, lr, lsr #32
  10:	726f4305 	rsbvc	r4, pc, #335544320	; 0x14000000
  14:	2d786574 	cfldr64cs	mvdx6, [r8, #-464]!	; 0xfffffe30
  18:	06003841 	streq	r3, [r0], -r1, asr #16
  1c:	0841070a 	stmdaeq	r1, {r1, r3, r8, r9, sl}^
  20:	0a020901 	beq	8242c <_PUBLIC_SIZE_INICIO+0x82390>
  24:	12010c03 	andne	r0, r1, #768	; 0x300
  28:	15011404 	strne	r1, [r1, #-1028]	; 0xfffffbfc
  2c:	18031701 	stmdane	r3, {r0, r8, r9, sl, ip}
  30:	1c021a01 			; <UNDEFINED> instruction: 0x1c021a01
  34:	44012201 	strmi	r2, [r1], #-513	; 0xfffffdff
  38:	La dirección 0x0000000000000038 está fuera de los límites.


Desensamblado de la sección .comment:

00000000 <.comment>:
   0:	3a434347 	bcc	10d0d24 <_PUBLIC_SIZE_INICIO+0x10d0c88>
   4:	62552820 	subsvs	r2, r5, #32, 16	; 0x200000
   8:	75746e75 	ldrbvc	r6, [r4, #-3701]!	; 0xfffff18b
   c:	342e3920 	strtcc	r3, [lr], #-2336	; 0xfffff6e0
  10:	312d302e 			; <UNDEFINED> instruction: 0x312d302e
  14:	6e756275 	mrcvs	2, 3, r6, cr5, cr5, {3}
  18:	7e317574 	mrcvc	5, 1, r7, cr1, cr4, {3}
  1c:	302e3032 	eorcc	r3, lr, r2, lsr r0
  20:	29312e34 	ldmdbcs	r1!, {r2, r4, r5, r9, sl, fp, sp}
  24:	342e3920 	strtcc	r3, [lr], #-2336	; 0xfffff6e0
  28:	La dirección 0x0000000000000028 está fuera de los límites.


Desensamblado de la sección .debug_line:

00000000 <.debug_line>:
   0:	0000006f 	andeq	r0, r0, pc, rrx
   4:	00280003 	eoreq	r0, r8, r3
   8:	01020000 	mrseq	r0, (UNDEF: 2)
   c:	000d0efb 	strdeq	r0, [sp], -fp
  10:	01010101 	tsteq	r1, r1, lsl #2
  14:	01000000 	mrseq	r0, (UNDEF: 0)
  18:	73010000 	movwvc	r0, #4096	; 0x1000
  1c:	00006372 	andeq	r6, r0, r2, ror r3
  20:	5f336474 	svcpl	0x00336474
  24:	636d656d 	cmnvs	sp, #457179136	; 0x1b400000
  28:	2e79706f 	cdpcs	0, 7, cr7, cr9, cr15, {3}
  2c:	00010073 	andeq	r0, r1, r3, ror r0
  30:	05000000 	streq	r0, [r0, #-0]
  34:	01001802 	tsteq	r0, r2, lsl #16
  38:	01190370 	tsteq	r9, r0, ror r3
  3c:	2f2f2f32 	svccs	0x002f2f32
  40:	2f2f2f32 	svccs	0x002f2f32
  44:	2e6f0331 	mcrcs	3, 3, r0, cr15, cr1, {1}
  48:	332f2f32 			; <UNDEFINED> instruction: 0x332f2f32
  4c:	02022f2f 	andeq	r2, r2, #47, 30	; 0xbc
  50:	00010100 	andeq	r0, r1, r0, lsl #2
  54:	00000205 	andeq	r0, r0, r5, lsl #4
  58:	31037003 	tstcc	r3, r3
  5c:	312f2f01 			; <UNDEFINED> instruction: 0x312f2f01
  60:	302f2f2f 	eorcc	r2, pc, pc, lsr #30
  64:	2f312f2f 	svccs	0x00312f2f
  68:	2e6f0330 	mcrcs	3, 3, r0, cr15, cr0, {1}
  6c:	02023432 	andeq	r3, r2, #838860800	; 0x32000000
  70:	43010100 	movwmi	r0, #4352	; 0x1100
  74:	03000000 	movweq	r0, #0
  78:	00002900 	andeq	r2, r0, r0, lsl #18
  7c:	fb010200 	blx	40886 <_PUBLIC_SIZE_INICIO+0x407ea>
  80:	01000d0e 	tsteq	r0, lr, lsl #26
  84:	00010101 	andeq	r0, r1, r1, lsl #2
  88:	00010000 	andeq	r0, r1, r0
  8c:	72730100 	rsbsvc	r0, r3, #0, 2
  90:	72000063 	andvc	r0, r0, #99	; 0x63
  94:	74657365 	strbtvc	r7, [r5], #-869	; 0xfffffc9b
  98:	6365765f 	cmnvs	r5, #99614720	; 0x5f00000
  9c:	2e726f74 	mrccs	15, 3, r6, cr2, cr4, {3}
  a0:	00010073 	andeq	r0, r1, r3, ror r0
  a4:	05000000 	streq	r0, [r0, #-0]
  a8:	01000002 	tsteq	r0, r2
  ac:	01140370 	tsteq	r4, r0, ror r3
  b0:	312f2f36 			; <UNDEFINED> instruction: 0x312f2f36
  b4:	00020230 	andeq	r0, r2, r0, lsr r2
  b8:	00530101 	subseq	r0, r3, r1, lsl #2
  bc:	00030000 	andeq	r0, r3, r0
  c0:	00000020 	andeq	r0, r0, r0, lsr #32
  c4:	0efb0102 	cdpeq	1, 15, cr0, cr11, cr2, {0}
  c8:	0101000d 	tsteq	r1, sp
  cc:	00000101 	andeq	r0, r0, r1, lsl #2
  d0:	00000100 	andeq	r0, r0, r0, lsl #2
  d4:	63727301 	cmnvs	r2, #67108864	; 0x4000000
  d8:	64740000 	ldrbtvs	r0, [r4], #-0
  dc:	00632e33 	rsbeq	r2, r3, r3, lsr lr
  e0:	00000001 	andeq	r0, r0, r1
  e4:	05000105 	streq	r0, [r0, #-261]	; 0xfffffefb
  e8:	01005c02 	tsteq	r0, r2, lsl #24
  ec:	0b051a70 	bleq	146ab4 <_PUBLIC_SIZE_INICIO+0x146a18>
  f0:	2f110568 	svccs	0x00110568
  f4:	05300a05 	ldreq	r0, [r0, #-2565]!	; 0xfffff5fb
  f8:	12052323 	andne	r2, r5, #-1946157056	; 0x8c000000
  fc:	3c18053c 	cfldr32cc	mvfx0, [r8], {60}	; 0x3c
 100:	05201605 	streq	r1, [r0, #-1541]!	; 0xfffff9fb
 104:	0a052109 	beq	148530 <_PUBLIC_SIZE_INICIO+0x148494>
 108:	43010538 	movwmi	r0, #5432	; 0x1538
 10c:	01000702 	tsteq	r0, r2, lsl #14
 110:	La dirección 0x0000000000000110 está fuera de los límites.


Desensamblado de la sección .debug_info:

00000000 <.debug_info>:
   0:	0000001e 	andeq	r0, r0, lr, lsl r0
   4:	00000002 	andeq	r0, r0, r2
   8:	01040000 	mrseq	r0, (UNDEF: 4)
	...
  18:	00000012 	andeq	r0, r0, r2, lsl r0
  1c:	00000090 	muleq	r0, r0, r0
  20:	00228001 	eoreq	r8, r2, r1
  24:	00020000 	andeq	r0, r2, r0
  28:	00000012 	andeq	r0, r0, r2, lsl r0
  2c:	00730104 	rsbseq	r0, r3, r4, lsl #2
  30:	00000000 	andeq	r0, r0, r0
  34:	00187001 	andseq	r7, r8, r1
  38:	009c7001 	addseq	r7, ip, r1
  3c:	00120000 	andseq	r0, r2, r0
  40:	00900000 	addseq	r0, r0, r0
  44:	80010000 	andhi	r0, r1, r0
  48:	000000c3 	andeq	r0, r0, r3, asr #1
  4c:	00260004 	eoreq	r0, r6, r4
  50:	01040000 	mrseq	r0, (UNDEF: 4)
  54:	000000df 	ldrdeq	r0, [r0], -pc	; <UNPREDICTABLE>
  58:	00019a0c 	andeq	r9, r1, ip, lsl #20
  5c:	00001200 	andeq	r1, r0, r0, lsl #4
  60:	00002000 	andeq	r2, r0, r0
  64:	00000000 	andeq	r0, r0, r0
  68:	0000ba00 	andeq	fp, r0, r0, lsl #20
  6c:	00300200 	eorseq	r0, r0, r0, lsl #4
  70:	00300000 	eorseq	r0, r0, r0
  74:	00030000 	andeq	r0, r3, r0
  78:	95080104 	strls	r0, [r8, #-260]	; 0xfffffefc
  7c:	05000001 	streq	r0, [r0, #-1]
  80:	00000030 	andeq	r0, r0, r0, lsr r0
  84:	00018d06 	andeq	r8, r1, r6, lsl #26
  88:	0d030100 	stfeqs	f0, [r3, #-0]
  8c:	00000025 	andeq	r0, r0, r5, lsr #32
  90:	0000c407 	andeq	ip, r0, r7, lsl #8
  94:	2a080100 	bcs	20049c <_PUBLIC_SIZE_INICIO+0x200400>
  98:	7001005c 	andvc	r0, r1, ip, asr r0
  9c:	00000040 	andeq	r0, r0, r0, asr #32
  a0:	00aa9c01 	adceq	r9, sl, r1, lsl #24
  a4:	d0080000 	andle	r0, r8, r0
  a8:	01000000 	mrseq	r0, (UNDEF: 0)
  ac:	00aa3c08 	adceq	r3, sl, r8, lsl #24
  b0:	91020000 	mrsls	r0, (UNDEF: 2)
  b4:	00d8086c 	sbcseq	r0, r8, ip, ror #16
  b8:	08010000 	stmdaeq	r1, {}	; <UNPREDICTABLE>
  bc:	0000ac51 	andeq	sl, r0, r1, asr ip
  c0:	68910200 	ldmvs	r1, {r9}
  c4:	00017908 	andeq	r7, r1, r8, lsl #18
  c8:	66080100 	strvs	r0, [r8], -r0, lsl #2
  cc:	000000b3 	strheq	r0, [r0], -r3
  d0:	09649102 	stmdbeq	r4!, {r1, r8, ip, pc}^
  d4:	000000af 	andeq	r0, r0, pc, lsr #1
  d8:	ba0b0b01 	blt	2c2ce4 <_PUBLIC_SIZE_INICIO+0x2c2c48>
  dc:	02000000 	andeq	r0, r0, #0
  e0:	83097091 	movwhi	r7, #37009	; 0x9091
  e4:	01000001 	tsteq	r0, r1
  e8:	00c0110c 	sbceq	r1, r0, ip, lsl #2
  ec:	91020000 	mrsls	r0, (UNDEF: 2)
  f0:	040a0074 	streq	r0, [sl], #-116	; 0xffffff8c
  f4:	00b2040b 	adcseq	r0, r2, fp, lsl #8
  f8:	040c0000 	streq	r0, [ip], #-0
  fc:	00b70704 	adcseq	r0, r7, r4, lsl #14
 100:	040b0000 	streq	r0, [fp], #-0
 104:	00000030 	andeq	r0, r0, r0, lsr r0
 108:	0037040b 	eorseq	r0, r7, fp, lsl #8
 10c:	La dirección 0x000000000000010c está fuera de los límites.


Desensamblado de la sección .debug_abbrev:

00000000 <.debug_abbrev>:
   0:	10001101 	andne	r1, r0, r1, lsl #2
   4:	03065506 	movweq	r5, #25862	; 0x6506
   8:	250e1b0e 	strcs	r1, [lr, #-2830]	; 0xfffff4f2
   c:	0005130e 	andeq	r1, r5, lr, lsl #6
  10:	11010000 	mrsne	r0, (UNDEF: 1)
  14:	11061000 	mrsne	r1, (UNDEF: 6)
  18:	03011201 	movweq	r1, #4609	; 0x1201
  1c:	250e1b0e 	strcs	r1, [lr, #-2830]	; 0xfffff4f2
  20:	0005130e 	andeq	r1, r5, lr, lsl #6
  24:	11010000 	mrsne	r0, (UNDEF: 1)
  28:	130e2501 	movwne	r2, #58625	; 0xe501
  2c:	1b0e030b 	blne	380c60 <_PUBLIC_SIZE_INICIO+0x380bc4>
  30:	1117550e 	tstne	r7, lr, lsl #10
  34:	00171001 	andseq	r1, r7, r1
  38:	01010200 	mrseq	r0, R9_usr
  3c:	13011349 	movwne	r1, #4937	; 0x1349
  40:	21030000 	mrscs	r0, (UNDEF: 3)
  44:	04000000 	streq	r0, [r0], #-0
  48:	0b0b0024 	bleq	2c00e0 <_PUBLIC_SIZE_INICIO+0x2c0044>
  4c:	0e030b3e 	vmoveq.16	d3[0], r0
  50:	26050000 	strcs	r0, [r5], -r0
  54:	00134900 	andseq	r4, r3, r0, lsl #18
  58:	00340600 	eorseq	r0, r4, r0, lsl #12
  5c:	0b3a0e03 	bleq	e83870 <_PUBLIC_SIZE_INICIO+0xe837d4>
  60:	0b390b3b 	bleq	e42d54 <_PUBLIC_SIZE_INICIO+0xe42cb8>
  64:	193f1349 	ldmdbne	pc!, {r0, r3, r6, r8, r9, ip}	; <UNPREDICTABLE>
  68:	0000193c 	andeq	r1, r0, ip, lsr r9
  6c:	3f012e07 	svccc	0x00012e07
  70:	3a0e0319 	bcc	380cdc <_PUBLIC_SIZE_INICIO+0x380c40>
  74:	390b3b0b 	stmdbcc	fp, {r0, r1, r3, r8, r9, fp, ip, sp}
  78:	1119270b 	tstne	r9, fp, lsl #14
  7c:	40061201 	andmi	r1, r6, r1, lsl #4
  80:	19429718 	stmdbne	r2, {r3, r4, r8, r9, sl, ip, pc}^
  84:	00001301 	andeq	r1, r0, r1, lsl #6
  88:	03000508 	movweq	r0, #1288	; 0x508
  8c:	3b0b3a0e 	blcc	2ce8cc <_PUBLIC_SIZE_INICIO+0x2ce830>
  90:	490b390b 	stmdbmi	fp, {r0, r1, r3, r8, fp, ip, sp}
  94:	00180213 	andseq	r0, r8, r3, lsl r2
  98:	00340900 	eorseq	r0, r4, r0, lsl #18
  9c:	0b3a0e03 	bleq	e838b0 <_PUBLIC_SIZE_INICIO+0xe83814>
  a0:	0b390b3b 	bleq	e42d94 <_PUBLIC_SIZE_INICIO+0xe42cf8>
  a4:	18021349 	stmdane	r2, {r0, r3, r6, r8, r9, ip}
  a8:	0f0a0000 	svceq	0x000a0000
  ac:	000b0b00 	andeq	r0, fp, r0, lsl #22
  b0:	000f0b00 	andeq	r0, pc, r0, lsl #22
  b4:	13490b0b 	movtne	r0, #39691	; 0x9b0b
  b8:	260c0000 	strcs	r0, [ip], -r0
  bc:	00000000 	andeq	r0, r0, r0

Desensamblado de la sección .debug_aranges:

00000000 <.debug_aranges>:
   0:	00000024 	andeq	r0, r0, r4, lsr #32
   4:	00000002 	andeq	r0, r0, r2
   8:	00040000 	andeq	r0, r4, r0
   c:	00000000 	andeq	r0, r0, r0
  10:	70010018 	andvc	r0, r1, r8, lsl r0
  14:	00000044 	andeq	r0, r0, r4, asr #32
  18:	70030000 	andvc	r0, r3, r0
  1c:	00000040 	andeq	r0, r0, r0, asr #32
	...
  28:	0000001c 	andeq	r0, r0, ip, lsl r0
  2c:	00220002 	eoreq	r0, r2, r2
  30:	00040000 	andeq	r0, r4, r0
  34:	00000000 	andeq	r0, r0, r0
  38:	70010000 	andvc	r0, r1, r0
  3c:	00000018 	andeq	r0, r0, r8, lsl r0
	...
  48:	0000001c 	andeq	r0, r0, ip, lsl r0
  4c:	00480002 	subeq	r0, r8, r2
  50:	00040000 	andeq	r0, r4, r0
  54:	00000000 	andeq	r0, r0, r0
  58:	7001005c 	andvc	r0, r1, ip, asr r0
  5c:	00000040 	andeq	r0, r0, r0, asr #32
	...

Desensamblado de la sección .debug_str:

00000000 <.debug_str>:
   0:	2f637273 	svccs	0x00637273
   4:	5f336474 	svcpl	0x00336474
   8:	636d656d 	cmnvs	sp, #457179136	; 0x1b400000
   c:	2e79706f 	cdpcs	0, 7, cr7, cr9, cr15, {3}
  10:	682f0073 	stmdavs	pc!, {r0, r1, r4, r5, r6}	; <UNPREDICTABLE>
  14:	2f656d6f 	svccs	0x00656d6f
  18:	72626167 	rsbvc	r6, r2, #-1073741799	; 0xc0000019
  1c:	636c6569 	cmnvs	ip, #440401920	; 0x1a400000
  20:	61736972 	cmnvs	r3, r2, ror r9
  24:	2f6f6966 	svccs	0x006f6966
  28:	72637345 	rsbvc	r7, r3, #335544321	; 0x14000001
  2c:	726f7469 	rsbvc	r7, pc, #1761607680	; 0x69000000
  30:	542f6f69 	strtpl	r6, [pc], #-3945	; 38 <_PUBLIC_SIZE_DATA+0x30>
  34:	322d3344 	eorcc	r3, sp, #68, 6	; 0x10000001
  38:	2d333230 	lfmcs	f3, 4, [r3, #-192]!	; 0xffffff40
  3c:	756e694c 	strbvc	r6, [lr, #-2380]!	; 0xfffff6b4
  40:	49472f78 	stmdbmi	r7, {r3, r4, r5, r6, r8, r9, sl, fp, sp}^
  44:	65722f54 	ldrbvs	r2, [r2, #-3924]!	; 0xfffff0ac
  48:	6f6c6f70 	svcvs	0x006c6f70
  4c:	2f6c6163 	svccs	0x006c6163
  50:	35303572 	ldrcc	r3, [r0, #-1394]!	; 0xfffffa8e
  54:	52432d31 	subpl	r2, r3, #3136	; 0xc40
  58:	46415349 	strbmi	r5, [r1], -r9, asr #6
  5c:	472d4f49 	strmi	r4, [sp, -r9, asr #30]!
  60:	49524241 	ldmdbmi	r2, {r0, r6, r9, lr}^
  64:	302f4c45 	eorcc	r4, pc, r5, asr #24
  68:	75635f31 	strbvc	r5, [r3, #-3889]!	; 0xfffff0cf
  6c:	542f7461 	strtpl	r7, [pc], #-1121	; 74 <_PUBLIC_SIZE_TEXT+0x34>
  70:	415f3150 	cmpmi	pc, r0, asr r1	; <UNPREDICTABLE>
  74:	795f4942 	ldmdbvc	pc, {r1, r6, r8, fp, lr}^	; <UNPREDICTABLE>
  78:	7373415f 	cmnvc	r3, #-1073741801	; 0xc0000017
  7c:	6c626d65 	stclvs	13, cr6, [r2], #-404	; 0xfffffe6c
  80:	415f7265 	cmpmi	pc, r5, ror #4
  84:	37764d52 			; <UNDEFINED> instruction: 0x37764d52
  88:	3250542f 	subscc	r5, r0, #788529152	; 0x2f000000
  8c:	0037765f 	eorseq	r7, r7, pc, asr r6
  90:	20554e47 	subscs	r4, r5, r7, asr #28
  94:	32205341 	eorcc	r5, r0, #67108865	; 0x4000001
  98:	0034332e 	eorseq	r3, r4, lr, lsr #6
  9c:	2f637273 	svccs	0x00637273
  a0:	65736572 	ldrbvs	r6, [r3, #-1394]!	; 0xfffffa8e
  a4:	65765f74 	ldrbvs	r5, [r6, #-3956]!	; 0xfffff08c
  a8:	726f7463 	rsbvc	r7, pc, #1660944384	; 0x63000000
  ac:	7000732e 	andvc	r7, r0, lr, lsr #6
  b0:	65447a73 	strbvs	r7, [r4, #-2675]	; 0xfffff58d
  b4:	75007473 	strvc	r7, [r0, #-1139]	; 0xfffffb8d
  b8:	6769736e 	strbvs	r7, [r9, -lr, ror #6]!
  bc:	2064656e 	rsbcs	r6, r4, lr, ror #10
  c0:	00746e69 	rsbseq	r6, r4, r9, ror #28
  c4:	5f336474 	svcpl	0x00336474
  c8:	636d656d 	cmnvs	sp, #457179136	; 0x1b400000
  cc:	0079706f 	rsbseq	r7, r9, pc, rrx
  d0:	74736564 	ldrbtvc	r6, [r3], #-1380	; 0xfffffa9c
  d4:	006f6e69 	rsbeq	r6, pc, r9, ror #28
  d8:	6769726f 	strbvs	r7, [r9, -pc, ror #4]!
  dc:	47006e65 	strmi	r6, [r0, -r5, ror #28]
  e0:	4320554e 			; <UNDEFINED> instruction: 0x4320554e
  e4:	39203939 	stmdbcc	r0!, {r0, r3, r4, r5, r8, fp, ip, sp}
  e8:	302e342e 	eorcc	r3, lr, lr, lsr #8
  ec:	636d2d20 	cmnvs	sp, #32, 26	; 0x800
  f0:	633d7570 	teqvs	sp, #112, 10	; 0x1c000000
  f4:	6574726f 	ldrbvs	r7, [r4, #-623]!	; 0xfffffd91
  f8:	38612d78 	stmdacc	r1!, {r3, r4, r5, r6, r8, sl, fp, sp}^
  fc:	666d2d20 	strbtvs	r2, [sp], -r0, lsr #26
 100:	74616f6c 	strbtvc	r6, [r1], #-3948	; 0xfffff094
 104:	6962612d 	stmdbvs	r2!, {r0, r2, r3, r5, r8, sp, lr}^
 108:	7261683d 	rsbvc	r6, r1, #3997696	; 0x3d0000
 10c:	6d2d2064 	stcvs	0, cr2, [sp, #-400]!	; 0xfffffe70
 110:	3d757066 	ldclcc	0, cr7, [r5, #-408]!	; 0xfffffe68
 114:	76706676 			; <UNDEFINED> instruction: 0x76706676
 118:	31642d33 	cmncc	r4, r3, lsr sp
 11c:	6d2d2036 	stcvs	0, cr2, [sp, #-216]!	; 0xffffff28
 120:	6d756874 	ldclvs	8, cr6, [r5, #-464]!	; 0xfffffe30
 124:	6d2d2062 	stcvs	0, cr2, [sp, #-392]!	; 0xfffffe78
 128:	2d736c74 	ldclcs	12, cr6, [r3, #-464]!	; 0xfffffe30
 12c:	6c616964 			; <UNDEFINED> instruction: 0x6c616964
 130:	3d746365 	ldclcc	3, cr6, [r4, #-404]!	; 0xfffffe6c
 134:	20756e67 	rsbscs	r6, r5, r7, ror #28
 138:	72616d2d 	rsbvc	r6, r1, #2880	; 0xb40
 13c:	613d6863 	teqvs	sp, r3, ror #16
 140:	37766d72 			; <UNDEFINED> instruction: 0x37766d72
 144:	732b612d 			; <UNDEFINED> instruction: 0x732b612d
 148:	662b6365 	strtvs	r6, [fp], -r5, ror #6
 14c:	672d2070 			; <UNDEFINED> instruction: 0x672d2070
 150:	304f2d20 	subcc	r2, pc, r0, lsr #26
 154:	74732d20 	ldrbtvc	r2, [r3], #-3360	; 0xfffff2e0
 158:	6e673d64 	cdpvs	13, 6, cr3, cr7, cr4, {3}
 15c:	20393975 	eorscs	r3, r9, r5, ror r9
 160:	7473662d 	ldrbtvc	r6, [r3], #-1581	; 0xfffff9d3
 164:	2d6b6361 	stclcs	3, cr6, [fp, #-388]!	; 0xfffffe7c
 168:	746f7270 	strbtvc	r7, [pc], #-624	; 170 <_PUBLIC_SIZE_INICIO+0xd4>
 16c:	6f746365 	svcvs	0x00746365
 170:	74732d72 	ldrbtvc	r2, [r3], #-3442	; 0xfffff28e
 174:	676e6f72 			; <UNDEFINED> instruction: 0x676e6f72
 178:	6d756e00 	ldclvs	14, cr6, [r5, #-0]
 17c:	7479625f 	ldrbtvc	r6, [r9], #-607	; 0xfffffda1
 180:	70007365 	andvc	r7, r0, r5, ror #6
 184:	6f537a73 	svcvs	0x00537a73
 188:	65637275 	strbvs	r7, [r3, #-629]!	; 0xfffffd8b
 18c:	6e656d00 	cdpvs	13, 6, cr6, cr5, cr0, {0}
 190:	656a6173 	strbvs	r6, [sl, #-371]!	; 0xfffffe8d
 194:	61686300 	cmnvs	r8, r0, lsl #6
 198:	72730072 	rsbsvc	r0, r3, #114	; 0x72
 19c:	64742f63 	ldrbtvs	r2, [r4], #-3939	; 0xfffff09d
 1a0:	00632e33 	rsbeq	r2, r3, r3, lsr lr

Desensamblado de la sección .debug_ranges:

00000000 <.debug_ranges>:
   0:	ffffffff 			; <UNDEFINED> instruction: 0xffffffff
   4:	00000000 	andeq	r0, r0, r0
   8:	70010018 	andvc	r0, r1, r8, lsl r0
   c:	7001005c 	andvc	r0, r1, ip, asr r0
  10:	70030000 	andvc	r0, r3, r0
  14:	70030040 	andvc	r0, r3, r0, asr #32
	...
  20:	7001005c 	andvc	r0, r1, ip, asr r0
  24:	7001009c 	mulvc	r1, ip, r0
	...

Desensamblado de la sección .debug_frame:

00000000 <.debug_frame>:
   0:	0000000c 	andeq	r0, r0, ip
   4:	ffffffff 			; <UNDEFINED> instruction: 0xffffffff
   8:	7c020001 	stcvc	0, cr0, [r2], {1}
   c:	000d0c0e 	andeq	r0, sp, lr, lsl #24
  10:	00000024 	andeq	r0, r0, r4, lsr #32
  14:	00000000 	andeq	r0, r0, r0
  18:	7001005c 	andvc	r0, r1, ip, asr r0
  1c:	00000040 	andeq	r0, r0, r0, asr #32
  20:	87040e41 	strhi	r0, [r4, -r1, asr #28]
  24:	200e4101 	andcs	r4, lr, r1, lsl #2
  28:	59070d41 	stmdbpl	r7, {r0, r6, r8, sl, fp}
  2c:	0d41040e 	cfstrdeq	mvd0, [r1, #-56]	; 0xffffffc8
  30:	0ec7420d 	cdpeq	2, 12, cr4, cr7, cr13, {0}
  34:	00000000 	andeq	r0, r0, r0
