
obj/mi_TP6_v1.elf:     formato del fichero elf32-littlearm


Desensamblado de la sección .inicio:

70010000 <__ROM_start__>:
70010000:	f10c00c0 	cpsid	if
70010004:	e10f0000 	mrs	r0, CPSR
70010008:	e3c0020f 	bic	r0, r0, #-268435456	; 0xf0000000
7001000c:	e129f000 	msr	CPSR_fc, r0
70010010:	ee100f10 	mrc	15, 0, r0, cr0, cr0, {0}
70010014:	eaffffff 	b	70010018 <_Copia_ROM_a_RAM>

70010018 <_Copia_ROM_a_RAM>:
70010018:	e59fd020 	ldr	sp, [pc, #32]	; 70010040 <_Bootloader+0x4>

7001001c <_Copia_Seccion_TEXT>:
7001001c:	e59f0020 	ldr	r0, [pc, #32]	; 70010044 <_Bootloader+0x8>
70010020:	e59f1020 	ldr	r1, [pc, #32]	; 70010048 <_Bootloader+0xc>
70010024:	e59f2020 	ldr	r2, [pc, #32]	; 7001004c <_Bootloader+0x10>
70010028:	fa00000b 	blx	7001005c <td3_memcopy>

7001002c <_Copia_Seccion_DATA>:
7001002c:	e59f001c 	ldr	r0, [pc, #28]	; 70010050 <_Bootloader+0x14>
70010030:	e59f101c 	ldr	r1, [pc, #28]	; 70010054 <_Bootloader+0x18>
70010034:	e59f201c 	ldr	r2, [pc, #28]	; 70010058 <_Bootloader+0x1c>
70010038:	fa000007 	blx	7001005c <td3_memcopy>

7001003c <_Bootloader>:
7001003c:	ea0080c9 	b	70030368 <_start>
70010040:	70021000 	andvc	r1, r2, r0
70010044:	70030000 	andvc	r0, r3, r0
70010048:	70010070 	andvc	r0, r1, r0, ror r0
7001004c:	00000474 	andeq	r0, r0, r4, ror r4
70010050:	70030474 	andvc	r0, r3, r4, ror r4
70010054:	700104e4 	andvc	r0, r1, r4, ror #9
70010058:	00000018 	andeq	r0, r0, r8, lsl r0

7001005c <td3_memcopy>:
7001005c:	b13a      	cbz	r2, 7001006e <td3_memcopy+0x12>
7001005e:	3801      	subs	r0, #1
70010060:	440a      	add	r2, r1
70010062:	f811 3b01 	ldrb.w	r3, [r1], #1
70010066:	4291      	cmp	r1, r2
70010068:	f800 3f01 	strb.w	r3, [r0, #1]!
7001006c:	d1f9      	bne.n	70010062 <td3_memcopy+0x6>
7001006e:	4770      	bx	lr

Desensamblado de la sección .text:

70030000 <__text_start__>:
70030000:	f57ff04f 	dsb	sy
70030004:	e10f0000 	mrs	r0, CPSR
70030008:	e3c00080 	bic	r0, r0, #128	; 0x80
7003000c:	e129f000 	msr	CPSR_fc, r0
70030010:	f57ff04f 	dsb	sy
70030014:	f57ff06f 	isb	sy
70030018:	e12fff1e 	bx	lr
7003001c:	00000000 	andeq	r0, r0, r0

70030020 <_irq_disable>:
70030020:	f57ff04f 	dsb	sy
70030024:	e10f0000 	mrs	r0, CPSR
70030028:	e3800040 	orr	r0, r0, #64	; 0x40
7003002c:	e129f000 	msr	CPSR_fc, r0
70030030:	f57ff04f 	dsb	sy
70030034:	f57ff06f 	isb	sy
70030038:	e12fff1e 	bx	lr

7003003c <_LOAD_ISR_Vectors_Base>:
7003003c:	ee0c0f10 	mcr	15, 0, r0, cr12, cr0, {0}
70030040:	f57ff04f 	dsb	sy
70030044:	e12fff1e 	bx	lr
	...

70030050 <_HALT_CPU>:
70030050:	e320f003 	wfi
70030054:	e12fff1e 	bx	lr
	...

70030060 <_BREAKPOINT_DEBUG>:
70030060:	e320f002 	wfe
70030064:	e12fff1e 	bx	lr
	...

70030070 <_READ_CPSR_REGS>:
70030070:	f57ff04f 	dsb	sy
70030074:	e10f0000 	mrs	r0, CPSR
70030078:	e12fff1e 	bx	lr
7003007c:	00000000 	andeq	r0, r0, r0

70030080 <_EOI>:
70030080:	e3a00001 	mov	r0, #1
70030084:	e59f1034 	ldr	r1, [pc, #52]	; 700300c0 <_READ_32+0x8>
70030088:	e5810048 	str	r0, [r1, #72]	; 0x48
7003008c:	e12fff1e 	bx	lr

70030090 <_WRITE_8>:
70030090:	e5c01000 	strb	r1, [r0]
70030094:	e12fff1e 	bx	lr

70030098 <_WRITE_16>:
70030098:	e1c010b0 	strh	r1, [r0]
7003009c:	e12fff1e 	bx	lr

700300a0 <_WRITE_32>:
700300a0:	e5801000 	str	r1, [r0]
700300a4:	e12fff1e 	bx	lr

700300a8 <_READ_8>:
700300a8:	e5d00000 	ldrb	r0, [r0]
700300ac:	e12fff1e 	bx	lr

700300b0 <_READ_16>:
700300b0:	e1d000b0 	ldrh	r0, [r0]
700300b4:	e12fff1e 	bx	lr

700300b8 <_READ_32>:
700300b8:	e5900000 	ldr	r0, [r0]
700300bc:	e12fff1e 	bx	lr
700300c0:	48200000 	stmdami	r0!, {}	; <UNPREDICTABLE>

700300c4 <_Prueba>:
700300c4:	e3a01001 	mov	r1, #1
700300c8:	e59f2028 	ldr	r2, [pc, #40]	; 700300f8 <_prueba_stack+0xc>
700300cc:	e5920000 	ldr	r0, [r2]

700300d0 <_leer_ascii>:
700300d0:	e59fc024 	ldr	ip, [pc, #36]	; 700300fc <_prueba_stack+0x10>
700300d4:	e5dc0000 	ldrb	r0, [ip]
700300d8:	e59f3018 	ldr	r3, [pc, #24]	; 700300f8 <_prueba_stack+0xc>
700300dc:	e5c30000 	strb	r0, [r3]
700300e0:	e59c0000 	ldr	r0, [ip]
700300e4:	e59f3014 	ldr	r3, [pc, #20]	; 70030100 <_prueba_stack+0x14>
700300e8:	e5830000 	str	r0, [r3]

700300ec <_prueba_stack>:
700300ec:	e52d0004 	push	{r0}		; (str r0, [sp, #-4]!)
700300f0:	e49d0004 	pop	{r0}		; (ldr r0, [sp], #4)
700300f4:	eafffffe 	b	700300f4 <_prueba_stack+0x8>
700300f8:	70030478 	andvc	r0, r3, r8, ror r4
700300fc:	70030474 	andvc	r0, r3, r4, ror r4
70030100:	7003048c 	andvc	r0, r3, ip, lsl #9

70030104 <_paginacion>:
70030104:	e59f1170 	ldr	r1, [pc, #368]	; 7003027c <Incrementar_Puntero_L2+0xc>
70030108:	e59f2170 	ldr	r2, [pc, #368]	; 70030280 <Incrementar_Puntero_L2+0x10>
7003010c:	e3a00000 	mov	r0, #0

70030110 <_borrado>:
70030110:	e4c10001 	strb	r0, [r1], #1
70030114:	e2522001 	subs	r2, r2, #1
70030118:	1afffffc 	bne	70030110 <_borrado>

7003011c <Paginacion_ISR_Table>:
7003011c:	e3a00000 	mov	r0, #0
70030120:	e3a06000 	mov	r6, #0
70030124:	e59f5150 	ldr	r5, [pc, #336]	; 7003027c <Incrementar_Puntero_L2+0xc>
70030128:	e59f4154 	ldr	r4, [pc, #340]	; 70030284 <Incrementar_Puntero_L2+0x14>
7003012c:	eb000042 	bl	7003023c <Funcion_Paginacion>

70030130 <Paginacion_Timer>:
70030130:	e59f0150 	ldr	r0, [pc, #336]	; 70030288 <Incrementar_Puntero_L2+0x18>
70030134:	e59f614c 	ldr	r6, [pc, #332]	; 70030288 <Incrementar_Puntero_L2+0x18>
70030138:	e59f513c 	ldr	r5, [pc, #316]	; 7003027c <Incrementar_Puntero_L2+0xc>
7003013c:	eb00004b 	bl	70030270 <Incrementar_Puntero_L2>
70030140:	eb00003d 	bl	7003023c <Funcion_Paginacion>

70030144 <Paginacion_GIC_CPU_Interface>:
70030144:	e3a0041e 	mov	r0, #503316480	; 0x1e000000
70030148:	e3a0641e 	mov	r6, #503316480	; 0x1e000000
7003014c:	e59f5128 	ldr	r5, [pc, #296]	; 7003027c <Incrementar_Puntero_L2+0xc>
70030150:	eb000046 	bl	70030270 <Incrementar_Puntero_L2>
70030154:	eb000038 	bl	7003023c <Funcion_Paginacion>

70030158 <Paginacion_GIC_Distributor>:
70030158:	e59f012c 	ldr	r0, [pc, #300]	; 7003028c <Incrementar_Puntero_L2+0x1c>
7003015c:	e59f6128 	ldr	r6, [pc, #296]	; 7003028c <Incrementar_Puntero_L2+0x1c>
70030160:	e59f5114 	ldr	r5, [pc, #276]	; 7003027c <Incrementar_Puntero_L2+0xc>
70030164:	eb000041 	bl	70030270 <Incrementar_Puntero_L2>
70030168:	eb000033 	bl	7003023c <Funcion_Paginacion>

7003016c <Paginacion_Stack>:
7003016c:	e59f011c 	ldr	r0, [pc, #284]	; 70030290 <Incrementar_Puntero_L2+0x20>
70030170:	e59f6118 	ldr	r6, [pc, #280]	; 70030290 <Incrementar_Puntero_L2+0x20>
70030174:	e59f5100 	ldr	r5, [pc, #256]	; 7003027c <Incrementar_Puntero_L2+0xc>
70030178:	eb00003c 	bl	70030270 <Incrementar_Puntero_L2>
7003017c:	eb00002e 	bl	7003023c <Funcion_Paginacion>
70030180:	e2800a01 	add	r0, r0, #4096	; 0x1000
70030184:	e2866a01 	add	r6, r6, #4096	; 0x1000
70030188:	e59f50ec 	ldr	r5, [pc, #236]	; 7003027c <Incrementar_Puntero_L2+0xc>
7003018c:	eb000037 	bl	70030270 <Incrementar_Puntero_L2>
70030190:	eb000029 	bl	7003023c <Funcion_Paginacion>

70030194 <Paginacion_L1>:
70030194:	e59f00f8 	ldr	r0, [pc, #248]	; 70030294 <Incrementar_Puntero_L2+0x24>
70030198:	e59f60f4 	ldr	r6, [pc, #244]	; 70030294 <Incrementar_Puntero_L2+0x24>
7003019c:	e59f50d8 	ldr	r5, [pc, #216]	; 7003027c <Incrementar_Puntero_L2+0xc>
700301a0:	eb000032 	bl	70030270 <Incrementar_Puntero_L2>
700301a4:	eb000024 	bl	7003023c <Funcion_Paginacion>
700301a8:	e1a07004 	mov	r7, r4
700301ac:	e1a02620 	lsr	r2, r0, #12
700301b0:	e20220ff 	and	r2, r2, #255	; 0xff
700301b4:	e3a03a01 	mov	r3, #4096	; 0x1000
700301b8:	e3a0400f 	mov	r4, #15
700301bc:	e3a05004 	mov	r5, #4
700301c0:	e59f60cc 	ldr	r6, [pc, #204]	; 70030294 <Incrementar_Puntero_L2+0x24>
700301c4:	e1a0a006 	mov	sl, r6

700301c8 <_table_level_1>:
700301c8:	e2822001 	add	r2, r2, #1
700301cc:	e0080592 	mul	r8, r2, r5
700301d0:	e0879008 	add	r9, r7, r8
700301d4:	e08aa003 	add	sl, sl, r3
700301d8:	e38aa032 	orr	sl, sl, #50	; 0x32
700301dc:	e1a00009 	mov	r0, r9
700301e0:	e1a0100a 	mov	r1, sl
700301e4:	e5801000 	str	r1, [r0]
700301e8:	e2444001 	sub	r4, r4, #1
700301ec:	e3540000 	cmp	r4, #0
700301f0:	1afffff4 	bne	700301c8 <_table_level_1>

700301f4 <Paginacion_L2>:
700301f4:	e59f0088 	ldr	r0, [pc, #136]	; 70030284 <Incrementar_Puntero_L2+0x14>
700301f8:	e59f6084 	ldr	r6, [pc, #132]	; 70030284 <Incrementar_Puntero_L2+0x14>
700301fc:	e59f5078 	ldr	r5, [pc, #120]	; 7003027c <Incrementar_Puntero_L2+0xc>
70030200:	eb00001a 	bl	70030270 <Incrementar_Puntero_L2>
70030204:	eb00000c 	bl	7003023c <Funcion_Paginacion>

70030208 <Paginacion_RAM>:
70030208:	e59f0088 	ldr	r0, [pc, #136]	; 70030298 <Incrementar_Puntero_L2+0x28>
7003020c:	e59f6084 	ldr	r6, [pc, #132]	; 70030298 <Incrementar_Puntero_L2+0x28>
70030210:	e59f5064 	ldr	r5, [pc, #100]	; 7003027c <Incrementar_Puntero_L2+0xc>
70030214:	eb000015 	bl	70030270 <Incrementar_Puntero_L2>
70030218:	eb000007 	bl	7003023c <Funcion_Paginacion>
7003021c:	e59f0058 	ldr	r0, [pc, #88]	; 7003027c <Incrementar_Puntero_L2+0xc>
70030220:	ee020f10 	mcr	15, 0, r0, cr2, cr0, {0}
70030224:	e59f0070 	ldr	r0, [pc, #112]	; 7003029c <Incrementar_Puntero_L2+0x2c>
70030228:	ee030f10 	mcr	15, 0, r0, cr3, cr0, {0}
7003022c:	ee111f10 	mrc	15, 0, r1, cr1, cr0, {0}
70030230:	e3811001 	orr	r1, r1, #1
70030234:	ee011f10 	mcr	15, 0, r1, cr1, cr0, {0}
70030238:	e12fff1e 	bx	lr

7003023c <Funcion_Paginacion>:
7003023c:	e1a03004 	mov	r3, r4
70030240:	e1a07006 	mov	r7, r6

70030244 <Separacion_Direccion_Virtual>:
70030244:	e1a01a20 	lsr	r1, r0, #20
70030248:	e1a02620 	lsr	r2, r0, #12
7003024c:	e20220ff 	and	r2, r2, #255	; 0xff

70030250 <Tabla_Nivel_1>:
70030250:	e0855101 	add	r5, r5, r1, lsl #2
70030254:	e2844001 	add	r4, r4, #1
70030258:	e5854000 	str	r4, [r5]

7003025c <Tabla_Nivel_2>:
7003025c:	e0833102 	add	r3, r3, r2, lsl #2
70030260:	e2866032 	add	r6, r6, #50	; 0x32
70030264:	e5836000 	str	r6, [r3]
70030268:	e1a06007 	mov	r6, r7
7003026c:	e12fff1e 	bx	lr

70030270 <Incrementar_Puntero_L2>:
70030270:	e59fa028 	ldr	sl, [pc, #40]	; 700302a0 <Incrementar_Puntero_L2+0x30>
70030274:	e084400a 	add	r4, r4, sl
70030278:	e12fff1e 	bx	lr
7003027c:	70050000 	andvc	r0, r5, r0
70030280:	00008000 	andeq	r8, r0, r0
70030284:	70054000 	andvc	r4, r5, r0
70030288:	10011000 	andne	r1, r1, r0
7003028c:	1e001000 	cdpne	0, 0, cr1, cr0, cr0, {0}
70030290:	70020000 	andvc	r0, r2, r0
70030294:	70050000 	andvc	r0, r5, r0
70030298:	70010000 	andvc	r0, r1, r0
7003029c:	55555555 	ldrbpl	r5, [r5, #-1365]	; 0xfffffaab
700302a0:	00000400 	andeq	r0, r0, r0, lsl #8

700302a4 <UND_Handler>:
700302a4:	e92d1400 	push	{sl, ip}
700302a8:	e59fc068 	ldr	ip, [pc, #104]	; 70030318 <FIQ_Handler+0x8>
700302ac:	e59ca000 	ldr	sl, [ip]
700302b0:	e8bd1400 	pop	{sl, ip}
700302b4:	e1b0f00e 	movs	pc, lr

700302b8 <SVC_Handler>:
700302b8:	e92d1400 	push	{sl, ip}
700302bc:	e59fc058 	ldr	ip, [pc, #88]	; 7003031c <FIQ_Handler+0xc>
700302c0:	e59ca000 	ldr	sl, [ip]
700302c4:	e8bd1400 	pop	{sl, ip}
700302c8:	e1b0f00e 	movs	pc, lr

700302cc <PREF_Handler>:
700302cc:	e24ee004 	sub	lr, lr, #4
700302d0:	e1b0f00e 	movs	pc, lr

700302d4 <ABT_Handler>:
700302d4:	e24ee008 	sub	lr, lr, #8
700302d8:	f10c0080 	cpsid	i
700302dc:	e92d1400 	push	{sl, ip}
700302e0:	e59fc038 	ldr	ip, [pc, #56]	; 70030320 <FIQ_Handler+0x10>
700302e4:	e59ca000 	ldr	sl, [ip]
700302e8:	e8bd1400 	pop	{sl, ip}
700302ec:	f1080080 	cpsie	i
700302f0:	e1b0f00e 	movs	pc, lr

700302f4 <IRQ_Handler>:
700302f4:	e24ee004 	sub	lr, lr, #4
700302f8:	e92d400f 	push	{r0, r1, r2, r3, lr}
700302fc:	e59fc020 	ldr	ip, [pc, #32]	; 70030324 <FIQ_Handler+0x14>
70030300:	e59ca000 	ldr	sl, [ip]
70030304:	fa000044 	blx	7003041c <kernel_handler_irq>
70030308:	e8fd800f 	ldm	sp!, {r0, r1, r2, r3, pc}^
7003030c:	e1b0f00e 	movs	pc, lr

70030310 <FIQ_Handler>:
70030310:	e24ee004 	sub	lr, lr, #4
70030314:	e1b0f00e 	movs	pc, lr
70030318:	70030480 	andvc	r0, r3, r0, lsl #9
7003031c:	70030488 	andvc	r0, r3, r8, lsl #9
70030320:	70030484 	andvc	r0, r3, r4, lsl #9
70030324:	7003047c 	andvc	r0, r3, ip, ror r4

70030328 <_table_start>:
70030328:	e59ff018 	ldr	pc, [pc, #24]	; 70030348 <addr__reset_vector>
7003032c:	e59ff018 	ldr	pc, [pc, #24]	; 7003034c <addr_UND_Handler>
70030330:	e59ff018 	ldr	pc, [pc, #24]	; 70030350 <addr_SVC_Handler>
70030334:	e59ff018 	ldr	pc, [pc, #24]	; 70030354 <addr_PREF_Handler>
70030338:	e59ff018 	ldr	pc, [pc, #24]	; 70030358 <addr_ABT_Handler>
7003033c:	e59ff018 	ldr	pc, [pc, #24]	; 7003035c <addr_start>
70030340:	e59ff018 	ldr	pc, [pc, #24]	; 70030360 <addr_IRQ_Handler>
70030344:	e59ff018 	ldr	pc, [pc, #24]	; 70030364 <addr_FIQ_Handler>

70030348 <addr__reset_vector>:
70030348:	70010000 	andvc	r0, r1, r0

7003034c <addr_UND_Handler>:
7003034c:	700302a4 	andvc	r0, r3, r4, lsr #5

70030350 <addr_SVC_Handler>:
70030350:	700302b8 			; <UNDEFINED> instruction: 0x700302b8

70030354 <addr_PREF_Handler>:
70030354:	700302cc 	andvc	r0, r3, ip, asr #5

70030358 <addr_ABT_Handler>:
70030358:	700302d4 	ldrdvc	r0, [r3], -r4

7003035c <addr_start>:
7003035c:	70030368 	andvc	r0, r3, r8, ror #6

70030360 <addr_IRQ_Handler>:
70030360:	700302f4 	strdvc	r0, [r3], -r4

70030364 <addr_FIQ_Handler>:
70030364:	70030310 	andvc	r0, r3, r0, lsl r3

70030368 <_start>:
70030368:	e59f0084 	ldr	r0, [pc, #132]	; 700303f4 <idle+0x4>
7003036c:	e59f1084 	ldr	r1, [pc, #132]	; 700303f8 <idle+0x8>
70030370:	e3a02000 	mov	r2, #0
70030374:	e1500001 	cmp	r0, r1
70030378:	0a000002 	beq	70030388 <_TABLE_COPY>

7003037c <_LOOP>:
7003037c:	e4802004 	str	r2, [r0], #4
70030380:	e1500001 	cmp	r0, r1
70030384:	dafffffc 	ble	7003037c <_LOOP>

70030388 <_TABLE_COPY>:
70030388:	e3a00000 	mov	r0, #0
7003038c:	e59f1068 	ldr	r1, [pc, #104]	; 700303fc <idle+0xc>
70030390:	e59f2068 	ldr	r2, [pc, #104]	; 70030400 <idle+0x10>

70030394 <_TABLE_LOOP>:
70030394:	e4913004 	ldr	r3, [r1], #4
70030398:	e4803004 	str	r3, [r0], #4
7003039c:	e1510002 	cmp	r1, r2
700303a0:	1afffffb 	bne	70030394 <_TABLE_LOOP>
700303a4:	ebffff56 	bl	70030104 <_paginacion>

700303a8 <_STACK_INIT>:
700303a8:	e321f0d2 	msr	CPSR_c, #210	; 0xd2
700303ac:	e59fd050 	ldr	sp, [pc, #80]	; 70030404 <idle+0x14>
700303b0:	e321f0d1 	msr	CPSR_c, #209	; 0xd1
700303b4:	e59fd04c 	ldr	sp, [pc, #76]	; 70030408 <idle+0x18>
700303b8:	e321f0d3 	msr	CPSR_c, #211	; 0xd3
700303bc:	e59fd048 	ldr	sp, [pc, #72]	; 7003040c <idle+0x1c>
700303c0:	e321f0d7 	msr	CPSR_c, #215	; 0xd7
700303c4:	e59fd044 	ldr	sp, [pc, #68]	; 70030410 <idle+0x20>
700303c8:	e321f0db 	msr	CPSR_c, #219	; 0xdb
700303cc:	e59fd040 	ldr	sp, [pc, #64]	; 70030414 <idle+0x24>
700303d0:	e321f0df 	msr	CPSR_c, #223	; 0xdf
700303d4:	e59fd03c 	ldr	sp, [pc, #60]	; 70030418 <idle+0x28>
700303d8:	fa000012 	blx	70030428 <gic_init>
700303dc:	fa00001a 	blx	7003044c <timer_init>
700303e0:	e10f0000 	mrs	r0, CPSR
700303e4:	e3c00080 	bic	r0, r0, #128	; 0x80
700303e8:	e121f000 	msr	CPSR_c, r0

700303ec <prueba_SVC_Handler>:
700303ec:	ef00005f 	svc	0x0000005f

700303f0 <idle>:
700303f0:	e320f003 	wfi
700303f4:	7003048c 	andvc	r0, r3, ip, lsl #9
700303f8:	70030490 	mulvc	r3, r0, r4
700303fc:	70030328 	andvc	r0, r3, r8, lsr #6
70030400:	70030368 	andvc	r0, r3, r8, ror #6
70030404:	70021080 	andvc	r1, r2, r0, lsl #1
70030408:	70021100 	andvc	r1, r2, r0, lsl #2
7003040c:	70021180 	andvc	r1, r2, r0, lsl #3
70030410:	70021200 	andvc	r1, r2, r0, lsl #4
70030414:	70021280 	andvc	r1, r2, r0, lsl #5
70030418:	70022280 	andvc	r2, r2, r0, lsl #5

7003041c <kernel_handler_irq>:
7003041c:	f04f 53f0 	mov.w	r3, #503316480	; 0x1e000000
70030420:	68da      	ldr	r2, [r3, #12]
70030422:	611a      	str	r2, [r3, #16]
70030424:	4770      	bx	lr
70030426:	bf00      	nop

70030428 <gic_init>:
70030428:	f44f 5380 	mov.w	r3, #4096	; 0x1000
7003042c:	f6c1 6300 	movt	r3, #7680	; 0x1e00
70030430:	f04f 50f0 	mov.w	r0, #503316480	; 0x1e000000
70030434:	22f0      	movs	r2, #240	; 0xf0
70030436:	6042      	str	r2, [r0, #4]
70030438:	2101      	movs	r1, #1
7003043a:	f8d3 2104 	ldr.w	r2, [r3, #260]	; 0x104
7003043e:	f042 0210 	orr.w	r2, r2, #16
70030442:	f8c3 2104 	str.w	r2, [r3, #260]	; 0x104
70030446:	6001      	str	r1, [r0, #0]
70030448:	6019      	str	r1, [r3, #0]
7003044a:	4770      	bx	lr

7003044c <timer_init>:
7003044c:	f04f 2110 	mov.w	r1, #268439552	; 0x10001000
70030450:	f44f 5380 	mov.w	r3, #4096	; 0x1000
70030454:	680a      	ldr	r2, [r1, #0]
70030456:	f2c1 0301 	movt	r3, #4097	; 0x1001
7003045a:	b410      	push	{r4}
7003045c:	f442 4200 	orr.w	r2, r2, #32768	; 0x8000
70030460:	f242 7410 	movw	r4, #10000	; 0x2710
70030464:	600a      	str	r2, [r1, #0]
70030466:	20e2      	movs	r0, #226	; 0xe2
70030468:	601c      	str	r4, [r3, #0]
7003046a:	f85d 4b04 	ldr.w	r4, [sp], #4
7003046e:	6098      	str	r0, [r3, #8]
70030470:	4770      	bx	lr
70030472:	bf00      	nop

Desensamblado de la sección .data:

70030474 <__data_start__>:
70030474:	004c4f48 	subeq	r4, ip, r8, asr #30

70030478 <argumento>:
70030478:	00000004 	andeq	r0, r0, r4

7003047c <_IRQ_string>:
7003047c:	00515249 	subseq	r5, r1, r9, asr #4

70030480 <_UND_string>:
70030480:	00564e49 	subseq	r4, r6, r9, asr #28

70030484 <_ABT_string>:
70030484:	004d454d 	subeq	r4, sp, sp, asr #10

70030488 <_SVC_string>:
70030488:	00435653 	subeq	r5, r3, r3, asr r6

Desensamblado de la sección .bss:

7003048c <__bss_start__>:
7003048c:	00000000 	andeq	r0, r0, r0

Desensamblado de la sección .stack:

70020000 <__stack_start__>:
	...

70021000 <fin_pila>:
	...

70021080 <__irq_stack_top__>:
	...

70021100 <__fiq_stack_top__>:
	...

70021180 <__svc_stack_top__>:
	...

70021200 <__abt_stack_top__>:
	...

70021280 <__und_stack_top__>:
	...

Desensamblado de la sección .ARM.attributes:

00000000 <.ARM.attributes>:
   0:	00003841 	andeq	r3, r0, r1, asr #16
   4:	61656100 	cmnvs	r5, r0, lsl #2
   8:	01006962 	tsteq	r0, r2, ror #18
   c:	0000002e 	andeq	r0, r0, lr, lsr #32
  10:	726f4305 	rsbvc	r4, pc, #335544320	; 0x14000000
  14:	2d786574 	cfldr64cs	mvdx6, [r8, #-464]!	; 0xfffffe30
  18:	06003841 	streq	r3, [r0], -r1, asr #16
  1c:	0841070a 	stmdaeq	r1, {r1, r3, r8, r9, sl}^
  20:	0a020901 	beq	8242c <_long_tables+0x7a42c>
  24:	12010c03 	andne	r0, r1, #768	; 0x300
  28:	15011404 	strne	r1, [r1, #-1028]	; 0xfffffbfc
  2c:	18031701 	stmdane	r3, {r0, r8, r9, sl, ip}
  30:	1c021a01 			; <UNDEFINED> instruction: 0x1c021a01
  34:	44012201 	strmi	r2, [r1], #-513	; 0xfffffdff
  38:	La dirección 0x0000000000000038 está fuera de los límites.


Desensamblado de la sección .comment:

00000000 <.comment>:
   0:	3a434347 	bcc	10d0d24 <_long_tables+0x10c8d24>
   4:	62552820 	subsvs	r2, r5, #32, 16	; 0x200000
   8:	75746e75 	ldrbvc	r6, [r4, #-3701]!	; 0xfffff18b
   c:	342e3920 	strtcc	r3, [lr], #-2336	; 0xfffff6e0
  10:	312d302e 			; <UNDEFINED> instruction: 0x312d302e
  14:	6e756275 	mrcvs	2, 3, r6, cr5, cr5, {3}
  18:	7e317574 	mrcvc	5, 1, r7, cr1, cr4, {3}
  1c:	302e3032 	eorcc	r3, lr, r2, lsr r0
  20:	29312e34 	ldmdbcs	r1!, {r2, r4, r5, r9, sl, fp, sp}
  24:	342e3920 	strtcc	r3, [lr], #-2336	; 0xfffff6e0
  28:	La dirección 0x0000000000000028 está fuera de los límites.


Desensamblado de la sección .debug_line:

00000000 <.debug_line>:
   0:	00000072 	andeq	r0, r0, r2, ror r0
   4:	00310003 	eorseq	r0, r1, r3
   8:	01020000 	mrseq	r0, (UNDEF: 2)
   c:	000d0efb 	strdeq	r0, [sp], -fp
  10:	01010101 	tsteq	r1, r1, lsl #2
  14:	01000000 	mrseq	r0, (UNDEF: 0)
  18:	73010000 	movwvc	r0, #4096	; 0x1000
  1c:	00006372 	andeq	r6, r0, r2, ror r3
  20:	5f776f6c 	svcpl	0x00776f6c
  24:	6576656c 	ldrbvs	r6, [r6, #-1388]!	; 0xfffffa94
  28:	70635f6c 	rsbvc	r5, r3, ip, ror #30
  2c:	63615f75 	cmnvs	r1, #468	; 0x1d4
  30:	73736563 	cmnvc	r3, #415236096	; 0x18c00000
  34:	0100732e 	tsteq	r0, lr, lsr #6
  38:	00000000 	andeq	r0, r0, r0
  3c:	00000205 	andeq	r0, r0, r5, lsl #4
  40:	1e037003 	cdpne	0, 0, cr7, cr3, cr3, {0}
  44:	2f2f2f01 	svccs	0x002f2f01
  48:	512f2f2f 			; <UNDEFINED> instruction: 0x512f2f2f
  4c:	2f2f2f2f 	svccs	0x002f2f2f
  50:	2f352f2f 	svccs	0x00352f2f
  54:	660a032f 	strvs	r0, [sl], -pc, lsr #6
  58:	6a2f6e2f 	bvs	bdb91c <_long_tables+0xbd391c>
  5c:	2f4e2f2f 	svccs	0x004e2f2f
  60:	2f35302f 	svccs	0x0035302f
  64:	2f312f31 	svccs	0x00312f31
  68:	2f312f31 	svccs	0x00312f31
  6c:	61032f31 	tstvs	r3, r1, lsr pc
  70:	0002022e 	andeq	r0, r2, lr, lsr #4
  74:	006f0101 	rsbeq	r0, pc, r1, lsl #2
  78:	00030000 	andeq	r0, r3, r0
  7c:	00000028 	andeq	r0, r0, r8, lsr #32
  80:	0efb0102 	cdpeq	1, 15, cr0, cr11, cr2, {0}
  84:	0101000d 	tsteq	r1, sp
  88:	00000101 	andeq	r0, r0, r1, lsl #2
  8c:	00000100 	andeq	r0, r0, r0, lsl #2
  90:	63727301 	cmnvs	r2, #67108864	; 0x4000000
  94:	64740000 	ldrbtvs	r0, [r4], #-0
  98:	656d5f33 	strbvs	r5, [sp, #-3891]!	; 0xfffff0cd
  9c:	706f636d 	rsbvc	r6, pc, sp, ror #6
  a0:	00732e79 	rsbseq	r2, r3, r9, ror lr
  a4:	00000001 	andeq	r0, r0, r1
  a8:	18020500 	stmdane	r2, {r8, sl}
  ac:	03700100 	cmneq	r0, #0, 2
  b0:	2f320119 	svccs	0x00320119
  b4:	2f322f2f 	svccs	0x00322f2f
  b8:	03312f2f 	teqeq	r1, #47, 30	; 0xbc
  bc:	2f322e6f 	svccs	0x00322e6f
  c0:	2f2f332f 	svccs	0x002f332f
  c4:	01000202 	tsteq	r0, r2, lsl #4
  c8:	02050001 	andeq	r0, r5, #1
  cc:	700300c4 	andvc	r0, r3, r4, asr #1
  d0:	2f013103 	svccs	0x00013103
  d4:	2f2f312f 	svccs	0x002f312f
  d8:	2f2f302f 	svccs	0x002f302f
  dc:	03302f31 	teqeq	r0, #49, 30	; 0xc4
  e0:	34322e6f 	ldrtcc	r2, [r2], #-3695	; 0xfffff191
  e4:	01000202 	tsteq	r0, r2, lsl #4
  e8:	0000ba01 	andeq	fp, r0, r1, lsl #20
  ec:	27000300 	strcs	r0, [r0, -r0, lsl #6]
  f0:	02000000 	andeq	r0, r0, #0
  f4:	0d0efb01 	vstreq	d15, [lr, #-4]
  f8:	01010100 	mrseq	r0, (UNDEF: 17)
  fc:	00000001 	andeq	r0, r0, r1
 100:	01000001 	tsteq	r0, r1
 104:	00637273 	rsbeq	r7, r3, r3, ror r2
 108:	67617000 	strbvs	r7, [r1, -r0]!
 10c:	63616e69 	cmnvs	r1, #1680	; 0x690
 110:	2e6e6f69 	cdpcs	15, 6, cr6, cr14, cr9, {3}
 114:	00010073 	andeq	r0, r1, r3, ror r0
 118:	05000000 	streq	r0, [r0, #-0]
 11c:	03010402 	movweq	r0, #5122	; 0x1402
 120:	01210370 			; <UNDEFINED> instruction: 0x01210370
 124:	2f302f2f 	svccs	0x00302f2f
 128:	2f2f362f 	svccs	0x002f362f
 12c:	2f312f2f 	svccs	0x00312f2f
 130:	322f2f2f 	eorcc	r2, pc, #47, 30	; 0xbc
 134:	2f2f2f2f 	svccs	0x002f2f2f
 138:	2f2f2f31 	svccs	0x002f2f31
 13c:	2f2f312f 	svccs	0x002f312f
 140:	2f302f2f 	svccs	0x00302f2f
 144:	032f2f2f 			; <UNDEFINED> instruction: 0x032f2f2f
 148:	2f2f2e0d 	svccs	0x002f2e0d
 14c:	2f312f2f 	svccs	0x00312f2f
 150:	2f2f302f 	svccs	0x002f302f
 154:	2f312f2f 	svccs	0x00312f2f
 158:	2f2f2f2f 	svccs	0x002f2f2f
 15c:	2f2f2f2f 	svccs	0x002f2f2f
 160:	2f2f312f 	svccs	0x002f312f
 164:	19032f2f 	stmdbne	r3, {r0, r1, r2, r3, r5, r8, r9, sl, fp, sp}
 168:	2f302f2e 	svccs	0x00302f2e
 16c:	2e0e032f 	cdpcs	3, 0, cr0, cr14, cr15, {1}
 170:	302f302f 	eorcc	r3, pc, pc, lsr #32
 174:	03322f2f 	teqeq	r2, #47, 30	; 0xbc
 178:	322f2e0a 	eorcc	r2, pc, #10, 28	; 0xa0
 17c:	2f332f30 	svccs	0x00332f30
 180:	2f2f322f 	svccs	0x002f322f
 184:	2f313030 	svccs	0x00313030
 188:	7ebb032f 	cdpvc	3, 11, cr0, cr11, cr15, {1}
 18c:	10032f2e 	andne	r2, r3, lr, lsr #30
 190:	0f03322e 	svceq	0x0003322e
 194:	1703352e 	strne	r3, [r3, -lr, lsr #10]
 198:	2e3c032e 	cdpcs	3, 3, cr0, cr12, cr14, {1}
 19c:	032e1603 			; <UNDEFINED> instruction: 0x032e1603
 1a0:	02022e2f 	andeq	r2, r2, #752	; 0x2f0
 1a4:	6f010100 	svcvs	0x00010100
 1a8:	03000000 	movweq	r0, #0
 1ac:	00002f00 	andeq	r2, r0, r0, lsl #30
 1b0:	fb010200 	blx	409ba <_long_tables+0x389ba>
 1b4:	01000d0e 	tsteq	r0, lr, lsl #26
 1b8:	00010101 	andeq	r0, r1, r1, lsl #2
 1bc:	00010000 	andeq	r0, r1, r0
 1c0:	72730100 	rsbsvc	r0, r3, #0, 2
 1c4:	65000063 	strvs	r0, [r0, #-99]	; 0xffffff9d
 1c8:	70656378 	rsbvc	r6, r5, r8, ror r3
 1cc:	6e6f6974 			; <UNDEFINED> instruction: 0x6e6f6974
 1d0:	6e61685f 	mcrvs	8, 3, r6, cr1, cr15, {2}
 1d4:	72656c64 	rsbvc	r6, r5, #100, 24	; 0x6400
 1d8:	00732e73 	rsbseq	r2, r3, r3, ror lr
 1dc:	00000001 	andeq	r0, r0, r1
 1e0:	a4020500 	strge	r0, [r2], #-1280	; 0xfffffb00
 1e4:	03700302 	cmneq	r0, #134217728	; 0x8000000
 1e8:	2f2f0117 	svccs	0x002f0117
 1ec:	2f33302f 	svccs	0x0033302f
 1f0:	31302f2f 	teqcc	r0, pc, lsr #30
 1f4:	32313230 	eorscc	r3, r1, #48, 4
 1f8:	302f2f2f 	eorcc	r2, pc, pc, lsr #30
 1fc:	312f3130 			; <UNDEFINED> instruction: 0x312f3130
 200:	2f30312f 	svccs	0x0030312f
 204:	302e2003 	eorcc	r2, lr, r3
 208:	2e7fab03 	vaddcs.f64	d26, d15, d3
 20c:	032e0a03 			; <UNDEFINED> instruction: 0x032e0a03
 210:	0d032e15 	stceq	14, cr2, [r3, #-84]	; 0xffffffac
 214:	0002022e 	andeq	r0, r2, lr, lsr #4
 218:	00770101 	rsbseq	r0, r7, r1, lsl #2
 21c:	00030000 	andeq	r0, r3, r0
 220:	00000024 	andeq	r0, r0, r4, lsr #32
 224:	0efb0102 	cdpeq	1, 15, cr0, cr11, cr2, {0}
 228:	0101000d 	tsteq	r1, sp
 22c:	00000101 	andeq	r0, r0, r1, lsl #2
 230:	00000100 	andeq	r0, r0, r0, lsl #2
 234:	63727301 	cmnvs	r2, #67108864	; 0x4000000
 238:	74730000 	ldrbtvc	r0, [r3], #-0
 23c:	75747261 	ldrbvc	r7, [r4, #-609]!	; 0xfffffd9f
 240:	00732e70 	rsbseq	r2, r3, r0, ror lr
 244:	00000001 	andeq	r0, r0, r1
 248:	28020500 	stmdacs	r2, {r8, sl}
 24c:	03700303 	cmneq	r0, #201326592	; 0xc000000
 250:	2f0100c5 	svccs	0x000100c5
 254:	2f2f2f2f 	svccs	0x002f2f2f
 258:	0f032f2f 	svceq	0x00032f2f
 25c:	2f2f2008 	svccs	0x002f2008
 260:	2f302f2f 	svccs	0x00302f2f
 264:	2f2f322f 	svccs	0x002f322f
 268:	2f302f31 	svccs	0x00302f31
 26c:	302f3230 	eorcc	r3, pc, r0, lsr r2	; <UNPREDICTABLE>
 270:	302f302f 	eorcc	r3, pc, pc, lsr #32
 274:	302f302f 	eorcc	r3, pc, pc, lsr #32
 278:	312f302f 			; <UNDEFINED> instruction: 0x312f302f
 27c:	31312f2f 	teqcc	r1, pc, lsr #30
 280:	2f2e4703 	svccs	0x002e4703
 284:	2f2e0c03 	svccs	0x002e0c03
 288:	312e0e03 			; <UNDEFINED> instruction: 0x312e0e03
 28c:	31313131 	teqcc	r1, r1, lsr r1
 290:	01000202 	tsteq	r0, r2, lsl #4
 294:	00004301 	andeq	r4, r0, r1, lsl #6
 298:	29000300 	stmdbcs	r0, {r8, r9}
 29c:	02000000 	andeq	r0, r0, #0
 2a0:	0d0efb01 	vstreq	d15, [lr, #-4]
 2a4:	01010100 	mrseq	r0, (UNDEF: 17)
 2a8:	00000001 	andeq	r0, r0, r1
 2ac:	01000001 	tsteq	r0, r1
 2b0:	00637273 	rsbeq	r7, r3, r3, ror r2
 2b4:	73657200 	cmnvc	r5, #0, 4
 2b8:	765f7465 	ldrbvc	r7, [pc], -r5, ror #8
 2bc:	6f746365 	svcvs	0x00746365
 2c0:	00732e72 	rsbseq	r2, r3, r2, ror lr
 2c4:	00000001 	andeq	r0, r0, r1
 2c8:	00020500 	andeq	r0, r2, r0, lsl #10
 2cc:	03700100 	cmneq	r0, #0, 2
 2d0:	2f360116 	svccs	0x00360116
 2d4:	0230312f 	eorseq	r3, r0, #-1073741813	; 0xc000000b
 2d8:	01010002 	tsteq	r1, r2
 2dc:	00000058 	andeq	r0, r0, r8, asr r0
 2e0:	00200003 	eoreq	r0, r0, r3
 2e4:	01020000 	mrseq	r0, (UNDEF: 2)
 2e8:	000d0efb 	strdeq	r0, [sp], -fp
 2ec:	01010101 	tsteq	r1, r1, lsl #2
 2f0:	01000000 	mrseq	r0, (UNDEF: 0)
 2f4:	73010000 	movwvc	r0, #4096	; 0x1000
 2f8:	00006372 	andeq	r6, r0, r2, ror r3
 2fc:	2e336474 	mrccs	4, 1, r6, cr3, cr4, {3}
 300:	00010063 	andeq	r0, r1, r3, rrx
 304:	01050000 	mrseq	r0, (UNDEF: 5)
 308:	5c020500 	cfstr32pl	mvfx0, [r2], {-0}
 30c:	1a700100 	bne	1c00714 <_long_tables+0x1bf8714>
 310:	13140505 	tstne	r4, #20971520	; 0x1400000
 314:	010a0514 	tsteq	sl, r4, lsl r5
 318:	09052e06 	stmdbeq	r5, {r1, r2, r9, sl, fp, sp}
 31c:	18052306 	stmdane	r5, {r1, r2, r8, r9, sp}
 320:	0a050106 	beq	140740 <_long_tables+0x138740>
 324:	2316052b 	tstcs	r6, #180355072	; 0xac00000
 328:	2f060905 	svccs	0x00060905
 32c:	050e0a05 	streq	r0, [lr, #-2565]	; 0xfffff5fb
 330:	02270601 	eoreq	r0, r7, #1048576	; 0x100000
 334:	01010001 	tsteq	r1, r1
 338:	000000b3 	strheq	r0, [r0], -r3
 33c:	00860003 	addeq	r0, r6, r3
 340:	01020000 	mrseq	r0, (UNDEF: 2)
 344:	000d0efb 	strdeq	r0, [sp], -fp
 348:	01010101 	tsteq	r1, r1, lsl #2
 34c:	01000000 	mrseq	r0, (UNDEF: 0)
 350:	73010000 	movwvc	r0, #4096	; 0x1000
 354:	2f006372 	svccs	0x00006372
 358:	2f727375 	svccs	0x00727375
 35c:	2d6d7261 	sfmcs	f7, 2, [sp, #-388]!	; 0xfffffe7c
 360:	756e696c 	strbvc	r6, [lr, #-2412]!	; 0xfffff694
 364:	6e672d78 	mcrvs	13, 3, r2, cr7, cr8, {3}
 368:	62616575 	rsbvs	r6, r1, #490733568	; 0x1d400000
 36c:	2f666869 	svccs	0x00666869
 370:	6c636e69 	stclvs	14, cr6, [r3], #-420	; 0xfffffe5c
 374:	2f656475 	svccs	0x00656475
 378:	73746962 	cmnvc	r4, #1605632	; 0x188000
 37c:	63727300 	cmnvs	r2, #0, 6
 380:	2f2e2e2f 	svccs	0x002e2e2f
 384:	00636e69 	rsbeq	r6, r3, r9, ror #28
 388:	63786500 	cmnvs	r8, #0, 10
 38c:	69747065 	ldmdbvs	r4!, {r0, r2, r5, r6, ip, sp, lr}^
 390:	685f6e6f 	ldmdavs	pc, {r0, r1, r2, r3, r5, r6, r9, sl, fp, sp, lr}^	; <UNPREDICTABLE>
 394:	6c646e61 	stclvs	14, cr6, [r4], #-388	; 0xfffffe7c
 398:	2e737265 	cdpcs	2, 7, cr7, cr3, cr5, {3}
 39c:	00010063 	andeq	r0, r1, r3, rrx
 3a0:	70797400 	rsbsvc	r7, r9, r0, lsl #8
 3a4:	682e7365 	stmdavs	lr!, {r0, r2, r5, r6, r8, r9, ip, sp, lr}
 3a8:	00000200 	andeq	r0, r0, r0, lsl #4
 3ac:	69647473 	stmdbvs	r4!, {r0, r1, r4, r5, r6, sl, ip, sp, lr}^
 3b0:	752d746e 	strvc	r7, [sp, #-1134]!	; 0xfffffb92
 3b4:	6e746e69 	cdpvs	14, 7, cr6, cr4, cr9, {3}
 3b8:	0200682e 	andeq	r6, r0, #3014656	; 0x2e0000
 3bc:	69670000 	stmdbvs	r7!, {}^	; <UNPREDICTABLE>
 3c0:	00682e63 	rsbeq	r2, r8, r3, ror #28
 3c4:	00000003 	andeq	r0, r0, r3
 3c8:	05000105 	streq	r0, [r0, #-261]	; 0xfffffefb
 3cc:	03041c02 	movweq	r1, #19458	; 0x4c02
 3d0:	01230370 			; <UNDEFINED> instruction: 0x01230370
 3d4:	14140505 	ldrne	r0, [r4], #-1285	; 0xfffffafb
 3d8:	01060e05 	tsteq	r6, r5, lsl #28
 3dc:	3f060505 	svccc	0x00060505
 3e0:	05010d03 	streq	r0, [r1, #-3331]	; 0xfffff2fd
 3e4:	05010611 	streq	r0, [r1, #-1553]	; 0xfffff9ef
 3e8:	01022101 	tsteq	r2, r1, lsl #2
 3ec:	b6010100 	strlt	r0, [r1], -r0, lsl #2
 3f0:	03000000 	movweq	r0, #0
 3f4:	00007700 	andeq	r7, r0, r0, lsl #14
 3f8:	fb010200 	blx	40c02 <_long_tables+0x38c02>
 3fc:	01000d0e 	tsteq	r0, lr, lsl #26
 400:	00010101 	andeq	r0, r1, r1, lsl #2
 404:	00010000 	andeq	r0, r1, r0
 408:	72730100 	rsbsvc	r0, r3, #0, 2
 40c:	752f0063 	strvc	r0, [pc, #-99]!	; 3b1 <_PUB_RAM_IRQ_STACK_SIZE+0x2b1>
 410:	612f7273 			; <UNDEFINED> instruction: 0x612f7273
 414:	6c2d6d72 	stcvs	13, cr6, [sp], #-456	; 0xfffffe38
 418:	78756e69 	ldmdavc	r5!, {r0, r3, r5, r6, r9, sl, fp, sp, lr}^
 41c:	756e672d 	strbvc	r6, [lr, #-1837]!	; 0xfffff8d3
 420:	69626165 	stmdbvs	r2!, {r0, r2, r5, r6, r8, sp, lr}^
 424:	692f6668 	stmdbvs	pc!, {r3, r5, r6, r9, sl, sp, lr}	; <UNPREDICTABLE>
 428:	756c636e 	strbvc	r6, [ip, #-878]!	; 0xfffffc92
 42c:	622f6564 	eorvs	r6, pc, #100, 10	; 0x19000000
 430:	00737469 	rsbseq	r7, r3, r9, ror #8
 434:	2f637273 	svccs	0x00637273
 438:	692f2e2e 	stmdbvs	pc!, {r1, r2, r3, r5, r9, sl, fp, sp}	; <UNPREDICTABLE>
 43c:	0000636e 	andeq	r6, r0, lr, ror #6
 440:	2e636967 	vnmulcs.f16	s13, s6, s15	; <UNPREDICTABLE>
 444:	00010063 	andeq	r0, r1, r3, rrx
 448:	70797400 	rsbsvc	r7, r9, r0, lsl #8
 44c:	682e7365 	stmdavs	lr!, {r0, r2, r5, r6, r8, r9, ip, sp, lr}
 450:	00000200 	andeq	r0, r0, r0, lsl #4
 454:	69647473 	stmdbvs	r4!, {r0, r1, r4, r5, r6, sl, ip, sp, lr}^
 458:	752d746e 	strvc	r7, [sp, #-1134]!	; 0xfffffb92
 45c:	6e746e69 	cdpvs	14, 7, cr6, cr4, cr9, {3}
 460:	0200682e 	andeq	r6, r0, #3014656	; 0x2e0000
 464:	69670000 	stmdbvs	r7!, {}^	; <UNPREDICTABLE>
 468:	00682e63 	rsbeq	r2, r8, r3, ror #28
 46c:	00000003 	andeq	r0, r0, r3
 470:	05000505 	streq	r0, [r0, #-1285]	; 0xfffffafb
 474:	03042802 	movweq	r2, #18434	; 0x4802
 478:	09051770 	stmdbeq	r5, {r4, r5, r6, r8, r9, sl, ip}
 47c:	05141314 	ldreq	r1, [r4, #-788]	; 0xfffffcec
 480:	05130623 	ldreq	r0, [r3, #-1571]	; 0xfffff9dd
 484:	0905491d 	stmdbeq	r5, {r0, r2, r3, r4, r8, fp, lr}
 488:	1e054b06 	vmlane.f64	d4, d5, d6
 48c:	23051306 	movwcs	r1, #21254	; 0x5306
 490:	0609051f 			; <UNDEFINED> instruction: 0x0609051f
 494:	061e0567 	ldreq	r0, [lr], -r7, ror #10
 498:	06090501 	streq	r0, [r9], -r1, lsl #10
 49c:	061e0521 	ldreq	r0, [lr], -r1, lsr #10
 4a0:	23050501 	movwcs	r0, #21761	; 0x5501
 4a4:	01000102 	tsteq	r0, r2, lsl #2
 4a8:	0000c801 	andeq	ip, r0, r1, lsl #16
 4ac:	74000300 	strvc	r0, [r0], #-768	; 0xfffffd00
 4b0:	02000000 	andeq	r0, r0, #0
 4b4:	0d0efb01 	vstreq	d15, [lr, #-4]
 4b8:	01010100 	mrseq	r0, (UNDEF: 17)
 4bc:	00000001 	andeq	r0, r0, r1
 4c0:	01000001 	tsteq	r0, r1
 4c4:	00637273 	rsbeq	r7, r3, r3, ror r2
 4c8:	7273752f 	rsbsvc	r7, r3, #197132288	; 0xbc00000
 4cc:	6d72612f 	ldfvse	f6, [r2, #-188]!	; 0xffffff44
 4d0:	6e696c2d 	cdpvs	12, 6, cr6, cr9, cr13, {1}
 4d4:	672d7875 			; <UNDEFINED> instruction: 0x672d7875
 4d8:	6165756e 	cmnvs	r5, lr, ror #10
 4dc:	66686962 	strbtvs	r6, [r8], -r2, ror #18
 4e0:	636e692f 	cmnvs	lr, #770048	; 0xbc000
 4e4:	6564756c 	strbvs	r7, [r4, #-1388]!	; 0xfffffa94
 4e8:	7469622f 	strbtvc	r6, [r9], #-559	; 0xfffffdd1
 4ec:	6e690073 	mcrvs	0, 3, r0, cr9, cr3, {3}
 4f0:	74000063 	strvc	r0, [r0], #-99	; 0xffffff9d
 4f4:	72656d69 	rsbvc	r6, r5, #6720	; 0x1a40
 4f8:	0100632e 	tsteq	r0, lr, lsr #6
 4fc:	79740000 	ldmdbvc	r4!, {}^	; <UNPREDICTABLE>
 500:	2e736570 	mrccs	5, 3, r6, cr3, cr0, {3}
 504:	00020068 	andeq	r0, r2, r8, rrx
 508:	64747300 	ldrbtvs	r7, [r4], #-768	; 0xfffffd00
 50c:	2d746e69 	ldclcs	14, cr6, [r4, #-420]!	; 0xfffffe5c
 510:	746e6975 	strbtvc	r6, [lr], #-2421	; 0xfffff68b
 514:	00682e6e 	rsbeq	r2, r8, lr, ror #28
 518:	74000002 	strvc	r0, [r0], #-2
 51c:	72656d69 	rsbvc	r6, r5, #6720	; 0x1a40
 520:	0300682e 	movweq	r6, #2094	; 0x82e
 524:	05000000 	streq	r0, [r0, #-0]
 528:	02050005 	andeq	r0, r5, #5
 52c:	7003044c 	andvc	r0, r3, ip, asr #8
 530:	05010b03 	streq	r0, [r1, #-2819]	; 0xfffff4fd
 534:	14131309 	ldrne	r1, [r3], #-777	; 0xfffffcf7
 538:	01061805 	tsteq	r6, r5, lsl #16
 53c:	05311605 	ldreq	r1, [r1, #-1541]!	; 0xfffff9fb
 540:	16052b18 			; <UNDEFINED> instruction: 0x16052b18
 544:	03050523 	movweq	r0, #21795	; 0x5523
 548:	18052e79 	stmdane	r5, {r0, r3, r4, r5, r6, r9, sl, fp, sp}
 54c:	31160524 	tstcc	r6, r4, lsr #10
 550:	052b1805 	streq	r1, [fp, #-2053]!	; 0xfffff7fb
 554:	05230609 	streq	r0, [r3, #-1545]!	; 0xfffff9f7
 558:	1c160616 	ldcne	6, cr0, [r6], {22}
 55c:	24060905 	strcs	r0, [r6], #-2309	; 0xfffff6fb
 560:	03060505 	movweq	r0, #25861	; 0x6505
 564:	1605010a 	strne	r0, [r5], -sl, lsl #2
 568:	052e7603 	streq	r7, [lr, #-1539]!	; 0xfffff9fd
 56c:	200a0305 	andcs	r0, sl, r5, lsl #6
 570:	01000102 	tsteq	r0, r2, lsl #2
 574:	La dirección 0x0000000000000574 está fuera de los límites.


Desensamblado de la sección .debug_info:

00000000 <.debug_info>:
   0:	00000022 	andeq	r0, r0, r2, lsr #32
   4:	00000002 	andeq	r0, r0, r2
   8:	01040000 	mrseq	r0, (UNDEF: 4)
   c:	00000000 	andeq	r0, r0, r0
  10:	70030000 	andvc	r0, r3, r0
  14:	700300c4 	andvc	r0, r3, r4, asr #1
  18:	00000000 	andeq	r0, r0, r0
  1c:	0000001b 	andeq	r0, r0, fp, lsl r0
  20:	00000083 	andeq	r0, r0, r3, lsl #1
  24:	001e8001 	andseq	r8, lr, r1
  28:	00020000 	andeq	r0, r2, r0
  2c:	00000014 	andeq	r0, r0, r4, lsl r0
  30:	00760104 	rsbseq	r0, r6, r4, lsl #2
  34:	00000000 	andeq	r0, r0, r0
  38:	008f0000 	addeq	r0, pc, r0
  3c:	001b0000 	andseq	r0, fp, r0
  40:	00830000 	addeq	r0, r3, r0
  44:	80010000 	andhi	r0, r1, r0
  48:	00000022 	andeq	r0, r0, r2, lsr #32
  4c:	00260002 	eoreq	r0, r6, r2
  50:	01040000 	mrseq	r0, (UNDEF: 4)
  54:	000000e9 	andeq	r0, r0, r9, ror #1
  58:	70030104 	andvc	r0, r3, r4, lsl #2
  5c:	700302a4 	andvc	r0, r3, r4, lsr #5
  60:	000000a1 	andeq	r0, r0, r1, lsr #1
  64:	0000001b 	andeq	r0, r0, fp, lsl r0
  68:	00000083 	andeq	r0, r0, r3, lsl #1
  6c:	00228001 	eoreq	r8, r2, r1
  70:	00020000 	andeq	r0, r2, r0
  74:	0000003a 	andeq	r0, r0, sl, lsr r0
  78:	01a70104 			; <UNDEFINED> instruction: 0x01a70104
  7c:	02a40000 	adceq	r0, r4, #0
  80:	03287003 			; <UNDEFINED> instruction: 0x03287003
  84:	00b27003 	adcseq	r7, r2, r3
  88:	001b0000 	andseq	r0, fp, r0
  8c:	00830000 	addeq	r0, r3, r0
  90:	80010000 	andhi	r0, r1, r0
  94:	00000022 	andeq	r0, r0, r2, lsr #32
  98:	004e0002 	subeq	r0, lr, r2
  9c:	01040000 	mrseq	r0, (UNDEF: 4)
  a0:	0000021a 	andeq	r0, r0, sl, lsl r2
  a4:	70030328 	andvc	r0, r3, r8, lsr #6
  a8:	7003041c 	andvc	r0, r3, ip, lsl r4
  ac:	000000cb 	andeq	r0, r0, fp, asr #1
  b0:	0000001b 	andeq	r0, r0, fp, lsl r0
  b4:	00000083 	andeq	r0, r0, r3, lsl #1
  b8:	00228001 	eoreq	r8, r2, r1
  bc:	00020000 	andeq	r0, r2, r0
  c0:	00000062 	andeq	r0, r0, r2, rrx
  c4:	02950104 	addseq	r0, r5, #4, 2
  c8:	00000000 	andeq	r0, r0, r0
  cc:	00187001 	andseq	r7, r8, r1
  d0:	00d97001 	sbcseq	r7, r9, r1
  d4:	001b0000 	andseq	r0, fp, r0
  d8:	00830000 	addeq	r0, r3, r0
  dc:	80010000 	andhi	r0, r1, r0
  e0:	000000dc 	ldrdeq	r0, [r0], -ip
  e4:	00760004 	rsbseq	r0, r6, r4
  e8:	01040000 	mrseq	r0, (UNDEF: 4)
  ec:	00000119 	andeq	r0, r0, r9, lsl r1
  f0:	0001c50c 	andeq	ip, r1, ip, lsl #10
  f4:	00001b00 	andeq	r1, r0, r0, lsl #22
  f8:	00002000 	andeq	r2, r0, r0
  fc:	00000000 	andeq	r0, r0, r0
 100:	0002dc00 	andeq	sp, r2, r0, lsl #24
 104:	00300200 	eorseq	r0, r0, r0, lsl #4
 108:	00300000 	eorseq	r0, r0, r0
 10c:	00030000 	andeq	r0, r3, r0
 110:	3a080104 	bcc	200528 <_long_tables+0x1f8528>
 114:	05000002 	streq	r0, [r0, #-2]
 118:	00000030 	andeq	r0, r0, r0, lsr r0
 11c:	0001bd06 	andeq	fp, r1, r6, lsl #26
 120:	0d030100 	stfeqs	f0, [r3, #-0]
 124:	00000025 	andeq	r0, r0, r5, lsr #32
 128:	0000fe07 	andeq	pc, r0, r7, lsl #28
 12c:	2a080100 	bcs	200534 <_long_tables+0x1f8534>
 130:	7001005c 	andvc	r0, r1, ip, asr r0
 134:	00000014 	andeq	r0, r0, r4, lsl r0
 138:	00c39c01 	sbceq	r9, r3, r1, lsl #24
 13c:	0a080000 	beq	200144 <_long_tables+0x1f8144>
 140:	01000001 	tsteq	r0, r1
 144:	00c33c08 	sbceq	r3, r3, r8, lsl #24
 148:	00060000 	andeq	r0, r6, r0
 14c:	00000000 	andeq	r0, r0, r0
 150:	12080000 	andne	r0, r8, #0
 154:	01000001 	tsteq	r0, r1
 158:	00c55108 	sbceq	r5, r5, r8, lsl #2
 15c:	00380000 	eorseq	r0, r8, r0
 160:	00340000 	eorseq	r0, r4, r0
 164:	f4080000 	vst4.8	{d0-d3}, [r8], r0
 168:	01000000 	mrseq	r0, (UNDEF: 0)
 16c:	00cc6608 	sbceq	r6, ip, r8, lsl #12
 170:	005d0000 	subseq	r0, sp, r0
 174:	00590000 	subseq	r0, r9, r0
 178:	ec090000 	stc	0, cr0, [r9], {-0}
 17c:	01000000 	mrseq	r0, (UNDEF: 0)
 180:	00d30b0b 	sbcseq	r0, r3, fp, lsl #22
 184:	00840000 	addeq	r0, r4, r0
 188:	007e0000 	rsbseq	r0, lr, r0
 18c:	b3090000 	movwlt	r0, #36864	; 0x9000
 190:	01000001 	tsteq	r0, r1
 194:	00d9110c 	sbcseq	r1, r9, ip, lsl #2
 198:	00b80000 	adcseq	r0, r8, r0
 19c:	00b20000 	adcseq	r0, r2, r0
 1a0:	0a000000 	beq	1a8 <_PUB_RAM_IRQ_STACK_SIZE+0xa8>
 1a4:	cb040b04 	blgt	102dbc <_long_tables+0xfadbc>
 1a8:	0c000000 	stceq	0, cr0, [r0], {-0}
 1ac:	4e070404 	cdpmi	4, 0, cr0, cr7, cr4, {0}
 1b0:	0b000002 	bleq	1c0 <_PUB_RAM_IRQ_STACK_SIZE+0xc0>
 1b4:	00003004 	andeq	r3, r0, r4
 1b8:	37040b00 	strcc	r0, [r4, -r0, lsl #22]
 1bc:	00000000 	andeq	r0, r0, r0
 1c0:	000001be 			; <UNDEFINED> instruction: 0x000001be
 1c4:	01160004 	tsteq	r6, r4
 1c8:	01040000 	mrseq	r0, (UNDEF: 4)
 1cc:	00000119 	andeq	r0, r0, r9, lsl r1
 1d0:	00020a0c 	andeq	r0, r2, ip, lsl #20
 1d4:	00001b00 	andeq	r1, r0, r0, lsl #22
 1d8:	00003000 	andeq	r3, r0, r0
 1dc:	00000000 	andeq	r0, r0, r0
 1e0:	00033800 	andeq	r3, r3, r0, lsl #16
 1e4:	05040200 	streq	r0, [r4, #-512]	; 0xfffffe00
 1e8:	00746e69 	rsbseq	r6, r4, r9, ror #28
 1ec:	4e070403 	cdpmi	4, 0, cr0, cr7, cr3, {0}
 1f0:	03000002 	movweq	r0, #2
 1f4:	02310801 	eorseq	r0, r1, #65536	; 0x10000
 1f8:	02030000 	andeq	r0, r3, #0
 1fc:	00026107 	andeq	r6, r2, r7, lsl #2
 200:	07040300 	streq	r0, [r4, -r0, lsl #6]
 204:	00000249 	andeq	r0, r0, r9, asr #4
 208:	33060103 	movwcc	r0, #24835	; 0x6103
 20c:	03000002 	movweq	r0, #2
 210:	01e20502 	mvneq	r0, r2, lsl #10
 214:	ec040000 	stc	0, cr0, [r4], {-0}
 218:	02000001 	andeq	r0, r0, #1
 21c:	002c162a 	eoreq	r1, ip, sl, lsr #12
 220:	08030000 	stmdaeq	r3, {}	; <UNPREDICTABLE>
 224:	00022305 	andeq	r2, r2, r5, lsl #6
 228:	07080300 	streq	r0, [r8, -r0, lsl #6]
 22c:	00000244 	andeq	r0, r0, r4, asr #4
 230:	28050403 	stmdacs	r5, {r0, r1, sl}
 234:	03000002 	movweq	r0, #2
 238:	023a0801 	eorseq	r0, sl, #65536	; 0x10000
 23c:	ee040000 	cdp	0, 0, cr0, cr4, cr0, {0}
 240:	03000001 	movweq	r0, #1
 244:	0056141a 	subseq	r1, r6, sl, lsl r4
 248:	1c050000 	stcne	0, cr0, [r5], {-0}
 24c:	ef122704 	svc	0x00122704
 250:	06000000 	streq	r0, [r0], -r0
 254:	0000027a 	andeq	r0, r0, sl, ror r2
 258:	7e152904 	vnmlsvc.f16	s4, s10, s8	; <UNPREDICTABLE>
 25c:	00000000 	andeq	r0, r0, r0
 260:	524d5007 	subpl	r5, sp, #7
 264:	152a0400 	strne	r0, [sl, #-1024]!	; 0xfffffc00
 268:	0000007e 	andeq	r0, r0, lr, ror r0
 26c:	50420704 	subpl	r0, r2, r4, lsl #14
 270:	2b040052 	blcs	1003c0 <_long_tables+0xf83c0>
 274:	00007e15 	andeq	r7, r0, r5, lsl lr
 278:	49070800 	stmdbmi	r7, {fp}
 27c:	04005241 	streq	r5, [r0], #-577	; 0xfffffdbf
 280:	007e152c 	rsbseq	r1, lr, ip, lsr #10
 284:	060c0000 	streq	r0, [ip], -r0
 288:	00000205 	andeq	r0, r0, r5, lsl #4
 28c:	7e152d04 	cdpvc	13, 1, cr2, cr5, cr4, {0}
 290:	10000000 	andne	r0, r0, r0
 294:	52505207 	subspl	r5, r0, #1879048192	; 0x70000000
 298:	152e0400 	strne	r0, [lr, #-1024]!	; 0xfffffc00
 29c:	0000007e 	andeq	r0, r0, lr, ror r0
 2a0:	025b0614 	subseq	r0, fp, #20, 12	; 0x1400000
 2a4:	2f040000 	svccs	0x00040000
 2a8:	00007e15 	andeq	r7, r0, r5, lsl lr
 2ac:	08001800 	stmdaeq	r0, {fp, ip}
 2b0:	0000008a 	andeq	r0, r0, sl, lsl #1
 2b4:	0001fd04 	andeq	pc, r1, r4, lsl #26
 2b8:	07300400 	ldreq	r0, [r0, -r0, lsl #8]!
 2bc:	000000ef 	andeq	r0, r0, pc, ror #1
 2c0:	00027409 	andeq	r7, r2, r9, lsl #8
 2c4:	0d014400 	cfstrseq	mvf4, [r1, #-0]
 2c8:	00014c10 	andeq	r4, r1, r0, lsl ip
 2cc:	023f0600 	eorseq	r0, pc, #0, 12
 2d0:	0f010000 	svceq	0x00010000
 2d4:	00007e0e 	andeq	r7, r0, lr, lsl #28
 2d8:	70070000 	andvc	r0, r7, r0
 2dc:	0f010063 	svceq	0x00010063
 2e0:	00007e14 	andeq	r7, r0, r4, lsl lr
 2e4:	67070400 	strvs	r0, [r7, -r0, lsl #8]
 2e8:	01007270 	tsteq	r0, r0, ror r2
 2ec:	014c180f 	cmpeq	ip, pc, lsl #16
 2f0:	07080000 	streq	r0, [r8, -r0]
 2f4:	01007073 	tsteq	r0, r3, ror r0
 2f8:	007e230f 	rsbseq	r2, lr, pc, lsl #6
 2fc:	073c0000 	ldreq	r0, [ip, -r0]!
 300:	0100726c 	tsteq	r0, ip, ror #4
 304:	007e270f 	rsbseq	r2, lr, pc, lsl #14
 308:	00400000 	subeq	r0, r0, r0
 30c:	00007e0a 	andeq	r7, r0, sl, lsl #28
 310:	00015c00 	andeq	r5, r1, r0, lsl #24
 314:	002c0b00 	eoreq	r0, ip, r0, lsl #22
 318:	000c0000 	andeq	r0, ip, r0
 31c:	00027404 	andeq	r7, r2, r4, lsl #8
 320:	03100100 	tsteq	r0, #0, 2
 324:	00000100 	andeq	r0, r0, r0, lsl #2
 328:	0001cf0c 	andeq	ip, r1, ip, lsl #30
 32c:	28230100 	stmdacs	r3!, {r8}
 330:	7003041c 	andvc	r0, r3, ip, lsl r4
 334:	0000000a 	andeq	r0, r0, sl
 338:	01b09c01 	lslseq	r9, r1, #24
 33c:	630d0000 	movwvs	r0, #53248	; 0xd000
 340:	01007874 	tsteq	r0, r4, ror r8
 344:	01b04323 	lsrseq	r4, r3, #6
 348:	50010000 	andpl	r0, r1, r0
 34c:	0001f70e 	andeq	pc, r1, lr, lsl #14
 350:	14260100 	strtne	r0, [r6], #-256	; 0xffffff00
 354:	000001bc 			; <UNDEFINED> instruction: 0x000001bc
 358:	1e000000 	cdpne	0, 0, cr0, cr0, cr0, {0}
 35c:	0064690f 	rsbeq	r6, r4, pc, lsl #18
 360:	7e0e2801 	cdpvc	8, 0, cr2, cr14, cr1, {0}
 364:	e5000000 	str	r0, [r0, #-0]
 368:	e3000000 	movw	r0, #0
 36c:	00000000 	andeq	r0, r0, r0
 370:	015c0410 	cmpeq	ip, r0, lsl r4
 374:	04100000 	ldreq	r0, [r0], #-0
 378:	000000f4 	strdeq	r0, [r0], -r4
 37c:	0001b611 	andeq	fp, r1, r1, lsl r6
 380:	03330000 	teqeq	r3, #0
 384:	00040000 	andeq	r0, r4, r0
 388:	0000020c 	andeq	r0, r0, ip, lsl #4
 38c:	01190104 	tsteq	r9, r4, lsl #2
 390:	b20c0000 	andlt	r0, ip, #0
 394:	1b000002 	blne	3a4 <_PUB_RAM_IRQ_STACK_SIZE+0x2a4>
 398:	28000000 	stmdacs	r0, {}	; <UNPREDICTABLE>
 39c:	24700304 	ldrbtcs	r0, [r0], #-772	; 0xfffffcfc
 3a0:	ef000000 	svc	0x00000000
 3a4:	02000003 	andeq	r0, r0, #3
 3a8:	6e690504 	cdpvs	5, 6, cr0, cr9, cr4, {0}
 3ac:	04030074 	streq	r0, [r3], #-116	; 0xffffff8c
 3b0:	00024e07 	andeq	r4, r2, r7, lsl #28
 3b4:	08010300 	stmdaeq	r1, {r8, r9}
 3b8:	00000231 	andeq	r0, r0, r1, lsr r2
 3bc:	61070203 	tstvs	r7, r3, lsl #4
 3c0:	03000002 	movweq	r0, #2
 3c4:	02490704 	subeq	r0, r9, #4, 14	; 0x100000
 3c8:	01030000 	mrseq	r0, (UNDEF: 3)
 3cc:	00023306 	andeq	r3, r2, r6, lsl #6
 3d0:	030c0400 	movweq	r0, #50176	; 0xc400
 3d4:	26020000 	strcs	r0, [r2], -r0
 3d8:	00003317 	andeq	r3, r0, r7, lsl r3
 3dc:	05020300 	streq	r0, [r2, #-768]	; 0xfffffd00
 3e0:	000001e2 	andeq	r0, r0, r2, ror #3
 3e4:	0001ec04 	andeq	lr, r1, r4, lsl #24
 3e8:	162a0200 	strtne	r0, [sl], -r0, lsl #4
 3ec:	0000002c 	andeq	r0, r0, ip, lsr #32
 3f0:	23050803 	movwcs	r0, #22531	; 0x5803
 3f4:	03000002 	movweq	r0, #2
 3f8:	02440708 	subeq	r0, r4, #8, 14	; 0x200000
 3fc:	04030000 	streq	r0, [r3], #-0
 400:	00022805 	andeq	r2, r2, r5, lsl #16
 404:	08010300 	stmdaeq	r1, {r8, r9}
 408:	0000023a 	andeq	r0, r0, sl, lsr r2
 40c:	00030e04 	andeq	r0, r3, r4, lsl #28
 410:	13180300 	tstne	r8, #0, 6
 414:	0000004f 	andeq	r0, r0, pc, asr #32
 418:	0001ee04 	andeq	lr, r1, r4, lsl #28
 41c:	141a0300 	ldrne	r0, [sl], #-768	; 0xfffffd00
 420:	00000062 	andeq	r0, r0, r2, rrx
 424:	27041c05 	strcs	r1, [r4, -r5, lsl #24]
 428:	00010712 	andeq	r0, r1, r2, lsl r7
 42c:	027a0600 	rsbseq	r0, sl, #0, 12
 430:	29040000 	stmdbcs	r4, {}	; <UNPREDICTABLE>
 434:	00009615 	andeq	r9, r0, r5, lsl r6
 438:	50070000 	andpl	r0, r7, r0
 43c:	0400524d 	streq	r5, [r0], #-589	; 0xfffffdb3
 440:	0096152a 	addseq	r1, r6, sl, lsr #10
 444:	07040000 	streq	r0, [r4, -r0]
 448:	00525042 	subseq	r5, r2, r2, asr #32
 44c:	96152b04 	ldrls	r2, [r5], -r4, lsl #22
 450:	08000000 	stmdaeq	r0, {}	; <UNPREDICTABLE>
 454:	52414907 	subpl	r4, r1, #114688	; 0x1c000
 458:	152c0400 	strne	r0, [ip, #-1024]!	; 0xfffffc00
 45c:	00000096 	muleq	r0, r6, r0
 460:	0205060c 	andeq	r0, r5, #12, 12	; 0xc00000
 464:	2d040000 	stccs	0, cr0, [r4, #-0]
 468:	00009615 	andeq	r9, r0, r5, lsl r6
 46c:	52071000 	andpl	r1, r7, #0
 470:	04005250 	streq	r5, [r0], #-592	; 0xfffffdb0
 474:	0096152e 	addseq	r1, r6, lr, lsr #10
 478:	06140000 	ldreq	r0, [r4], -r0
 47c:	0000025b 	andeq	r0, r0, fp, asr r2
 480:	96152f04 	ldrls	r2, [r5], -r4, lsl #30
 484:	18000000 	stmdane	r0, {}	; <UNPREDICTABLE>
 488:	00a20800 	adceq	r0, r2, r0, lsl #16
 48c:	fd040000 	stc2	0, cr0, [r4, #-0]
 490:	04000001 	streq	r0, [r0], #-1
 494:	01070730 	tsteq	r7, r0, lsr r7
 498:	00090000 	andeq	r0, r9, r0
 49c:	12320410 	eorsne	r0, r2, #16, 8	; 0x10000000
 4a0:	00000246 	andeq	r0, r0, r6, asr #4
 4a4:	00027a06 	andeq	r7, r2, r6, lsl #20
 4a8:	12340400 	eorsne	r0, r4, #0, 8
 4ac:	00000096 	muleq	r0, r6, r0
 4b0:	02890600 	addeq	r0, r9, #0, 12
 4b4:	35040000 	strcc	r0, [r4, #-0]
 4b8:	00009612 	andeq	r9, r0, r2, lsl r6
 4bc:	bc060400 	cfstrslt	mvf0, [r6], {-0}
 4c0:	04000002 	streq	r0, [r0], #-2
 4c4:	024b0936 	subeq	r0, fp, #884736	; 0xd8000
 4c8:	0a080000 	beq	2004d0 <_long_tables+0x1f84d0>
 4cc:	00000320 	andeq	r0, r0, r0, lsr #6
 4d0:	5b123704 	blpl	48e0e8 <_long_tables+0x4860e8>
 4d4:	00000002 	andeq	r0, r0, r2
 4d8:	02c60a01 	sbceq	r0, r6, #4096	; 0x1000
 4dc:	38040000 	stmdacc	r4, {}	; <UNPREDICTABLE>
 4e0:	00026b09 	andeq	r6, r2, r9, lsl #22
 4e4:	0a010c00 	beq	434ec <_long_tables+0x3b4ec>
 4e8:	0000027f 	andeq	r0, r0, pc, ror r2
 4ec:	5b123904 	blpl	48e904 <_long_tables+0x486904>
 4f0:	80000002 	andhi	r0, r0, r2
 4f4:	02d00a01 	sbcseq	r0, r0, #4096	; 0x1000
 4f8:	3a040000 	bcc	100500 <_long_tables+0xf8500>
 4fc:	00026b09 	andeq	r6, r2, r9, lsl #22
 500:	0a018c00 	beq	63508 <_long_tables+0x5b508>
 504:	0000036e 	andeq	r0, r0, lr, ror #6
 508:	5b123b04 	blpl	48f120 <_long_tables+0x487120>
 50c:	00000002 	andeq	r0, r0, r2
 510:	02da0a02 	sbcseq	r0, sl, #8192	; 0x2000
 514:	3c040000 	stccc	0, cr0, [r4], {-0}
 518:	00026b09 	andeq	r6, r2, r9, lsl #22
 51c:	0a020c00 	beq	83524 <_long_tables+0x7b524>
 520:	0000033d 	andeq	r0, r0, sp, lsr r3
 524:	5b123d04 	blpl	48f93c <_long_tables+0x48793c>
 528:	80000002 	andhi	r0, r0, r2
 52c:	02e40a02 	rsceq	r0, r4, #8192	; 0x2000
 530:	3e040000 	cdpcc	0, 0, cr0, cr4, cr0, {0}
 534:	00026b09 	andeq	r6, r2, r9, lsl #22
 538:	0a028c00 	beq	a3540 <_long_tables+0x9b540>
 53c:	000002a8 	andeq	r0, r0, r8, lsr #5
 540:	5b123f04 	blpl	490158 <_long_tables+0x488158>
 544:	00000002 	andeq	r0, r0, r2
 548:	02ee0a03 	rsceq	r0, lr, #12288	; 0x3000
 54c:	40040000 	andmi	r0, r4, r0
 550:	00027b09 	andeq	r7, r2, r9, lsl #22
 554:	0a030c00 	beq	c355c <_long_tables+0xbb55c>
 558:	0000029d 	muleq	r0, sp, r2
 55c:	8b124104 	blhi	490974 <_long_tables+0x488974>
 560:	00000002 	andeq	r0, r0, r2
 564:	02f80a04 	rscseq	r0, r8, #4, 20	; 0x4000
 568:	42040000 	andmi	r0, r4, #0
 56c:	00029b09 	andeq	r9, r2, r9, lsl #22
 570:	0a046000 	beq	118578 <_long_tables+0x110578>
 574:	00000364 	andeq	r0, r0, r4, ror #6
 578:	8b124304 	blhi	491190 <_long_tables+0x489190>
 57c:	00000002 	andeq	r0, r0, r2
 580:	03020a08 	movweq	r0, #10760	; 0x2a08
 584:	44040000 	strmi	r0, [r4], #-0
 588:	00029b09 	andeq	r9, r2, r9, lsl #22
 58c:	0a086000 	beq	218594 <_long_tables+0x210594>
 590:	00000297 	muleq	r0, r7, r2
 594:	ac124504 	cfldr32ge	mvfx4, [r2], {4}
 598:	00000002 	andeq	r0, r0, r2
 59c:	03330a0c 	teqeq	r3, #12, 20	; 0xc000
 5a0:	46040000 	strmi	r0, [r4], -r0
 5a4:	0002bc09 	andeq	fp, r2, r9, lsl #24
 5a8:	0a0c1800 	beq	3065b0 <_long_tables+0x2fe5b0>
 5ac:	00000345 	andeq	r0, r0, r5, asr #6
 5b0:	96124704 	ldrls	r4, [r2], -r4, lsl #14
 5b4:	00000000 	andeq	r0, r0, r0
 5b8:	03160a0f 	tsteq	r6, #61440	; 0xf000
 5bc:	48040000 	stmdami	r4, {}	; <UNPREDICTABLE>
 5c0:	0002cd09 	andeq	ip, r2, r9, lsl #26
 5c4:	000f0400 	andeq	r0, pc, r0, lsl #8
 5c8:	00011808 	andeq	r1, r1, r8, lsl #16
 5cc:	008a0b00 	addeq	r0, sl, r0, lsl #22
 5d0:	025b0000 	subseq	r0, fp, #0
 5d4:	2c0c0000 	stccs	0, cr0, [ip], {-0}
 5d8:	f4000000 	vst4.8	{d0-d3}, [r0], r0
 5dc:	00960b00 	addseq	r0, r6, r0, lsl #22
 5e0:	026b0000 	rsbeq	r0, fp, #0
 5e4:	2c0c0000 	stccs	0, cr0, [ip], {-0}
 5e8:	02000000 	andeq	r0, r0, #0
 5ec:	008a0b00 	addeq	r0, sl, r0, lsl #22
 5f0:	027b0000 	rsbseq	r0, fp, #0
 5f4:	2c0c0000 	stccs	0, cr0, [ip], {-0}
 5f8:	70000000 	andvc	r0, r0, r0
 5fc:	008a0b00 	addeq	r0, sl, r0, lsl #22
 600:	028b0000 	addeq	r0, fp, #0
 604:	2c0c0000 	stccs	0, cr0, [ip], {-0}
 608:	f0000000 			; <UNDEFINED> instruction: 0xf0000000
 60c:	00960b00 	addseq	r0, r6, r0, lsl #22
 610:	029b0000 	addseq	r0, fp, #0
 614:	2c0c0000 	stccs	0, cr0, [ip], {-0}
 618:	17000000 	strne	r0, [r0, -r0]
 61c:	008a0b00 	addeq	r0, sl, r0, lsl #22
 620:	02ac0000 	adceq	r0, ip, #0
 624:	2c0d0000 	stccs	0, cr0, [sp], {-0}
 628:	9c000000 	stcls	0, cr0, [r0], {-0}
 62c:	960b0003 	strls	r0, [fp], -r3
 630:	bc000000 	stclt	0, cr0, [r0], {-0}
 634:	0c000002 	stceq	0, cr0, [r0], {2}
 638:	0000002c 	andeq	r0, r0, ip, lsr #32
 63c:	8a0b0005 	bhi	2c0658 <_long_tables+0x2b8658>
 640:	cd000000 	stcgt	0, cr0, [r0, #-0]
 644:	0d000002 	stceq	0, cr0, [r0, #-8]
 648:	0000002c 	andeq	r0, r0, ip, lsr #32
 64c:	0b0002e4 	bleq	11e4 <C_STACK_SIZE+0x1e4>
 650:	0000008a 	andeq	r0, r0, sl, lsl #1
 654:	000002dd 	ldrdeq	r0, [r0], -sp
 658:	00002c0c 	andeq	r2, r0, ip, lsl #24
 65c:	0400f800 	streq	pc, [r0], #-2048	; 0xfffff800
 660:	0000028f 	andeq	r0, r0, pc, lsl #5
 664:	46074904 	strmi	r4, [r7], -r4, lsl #18
 668:	0e000002 	cdpeq	0, 0, cr0, cr0, cr2, {0}
 66c:	0000032a 	andeq	r0, r0, sl, lsr #6
 670:	28060501 	stmdacs	r6, {r0, r8, sl}
 674:	24700304 	ldrbtcs	r0, [r0], #-772	; 0xfffffcfc
 678:	01000000 	mrseq	r0, (UNDEF: 0)
 67c:	0003209c 	muleq	r3, ip, r0
 680:	034a0f00 	movteq	r0, #44800	; 0xaf00
 684:	08010000 	stmdaeq	r1, {}	; <UNPREDICTABLE>
 688:	00032618 	andeq	r2, r3, r8, lsl r6
 68c:	00000000 	andeq	r0, r0, r0
 690:	03580f1e 	cmpeq	r8, #30, 30	; 0x78
 694:	09010000 	stmdbeq	r1, {}	; <UNPREDICTABLE>
 698:	00033118 	andeq	r3, r3, r8, lsl r1
 69c:	00100000 	andseq	r0, r0, r0
 6a0:	0410001e 	ldreq	r0, [r0], #-30	; 0xffffffe2
 6a4:	0000010c 	andeq	r0, r0, ip, lsl #2
 6a8:	00032011 	andeq	r2, r3, r1, lsl r0
 6ac:	dd041000 	stcle	0, cr1, [r4, #-0]
 6b0:	11000002 	tstne	r0, r2
 6b4:	0000032b 	andeq	r0, r0, fp, lsr #6
 6b8:	00014a00 	andeq	r4, r1, r0, lsl #20
 6bc:	f3000400 	vshl.u8	d0, d0, d0
 6c0:	04000002 	streq	r0, [r0], #-2
 6c4:	00011901 	andeq	r1, r1, r1, lsl #18
 6c8:	03af0c00 			; <UNDEFINED> instruction: 0x03af0c00
 6cc:	001b0000 	andseq	r0, fp, r0
 6d0:	044c0000 	strbeq	r0, [ip], #-0
 6d4:	00267003 	eoreq	r7, r6, r3
 6d8:	04a90000 	strteq	r0, [r9], #0
 6dc:	01020000 	mrseq	r0, (UNDEF: 2)
 6e0:	00023108 	andeq	r3, r2, r8, lsl #2
 6e4:	07020200 	streq	r0, [r2, -r0, lsl #4]
 6e8:	00000261 	andeq	r0, r0, r1, ror #4
 6ec:	4e070402 	cdpmi	4, 0, cr0, cr7, cr2, {0}
 6f0:	02000002 	andeq	r0, r0, #2
 6f4:	02490704 	subeq	r0, r9, #4, 14	; 0x100000
 6f8:	01020000 	mrseq	r0, (UNDEF: 2)
 6fc:	00023306 	andeq	r3, r2, r6, lsl #6
 700:	05020200 	streq	r0, [r2, #-512]	; 0xfffffe00
 704:	000001e2 	andeq	r0, r0, r2, ror #3
 708:	69050403 	stmdbvs	r5, {r0, r1, sl}
 70c:	0400746e 	streq	r7, [r0], #-1134	; 0xfffffb92
 710:	000001ec 	andeq	r0, r0, ip, ror #3
 714:	33162a02 	tstcc	r6, #8192	; 0x2000
 718:	02000000 	andeq	r0, r0, #0
 71c:	02230508 	eoreq	r0, r3, #8, 10	; 0x2000000
 720:	08020000 	stmdaeq	r2, {}	; <UNPREDICTABLE>
 724:	00024407 	andeq	r4, r2, r7, lsl #8
 728:	05040200 	streq	r0, [r4, #-512]	; 0xfffffe00
 72c:	00000228 	andeq	r0, r0, r8, lsr #4
 730:	3a080102 	bcc	200b40 <_long_tables+0x1f8b40>
 734:	04000002 	streq	r0, [r0], #-2
 738:	000001ee 	andeq	r0, r0, lr, ror #3
 73c:	56141a03 	ldrpl	r1, [r4], -r3, lsl #20
 740:	05000000 	streq	r0, [r0, #-0]
 744:	1234041c 	eorsne	r0, r4, #28, 8	; 0x1c000000
 748:	000000ef 	andeq	r0, r0, pc, ror #1
 74c:	0003bd06 	andeq	fp, r3, r6, lsl #26
 750:	0e350400 	cfabsseq	mvf0, mvf5
 754:	0000007e 	andeq	r0, r0, lr, ror r0
 758:	03760600 	cmneq	r6, #0, 12
 75c:	36040000 	strcc	r0, [r4], -r0
 760:	00007e0e 	andeq	r7, r0, lr, lsl #28
 764:	8a060400 	bhi	18176c <_long_tables+0x17976c>
 768:	04000003 	streq	r0, [r0], #-3
 76c:	007e0e37 	rsbseq	r0, lr, r7, lsr lr
 770:	06080000 	streq	r0, [r8], -r0
 774:	0000037c 	andeq	r0, r0, ip, ror r3
 778:	7e0e3804 	cdpvc	8, 0, cr3, cr14, cr4, {0}
 77c:	0c000000 	stceq	0, cr0, [r0], {-0}
 780:	53495207 	movtpl	r5, #37383	; 0x9207
 784:	0e390400 	cfabsseq	mvf0, mvf9
 788:	0000007e 	andeq	r0, r0, lr, ror r0
 78c:	494d0710 	stmdbmi	sp, {r4, r8, r9, sl}^
 790:	3a040053 	bcc	1008e4 <_long_tables+0xf88e4>
 794:	00007e0e 	andeq	r7, r0, lr, lsl #28
 798:	bb061400 	bllt	1857a0 <_long_tables+0x17d7a0>
 79c:	04000003 	streq	r0, [r0], #-3
 7a0:	007e0e3b 	rsbseq	r0, lr, fp, lsr lr
 7a4:	00180000 	andseq	r0, r8, r0
 7a8:	00008a08 	andeq	r8, r0, r8, lsl #20
 7ac:	039a0400 	orrseq	r0, sl, #0, 8
 7b0:	3c040000 	stccc	0, cr0, [r4], {-0}
 7b4:	0000ef03 	andeq	lr, r0, r3, lsl #30
 7b8:	038f0900 	orreq	r0, pc, #0, 18
 7bc:	0b010000 	bleq	407c4 <_long_tables+0x387c4>
 7c0:	03044c06 	movweq	r4, #19462	; 0x4c06
 7c4:	00002670 	andeq	r2, r0, r0, ror r6
 7c8:	379c0100 	ldrcc	r0, [ip, r0, lsl #2]
 7cc:	0a000001 	beq	7d8 <_PUBLIC_SIZE_TEXT+0x364>
 7d0:	00000383 	andeq	r0, r0, r3, lsl #7
 7d4:	3d190d01 	ldccc	13, cr0, [r9, #-4]
 7d8:	00000001 	andeq	r0, r0, r1
 7dc:	0a100110 	beq	400c24 <_long_tables+0x3f8c24>
 7e0:	000003a3 	andeq	r0, r0, r3, lsr #7
 7e4:	48190e01 	ldmdami	r9, {r0, r9, sl, fp}
 7e8:	00000001 	andeq	r0, r0, r1
 7ec:	00100010 	andseq	r0, r0, r0, lsl r0
 7f0:	00f4040b 	rscseq	r0, r4, fp, lsl #8
 7f4:	370c0000 	strcc	r0, [ip, -r0]
 7f8:	0b000001 	bleq	804 <_PUBLIC_SIZE_TEXT+0x390>
 7fc:	00007e04 	andeq	r7, r0, r4, lsl #28
 800:	01420c00 	cmpeq	r2, r0, lsl #24
 804:	La dirección 0x0000000000000804 está fuera de los límites.


Desensamblado de la sección .debug_abbrev:

00000000 <.debug_abbrev>:
   0:	10001101 	andne	r1, r0, r1, lsl #2
   4:	12011106 	andne	r1, r1, #-2147483647	; 0x80000001
   8:	1b0e0301 	blne	380c14 <_long_tables+0x378c14>
   c:	130e250e 	movwne	r2, #58638	; 0xe50e
  10:	00000005 	andeq	r0, r0, r5
  14:	10001101 	andne	r1, r0, r1, lsl #2
  18:	03065506 	movweq	r5, #25862	; 0x6506
  1c:	250e1b0e 	strcs	r1, [lr, #-2830]	; 0xfffff4f2
  20:	0005130e 	andeq	r1, r5, lr, lsl #6
  24:	11010000 	mrsne	r0, (UNDEF: 1)
  28:	11061000 	mrsne	r1, (UNDEF: 6)
  2c:	03011201 	movweq	r1, #4609	; 0x1201
  30:	250e1b0e 	strcs	r1, [lr, #-2830]	; 0xfffff4f2
  34:	0005130e 	andeq	r1, r5, lr, lsl #6
  38:	11010000 	mrsne	r0, (UNDEF: 1)
  3c:	11061000 	mrsne	r1, (UNDEF: 6)
  40:	03011201 	movweq	r1, #4609	; 0x1201
  44:	250e1b0e 	strcs	r1, [lr, #-2830]	; 0xfffff4f2
  48:	0005130e 	andeq	r1, r5, lr, lsl #6
  4c:	11010000 	mrsne	r0, (UNDEF: 1)
  50:	11061000 	mrsne	r1, (UNDEF: 6)
  54:	03011201 	movweq	r1, #4609	; 0x1201
  58:	250e1b0e 	strcs	r1, [lr, #-2830]	; 0xfffff4f2
  5c:	0005130e 	andeq	r1, r5, lr, lsl #6
  60:	11010000 	mrsne	r0, (UNDEF: 1)
  64:	11061000 	mrsne	r1, (UNDEF: 6)
  68:	03011201 	movweq	r1, #4609	; 0x1201
  6c:	250e1b0e 	strcs	r1, [lr, #-2830]	; 0xfffff4f2
  70:	0005130e 	andeq	r1, r5, lr, lsl #6
  74:	11010000 	mrsne	r0, (UNDEF: 1)
  78:	130e2501 	movwne	r2, #58625	; 0xe501
  7c:	1b0e030b 	blne	380cb0 <_long_tables+0x378cb0>
  80:	1117550e 	tstne	r7, lr, lsl #10
  84:	00171001 	andseq	r1, r7, r1
  88:	01010200 	mrseq	r0, R9_usr
  8c:	13011349 	movwne	r1, #4937	; 0x1349
  90:	21030000 	mrscs	r0, (UNDEF: 3)
  94:	04000000 	streq	r0, [r0], #-0
  98:	0b0b0024 	bleq	2c0130 <_long_tables+0x2b8130>
  9c:	0e030b3e 	vmoveq.16	d3[0], r0
  a0:	26050000 	strcs	r0, [r5], -r0
  a4:	00134900 	andseq	r4, r3, r0, lsl #18
  a8:	00340600 	eorseq	r0, r4, r0, lsl #12
  ac:	0b3a0e03 	bleq	e838c0 <_long_tables+0xe7b8c0>
  b0:	0b390b3b 	bleq	e42da4 <_long_tables+0xe3ada4>
  b4:	193f1349 	ldmdbne	pc!, {r0, r3, r6, r8, r9, ip}	; <UNPREDICTABLE>
  b8:	0000193c 	andeq	r1, r0, ip, lsr r9
  bc:	3f012e07 	svccc	0x00012e07
  c0:	3a0e0319 	bcc	380d2c <_long_tables+0x378d2c>
  c4:	390b3b0b 	stmdbcc	fp, {r0, r1, r3, r8, r9, fp, ip, sp}
  c8:	1119270b 	tstne	r9, fp, lsl #14
  cc:	40061201 	andmi	r1, r6, r1, lsl #4
  d0:	19429718 	stmdbne	r2, {r3, r4, r8, r9, sl, ip, pc}^
  d4:	00001301 	andeq	r1, r0, r1, lsl #6
  d8:	03000508 	movweq	r0, #1288	; 0x508
  dc:	3b0b3a0e 	blcc	2ce91c <_long_tables+0x2c691c>
  e0:	490b390b 	stmdbmi	fp, {r0, r1, r3, r8, fp, ip, sp}
  e4:	b7170213 			; <UNDEFINED> instruction: 0xb7170213
  e8:	00001742 	andeq	r1, r0, r2, asr #14
  ec:	03003409 	movweq	r3, #1033	; 0x409
  f0:	3b0b3a0e 	blcc	2ce930 <_long_tables+0x2c6930>
  f4:	490b390b 	stmdbmi	fp, {r0, r1, r3, r8, fp, ip, sp}
  f8:	b7170213 			; <UNDEFINED> instruction: 0xb7170213
  fc:	00001742 	andeq	r1, r0, r2, asr #14
 100:	0b000f0a 	bleq	3d30 <C_STACK_SIZE+0x2d30>
 104:	0b00000b 	bleq	138 <_PUB_RAM_IRQ_STACK_SIZE+0x38>
 108:	0b0b000f 	bleq	2c014c <_long_tables+0x2b814c>
 10c:	00001349 	andeq	r1, r0, r9, asr #6
 110:	0000260c 	andeq	r2, r0, ip, lsl #12
 114:	11010000 	mrsne	r0, (UNDEF: 1)
 118:	130e2501 	movwne	r2, #58625	; 0xe501
 11c:	1b0e030b 	blne	380d50 <_long_tables+0x378d50>
 120:	1117550e 	tstne	r7, lr, lsl #10
 124:	00171001 	andseq	r1, r7, r1
 128:	00240200 	eoreq	r0, r4, r0, lsl #4
 12c:	0b3e0b0b 	bleq	f82d60 <_long_tables+0xf7ad60>
 130:	00000803 	andeq	r0, r0, r3, lsl #16
 134:	0b002403 	bleq	9148 <_long_tables+0x1148>
 138:	030b3e0b 	movweq	r3, #48651	; 0xbe0b
 13c:	0400000e 	streq	r0, [r0], #-14
 140:	0e030016 	mcreq	0, 0, r0, cr3, cr6, {0}
 144:	0b3b0b3a 	bleq	ec2e34 <_long_tables+0xebae34>
 148:	13490b39 	movtne	r0, #39737	; 0x9b39
 14c:	13050000 	movwne	r0, #20480	; 0x5000
 150:	3a0b0b01 	bcc	2c2d5c <_long_tables+0x2bad5c>
 154:	390b3b0b 	stmdbcc	fp, {r0, r1, r3, r8, r9, fp, ip, sp}
 158:	0013010b 	andseq	r0, r3, fp, lsl #2
 15c:	000d0600 	andeq	r0, sp, r0, lsl #12
 160:	0b3a0e03 	bleq	e83974 <_long_tables+0xe7b974>
 164:	0b390b3b 	bleq	e42e58 <_long_tables+0xe3ae58>
 168:	0b381349 	bleq	e04e94 <_long_tables+0xdfce94>
 16c:	0d070000 	stceq	0, cr0, [r7, #-0]
 170:	3a080300 	bcc	200d78 <_long_tables+0x1f8d78>
 174:	390b3b0b 	stmdbcc	fp, {r0, r1, r3, r8, r9, fp, ip, sp}
 178:	3813490b 	ldmdacc	r3, {r0, r1, r3, r8, fp, lr}
 17c:	0800000b 	stmdaeq	r0, {r0, r1, r3}
 180:	13490035 	movtne	r0, #36917	; 0x9035
 184:	13090000 	movwne	r0, #36864	; 0x9000
 188:	0b0e0301 	bleq	380d94 <_long_tables+0x378d94>
 18c:	3b0b3a0b 	blcc	2ce9c0 <_long_tables+0x2c69c0>
 190:	010b390b 	tsteq	fp, fp, lsl #18
 194:	0a000013 	beq	1e8 <_PUB_RAM_IRQ_STACK_SIZE+0xe8>
 198:	13490101 	movtne	r0, #37121	; 0x9101
 19c:	00001301 	andeq	r1, r0, r1, lsl #6
 1a0:	4900210b 	stmdbmi	r0, {r0, r1, r3, r8, sp}
 1a4:	000b2f13 	andeq	r2, fp, r3, lsl pc
 1a8:	012e0c00 			; <UNDEFINED> instruction: 0x012e0c00
 1ac:	0e03193f 			; <UNDEFINED> instruction: 0x0e03193f
 1b0:	0b3b0b3a 	bleq	ec2ea0 <_long_tables+0xebaea0>
 1b4:	19270b39 	stmdbne	r7!, {r0, r3, r4, r5, r8, r9, fp}
 1b8:	06120111 			; <UNDEFINED> instruction: 0x06120111
 1bc:	42971840 	addsmi	r1, r7, #64, 16	; 0x400000
 1c0:	00130119 	andseq	r0, r3, r9, lsl r1
 1c4:	00050d00 	andeq	r0, r5, r0, lsl #26
 1c8:	0b3a0803 	bleq	e821dc <_long_tables+0xe7a1dc>
 1cc:	0b390b3b 	bleq	e42ec0 <_long_tables+0xe3aec0>
 1d0:	18021349 	stmdane	r2, {r0, r3, r6, r8, r9, ip}
 1d4:	340e0000 	strcc	r0, [lr], #-0
 1d8:	3a0e0300 	bcc	380de0 <_long_tables+0x378de0>
 1dc:	390b3b0b 	stmdbcc	fp, {r0, r1, r3, r8, r9, fp, ip, sp}
 1e0:	1c13490b 			; <UNDEFINED> instruction: 0x1c13490b
 1e4:	0f000006 	svceq	0x00000006
 1e8:	08030034 	stmdaeq	r3, {r2, r4, r5}
 1ec:	0b3b0b3a 	bleq	ec2edc <_long_tables+0xebaedc>
 1f0:	13490b39 	movtne	r0, #39737	; 0x9b39
 1f4:	42b71702 	adcsmi	r1, r7, #524288	; 0x80000
 1f8:	10000017 	andne	r0, r0, r7, lsl r0
 1fc:	0b0b000f 	bleq	2c0240 <_long_tables+0x2b8240>
 200:	00001349 	andeq	r1, r0, r9, asr #6
 204:	49002611 	stmdbmi	r0, {r0, r4, r9, sl, sp}
 208:	00000013 	andeq	r0, r0, r3, lsl r0
 20c:	25011101 	strcs	r1, [r1, #-257]	; 0xfffffeff
 210:	030b130e 	movweq	r1, #45838	; 0xb30e
 214:	110e1b0e 	tstne	lr, lr, lsl #22
 218:	10061201 	andne	r1, r6, r1, lsl #4
 21c:	02000017 	andeq	r0, r0, #23
 220:	0b0b0024 	bleq	2c02b8 <_long_tables+0x2b82b8>
 224:	08030b3e 	stmdaeq	r3, {r1, r2, r3, r4, r5, r8, r9, fp}
 228:	24030000 	strcs	r0, [r3], #-0
 22c:	3e0b0b00 	vmlacc.f64	d0, d11, d0
 230:	000e030b 	andeq	r0, lr, fp, lsl #6
 234:	00160400 	andseq	r0, r6, r0, lsl #8
 238:	0b3a0e03 	bleq	e83a4c <_long_tables+0xe7ba4c>
 23c:	0b390b3b 	bleq	e42f30 <_long_tables+0xe3af30>
 240:	00001349 	andeq	r1, r0, r9, asr #6
 244:	0b011305 	bleq	44e60 <_long_tables+0x3ce60>
 248:	3b0b3a0b 	blcc	2cea7c <_long_tables+0x2c6a7c>
 24c:	010b390b 	tsteq	fp, fp, lsl #18
 250:	06000013 			; <UNDEFINED> instruction: 0x06000013
 254:	0e03000d 	cdpeq	0, 0, cr0, cr3, cr13, {0}
 258:	0b3b0b3a 	bleq	ec2f48 <_long_tables+0xebaf48>
 25c:	13490b39 	movtne	r0, #39737	; 0x9b39
 260:	00000b38 	andeq	r0, r0, r8, lsr fp
 264:	03000d07 	movweq	r0, #3335	; 0xd07
 268:	3b0b3a08 	blcc	2cea90 <_long_tables+0x2c6a90>
 26c:	490b390b 	stmdbmi	fp, {r0, r1, r3, r8, fp, ip, sp}
 270:	000b3813 	andeq	r3, fp, r3, lsl r8
 274:	00350800 	eorseq	r0, r5, r0, lsl #16
 278:	00001349 	andeq	r1, r0, r9, asr #6
 27c:	0b011309 	bleq	44ea8 <_long_tables+0x3cea8>
 280:	3b0b3a05 	blcc	2cea9c <_long_tables+0x2c6a9c>
 284:	010b390b 	tsteq	fp, fp, lsl #18
 288:	0a000013 	beq	2dc <_PUB_RAM_IRQ_STACK_SIZE+0x1dc>
 28c:	0e03000d 	cdpeq	0, 0, cr0, cr3, cr13, {0}
 290:	0b3b0b3a 	bleq	ec2f80 <_long_tables+0xebaf80>
 294:	13490b39 	movtne	r0, #39737	; 0x9b39
 298:	00000538 	andeq	r0, r0, r8, lsr r5
 29c:	4901010b 	stmdbmi	r1, {r0, r1, r3, r8}
 2a0:	00130113 	andseq	r0, r3, r3, lsl r1
 2a4:	00210c00 	eoreq	r0, r1, r0, lsl #24
 2a8:	0b2f1349 	bleq	bc4fd4 <_long_tables+0xbbcfd4>
 2ac:	210d0000 	mrscs	r0, (UNDEF: 13)
 2b0:	2f134900 	svccs	0x00134900
 2b4:	0e000005 	cdpeq	0, 0, cr0, cr0, cr5, {0}
 2b8:	193f012e 	ldmdbne	pc!, {r1, r2, r3, r5, r8}	; <UNPREDICTABLE>
 2bc:	0b3a0e03 	bleq	e83ad0 <_long_tables+0xe7bad0>
 2c0:	0b390b3b 	bleq	e42fb4 <_long_tables+0xe3afb4>
 2c4:	06120111 			; <UNDEFINED> instruction: 0x06120111
 2c8:	42971840 	addsmi	r1, r7, #64, 16	; 0x400000
 2cc:	00130119 	andseq	r0, r3, r9, lsl r1
 2d0:	00340f00 	eorseq	r0, r4, r0, lsl #30
 2d4:	0b3a0e03 	bleq	e83ae8 <_long_tables+0xe7bae8>
 2d8:	0b390b3b 	bleq	e42fcc <_long_tables+0xe3afcc>
 2dc:	061c1349 	ldreq	r1, [ip], -r9, asr #6
 2e0:	0f100000 	svceq	0x00100000
 2e4:	490b0b00 	stmdbmi	fp, {r8, r9, fp}
 2e8:	11000013 	tstne	r0, r3, lsl r0
 2ec:	13490026 	movtne	r0, #36902	; 0x9026
 2f0:	01000000 	mrseq	r0, (UNDEF: 0)
 2f4:	0e250111 	mcreq	1, 1, r0, cr5, cr1, {0}
 2f8:	0e030b13 	vmoveq.32	d3[0], r0
 2fc:	01110e1b 	tsteq	r1, fp, lsl lr
 300:	17100612 			; <UNDEFINED> instruction: 0x17100612
 304:	24020000 	strcs	r0, [r2], #-0
 308:	3e0b0b00 	vmlacc.f64	d0, d11, d0
 30c:	000e030b 	andeq	r0, lr, fp, lsl #6
 310:	00240300 	eoreq	r0, r4, r0, lsl #6
 314:	0b3e0b0b 	bleq	f82f48 <_long_tables+0xf7af48>
 318:	00000803 	andeq	r0, r0, r3, lsl #16
 31c:	03001604 	movweq	r1, #1540	; 0x604
 320:	3b0b3a0e 	blcc	2ceb60 <_long_tables+0x2c6b60>
 324:	490b390b 	stmdbmi	fp, {r0, r1, r3, r8, fp, ip, sp}
 328:	05000013 	streq	r0, [r0, #-19]	; 0xffffffed
 32c:	0b0b0113 	bleq	2c0780 <_long_tables+0x2b8780>
 330:	0b3b0b3a 	bleq	ec3020 <_long_tables+0xebb020>
 334:	13010b39 	movwne	r0, #6969	; 0x1b39
 338:	0d060000 	stceq	0, cr0, [r6, #-0]
 33c:	3a0e0300 	bcc	380f44 <_long_tables+0x378f44>
 340:	390b3b0b 	stmdbcc	fp, {r0, r1, r3, r8, r9, fp, ip, sp}
 344:	3813490b 	ldmdacc	r3, {r0, r1, r3, r8, fp, lr}
 348:	0700000b 	streq	r0, [r0, -fp]
 34c:	0803000d 	stmdaeq	r3, {r0, r2, r3}
 350:	0b3b0b3a 	bleq	ec3040 <_long_tables+0xebb040>
 354:	13490b39 	movtne	r0, #39737	; 0x9b39
 358:	00000b38 	andeq	r0, r0, r8, lsr fp
 35c:	49003508 	stmdbmi	r0, {r3, r8, sl, ip, sp}
 360:	09000013 	stmdbeq	r0, {r0, r1, r4}
 364:	193f012e 	ldmdbne	pc!, {r1, r2, r3, r5, r8}	; <UNPREDICTABLE>
 368:	0b3a0e03 	bleq	e83b7c <_long_tables+0xe7bb7c>
 36c:	0b390b3b 	bleq	e43060 <_long_tables+0xe3b060>
 370:	06120111 			; <UNDEFINED> instruction: 0x06120111
 374:	42971840 	addsmi	r1, r7, #64, 16	; 0x400000
 378:	00130119 	andseq	r0, r3, r9, lsl r1
 37c:	00340a00 	eorseq	r0, r4, r0, lsl #20
 380:	0b3a0e03 	bleq	e83b94 <_long_tables+0xe7bb94>
 384:	0b390b3b 	bleq	e43078 <_long_tables+0xe3b078>
 388:	061c1349 	ldreq	r1, [ip], -r9, asr #6
 38c:	0f0b0000 	svceq	0x000b0000
 390:	490b0b00 	stmdbmi	fp, {r8, r9, fp}
 394:	0c000013 	stceq	0, cr0, [r0], {19}
 398:	13490026 	movtne	r0, #36902	; 0x9026
 39c:	La dirección 0x000000000000039c está fuera de los límites.


Desensamblado de la sección .debug_aranges:

00000000 <.debug_aranges>:
   0:	0000001c 	andeq	r0, r0, ip, lsl r0
   4:	00000002 	andeq	r0, r0, r2
   8:	00040000 	andeq	r0, r4, r0
   c:	00000000 	andeq	r0, r0, r0
  10:	70030000 	andvc	r0, r3, r0
  14:	000000c4 	andeq	r0, r0, r4, asr #1
	...
  20:	00000024 	andeq	r0, r0, r4, lsr #32
  24:	00260002 	eoreq	r0, r6, r2
  28:	00040000 	andeq	r0, r4, r0
  2c:	00000000 	andeq	r0, r0, r0
  30:	70010018 	andvc	r0, r1, r8, lsl r0
  34:	00000044 	andeq	r0, r0, r4, asr #32
  38:	700300c4 	andvc	r0, r3, r4, asr #1
  3c:	00000040 	andeq	r0, r0, r0, asr #32
	...
  48:	0000001c 	andeq	r0, r0, ip, lsl r0
  4c:	00480002 	subeq	r0, r8, r2
  50:	00040000 	andeq	r0, r4, r0
  54:	00000000 	andeq	r0, r0, r0
  58:	70030104 	andvc	r0, r3, r4, lsl #2
  5c:	000001a0 	andeq	r0, r0, r0, lsr #3
	...
  68:	0000001c 	andeq	r0, r0, ip, lsl r0
  6c:	006e0002 	rsbeq	r0, lr, r2
  70:	00040000 	andeq	r0, r4, r0
  74:	00000000 	andeq	r0, r0, r0
  78:	700302a4 	andvc	r0, r3, r4, lsr #5
  7c:	00000084 	andeq	r0, r0, r4, lsl #1
	...
  88:	0000001c 	andeq	r0, r0, ip, lsl r0
  8c:	00940002 	addseq	r0, r4, r2
  90:	00040000 	andeq	r0, r4, r0
  94:	00000000 	andeq	r0, r0, r0
  98:	70030328 	andvc	r0, r3, r8, lsr #6
  9c:	000000f4 	strdeq	r0, [r0], -r4
	...
  a8:	0000001c 	andeq	r0, r0, ip, lsl r0
  ac:	00ba0002 	adcseq	r0, sl, r2
  b0:	00040000 	andeq	r0, r4, r0
  b4:	00000000 	andeq	r0, r0, r0
  b8:	70010000 	andvc	r0, r1, r0
  bc:	00000018 	andeq	r0, r0, r8, lsl r0
	...
  c8:	0000001c 	andeq	r0, r0, ip, lsl r0
  cc:	00e00002 	rsceq	r0, r0, r2
  d0:	00040000 	andeq	r0, r4, r0
  d4:	00000000 	andeq	r0, r0, r0
  d8:	7001005c 	andvc	r0, r1, ip, asr r0
  dc:	00000014 	andeq	r0, r0, r4, lsl r0
	...
  e8:	0000001c 	andeq	r0, r0, ip, lsl r0
  ec:	01c00002 	biceq	r0, r0, r2
  f0:	00040000 	andeq	r0, r4, r0
  f4:	00000000 	andeq	r0, r0, r0
  f8:	7003041c 	andvc	r0, r3, ip, lsl r4
  fc:	0000000a 	andeq	r0, r0, sl
	...
 108:	0000001c 	andeq	r0, r0, ip, lsl r0
 10c:	03820002 	orreq	r0, r2, #2
 110:	00040000 	andeq	r0, r4, r0
 114:	00000000 	andeq	r0, r0, r0
 118:	70030428 	andvc	r0, r3, r8, lsr #8
 11c:	00000024 	andeq	r0, r0, r4, lsr #32
	...
 128:	0000001c 	andeq	r0, r0, ip, lsl r0
 12c:	06b90002 	ldrteq	r0, [r9], r2
 130:	00040000 	andeq	r0, r4, r0
 134:	00000000 	andeq	r0, r0, r0
 138:	7003044c 	andvc	r0, r3, ip, asr #8
 13c:	00000026 	andeq	r0, r0, r6, lsr #32
	...

Desensamblado de la sección .debug_str:

00000000 <.debug_str>:
   0:	2f637273 	svccs	0x00637273
   4:	5f776f6c 	svcpl	0x00776f6c
   8:	6576656c 	ldrbvs	r6, [r6, #-1388]!	; 0xfffffa94
   c:	70635f6c 	rsbvc	r5, r3, ip, ror #30
  10:	63615f75 	cmnvs	r1, #468	; 0x1d4
  14:	73736563 	cmnvc	r3, #415236096	; 0x18c00000
  18:	2f00732e 	svccs	0x0000732e
  1c:	656d6f68 	strbvs	r6, [sp, #-3944]!	; 0xfffff098
  20:	6261672f 	rsbvs	r6, r1, #12320768	; 0xbc0000
  24:	6c656972 			; <UNDEFINED> instruction: 0x6c656972
  28:	73697263 	cmnvc	r9, #805306374	; 0x30000006
  2c:	6f696661 	svcvs	0x00696661
  30:	6373452f 	cmnvs	r3, #197132288	; 0xbc00000
  34:	6f746972 	svcvs	0x00746972
  38:	2f6f6972 	svccs	0x006f6972
  3c:	2d334454 	cfldrscs	mvf4, [r3, #-336]!	; 0xfffffeb0
  40:	33323032 	teqcc	r2, #50	; 0x32
  44:	6e694c2d 	cdpvs	12, 6, cr4, cr9, cr13, {1}
  48:	472f7875 			; <UNDEFINED> instruction: 0x472f7875
  4c:	722f5449 	eorvc	r5, pc, #1224736768	; 0x49000000
  50:	6c6f7065 	stclvs	0, cr7, [pc], #-404	; fffffec4 <L2_first_page+0x8ffabec4>
  54:	6c61636f 	stclvs	3, cr6, [r1], #-444	; 0xfffffe44
  58:	3035722f 	eorscc	r7, r5, pc, lsr #4
  5c:	432d3135 			; <UNDEFINED> instruction: 0x432d3135
  60:	41534952 	cmpmi	r3, r2, asr r9
  64:	2d4f4946 	vstrcs.16	s9, [pc, #-140]	; ffffffe0 <L2_first_page+0x8ffabfe0>	; <UNPREDICTABLE>
  68:	52424147 	subpl	r4, r2, #-1073741807	; 0xc0000011
  6c:	2f4c4549 	svccs	0x004c4549
  70:	635f3130 	cmpvs	pc, #48, 2
  74:	2f746175 	svccs	0x00746175
  78:	2f365054 	svccs	0x00365054
  7c:	5f365054 	svcpl	0x00365054
  80:	47003176 	smlsdxmi	r0, r6, r1, r3
  84:	4120554e 			; <UNDEFINED> instruction: 0x4120554e
  88:	2e322053 	mrccs	0, 1, r2, cr2, cr3, {2}
  8c:	73003433 	movwvc	r3, #1075	; 0x433
  90:	742f6372 	strtvc	r6, [pc], #-882	; 98 <ABT_STACK_SIZE+0x18>
  94:	6d5f3364 	ldclvs	3, cr3, [pc, #-400]	; ffffff0c <L2_first_page+0x8ffabf0c>
  98:	6f636d65 	svcvs	0x00636d65
  9c:	732e7970 			; <UNDEFINED> instruction: 0x732e7970
  a0:	63727300 	cmnvs	r2, #0, 6
  a4:	6761702f 	strbvs	r7, [r1, -pc, lsr #32]!
  a8:	63616e69 	cmnvs	r1, #1680	; 0x690
  ac:	2e6e6f69 	cdpcs	15, 6, cr6, cr14, cr9, {3}
  b0:	72730073 	rsbsvc	r0, r3, #115	; 0x73
  b4:	78652f63 	stmdavc	r5!, {r0, r1, r5, r6, r8, r9, sl, fp, sp}^
  b8:	74706563 	ldrbtvc	r6, [r0], #-1379	; 0xfffffa9d
  bc:	5f6e6f69 	svcpl	0x006e6f69
  c0:	646e6168 	strbtvs	r6, [lr], #-360	; 0xfffffe98
  c4:	7372656c 	cmnvc	r2, #108, 10	; 0x1b000000
  c8:	7300732e 	movwvc	r7, #814	; 0x32e
  cc:	732f6372 			; <UNDEFINED> instruction: 0x732f6372
  d0:	74726174 	ldrbtvc	r6, [r2], #-372	; 0xfffffe8c
  d4:	732e7075 			; <UNDEFINED> instruction: 0x732e7075
  d8:	63727300 	cmnvs	r2, #0, 6
  dc:	7365722f 	cmnvc	r5, #-268435454	; 0xf0000002
  e0:	765f7465 	ldrbvc	r7, [pc], -r5, ror #8
  e4:	6f746365 	svcvs	0x00746365
  e8:	00732e72 	rsbseq	r2, r3, r2, ror lr
  ec:	447a7370 	ldrbtmi	r7, [sl], #-880	; 0xfffffc90
  f0:	00747365 	rsbseq	r7, r4, r5, ror #6
  f4:	5f6d756e 	svcpl	0x006d756e
  f8:	65747962 	ldrbvs	r7, [r4, #-2402]!	; 0xfffff69e
  fc:	64740073 	ldrbtvs	r0, [r4], #-115	; 0xffffff8d
 100:	656d5f33 	strbvs	r5, [sp, #-3891]!	; 0xfffff0cd
 104:	706f636d 	rsbvc	r6, pc, sp, ror #6
 108:	65640079 	strbvs	r0, [r4, #-121]!	; 0xffffff87
 10c:	6e697473 	mcrvs	4, 3, r7, cr9, cr3, {3}
 110:	726f006f 	rsbvc	r0, pc, #111	; 0x6f
 114:	6e656769 	cdpvs	7, 6, cr6, cr5, cr9, {3}
 118:	554e4700 	strbpl	r4, [lr, #-1792]	; 0xfffff900
 11c:	39394320 	ldmdbcc	r9!, {r5, r8, r9, lr}
 120:	342e3920 	strtcc	r3, [lr], #-2336	; 0xfffff6e0
 124:	2d20302e 	stccs	0, cr3, [r0, #-184]!	; 0xffffff48
 128:	7570636d 	ldrbvc	r6, [r0, #-877]!	; 0xfffffc93
 12c:	726f633d 	rsbvc	r6, pc, #-201326592	; 0xf4000000
 130:	2d786574 	cfldr64cs	mvdx6, [r8, #-464]!	; 0xfffffe30
 134:	2d203861 	stccs	8, cr3, [r0, #-388]!	; 0xfffffe7c
 138:	6f6c666d 	svcvs	0x006c666d
 13c:	612d7461 			; <UNDEFINED> instruction: 0x612d7461
 140:	683d6962 	ldmdavs	sp!, {r1, r5, r6, r8, fp, sp, lr}
 144:	20647261 	rsbcs	r7, r4, r1, ror #4
 148:	70666d2d 	rsbvc	r6, r6, sp, lsr #26
 14c:	66763d75 			; <UNDEFINED> instruction: 0x66763d75
 150:	2d337670 	ldccs	6, cr7, [r3, #-448]!	; 0xfffffe40
 154:	20363164 	eorscs	r3, r6, r4, ror #2
 158:	68746d2d 	ldmdavs	r4!, {r0, r2, r3, r5, r8, sl, fp, sp, lr}^
 15c:	20626d75 	rsbcs	r6, r2, r5, ror sp
 160:	6c746d2d 	ldclvs	13, cr6, [r4], #-180	; 0xffffff4c
 164:	69642d73 	stmdbvs	r4!, {r0, r1, r4, r5, r6, r8, sl, fp, sp}^
 168:	63656c61 	cmnvs	r5, #24832	; 0x6100
 16c:	6e673d74 	mcrvs	13, 3, r3, cr7, cr4, {3}
 170:	6d2d2075 	stcvs	0, cr2, [sp, #-468]!	; 0xfffffe2c
 174:	68637261 	stmdavs	r3!, {r0, r5, r6, r9, ip, sp, lr}^
 178:	6d72613d 	ldfvse	f6, [r2, #-244]!	; 0xffffff0c
 17c:	612d3776 			; <UNDEFINED> instruction: 0x612d3776
 180:	6365732b 	cmnvs	r5, #-1409286144	; 0xac000000
 184:	2070662b 	rsbscs	r6, r0, fp, lsr #12
 188:	2d20672d 	stccs	7, cr6, [r0, #-180]!	; 0xffffff4c
 18c:	2d20324f 	sfmcs	f3, 4, [r0, #-316]!	; 0xfffffec4
 190:	3d647473 	cfstrdcc	mvd7, [r4, #-460]!	; 0xfffffe34
 194:	39756e67 	ldmdbcc	r5!, {r0, r1, r2, r5, r6, r9, sl, fp, sp, lr}^
 198:	662d2039 			; <UNDEFINED> instruction: 0x662d2039
 19c:	63617473 	cmnvs	r1, #1929379840	; 0x73000000
 1a0:	72702d6b 	rsbsvc	r2, r0, #6848	; 0x1ac0
 1a4:	6365746f 	cmnvs	r5, #1862270976	; 0x6f000000
 1a8:	2d726f74 	ldclcs	15, cr6, [r2, #-464]!	; 0xfffffe30
 1ac:	6f727473 	svcvs	0x00727473
 1b0:	7000676e 	andvc	r6, r0, lr, ror #14
 1b4:	6f537a73 	svcvs	0x00537a73
 1b8:	65637275 	strbvs	r7, [r3, #-629]!	; 0xfffffd8b
 1bc:	6e656d00 	cdpvs	13, 6, cr6, cr5, cr0, {0}
 1c0:	656a6173 	strbvs	r6, [sl, #-371]!	; 0xfffffe8d
 1c4:	63727300 	cmnvs	r2, #0, 6
 1c8:	3364742f 	cmncc	r4, #788529152	; 0x2f000000
 1cc:	6b00632e 	blvs	18e8c <_long_tables+0x10e8c>
 1d0:	656e7265 	strbvs	r7, [lr, #-613]!	; 0xfffffd9b
 1d4:	61685f6c 	cmnvs	r8, ip, ror #30
 1d8:	656c646e 	strbvs	r6, [ip, #-1134]!	; 0xfffffb92
 1dc:	72695f72 	rsbvc	r5, r9, #456	; 0x1c8
 1e0:	68730071 	ldmdavs	r3!, {r0, r4, r5, r6}^
 1e4:	2074726f 	rsbscs	r7, r4, pc, ror #4
 1e8:	00746e69 	rsbseq	r6, r4, r9, ror #28
 1ec:	69755f5f 	ldmdbvs	r5!, {r0, r1, r2, r3, r4, r6, r8, r9, sl, fp, ip, lr}^
 1f0:	3233746e 	eorscc	r7, r3, #1845493760	; 0x6e000000
 1f4:	4700745f 	smlsdmi	r0, pc, r4, r7	; <UNPREDICTABLE>
 1f8:	30434349 	subcc	r4, r3, r9, asr #6
 1fc:	69675f00 	stmdbvs	r7!, {r8, r9, sl, fp, ip, lr}^
 200:	745f6363 	ldrbvc	r6, [pc], #-867	; 208 <_PUB_RAM_IRQ_STACK_SIZE+0x108>
 204:	494f4500 	stmdbmi	pc, {r8, sl, lr}^	; <UNPREDICTABLE>
 208:	72730052 	rsbsvc	r0, r3, #82	; 0x52
 20c:	78652f63 	stmdavc	r5!, {r0, r1, r5, r6, r8, r9, sl, fp, sp}^
 210:	74706563 	ldrbtvc	r6, [r0], #-1379	; 0xfffffa9d
 214:	5f6e6f69 	svcpl	0x006e6f69
 218:	646e6168 	strbtvs	r6, [lr], #-360	; 0xfffffe98
 21c:	7372656c 	cmnvc	r2, #108, 10	; 0x1b000000
 220:	6c00632e 	stcvs	3, cr6, [r0], {46}	; 0x2e
 224:	20676e6f 	rsbcs	r6, r7, pc, ror #28
 228:	676e6f6c 	strbvs	r6, [lr, -ip, ror #30]!
 22c:	746e6920 	strbtvc	r6, [lr], #-2336	; 0xfffff6e0
 230:	736e7500 	cmnvc	lr, #0, 10
 234:	656e6769 	strbvs	r6, [lr, #-1897]!	; 0xfffff897
 238:	68632064 	stmdavs	r3!, {r2, r5, r6, sp}^
 23c:	63007261 	movwvs	r7, #609	; 0x261
 240:	00727370 	rsbseq	r7, r2, r0, ror r3
 244:	676e6f6c 	strbvs	r6, [lr, -ip, ror #30]!
 248:	6e6f6c20 	cdpvs	12, 6, cr6, cr15, cr0, {1}
 24c:	6e752067 	cdpvs	0, 7, cr2, cr5, cr7, {3}
 250:	6e676973 			; <UNDEFINED> instruction: 0x6e676973
 254:	69206465 	stmdbvs	r0!, {r0, r2, r5, r6, sl, sp, lr}
 258:	4800746e 	stmdami	r0, {r1, r2, r3, r5, r6, sl, ip, sp, lr}
 25c:	52495050 	subpl	r5, r9, #80	; 0x50
 260:	6f687300 	svcvs	0x00687300
 264:	75207472 	strvc	r7, [r0, #-1138]!	; 0xfffffb8e
 268:	6769736e 	strbvs	r7, [r9, -lr, ror #6]!
 26c:	2064656e 	rsbcs	r6, r4, lr, ror #10
 270:	00746e69 	rsbseq	r6, r4, r9, ror #28
 274:	5f787463 	svcpl	0x00787463
 278:	54430074 	strbpl	r0, [r3], #-116	; 0xffffff8c
 27c:	4900524c 	stmdbmi	r0, {r2, r3, r6, r9, ip, lr}
 280:	414e4543 	cmpmi	lr, r3, asr #10
 284:	52454c42 	subpl	r4, r5, #16896	; 0x4200
 288:	50595400 	subspl	r5, r9, r0, lsl #8
 28c:	5f005245 	svcpl	0x00005245
 290:	64636967 	strbtvs	r6, [r3], #-2407	; 0xfffff699
 294:	4900745f 	stmdbmi	r0, {r0, r1, r2, r3, r4, r6, sl, ip, sp, lr}
 298:	52474643 	subpl	r4, r7, #70254592	; 0x4300000
 29c:	52504900 	subspl	r4, r0, #0, 18
 2a0:	49524f49 	ldmdbmi	r2, {r0, r3, r6, r8, r9, sl, fp, lr}^
 2a4:	00525954 	subseq	r5, r2, r4, asr r9
 2a8:	43415349 	movtmi	r5, #4937	; 0x1349
 2ac:	45564954 	ldrbmi	r4, [r6, #-2388]	; 0xfffff6ac
 2b0:	72730052 	rsbsvc	r0, r3, #82	; 0x52
 2b4:	69672f63 	stmdbvs	r7!, {r0, r1, r5, r6, r8, r9, sl, fp, sp}^
 2b8:	00632e63 	rsbeq	r2, r3, r3, ror #28
 2bc:	65736572 	ldrbvs	r6, [r3, #-1394]!	; 0xfffffa8e
 2c0:	64657672 	strbtvs	r7, [r5], #-1650	; 0xfffff98e
 2c4:	65720030 	ldrbvs	r0, [r2, #-48]!	; 0xffffffd0
 2c8:	76726573 			; <UNDEFINED> instruction: 0x76726573
 2cc:	00316465 	eorseq	r6, r1, r5, ror #8
 2d0:	65736572 	ldrbvs	r6, [r3, #-1394]!	; 0xfffffa8e
 2d4:	64657672 	strbtvs	r7, [r5], #-1650	; 0xfffff98e
 2d8:	65720032 	ldrbvs	r0, [r2, #-50]!	; 0xffffffce
 2dc:	76726573 			; <UNDEFINED> instruction: 0x76726573
 2e0:	00336465 	eorseq	r6, r3, r5, ror #8
 2e4:	65736572 	ldrbvs	r6, [r3, #-1394]!	; 0xfffffa8e
 2e8:	64657672 	strbtvs	r7, [r5], #-1650	; 0xfffff98e
 2ec:	65720034 	ldrbvs	r0, [r2, #-52]!	; 0xffffffcc
 2f0:	76726573 			; <UNDEFINED> instruction: 0x76726573
 2f4:	00356465 	eorseq	r6, r5, r5, ror #8
 2f8:	65736572 	ldrbvs	r6, [r3, #-1394]!	; 0xfffffa8e
 2fc:	64657672 	strbtvs	r7, [r5], #-1650	; 0xfffff98e
 300:	65720036 	ldrbvs	r0, [r2, #-54]!	; 0xffffffca
 304:	76726573 			; <UNDEFINED> instruction: 0x76726573
 308:	00376465 	eorseq	r6, r7, r5, ror #8
 30c:	69755f5f 	ldmdbvs	r5!, {r0, r1, r2, r3, r4, r6, r8, r9, sl, fp, ip, lr}^
 310:	5f38746e 	svcpl	0x0038746e
 314:	65720074 	ldrbvs	r0, [r2, #-116]!	; 0xffffff8c
 318:	76726573 			; <UNDEFINED> instruction: 0x76726573
 31c:	00396465 	eorseq	r6, r9, r5, ror #8
 320:	4e455349 	cdpmi	3, 4, cr5, cr5, cr9, {2}
 324:	454c4241 	strbmi	r4, [ip, #-577]	; 0xfffffdbf
 328:	69670052 	stmdbvs	r7!, {r1, r4, r6}^
 32c:	6e695f63 	cdpvs	15, 6, cr5, cr9, cr3, {3}
 330:	72007469 	andvc	r7, r0, #1761607680	; 0x69000000
 334:	72657365 	rsbvc	r7, r5, #-1811939327	; 0x94000001
 338:	38646576 	stmdacc	r4!, {r1, r2, r4, r5, r6, r8, sl, sp, lr}^
 33c:	50434900 	subpl	r4, r3, r0, lsl #18
 340:	52444e45 	subpl	r4, r4, #1104	; 0x450
 344:	49475300 	stmdbmi	r7, {r8, r9, ip, lr}^
 348:	50430052 	subpl	r0, r3, r2, asr r0
 34c:	4e495f55 	mcrmi	15, 2, r5, cr9, cr5, {2}
 350:	46524554 			; <UNDEFINED> instruction: 0x46524554
 354:	00454341 	subeq	r4, r5, r1, asr #6
 358:	54534944 	ldrbpl	r4, [r3], #-2372	; 0xfffff6bc
 35c:	55424952 	strbpl	r4, [r2, #-2386]	; 0xfffff6ae
 360:	00524f54 	subseq	r4, r2, r4, asr pc
 364:	52415449 	subpl	r5, r1, #1224736768	; 0x49000000
 368:	53544547 	cmppl	r4, #297795584	; 0x11c00000
 36c:	53490052 	movtpl	r0, #36946	; 0x9052
 370:	444e4550 	strbmi	r4, [lr], #-1360	; 0xfffffab0
 374:	41560052 	cmpmi	r6, r2, asr r0
 378:	0045554c 	subeq	r5, r5, ip, asr #10
 37c:	43544e49 	cmpmi	r4, #1168	; 0x490
 380:	54004c52 	strpl	r4, [r0], #-3154	; 0xfffff3ae
 384:	52454d49 	subpl	r4, r5, #4672	; 0x1240
 388:	54430030 	strbpl	r0, [r3], #-48	; 0xffffffd0
 38c:	74004c52 	strvc	r4, [r0], #-3154	; 0xfffff3ae
 390:	72656d69 	rsbvc	r6, r5, #6720	; 0x1a40
 394:	696e695f 	stmdbvs	lr!, {r0, r1, r2, r3, r4, r6, r8, fp, sp, lr}^
 398:	745f0074 	ldrbvc	r0, [pc], #-116	; 3a0 <_PUB_RAM_IRQ_STACK_SIZE+0x2a0>
 39c:	72656d69 	rsbvc	r6, r5, #6720	; 0x1a40
 3a0:	5300745f 	movwpl	r7, #1119	; 0x45f
 3a4:	45545359 	ldrbmi	r5, [r4, #-857]	; 0xfffffca7
 3a8:	5254434d 	subspl	r4, r4, #872415233	; 0x34000001
 3ac:	7300304c 	movwvc	r3, #76	; 0x4c
 3b0:	742f6372 	strtvc	r6, [pc], #-882	; 3b8 <_PUB_RAM_IRQ_STACK_SIZE+0x2b8>
 3b4:	72656d69 	rsbvc	r6, r5, #6720	; 0x1a40
 3b8:	4200632e 	andmi	r6, r0, #-1207959552	; 0xb8000000
 3bc:	414f4c47 	cmpmi	pc, r7, asr #24
 3c0:	La dirección 0x00000000000003c0 está fuera de los límites.


Desensamblado de la sección .debug_ranges:

00000000 <.debug_ranges>:
   0:	ffffffff 			; <UNDEFINED> instruction: 0xffffffff
   4:	00000000 	andeq	r0, r0, r0
   8:	70010018 	andvc	r0, r1, r8, lsl r0
   c:	7001005c 	andvc	r0, r1, ip, asr r0
  10:	700300c4 	andvc	r0, r3, r4, asr #1
  14:	70030104 	andvc	r0, r3, r4, lsl #2
	...
  20:	7001005c 	andvc	r0, r1, ip, asr r0
  24:	70010070 	andvc	r0, r1, r0, ror r0
	...
  30:	7003041c 	andvc	r0, r3, ip, lsl r4
  34:	70030426 	andvc	r0, r3, r6, lsr #8
	...

Desensamblado de la sección .debug_loc:

00000000 <.debug_loc>:
   0:	00000000 	andeq	r0, r0, r0
   4:	005c0000 	subseq	r0, ip, r0
   8:	00607001 	rsbeq	r7, r0, r1
   c:	00017001 	andeq	r7, r1, r1
  10:	01006050 	qaddeq	r6, r0, r0
  14:	01006270 	tsteq	r0, r0, ror r2
  18:	70000370 	andvc	r0, r0, r0, ror r3
  1c:	00629f01 	rsbeq	r9, r2, r1, lsl #30
  20:	00707001 	rsbseq	r7, r0, r1
  24:	00047001 	andeq	r7, r4, r1
  28:	9f5001f3 	svcls	0x005001f3
	...
  38:	7001005c 	andvc	r0, r1, ip, asr r0
  3c:	70010062 	andvc	r0, r1, r2, rrx
  40:	62510001 	subsvs	r0, r1, #1
  44:	70700100 	rsbsvc	r0, r0, r0, lsl #2
  48:	04700100 	ldrbteq	r0, [r0], #-256	; 0xffffff00
  4c:	5101f300 	mrspl	pc, SP_irq	; <UNPREDICTABLE>
  50:	0000009f 	muleq	r0, pc, r0	; <UNPREDICTABLE>
	...
  5c:	01005c00 	tsteq	r0, r0, lsl #24
  60:	01006270 	tsteq	r0, r0, ror r2
  64:	52000170 	andpl	r0, r0, #112, 2
  68:	70010062 	andvc	r0, r1, r2, rrx
  6c:	70010070 	andvc	r0, r1, r0, ror r0
  70:	01f30004 	mvnseq	r0, r4
  74:	00009f52 	andeq	r9, r0, r2, asr pc
  78:	00000000 	andeq	r0, r0, r0
  7c:	00020000 	andeq	r0, r2, r0
  80:	00000000 	andeq	r0, r0, r0
  84:	7001005c 	andvc	r0, r1, ip, asr r0
  88:	70010060 	andvc	r0, r1, r0, rrx
  8c:	60500001 	subsvs	r0, r0, r1
  90:	62700100 	rsbsvs	r0, r0, #0, 2
  94:	03700100 	cmneq	r0, #0, 2
  98:	9f017000 	svcls	0x00017000
  9c:	70010062 	andvc	r0, r1, r2, rrx
  a0:	7001006e 	andvc	r0, r1, lr, rrx
  a4:	01f30004 	mvnseq	r0, r4
  a8:	00009f50 	andeq	r9, r0, r0, asr pc
  ac:	00000000 	andeq	r0, r0, r0
  b0:	01030000 	mrseq	r0, (UNDEF: 3)
  b4:	00000001 	andeq	r0, r0, r1
  b8:	7001005c 	andvc	r0, r1, ip, asr r0
  bc:	70010062 	andvc	r0, r1, r2, rrx
  c0:	62510001 	subsvs	r0, r1, #1
  c4:	66700100 	ldrbtvs	r0, [r0], -r0, lsl #2
  c8:	03700100 	cmneq	r0, #0, 2
  cc:	9f017100 	svcls	0x00017100
  d0:	70010066 	andvc	r0, r1, r6, rrx
  d4:	70010070 	andvc	r0, r1, r0, ror r0
  d8:	00510001 	subseq	r0, r1, r1
	...
  e4:	03042200 	movweq	r2, #16896	; 0x4200
  e8:	03042670 	movweq	r2, #18032	; 0x4670
  ec:	52000170 	andpl	r0, r0, #112, 2
	...

Desensamblado de la sección .debug_frame:

00000000 <.debug_frame>:
   0:	0000000c 	andeq	r0, r0, ip
   4:	ffffffff 			; <UNDEFINED> instruction: 0xffffffff
   8:	7c020001 	stcvc	0, cr0, [r2], {1}
   c:	000d0c0e 	andeq	r0, sp, lr, lsl #24
  10:	0000000c 	andeq	r0, r0, ip
  14:	00000000 	andeq	r0, r0, r0
  18:	7001005c 	andvc	r0, r1, ip, asr r0
  1c:	00000014 	andeq	r0, r0, r4, lsl r0
  20:	0000000c 	andeq	r0, r0, ip
  24:	ffffffff 			; <UNDEFINED> instruction: 0xffffffff
  28:	7c020001 	stcvc	0, cr0, [r2], {1}
  2c:	000d0c0e 	andeq	r0, sp, lr, lsl #24
  30:	0000000c 	andeq	r0, r0, ip
  34:	00000020 	andeq	r0, r0, r0, lsr #32
  38:	7003041c 	andvc	r0, r3, ip, lsl r4
  3c:	0000000a 	andeq	r0, r0, sl
  40:	0000000c 	andeq	r0, r0, ip
  44:	ffffffff 			; <UNDEFINED> instruction: 0xffffffff
  48:	7c020001 	stcvc	0, cr0, [r2], {1}
  4c:	000d0c0e 	andeq	r0, sp, lr, lsl #24
  50:	0000000c 	andeq	r0, r0, ip
  54:	00000040 	andeq	r0, r0, r0, asr #32
  58:	70030428 	andvc	r0, r3, r8, lsr #8
  5c:	00000024 	andeq	r0, r0, r4, lsr #32
  60:	0000000c 	andeq	r0, r0, ip
  64:	ffffffff 			; <UNDEFINED> instruction: 0xffffffff
  68:	7c020001 	stcvc	0, cr0, [r2], {1}
  6c:	000d0c0e 	andeq	r0, sp, lr, lsl #24
  70:	00000018 	andeq	r0, r0, r8, lsl r0
  74:	00000060 	andeq	r0, r0, r0, rrx
  78:	7003044c 	andvc	r0, r3, ip, asr #8
  7c:	00000026 	andeq	r0, r0, r6, lsr #32
  80:	84040e48 	strhi	r0, [r4], #-3656	; 0xfffff1b8
  84:	0ec44901 	vdiveq.f16	s9, s8, s2	; <UNPREDICTABLE>
  88:	00000000 	andeq	r0, r0, r0
