
obj/mi_TP3_v5.elf:     formato del fichero elf32-littlearm


Desensamblado de la sección .inicio:

70010000 <__ROM_start__>:
70010000:	f10c00c0 	cpsid	if
70010004:	e10f0000 	mrs	r0, CPSR
70010008:	e3c0020f 	bic	r0, r0, #-268435456	; 0xf0000000
7001000c:	e129f000 	msr	CPSR_fc, r0
70010010:	ee100f10 	mrc	15, 0, r0, cr0, cr0, {0}
70010014:	eaffffff 	b	70010018 <_Copia_ROM_a_RAM>

70010018 <_Copia_ROM_a_RAM>:
70010018:	e59fd020 	ldr	sp, [pc, #32]	; 70010040 <_Bootloader+0x4>

7001001c <_Copia_Seccion_TEXT>:
7001001c:	e59f0020 	ldr	r0, [pc, #32]	; 70010044 <_Bootloader+0x8>
70010020:	e59f1020 	ldr	r1, [pc, #32]	; 70010048 <_Bootloader+0xc>
70010024:	e59f2020 	ldr	r2, [pc, #32]	; 7001004c <_Bootloader+0x10>
70010028:	fa00000b 	blx	7001005c <td3_memcopy>

7001002c <_Copia_Seccion_DATA>:
7001002c:	e59f001c 	ldr	r0, [pc, #28]	; 70010050 <_Bootloader+0x14>
70010030:	e59f101c 	ldr	r1, [pc, #28]	; 70010054 <_Bootloader+0x18>
70010034:	e59f201c 	ldr	r2, [pc, #28]	; 70010058 <_Bootloader+0x1c>
70010038:	fa000007 	blx	7001005c <td3_memcopy>

7001003c <_Bootloader>:
7001003c:	ea00805f 	b	700301c0 <_start>
70010040:	70021000 	andvc	r1, r2, r0
70010044:	70030000 	andvc	r0, r3, r0
70010048:	7001009c 	mulvc	r1, ip, r0
7001004c:	000002d4 	ldrdeq	r0, [r0], -r4
70010050:	700302d4 	ldrdvc	r0, [r3], -r4
70010054:	70010370 	andvc	r0, r1, r0, ror r3
70010058:	00000018 	andeq	r0, r0, r8, lsl r0

7001005c <td3_memcopy>:
7001005c:	b480      	push	{r7}
7001005e:	b087      	sub	sp, #28
70010060:	af00      	add	r7, sp, #0
70010062:	60f8      	str	r0, [r7, #12]
70010064:	60b9      	str	r1, [r7, #8]
70010066:	607a      	str	r2, [r7, #4]
70010068:	68fb      	ldr	r3, [r7, #12]
7001006a:	613b      	str	r3, [r7, #16]
7001006c:	68bb      	ldr	r3, [r7, #8]
7001006e:	617b      	str	r3, [r7, #20]
70010070:	e00a      	b.n	70010088 <td3_memcopy+0x2c>
70010072:	697a      	ldr	r2, [r7, #20]
70010074:	1c53      	adds	r3, r2, #1
70010076:	617b      	str	r3, [r7, #20]
70010078:	693b      	ldr	r3, [r7, #16]
7001007a:	1c59      	adds	r1, r3, #1
7001007c:	6139      	str	r1, [r7, #16]
7001007e:	7812      	ldrb	r2, [r2, #0]
70010080:	701a      	strb	r2, [r3, #0]
70010082:	687b      	ldr	r3, [r7, #4]
70010084:	3b01      	subs	r3, #1
70010086:	607b      	str	r3, [r7, #4]
70010088:	687b      	ldr	r3, [r7, #4]
7001008a:	2b00      	cmp	r3, #0
7001008c:	d1f1      	bne.n	70010072 <td3_memcopy+0x16>
7001008e:	bf00      	nop
70010090:	bf00      	nop
70010092:	371c      	adds	r7, #28
70010094:	46bd      	mov	sp, r7
70010096:	f85d 7b04 	ldr.w	r7, [sp], #4
7001009a:	4770      	bx	lr

Desensamblado de la sección .text:

70030000 <__text_start__>:
70030000:	f57ff04f 	dsb	sy
70030004:	e10f0000 	mrs	r0, CPSR
70030008:	e3c00080 	bic	r0, r0, #128	; 0x80
7003000c:	e129f000 	msr	CPSR_fc, r0
70030010:	f57ff04f 	dsb	sy
70030014:	f57ff06f 	isb	sy
70030018:	e12fff1e 	bx	lr
7003001c:	00000000 	andeq	r0, r0, r0

70030020 <_irq_disable>:
70030020:	f57ff04f 	dsb	sy
70030024:	e10f0000 	mrs	r0, CPSR
70030028:	e3800040 	orr	r0, r0, #64	; 0x40
7003002c:	e129f000 	msr	CPSR_fc, r0
70030030:	f57ff04f 	dsb	sy
70030034:	f57ff06f 	isb	sy
70030038:	e12fff1e 	bx	lr

7003003c <_LOAD_ISR_Vectors_Base>:
7003003c:	ee0c0f10 	mcr	15, 0, r0, cr12, cr0, {0}
70030040:	f57ff04f 	dsb	sy
70030044:	e12fff1e 	bx	lr
	...

70030050 <_HALT_CPU>:
70030050:	e320f003 	wfi
70030054:	e12fff1e 	bx	lr
	...

70030060 <_BREAKPOINT_DEBUG>:
70030060:	e320f002 	wfe
70030064:	e12fff1e 	bx	lr
	...

70030070 <_READ_CPSR_REGS>:
70030070:	f57ff04f 	dsb	sy
70030074:	e10f0000 	mrs	r0, CPSR
70030078:	e12fff1e 	bx	lr
7003007c:	00000000 	andeq	r0, r0, r0

70030080 <_EOI>:
70030080:	e3a00001 	mov	r0, #1
70030084:	e59f1034 	ldr	r1, [pc, #52]	; 700300c0 <_READ_32+0x8>
70030088:	e5810048 	str	r0, [r1, #72]	; 0x48
7003008c:	e12fff1e 	bx	lr

70030090 <_WRITE_8>:
70030090:	e5c01000 	strb	r1, [r0]
70030094:	e12fff1e 	bx	lr

70030098 <_WRITE_16>:
70030098:	e1c010b0 	strh	r1, [r0]
7003009c:	e12fff1e 	bx	lr

700300a0 <_WRITE_32>:
700300a0:	e5801000 	str	r1, [r0]
700300a4:	e12fff1e 	bx	lr

700300a8 <_READ_8>:
700300a8:	e5d00000 	ldrb	r0, [r0]
700300ac:	e12fff1e 	bx	lr

700300b0 <_READ_16>:
700300b0:	e1d000b0 	ldrh	r0, [r0]
700300b4:	e12fff1e 	bx	lr

700300b8 <_READ_32>:
700300b8:	e5900000 	ldr	r0, [r0]
700300bc:	e12fff1e 	bx	lr
700300c0:	48200000 	stmdami	r0!, {}	; <UNPREDICTABLE>

700300c4 <_Prueba>:
700300c4:	e3a01001 	mov	r1, #1
700300c8:	e59f2028 	ldr	r2, [pc, #40]	; 700300f8 <_prueba_stack+0xc>
700300cc:	e5920000 	ldr	r0, [r2]

700300d0 <_leer_ascii>:
700300d0:	e59fc024 	ldr	ip, [pc, #36]	; 700300fc <_prueba_stack+0x10>
700300d4:	e5dc0000 	ldrb	r0, [ip]
700300d8:	e59f3018 	ldr	r3, [pc, #24]	; 700300f8 <_prueba_stack+0xc>
700300dc:	e5c30000 	strb	r0, [r3]
700300e0:	e59c0000 	ldr	r0, [ip]
700300e4:	e59f3014 	ldr	r3, [pc, #20]	; 70030100 <_prueba_stack+0x14>
700300e8:	e5830000 	str	r0, [r3]

700300ec <_prueba_stack>:
700300ec:	e52d0004 	push	{r0}		; (str r0, [sp, #-4]!)
700300f0:	e49d0004 	pop	{r0}		; (ldr r0, [sp], #4)
700300f4:	eafffffe 	b	700300f4 <_prueba_stack+0x8>
700300f8:	700302d8 	ldrdvc	r0, [r3], -r8
700300fc:	700302d4 	ldrdvc	r0, [r3], -r4
70030100:	700302ec 	andvc	r0, r3, ip, ror #5

70030104 <UND_Handler>:
70030104:	e92d1400 	push	{sl, ip}
70030108:	e59fc060 	ldr	ip, [pc, #96]	; 70030170 <FIQ_Handler+0x8>
7003010c:	e59ca000 	ldr	sl, [ip]
70030110:	e8bd1400 	pop	{sl, ip}
70030114:	e1b0f00e 	movs	pc, lr

70030118 <SVC_Handler>:
70030118:	e92d1400 	push	{sl, ip}
7003011c:	e59fc050 	ldr	ip, [pc, #80]	; 70030174 <FIQ_Handler+0xc>
70030120:	e59ca000 	ldr	sl, [ip]
70030124:	e8bd1400 	pop	{sl, ip}
70030128:	e1b0f00e 	movs	pc, lr

7003012c <PREF_Handler>:
7003012c:	e24ee004 	sub	lr, lr, #4
70030130:	e1b0f00e 	movs	pc, lr

70030134 <ABT_Handler>:
70030134:	e24ee008 	sub	lr, lr, #8
70030138:	e92d1400 	push	{sl, ip}
7003013c:	e59fc034 	ldr	ip, [pc, #52]	; 70030178 <FIQ_Handler+0x10>
70030140:	e59ca000 	ldr	sl, [ip]
70030144:	e8bd1400 	pop	{sl, ip}
70030148:	e1b0f00e 	movs	pc, lr

7003014c <IRQ_Handler>:
7003014c:	e24ee004 	sub	lr, lr, #4
70030150:	e92d400f 	push	{r0, r1, r2, r3, lr}
70030154:	e59fc020 	ldr	ip, [pc, #32]	; 7003017c <FIQ_Handler+0x14>
70030158:	e59ca000 	ldr	sl, [ip]
7003015c:	fa000046 	blx	7003027c <kernel_handler_irq>
70030160:	e8fd800f 	ldm	sp!, {r0, r1, r2, r3, pc}^
70030164:	e1b0f00e 	movs	pc, lr

70030168 <FIQ_Handler>:
70030168:	e24ee004 	sub	lr, lr, #4
7003016c:	e1b0f00e 	movs	pc, lr
70030170:	700302e0 	andvc	r0, r3, r0, ror #5
70030174:	700302e8 	andvc	r0, r3, r8, ror #5
70030178:	700302e4 	andvc	r0, r3, r4, ror #5
7003017c:	700302dc 	ldrdvc	r0, [r3], -ip

70030180 <_table_start>:
70030180:	e59ff018 	ldr	pc, [pc, #24]	; 700301a0 <addr__reset_vector>
70030184:	e59ff018 	ldr	pc, [pc, #24]	; 700301a4 <addr_UND_Handler>
70030188:	e59ff018 	ldr	pc, [pc, #24]	; 700301a8 <addr_SVC_Handler>
7003018c:	e59ff018 	ldr	pc, [pc, #24]	; 700301ac <addr_PREF_Handler>
70030190:	e59ff018 	ldr	pc, [pc, #24]	; 700301b0 <addr_ABT_Handler>
70030194:	e59ff018 	ldr	pc, [pc, #24]	; 700301b4 <addr_start>
70030198:	e59ff018 	ldr	pc, [pc, #24]	; 700301b8 <addr_IRQ_Handler>
7003019c:	e59ff018 	ldr	pc, [pc, #24]	; 700301bc <addr_FIQ_Handler>

700301a0 <addr__reset_vector>:
700301a0:	70010000 	andvc	r0, r1, r0

700301a4 <addr_UND_Handler>:
700301a4:	70030104 	andvc	r0, r3, r4, lsl #2

700301a8 <addr_SVC_Handler>:
700301a8:	70030118 	andvc	r0, r3, r8, lsl r1

700301ac <addr_PREF_Handler>:
700301ac:	7003012c 	andvc	r0, r3, ip, lsr #2

700301b0 <addr_ABT_Handler>:
700301b0:	70030134 	andvc	r0, r3, r4, lsr r1

700301b4 <addr_start>:
700301b4:	700301c0 	andvc	r0, r3, r0, asr #3

700301b8 <addr_IRQ_Handler>:
700301b8:	7003014c 	andvc	r0, r3, ip, asr #2

700301bc <addr_FIQ_Handler>:
700301bc:	70030168 	andvc	r0, r3, r8, ror #2

700301c0 <_start>:
700301c0:	e59f008c 	ldr	r0, [pc, #140]	; 70030254 <idle+0x4>
700301c4:	e59f108c 	ldr	r1, [pc, #140]	; 70030258 <idle+0x8>
700301c8:	e3a02000 	mov	r2, #0
700301cc:	e1500001 	cmp	r0, r1
700301d0:	0a000002 	beq	700301e0 <_TABLE_COPY>

700301d4 <_LOOP>:
700301d4:	e4802004 	str	r2, [r0], #4
700301d8:	e1500001 	cmp	r0, r1
700301dc:	dafffffc 	ble	700301d4 <_LOOP>

700301e0 <_TABLE_COPY>:
700301e0:	e3a00000 	mov	r0, #0
700301e4:	e59f1070 	ldr	r1, [pc, #112]	; 7003025c <idle+0xc>
700301e8:	e59f2070 	ldr	r2, [pc, #112]	; 70030260 <idle+0x10>

700301ec <_TABLE_LOOP>:
700301ec:	e4913004 	ldr	r3, [r1], #4
700301f0:	e4803004 	str	r3, [r0], #4
700301f4:	e1510002 	cmp	r1, r2
700301f8:	1afffffb 	bne	700301ec <_TABLE_LOOP>

700301fc <_STACK_INIT>:
700301fc:	e321f0d2 	msr	CPSR_c, #210	; 0xd2
70030200:	e59fd05c 	ldr	sp, [pc, #92]	; 70030264 <idle+0x14>
70030204:	e321f0d1 	msr	CPSR_c, #209	; 0xd1
70030208:	e59fd058 	ldr	sp, [pc, #88]	; 70030268 <idle+0x18>
7003020c:	e321f0d3 	msr	CPSR_c, #211	; 0xd3
70030210:	e59fd054 	ldr	sp, [pc, #84]	; 7003026c <idle+0x1c>
70030214:	e321f0d7 	msr	CPSR_c, #215	; 0xd7
70030218:	e59fd050 	ldr	sp, [pc, #80]	; 70030270 <idle+0x20>
7003021c:	e321f0db 	msr	CPSR_c, #219	; 0xdb
70030220:	e59fd04c 	ldr	sp, [pc, #76]	; 70030274 <idle+0x24>
70030224:	e321f0df 	msr	CPSR_c, #223	; 0xdf
70030228:	e59fd048 	ldr	sp, [pc, #72]	; 70030278 <idle+0x28>
7003022c:	fa000015 	blx	70030288 <gic_init>
70030230:	fa00001d 	blx	700302ac <timer_init>

70030234 <prueba_SVC_Handler>:
70030234:	ef00005f 	svc	0x0000005f
70030238:	e10f0000 	mrs	r0, CPSR
7003023c:	e3c00080 	bic	r0, r0, #128	; 0x80
70030240:	e121f000 	msr	CPSR_c, r0
70030244:	ef00005f 	svc	0x0000005f
70030248:	ef00005f 	svc	0x0000005f
7003024c:	ef00005f 	svc	0x0000005f

70030250 <idle>:
70030250:	e320f003 	wfi
70030254:	700302ec 	andvc	r0, r3, ip, ror #5
70030258:	700302f0 	strdvc	r0, [r3], -r0	; <UNPREDICTABLE>
7003025c:	70030180 	andvc	r0, r3, r0, lsl #3
70030260:	700301c0 	andvc	r0, r3, r0, asr #3
70030264:	70021080 	andvc	r1, r2, r0, lsl #1
70030268:	70021100 	andvc	r1, r2, r0, lsl #2
7003026c:	70021180 	andvc	r1, r2, r0, lsl #3
70030270:	70021200 	andvc	r1, r2, r0, lsl #4
70030274:	70021280 	andvc	r1, r2, r0, lsl #5
70030278:	70022280 	andvc	r2, r2, r0, lsl #5

7003027c <kernel_handler_irq>:
7003027c:	f04f 53f0 	mov.w	r3, #503316480	; 0x1e000000
70030280:	68da      	ldr	r2, [r3, #12]
70030282:	611a      	str	r2, [r3, #16]
70030284:	4770      	bx	lr
70030286:	bf00      	nop

70030288 <gic_init>:
70030288:	f44f 5380 	mov.w	r3, #4096	; 0x1000
7003028c:	f6c1 6300 	movt	r3, #7680	; 0x1e00
70030290:	f04f 50f0 	mov.w	r0, #503316480	; 0x1e000000
70030294:	22f0      	movs	r2, #240	; 0xf0
70030296:	6042      	str	r2, [r0, #4]
70030298:	2101      	movs	r1, #1
7003029a:	f8d3 2104 	ldr.w	r2, [r3, #260]	; 0x104
7003029e:	f042 0210 	orr.w	r2, r2, #16
700302a2:	f8c3 2104 	str.w	r2, [r3, #260]	; 0x104
700302a6:	6001      	str	r1, [r0, #0]
700302a8:	6019      	str	r1, [r3, #0]
700302aa:	4770      	bx	lr

700302ac <timer_init>:
700302ac:	f04f 2110 	mov.w	r1, #268439552	; 0x10001000
700302b0:	f44f 5380 	mov.w	r3, #4096	; 0x1000
700302b4:	680a      	ldr	r2, [r1, #0]
700302b6:	f2c1 0301 	movt	r3, #4097	; 0x1001
700302ba:	b410      	push	{r4}
700302bc:	f442 4200 	orr.w	r2, r2, #32768	; 0x8000
700302c0:	f242 7410 	movw	r4, #10000	; 0x2710
700302c4:	600a      	str	r2, [r1, #0]
700302c6:	20e2      	movs	r0, #226	; 0xe2
700302c8:	601c      	str	r4, [r3, #0]
700302ca:	f85d 4b04 	ldr.w	r4, [sp], #4
700302ce:	6098      	str	r0, [r3, #8]
700302d0:	4770      	bx	lr
700302d2:	bf00      	nop

Desensamblado de la sección .data:

700302d4 <__data_start__>:
700302d4:	004c4f48 	subeq	r4, ip, r8, asr #30

700302d8 <argumento>:
700302d8:	00000004 	andeq	r0, r0, r4

700302dc <_IRQ_string>:
700302dc:	00515249 	subseq	r5, r1, r9, asr #4

700302e0 <_UND_string>:
700302e0:	00564e49 	subseq	r4, r6, r9, asr #28

700302e4 <_ABT_string>:
700302e4:	004d454d 	subeq	r4, sp, sp, asr #10

700302e8 <_SVC_string>:
700302e8:	00435653 	subeq	r5, r3, r3, asr r6

Desensamblado de la sección .bss:

700302ec <__bss_start__>:
700302ec:	00000000 	andeq	r0, r0, r0

Desensamblado de la sección .stack:

70020000 <__stack_start__>:
	...

70021000 <fin_pila>:
	...

70021080 <__irq_stack_top__>:
	...

70021100 <__fiq_stack_top__>:
	...

70021180 <__svc_stack_top__>:
	...

70021200 <__abt_stack_top__>:
	...

70021280 <__und_stack_top__>:
	...

Desensamblado de la sección .ARM.attributes:

00000000 <.ARM.attributes>:
   0:	00003841 	andeq	r3, r0, r1, asr #16
   4:	61656100 	cmnvs	r5, r0, lsl #2
   8:	01006962 	tsteq	r0, r2, ror #18
   c:	0000002e 	andeq	r0, r0, lr, lsr #32
  10:	726f4305 	rsbvc	r4, pc, #335544320	; 0x14000000
  14:	2d786574 	cfldr64cs	mvdx6, [r8, #-464]!	; 0xfffffe30
  18:	06003841 	streq	r3, [r0], -r1, asr #16
  1c:	0841070a 	stmdaeq	r1, {r1, r3, r8, r9, sl}^
  20:	0a020901 	beq	8242c <C_STACK_SIZE+0x8142c>
  24:	12010c03 	andne	r0, r1, #768	; 0x300
  28:	15011404 	strne	r1, [r1, #-1028]	; 0xfffffbfc
  2c:	18031701 	stmdane	r3, {r0, r8, r9, sl, ip}
  30:	1c021a01 			; <UNDEFINED> instruction: 0x1c021a01
  34:	44012201 	strmi	r2, [r1], #-513	; 0xfffffdff
  38:	La dirección 0x0000000000000038 está fuera de los límites.


Desensamblado de la sección .comment:

00000000 <.comment>:
   0:	3a434347 	bcc	10d0d24 <C_STACK_SIZE+0x10cfd24>
   4:	62552820 	subsvs	r2, r5, #32, 16	; 0x200000
   8:	75746e75 	ldrbvc	r6, [r4, #-3701]!	; 0xfffff18b
   c:	342e3920 	strtcc	r3, [lr], #-2336	; 0xfffff6e0
  10:	312d302e 			; <UNDEFINED> instruction: 0x312d302e
  14:	6e756275 	mrcvs	2, 3, r6, cr5, cr5, {3}
  18:	7e317574 	mrcvc	5, 1, r7, cr1, cr4, {3}
  1c:	302e3032 	eorcc	r3, lr, r2, lsr r0
  20:	29312e34 	ldmdbcs	r1!, {r2, r4, r5, r9, sl, fp, sp}
  24:	342e3920 	strtcc	r3, [lr], #-2336	; 0xfffff6e0
  28:	La dirección 0x0000000000000028 está fuera de los límites.


Desensamblado de la sección .debug_line:

00000000 <.debug_line>:
   0:	00000072 	andeq	r0, r0, r2, ror r0
   4:	00310003 	eorseq	r0, r1, r3
   8:	01020000 	mrseq	r0, (UNDEF: 2)
   c:	000d0efb 	strdeq	r0, [sp], -fp
  10:	01010101 	tsteq	r1, r1, lsl #2
  14:	01000000 	mrseq	r0, (UNDEF: 0)
  18:	73010000 	movwvc	r0, #4096	; 0x1000
  1c:	00006372 	andeq	r6, r0, r2, ror r3
  20:	5f776f6c 	svcpl	0x00776f6c
  24:	6576656c 	ldrbvs	r6, [r6, #-1388]!	; 0xfffffa94
  28:	70635f6c 	rsbvc	r5, r3, ip, ror #30
  2c:	63615f75 	cmnvs	r1, #468	; 0x1d4
  30:	73736563 	cmnvc	r3, #415236096	; 0x18c00000
  34:	0100732e 	tsteq	r0, lr, lsr #6
  38:	00000000 	andeq	r0, r0, r0
  3c:	00000205 	andeq	r0, r0, r5, lsl #4
  40:	1e037003 	cdpne	0, 0, cr7, cr3, cr3, {0}
  44:	2f2f2f01 	svccs	0x002f2f01
  48:	512f2f2f 			; <UNDEFINED> instruction: 0x512f2f2f
  4c:	2f2f2f2f 	svccs	0x002f2f2f
  50:	2f352f2f 	svccs	0x00352f2f
  54:	660a032f 	strvs	r0, [sl], -pc, lsr #6
  58:	6a2f6e2f 	bvs	bdb91c <C_STACK_SIZE+0xbda91c>
  5c:	2f4e2f2f 	svccs	0x004e2f2f
  60:	2f35302f 	svccs	0x0035302f
  64:	2f312f31 	svccs	0x00312f31
  68:	2f312f31 	svccs	0x00312f31
  6c:	61032f31 	tstvs	r3, r1, lsr pc
  70:	0002022e 	andeq	r0, r2, lr, lsr #4
  74:	006f0101 	rsbeq	r0, pc, r1, lsl #2
  78:	00030000 	andeq	r0, r3, r0
  7c:	00000028 	andeq	r0, r0, r8, lsr #32
  80:	0efb0102 	cdpeq	1, 15, cr0, cr11, cr2, {0}
  84:	0101000d 	tsteq	r1, sp
  88:	00000101 	andeq	r0, r0, r1, lsl #2
  8c:	00000100 	andeq	r0, r0, r0, lsl #2
  90:	63727301 	cmnvs	r2, #67108864	; 0x4000000
  94:	64740000 	ldrbtvs	r0, [r4], #-0
  98:	656d5f33 	strbvs	r5, [sp, #-3891]!	; 0xfffff0cd
  9c:	706f636d 	rsbvc	r6, pc, sp, ror #6
  a0:	00732e79 	rsbseq	r2, r3, r9, ror lr
  a4:	00000001 	andeq	r0, r0, r1
  a8:	18020500 	stmdane	r2, {r8, sl}
  ac:	03700100 	cmneq	r0, #0, 2
  b0:	2f320119 	svccs	0x00320119
  b4:	2f322f2f 	svccs	0x00322f2f
  b8:	03312f2f 	teqeq	r1, #47, 30	; 0xbc
  bc:	2f322e6f 	svccs	0x00322e6f
  c0:	2f2f332f 	svccs	0x002f332f
  c4:	01000202 	tsteq	r0, r2, lsl #4
  c8:	02050001 	andeq	r0, r5, #1
  cc:	700300c4 	andvc	r0, r3, r4, asr #1
  d0:	2f013103 	svccs	0x00013103
  d4:	2f2f312f 	svccs	0x002f312f
  d8:	2f2f302f 	svccs	0x002f302f
  dc:	03302f31 	teqeq	r0, #49, 30	; 0xc4
  e0:	34322e6f 	ldrtcc	r2, [r2], #-3695	; 0xfffff191
  e4:	01000202 	tsteq	r0, r2, lsl #4
  e8:	00006d01 	andeq	r6, r0, r1, lsl #26
  ec:	2f000300 	svccs	0x00000300
  f0:	02000000 	andeq	r0, r0, #0
  f4:	0d0efb01 	vstreq	d15, [lr, #-4]
  f8:	01010100 	mrseq	r0, (UNDEF: 17)
  fc:	00000001 	andeq	r0, r0, r1
 100:	01000001 	tsteq	r0, r1
 104:	00637273 	rsbeq	r7, r3, r3, ror r2
 108:	63786500 	cmnvs	r8, #0, 10
 10c:	69747065 	ldmdbvs	r4!, {r0, r2, r5, r6, ip, sp, lr}^
 110:	685f6e6f 	ldmdavs	pc, {r0, r1, r2, r3, r5, r6, r9, sl, fp, sp, lr}^	; <UNPREDICTABLE>
 114:	6c646e61 	stclvs	14, cr6, [r4], #-388	; 0xfffffe7c
 118:	2e737265 	cdpcs	2, 7, cr7, cr3, cr5, {3}
 11c:	00010073 	andeq	r0, r1, r3, ror r0
 120:	05000000 	streq	r0, [r0, #-0]
 124:	03010402 	movweq	r0, #5122	; 0x1402
 128:	01170370 	tsteq	r7, r0, ror r3
 12c:	302f2f2f 	eorcc	r2, pc, pc, lsr #30
 130:	2f2f2f33 	svccs	0x002f2f33
 134:	32303130 	eorscc	r3, r0, #48, 2
 138:	2f2f2f31 	svccs	0x002f2f31
 13c:	312f3130 			; <UNDEFINED> instruction: 0x312f3130
 140:	2f30312f 	svccs	0x0030312f
 144:	302e1f03 	eorcc	r1, lr, r3, lsl #30
 148:	2e7fb203 	cdpcs	2, 7, cr11, cr15, cr3, {0}
 14c:	032e0a03 			; <UNDEFINED> instruction: 0x032e0a03
 150:	0b032e11 	bleq	cb99c <C_STACK_SIZE+0xca99c>
 154:	0002022e 	andeq	r0, r2, lr, lsr #4
 158:	00790101 	rsbseq	r0, r9, r1, lsl #2
 15c:	00030000 	andeq	r0, r3, r0
 160:	00000024 	andeq	r0, r0, r4, lsr #32
 164:	0efb0102 	cdpeq	1, 15, cr0, cr11, cr2, {0}
 168:	0101000d 	tsteq	r1, sp
 16c:	00000101 	andeq	r0, r0, r1, lsl #2
 170:	00000100 	andeq	r0, r0, r0, lsl #2
 174:	63727301 	cmnvs	r2, #67108864	; 0x4000000
 178:	74730000 	ldrbtvc	r0, [r3], #-0
 17c:	75747261 	ldrbvc	r7, [r4, #-609]!	; 0xfffffd9f
 180:	00732e70 	rsbseq	r2, r3, r0, ror lr
 184:	00000001 	andeq	r0, r0, r1
 188:	80020500 	andhi	r0, r2, r0, lsl #10
 18c:	03700301 	cmneq	r0, #67108864	; 0x4000000
 190:	2f0100c3 	svccs	0x000100c3
 194:	2f2f2f2f 	svccs	0x002f2f2f
 198:	0f032f2f 	svceq	0x00032f2f
 19c:	2f2f2008 	svccs	0x002f2008
 1a0:	2f302f2f 	svccs	0x00302f2f
 1a4:	2f2f322f 	svccs	0x002f322f
 1a8:	2f302f31 	svccs	0x00302f31
 1ac:	2f302f33 	svccs	0x00302f33
 1b0:	2f302f30 	svccs	0x00302f30
 1b4:	2f302f30 	svccs	0x00302f30
 1b8:	31312f30 	teqcc	r1, r0, lsr pc
 1bc:	2f302f2f 	svccs	0x00302f2f
 1c0:	4403312f 	strmi	r3, [r3], #-303	; 0xfffffed1
 1c4:	0c032f2e 	stceq	15, cr2, [r3], {46}	; 0x2e
 1c8:	0d032f2e 	stceq	15, cr2, [r3, #-184]	; 0xffffff48
 1cc:	3131312e 	teqcc	r1, lr, lsr #2
 1d0:	02023131 	andeq	r3, r2, #1073741836	; 0x4000000c
 1d4:	43010100 	movwmi	r0, #4352	; 0x1100
 1d8:	03000000 	movweq	r0, #0
 1dc:	00002900 	andeq	r2, r0, r0, lsl #18
 1e0:	fb010200 	blx	409ea <C_STACK_SIZE+0x3f9ea>
 1e4:	01000d0e 	tsteq	r0, lr, lsl #26
 1e8:	00010101 	andeq	r0, r1, r1, lsl #2
 1ec:	00010000 	andeq	r0, r1, r0
 1f0:	72730100 	rsbsvc	r0, r3, #0, 2
 1f4:	72000063 	andvc	r0, r0, #99	; 0x63
 1f8:	74657365 	strbtvc	r7, [r5], #-869	; 0xfffffc9b
 1fc:	6365765f 	cmnvs	r5, #99614720	; 0x5f00000
 200:	2e726f74 	mrccs	15, 3, r6, cr2, cr4, {3}
 204:	00010073 	andeq	r0, r1, r3, ror r0
 208:	05000000 	streq	r0, [r0, #-0]
 20c:	01000002 	tsteq	r0, r2
 210:	01160370 	tsteq	r6, r0, ror r3
 214:	312f2f36 			; <UNDEFINED> instruction: 0x312f2f36
 218:	00020230 	andeq	r0, r2, r0, lsr r2
 21c:	00530101 	subseq	r0, r3, r1, lsl #2
 220:	00030000 	andeq	r0, r3, r0
 224:	00000020 	andeq	r0, r0, r0, lsr #32
 228:	0efb0102 	cdpeq	1, 15, cr0, cr11, cr2, {0}
 22c:	0101000d 	tsteq	r1, sp
 230:	00000101 	andeq	r0, r0, r1, lsl #2
 234:	00000100 	andeq	r0, r0, r0, lsl #2
 238:	63727301 	cmnvs	r2, #67108864	; 0x4000000
 23c:	64740000 	ldrbtvs	r0, [r4], #-0
 240:	00632e33 	rsbeq	r2, r3, r3, lsr lr
 244:	00000001 	andeq	r0, r0, r1
 248:	05000105 	streq	r0, [r0, #-261]	; 0xfffffefb
 24c:	01005c02 	tsteq	r0, r2, lsl #24
 250:	0b051a70 	bleq	146c18 <C_STACK_SIZE+0x145c18>
 254:	2f110568 	svccs	0x00110568
 258:	05300a05 	ldreq	r0, [r0, #-2565]!	; 0xfffff5fb
 25c:	12052323 	andne	r2, r5, #-1946157056	; 0x8c000000
 260:	3c18053c 	cfldr32cc	mvfx0, [r8], {60}	; 0x3c
 264:	05201605 	streq	r1, [r0, #-1541]!	; 0xfffff9fb
 268:	0a052109 	beq	148694 <C_STACK_SIZE+0x147694>
 26c:	43010538 	movwmi	r0, #5432	; 0x1538
 270:	01000702 	tsteq	r0, r2, lsl #14
 274:	0000b301 	andeq	fp, r0, r1, lsl #6
 278:	86000300 	strhi	r0, [r0], -r0, lsl #6
 27c:	02000000 	andeq	r0, r0, #0
 280:	0d0efb01 	vstreq	d15, [lr, #-4]
 284:	01010100 	mrseq	r0, (UNDEF: 17)
 288:	00000001 	andeq	r0, r0, r1
 28c:	01000001 	tsteq	r0, r1
 290:	00637273 	rsbeq	r7, r3, r3, ror r2
 294:	7273752f 	rsbsvc	r7, r3, #197132288	; 0xbc00000
 298:	6d72612f 	ldfvse	f6, [r2, #-188]!	; 0xffffff44
 29c:	6e696c2d 	cdpvs	12, 6, cr6, cr9, cr13, {1}
 2a0:	672d7875 			; <UNDEFINED> instruction: 0x672d7875
 2a4:	6165756e 	cmnvs	r5, lr, ror #10
 2a8:	66686962 	strbtvs	r6, [r8], -r2, ror #18
 2ac:	636e692f 	cmnvs	lr, #770048	; 0xbc000
 2b0:	6564756c 	strbvs	r7, [r4, #-1388]!	; 0xfffffa94
 2b4:	7469622f 	strbtvc	r6, [r9], #-559	; 0xfffffdd1
 2b8:	72730073 	rsbsvc	r0, r3, #115	; 0x73
 2bc:	2e2e2f63 	cdpcs	15, 2, cr2, cr14, cr3, {3}
 2c0:	636e692f 	cmnvs	lr, #770048	; 0xbc000
 2c4:	78650000 	stmdavc	r5!, {}^	; <UNPREDICTABLE>
 2c8:	74706563 	ldrbtvc	r6, [r0], #-1379	; 0xfffffa9d
 2cc:	5f6e6f69 	svcpl	0x006e6f69
 2d0:	646e6168 	strbtvs	r6, [lr], #-360	; 0xfffffe98
 2d4:	7372656c 	cmnvc	r2, #108, 10	; 0x1b000000
 2d8:	0100632e 	tsteq	r0, lr, lsr #6
 2dc:	79740000 	ldmdbvc	r4!, {}^	; <UNPREDICTABLE>
 2e0:	2e736570 	mrccs	5, 3, r6, cr3, cr0, {3}
 2e4:	00020068 	andeq	r0, r2, r8, rrx
 2e8:	64747300 	ldrbtvs	r7, [r4], #-768	; 0xfffffd00
 2ec:	2d746e69 	ldclcs	14, cr6, [r4, #-420]!	; 0xfffffe5c
 2f0:	746e6975 	strbtvc	r6, [lr], #-2421	; 0xfffff68b
 2f4:	00682e6e 	rsbeq	r2, r8, lr, ror #28
 2f8:	67000002 	strvs	r0, [r0, -r2]
 2fc:	682e6369 	stmdavs	lr!, {r0, r3, r5, r6, r8, r9, sp, lr}
 300:	00000300 	andeq	r0, r0, r0, lsl #6
 304:	00010500 	andeq	r0, r1, r0, lsl #10
 308:	027c0205 	rsbseq	r0, ip, #1342177280	; 0x50000000
 30c:	23037003 	movwcs	r7, #12291	; 0x3003
 310:	14050501 	strne	r0, [r5], #-1281	; 0xfffffaff
 314:	060e0514 			; <UNDEFINED> instruction: 0x060e0514
 318:	06050501 	streq	r0, [r5], -r1, lsl #10
 31c:	010d033f 	tsteq	sp, pc, lsr r3
 320:	01061105 	tsteq	r6, r5, lsl #2
 324:	02210105 	eoreq	r0, r1, #1073741825	; 0x40000001
 328:	01010001 	tsteq	r1, r1
 32c:	000000b6 	strheq	r0, [r0], -r6
 330:	00770003 	rsbseq	r0, r7, r3
 334:	01020000 	mrseq	r0, (UNDEF: 2)
 338:	000d0efb 	strdeq	r0, [sp], -fp
 33c:	01010101 	tsteq	r1, r1, lsl #2
 340:	01000000 	mrseq	r0, (UNDEF: 0)
 344:	73010000 	movwvc	r0, #4096	; 0x1000
 348:	2f006372 	svccs	0x00006372
 34c:	2f727375 	svccs	0x00727375
 350:	2d6d7261 	sfmcs	f7, 2, [sp, #-388]!	; 0xfffffe7c
 354:	756e696c 	strbvc	r6, [lr, #-2412]!	; 0xfffff694
 358:	6e672d78 	mcrvs	13, 3, r2, cr7, cr8, {3}
 35c:	62616575 	rsbvs	r6, r1, #490733568	; 0x1d400000
 360:	2f666869 	svccs	0x00666869
 364:	6c636e69 	stclvs	14, cr6, [r3], #-420	; 0xfffffe5c
 368:	2f656475 	svccs	0x00656475
 36c:	73746962 	cmnvc	r4, #1605632	; 0x188000
 370:	63727300 	cmnvs	r2, #0, 6
 374:	2f2e2e2f 	svccs	0x002e2e2f
 378:	00636e69 	rsbeq	r6, r3, r9, ror #28
 37c:	63696700 	cmnvs	r9, #0, 14
 380:	0100632e 	tsteq	r0, lr, lsr #6
 384:	79740000 	ldmdbvc	r4!, {}^	; <UNPREDICTABLE>
 388:	2e736570 	mrccs	5, 3, r6, cr3, cr0, {3}
 38c:	00020068 	andeq	r0, r2, r8, rrx
 390:	64747300 	ldrbtvs	r7, [r4], #-768	; 0xfffffd00
 394:	2d746e69 	ldclcs	14, cr6, [r4, #-420]!	; 0xfffffe5c
 398:	746e6975 	strbtvc	r6, [lr], #-2421	; 0xfffff68b
 39c:	00682e6e 	rsbeq	r2, r8, lr, ror #28
 3a0:	67000002 	strvs	r0, [r0, -r2]
 3a4:	682e6369 	stmdavs	lr!, {r0, r3, r5, r6, r8, r9, sp, lr}
 3a8:	00000300 	andeq	r0, r0, r0, lsl #6
 3ac:	00050500 	andeq	r0, r5, r0, lsl #10
 3b0:	02880205 	addeq	r0, r8, #1342177280	; 0x50000000
 3b4:	05177003 	ldreq	r7, [r7, #-3]
 3b8:	14131409 	ldrne	r1, [r3], #-1033	; 0xfffffbf7
 3bc:	13062305 	movwne	r2, #25349	; 0x6305
 3c0:	05491d05 	strbeq	r1, [r9, #-3333]	; 0xfffff2fb
 3c4:	054b0609 	strbeq	r0, [fp, #-1545]	; 0xfffff9f7
 3c8:	0513061e 	ldreq	r0, [r3, #-1566]	; 0xfffff9e2
 3cc:	09051f23 	stmdbeq	r5, {r0, r1, r5, r8, r9, sl, fp, ip}
 3d0:	1e056706 	cdpne	7, 0, cr6, cr5, cr6, {0}
 3d4:	09050106 	stmdbeq	r5, {r1, r2, r8}
 3d8:	1e052106 	adfnes	f2, f5, f6
 3dc:	05050106 	streq	r0, [r5, #-262]	; 0xfffffefa
 3e0:	00010223 	andeq	r0, r1, r3, lsr #4
 3e4:	00c80101 	sbceq	r0, r8, r1, lsl #2
 3e8:	00030000 	andeq	r0, r3, r0
 3ec:	00000074 	andeq	r0, r0, r4, ror r0
 3f0:	0efb0102 	cdpeq	1, 15, cr0, cr11, cr2, {0}
 3f4:	0101000d 	tsteq	r1, sp
 3f8:	00000101 	andeq	r0, r0, r1, lsl #2
 3fc:	00000100 	andeq	r0, r0, r0, lsl #2
 400:	63727301 	cmnvs	r2, #67108864	; 0x4000000
 404:	73752f00 	cmnvc	r5, #0, 30
 408:	72612f72 	rsbvc	r2, r1, #456	; 0x1c8
 40c:	696c2d6d 	stmdbvs	ip!, {r0, r2, r3, r5, r6, r8, sl, fp, sp}^
 410:	2d78756e 	cfldr64cs	mvdx7, [r8, #-440]!	; 0xfffffe48
 414:	65756e67 	ldrbvs	r6, [r5, #-3687]!	; 0xfffff199
 418:	68696261 	stmdavs	r9!, {r0, r5, r6, r9, sp, lr}^
 41c:	6e692f66 	cdpvs	15, 6, cr2, cr9, cr6, {3}
 420:	64756c63 	ldrbtvs	r6, [r5], #-3171	; 0xfffff39d
 424:	69622f65 	stmdbvs	r2!, {r0, r2, r5, r6, r8, r9, sl, fp, sp}^
 428:	69007374 	stmdbvs	r0, {r2, r4, r5, r6, r8, r9, ip, sp, lr}
 42c:	0000636e 	andeq	r6, r0, lr, ror #6
 430:	656d6974 	strbvs	r6, [sp, #-2420]!	; 0xfffff68c
 434:	00632e72 	rsbeq	r2, r3, r2, ror lr
 438:	74000001 	strvc	r0, [r0], #-1
 43c:	73657079 	cmnvc	r5, #121	; 0x79
 440:	0200682e 	andeq	r6, r0, #3014656	; 0x2e0000
 444:	74730000 	ldrbtvc	r0, [r3], #-0
 448:	746e6964 	strbtvc	r6, [lr], #-2404	; 0xfffff69c
 44c:	6e69752d 	cdpvs	5, 6, cr7, cr9, cr13, {1}
 450:	682e6e74 	stmdavs	lr!, {r2, r4, r5, r6, r9, sl, fp, sp, lr}
 454:	00000200 	andeq	r0, r0, r0, lsl #4
 458:	656d6974 	strbvs	r6, [sp, #-2420]!	; 0xfffff68c
 45c:	00682e72 	rsbeq	r2, r8, r2, ror lr
 460:	00000003 	andeq	r0, r0, r3
 464:	05000505 	streq	r0, [r0, #-1285]	; 0xfffffafb
 468:	0302ac02 	movweq	sl, #11266	; 0x2c02
 46c:	010b0370 	tsteq	fp, r0, ror r3
 470:	13130905 	tstne	r3, #81920	; 0x14000
 474:	06180514 			; <UNDEFINED> instruction: 0x06180514
 478:	31160501 	tstcc	r6, r1, lsl #10
 47c:	052b1805 	streq	r1, [fp, #-2053]!	; 0xfffff7fb
 480:	05052316 	streq	r2, [r5, #-790]	; 0xfffffcea
 484:	052e7903 	streq	r7, [lr, #-2307]!	; 0xfffff6fd
 488:	16052418 			; <UNDEFINED> instruction: 0x16052418
 48c:	2b180531 	blcs	601958 <C_STACK_SIZE+0x600958>
 490:	23060905 	movwcs	r0, #26885	; 0x6905
 494:	16061605 	strne	r1, [r6], -r5, lsl #12
 498:	0609051c 			; <UNDEFINED> instruction: 0x0609051c
 49c:	06050524 	streq	r0, [r5], -r4, lsr #10
 4a0:	05010a03 	streq	r0, [r1, #-2563]	; 0xfffff5fd
 4a4:	2e760316 	mrccs	3, 3, r0, cr6, cr6, {0}
 4a8:	0a030505 	beq	c18c4 <C_STACK_SIZE+0xc08c4>
 4ac:	00010220 	andeq	r0, r1, r0, lsr #4
 4b0:	La dirección 0x00000000000004b0 está fuera de los límites.


Desensamblado de la sección .debug_info:

00000000 <.debug_info>:
   0:	00000022 	andeq	r0, r0, r2, lsr #32
   4:	00000002 	andeq	r0, r0, r2
   8:	01040000 	mrseq	r0, (UNDEF: 4)
   c:	00000000 	andeq	r0, r0, r0
  10:	70030000 	andvc	r0, r3, r0
  14:	700300c4 	andvc	r0, r3, r4, asr #1
  18:	00000000 	andeq	r0, r0, r0
  1c:	0000001b 	andeq	r0, r0, fp, lsl r0
  20:	0000009e 	muleq	r0, lr, r0
  24:	001e8001 	andseq	r8, lr, r1
  28:	00020000 	andeq	r0, r2, r0
  2c:	00000014 	andeq	r0, r0, r4, lsl r0
  30:	00760104 	rsbseq	r0, r6, r4, lsl #2
  34:	00000000 	andeq	r0, r0, r0
  38:	00aa0000 	adceq	r0, sl, r0
  3c:	001b0000 	andseq	r0, fp, r0
  40:	009e0000 	addseq	r0, lr, r0
  44:	80010000 	andhi	r0, r1, r0
  48:	00000022 	andeq	r0, r0, r2, lsr #32
  4c:	00260002 	eoreq	r0, r6, r2
  50:	01040000 	mrseq	r0, (UNDEF: 4)
  54:	000000e9 	andeq	r0, r0, r9, ror #1
  58:	70030104 	andvc	r0, r3, r4, lsl #2
  5c:	70030180 	andvc	r0, r3, r0, lsl #3
  60:	000000bc 	strheq	r0, [r0], -ip
  64:	000000d5 	ldrdeq	r0, [r0], -r5
  68:	0000009e 	muleq	r0, lr, r0
  6c:	00228001 	eoreq	r8, r2, r1
  70:	00020000 	andeq	r0, r2, r0
  74:	0000003a 	andeq	r0, r0, sl, lsr r0
  78:	015a0104 	cmpeq	sl, r4, lsl #2
  7c:	01800000 	orreq	r0, r0, r0
  80:	027c7003 	rsbseq	r7, ip, #3
  84:	01587003 	cmpeq	r8, r3
  88:	00d50000 	sbcseq	r0, r5, r0
  8c:	009e0000 	addseq	r0, lr, r0
  90:	80010000 	andhi	r0, r1, r0
  94:	00000022 	andeq	r0, r0, r2, lsr #32
  98:	004e0002 	subeq	r0, lr, r2
  9c:	01040000 	mrseq	r0, (UNDEF: 4)
  a0:	000001d7 	ldrdeq	r0, [r0], -r7
  a4:	70010000 	andvc	r0, r1, r0
  a8:	70010018 	andvc	r0, r1, r8, lsl r0
  ac:	00000166 	andeq	r0, r0, r6, ror #2
  b0:	0000001b 	andeq	r0, r0, fp, lsl r0
  b4:	0000009e 	muleq	r0, lr, r0
  b8:	00c38001 	sbceq	r8, r3, r1
  bc:	00040000 	andeq	r0, r4, r0
  c0:	00000062 	andeq	r0, r0, r2, rrx
  c4:	019c0104 	orrseq	r0, ip, r4, lsl #2
  c8:	520c0000 	andpl	r0, ip, #0
  cc:	1b000002 	blne	dc <_PUBLIC_SIZE_INICIO+0x40>
  d0:	20000000 	andcs	r0, r0, r0
  d4:	00000000 	andeq	r0, r0, r0
  d8:	1e000000 	cdpne	0, 0, cr0, cr0, cr0, {0}
  dc:	02000002 	andeq	r0, r0, #2
  e0:	00000030 	andeq	r0, r0, r0, lsr r0
  e4:	00000030 	andeq	r0, r0, r0, lsr r0
  e8:	01040003 	tsteq	r4, r3
  ec:	0002c708 	andeq	ip, r2, r8, lsl #14
  f0:	00300500 	eorseq	r0, r0, r0, lsl #10
  f4:	4a060000 	bmi	1800fc <C_STACK_SIZE+0x17f0fc>
  f8:	01000002 	tsteq	r0, r2
  fc:	00250d03 	eoreq	r0, r5, r3, lsl #26
 100:	81070000 	mrshi	r0, (UNDEF: 7)
 104:	01000001 	tsteq	r0, r1
 108:	005c2a08 	subseq	r2, ip, r8, lsl #20
 10c:	00407001 	subeq	r7, r0, r1
 110:	9c010000 	stcls	0, cr0, [r1], {-0}
 114:	000000aa 	andeq	r0, r0, sl, lsr #1
 118:	00018d08 	andeq	r8, r1, r8, lsl #26
 11c:	3c080100 	stfccs	f0, [r8], {-0}
 120:	000000aa 	andeq	r0, r0, sl, lsr #1
 124:	086c9102 	stmdaeq	ip!, {r1, r8, ip, pc}^
 128:	00000195 	muleq	r0, r5, r1
 12c:	ac510801 	mrrcge	8, 0, r0, r1, cr1
 130:	02000000 	andeq	r0, r0, #0
 134:	36086891 			; <UNDEFINED> instruction: 0x36086891
 138:	01000002 	tsteq	r0, r2
 13c:	00b36608 	adcseq	r6, r3, r8, lsl #12
 140:	91020000 	mrsls	r0, (UNDEF: 2)
 144:	01790964 	cmneq	r9, r4, ror #18
 148:	0b010000 	bleq	40150 <C_STACK_SIZE+0x3f150>
 14c:	0000ba0b 	andeq	fp, r0, fp, lsl #20
 150:	70910200 	addsvc	r0, r1, r0, lsl #4
 154:	00024009 	andeq	r4, r2, r9
 158:	110c0100 	mrsne	r0, (UNDEF: 28)
 15c:	000000c0 	andeq	r0, r0, r0, asr #1
 160:	00749102 	rsbseq	r9, r4, r2, lsl #2
 164:	040b040a 	streq	r0, [fp], #-1034	; 0xfffffbf6
 168:	000000b2 	strheq	r0, [r0], -r2
 16c:	0704040c 	streq	r0, [r4, -ip, lsl #8]
 170:	000002db 	ldrdeq	r0, [r0], -fp
 174:	0030040b 	eorseq	r0, r0, fp, lsl #8
 178:	040b0000 	streq	r0, [fp], #-0
 17c:	00000037 	andeq	r0, r0, r7, lsr r0
 180:	0001be00 	andeq	fp, r1, r0, lsl #28
 184:	fc000400 	stc2	4, cr0, [r0], {-0}
 188:	04000000 	streq	r0, [r0], #-0
 18c:	0002ee01 	andeq	lr, r2, r1, lsl #28
 190:	02970c00 	addseq	r0, r7, #0, 24
 194:	00d50000 	sbcseq	r0, r5, r0
 198:	00300000 	eorseq	r0, r0, r0
 19c:	00000000 	andeq	r0, r0, r0
 1a0:	02750000 	rsbseq	r0, r5, #0
 1a4:	04020000 	streq	r0, [r2], #-0
 1a8:	746e6905 	strbtvc	r6, [lr], #-2309	; 0xfffff6fb
 1ac:	07040300 	streq	r0, [r4, -r0, lsl #6]
 1b0:	000002db 	ldrdeq	r0, [r0], -fp
 1b4:	be080103 	adflte	f0, f0, f3
 1b8:	03000002 	movweq	r0, #2
 1bc:	03880702 	orreq	r0, r8, #524288	; 0x80000
 1c0:	04030000 	streq	r0, [r3], #-0
 1c4:	0002d607 	andeq	sp, r2, r7, lsl #12
 1c8:	06010300 	streq	r0, [r1], -r0, lsl #6
 1cc:	000002c0 	andeq	r0, r0, r0, asr #5
 1d0:	6f050203 	svcvs	0x00050203
 1d4:	04000002 	streq	r0, [r0], #-2
 1d8:	00000279 	andeq	r0, r0, r9, ror r2
 1dc:	2c162a02 			; <UNDEFINED> instruction: 0x2c162a02
 1e0:	03000000 	movweq	r0, #0
 1e4:	02b00508 	adcseq	r0, r0, #8, 10	; 0x2000000
 1e8:	08030000 	stmdaeq	r3, {}	; <UNPREDICTABLE>
 1ec:	0002d107 	andeq	sp, r2, r7, lsl #2
 1f0:	05040300 	streq	r0, [r4, #-768]	; 0xfffffd00
 1f4:	000002b5 			; <UNDEFINED> instruction: 0x000002b5
 1f8:	c7080103 	strgt	r0, [r8, -r3, lsl #2]
 1fc:	04000002 	streq	r0, [r0], #-2
 200:	0000027b 	andeq	r0, r0, fp, ror r2
 204:	56141a03 	ldrpl	r1, [r4], -r3, lsl #20
 208:	05000000 	streq	r0, [r0, #-0]
 20c:	1227041c 	eorne	r0, r7, #28, 8	; 0x1c000000
 210:	000000ef 	andeq	r0, r0, pc, ror #1
 214:	0003a106 	andeq	sl, r3, r6, lsl #2
 218:	15290400 	strne	r0, [r9, #-1024]!	; 0xfffffc00
 21c:	0000007e 	andeq	r0, r0, lr, ror r0
 220:	4d500700 	ldclmi	7, cr0, [r0, #-0]
 224:	2a040052 	bcs	100374 <C_STACK_SIZE+0xff374>
 228:	00007e15 	andeq	r7, r0, r5, lsl lr
 22c:	42070400 	andmi	r0, r7, #0, 8
 230:	04005250 	streq	r5, [r0], #-592	; 0xfffffdb0
 234:	007e152b 	rsbseq	r1, lr, fp, lsr #10
 238:	07080000 	streq	r0, [r8, -r0]
 23c:	00524149 	subseq	r4, r2, r9, asr #2
 240:	7e152c04 	cdpvc	12, 1, cr2, cr5, cr4, {0}
 244:	0c000000 	stceq	0, cr0, [r0], {-0}
 248:	00029206 	andeq	r9, r2, r6, lsl #4
 24c:	152d0400 	strne	r0, [sp, #-1024]!	; 0xfffffc00
 250:	0000007e 	andeq	r0, r0, lr, ror r0
 254:	50520710 	subspl	r0, r2, r0, lsl r7
 258:	2e040052 	mcrcs	0, 0, r0, cr4, cr2, {2}
 25c:	00007e15 	andeq	r7, r0, r5, lsl lr
 260:	e8061400 	stmda	r6, {sl, ip}
 264:	04000002 	streq	r0, [r0], #-2
 268:	007e152f 	rsbseq	r1, lr, pc, lsr #10
 26c:	00180000 	andseq	r0, r8, r0
 270:	00008a08 	andeq	r8, r0, r8, lsl #20
 274:	028a0400 	addeq	r0, sl, #0, 8
 278:	30040000 	andcc	r0, r4, r0
 27c:	0000ef07 	andeq	lr, r0, r7, lsl #30
 280:	039b0900 	orrseq	r0, fp, #0, 18
 284:	01440000 	mrseq	r0, (UNDEF: 68)
 288:	014c100d 	cmpeq	ip, sp
 28c:	cc060000 	stcgt	0, cr0, [r6], {-0}
 290:	01000002 	tsteq	r0, r2
 294:	007e0e0f 	rsbseq	r0, lr, pc, lsl #28
 298:	07000000 	streq	r0, [r0, -r0]
 29c:	01006370 	tsteq	r0, r0, ror r3
 2a0:	007e140f 	rsbseq	r1, lr, pc, lsl #8
 2a4:	07040000 	streq	r0, [r4, -r0]
 2a8:	00727067 	rsbseq	r7, r2, r7, rrx
 2ac:	4c180f01 	ldcmi	15, cr0, [r8], {1}
 2b0:	08000001 	stmdaeq	r0, {r0}
 2b4:	00707307 	rsbseq	r7, r0, r7, lsl #6
 2b8:	7e230f01 	cdpvc	15, 2, cr0, cr3, cr1, {0}
 2bc:	3c000000 	stccc	0, cr0, [r0], {-0}
 2c0:	00726c07 	rsbseq	r6, r2, r7, lsl #24
 2c4:	7e270f01 	cdpvc	15, 2, cr0, cr7, cr1, {0}
 2c8:	40000000 	andmi	r0, r0, r0
 2cc:	007e0a00 	rsbseq	r0, lr, r0, lsl #20
 2d0:	015c0000 	cmpeq	ip, r0
 2d4:	2c0b0000 	stccs	0, cr0, [fp], {-0}
 2d8:	0c000000 	stceq	0, cr0, [r0], {-0}
 2dc:	039b0400 	orrseq	r0, fp, #0, 8
 2e0:	10010000 	andne	r0, r1, r0
 2e4:	00010003 	andeq	r0, r1, r3
 2e8:	025c0c00 	subseq	r0, ip, #0, 24
 2ec:	23010000 	movwcs	r0, #4096	; 0x1000
 2f0:	03027c28 	movweq	r7, #11304	; 0x2c28
 2f4:	00000a70 	andeq	r0, r0, r0, ror sl
 2f8:	b09c0100 	addslt	r0, ip, r0, lsl #2
 2fc:	0d000001 	stceq	0, cr0, [r0, #-4]
 300:	00787463 	rsbseq	r7, r8, r3, ror #8
 304:	b0432301 	sublt	r2, r3, r1, lsl #6
 308:	01000001 	tsteq	r0, r1
 30c:	02840e50 	addeq	r0, r4, #80, 28	; 0x500
 310:	26010000 	strcs	r0, [r1], -r0
 314:	0001bc14 	andeq	fp, r1, r4, lsl ip
 318:	00000000 	andeq	r0, r0, r0
 31c:	64690f1e 	strbtvs	r0, [r9], #-3870	; 0xfffff0e2
 320:	0e280100 	sufeqe	f0, f0, f0
 324:	0000007e 	andeq	r0, r0, lr, ror r0
 328:	00000002 	andeq	r0, r0, r2
 32c:	00000000 	andeq	r0, r0, r0
 330:	5c041000 	stcpl	0, cr1, [r4], {-0}
 334:	10000001 	andne	r0, r0, r1
 338:	0000f404 	andeq	pc, r0, r4, lsl #8
 33c:	01b61100 			; <UNDEFINED> instruction: 0x01b61100
 340:	33000000 	movwcc	r0, #0
 344:	04000003 	streq	r0, [r0], #-3
 348:	0001f200 	andeq	pc, r1, r0, lsl #4
 34c:	ee010400 	cfcpys	mvf0, mvf1
 350:	0c000002 	stceq	0, cr0, [r0], {2}
 354:	000003d9 	ldrdeq	r0, [r0], -r9
 358:	00000447 	andeq	r0, r0, r7, asr #8
 35c:	70030288 	andvc	r0, r3, r8, lsl #5
 360:	00000024 	andeq	r0, r0, r4, lsr #32
 364:	0000032c 	andeq	r0, r0, ip, lsr #6
 368:	69050402 	stmdbvs	r5, {r1, sl}
 36c:	0300746e 	movweq	r7, #1134	; 0x46e
 370:	02db0704 	sbcseq	r0, fp, #4, 14	; 0x100000
 374:	01030000 	mrseq	r0, (UNDEF: 3)
 378:	0002be08 	andeq	fp, r2, r8, lsl #28
 37c:	07020300 	streq	r0, [r2, -r0, lsl #6]
 380:	00000388 	andeq	r0, r0, r8, lsl #7
 384:	d6070403 	strle	r0, [r7], -r3, lsl #8
 388:	03000002 	movweq	r0, #2
 38c:	02c00601 	sbceq	r0, r0, #1048576	; 0x100000
 390:	33040000 	movwcc	r0, #16384	; 0x4000
 394:	02000004 	andeq	r0, r0, #4
 398:	00331726 	eorseq	r1, r3, r6, lsr #14
 39c:	02030000 	andeq	r0, r3, #0
 3a0:	00026f05 	andeq	r6, r2, r5, lsl #30
 3a4:	02790400 	rsbseq	r0, r9, #0, 8
 3a8:	2a020000 	bcs	803b0 <C_STACK_SIZE+0x7f3b0>
 3ac:	00002c16 	andeq	r2, r0, r6, lsl ip
 3b0:	05080300 	streq	r0, [r8, #-768]	; 0xfffffd00
 3b4:	000002b0 			; <UNDEFINED> instruction: 0x000002b0
 3b8:	d1070803 	tstle	r7, r3, lsl #16
 3bc:	03000002 	movweq	r0, #2
 3c0:	02b50504 	adcseq	r0, r5, #4, 10	; 0x1000000
 3c4:	01030000 	mrseq	r0, (UNDEF: 3)
 3c8:	0002c708 	andeq	ip, r2, r8, lsl #14
 3cc:	04350400 	ldrteq	r0, [r5], #-1024	; 0xfffffc00
 3d0:	18030000 	stmdane	r3, {}	; <UNPREDICTABLE>
 3d4:	00004f13 	andeq	r4, r0, r3, lsl pc
 3d8:	027b0400 	rsbseq	r0, fp, #0, 8
 3dc:	1a030000 	bne	c03e4 <C_STACK_SIZE+0xbf3e4>
 3e0:	00006214 	andeq	r6, r0, r4, lsl r2
 3e4:	041c0500 	ldreq	r0, [ip], #-1280	; 0xfffffb00
 3e8:	01071227 	tsteq	r7, r7, lsr #4
 3ec:	a1060000 	mrsge	r0, (UNDEF: 6)
 3f0:	04000003 	streq	r0, [r0], #-3
 3f4:	00961529 	addseq	r1, r6, r9, lsr #10
 3f8:	07000000 	streq	r0, [r0, -r0]
 3fc:	00524d50 	subseq	r4, r2, r0, asr sp
 400:	96152a04 	ldrls	r2, [r5], -r4, lsl #20
 404:	04000000 	streq	r0, [r0], #-0
 408:	52504207 	subspl	r4, r0, #1879048192	; 0x70000000
 40c:	152b0400 	strne	r0, [fp, #-1024]!	; 0xfffffc00
 410:	00000096 	muleq	r0, r6, r0
 414:	41490708 	cmpmi	r9, r8, lsl #14
 418:	2c040052 	stccs	0, cr0, [r4], {82}	; 0x52
 41c:	00009615 	andeq	r9, r0, r5, lsl r6
 420:	92060c00 	andls	r0, r6, #0, 24
 424:	04000002 	streq	r0, [r0], #-2
 428:	0096152d 	addseq	r1, r6, sp, lsr #10
 42c:	07100000 	ldreq	r0, [r0, -r0]
 430:	00525052 	subseq	r5, r2, r2, asr r0
 434:	96152e04 	ldrls	r2, [r5], -r4, lsl #28
 438:	14000000 	strne	r0, [r0], #-0
 43c:	0002e806 	andeq	lr, r2, r6, lsl #16
 440:	152f0400 	strne	r0, [pc, #-1024]!	; 48 <F_BIT+0x8>
 444:	00000096 	muleq	r0, r6, r0
 448:	a2080018 	andge	r0, r8, #24
 44c:	04000000 	streq	r0, [r0], #-0
 450:	0000028a 	andeq	r0, r0, sl, lsl #5
 454:	07073004 	streq	r3, [r7, -r4]
 458:	09000001 	stmdbeq	r0, {r0}
 45c:	32041000 	andcc	r1, r4, #0
 460:	00024612 	andeq	r4, r2, r2, lsl r6
 464:	03a10600 			; <UNDEFINED> instruction: 0x03a10600
 468:	34040000 	strcc	r0, [r4], #-0
 46c:	00009612 	andeq	r9, r0, r2, lsl r6
 470:	b0060000 	andlt	r0, r6, r0
 474:	04000003 	streq	r0, [r0], #-3
 478:	00961235 	addseq	r1, r6, r5, lsr r2
 47c:	06040000 	streq	r0, [r4], -r0
 480:	000003e3 	andeq	r0, r0, r3, ror #7
 484:	4b093604 	blmi	24dc9c <C_STACK_SIZE+0x24cc9c>
 488:	08000002 	stmdaeq	r0, {r1}
 48c:	0004ca0a 	andeq	ip, r4, sl, lsl #20
 490:	12370400 	eorsne	r0, r7, #0, 8
 494:	0000025b 	andeq	r0, r0, fp, asr r2
 498:	ed0a0100 	stfs	f0, [sl, #-0]
 49c:	04000003 	streq	r0, [r0], #-3
 4a0:	026b0938 	rsbeq	r0, fp, #56, 18	; 0xe0000
 4a4:	010c0000 	mrseq	r0, (UNDEF: 12)
 4a8:	0003a60a 	andeq	sl, r3, sl, lsl #12
 4ac:	12390400 	eorsne	r0, r9, #0, 8
 4b0:	0000025b 	andeq	r0, r0, fp, asr r2
 4b4:	f70a0180 			; <UNDEFINED> instruction: 0xf70a0180
 4b8:	04000003 	streq	r0, [r0], #-3
 4bc:	026b093a 	rsbeq	r0, fp, #950272	; 0xe8000
 4c0:	018c0000 	orreq	r0, ip, r0
 4c4:	0005180a 	andeq	r1, r5, sl, lsl #16
 4c8:	123b0400 	eorsne	r0, fp, #0, 8
 4cc:	0000025b 	andeq	r0, r0, fp, asr r2
 4d0:	010a0200 	mrseq	r0, R10_fiq
 4d4:	04000004 	streq	r0, [r0], #-4
 4d8:	026b093c 	rsbeq	r0, fp, #60, 18	; 0xf0000
 4dc:	020c0000 	andeq	r0, ip, #0
 4e0:	0004e70a 	andeq	lr, r4, sl, lsl #14
 4e4:	123d0400 	eorsne	r0, sp, #0, 8
 4e8:	0000025b 	andeq	r0, r0, fp, asr r2
 4ec:	0b0a0280 	bleq	280ef4 <C_STACK_SIZE+0x27fef4>
 4f0:	04000004 	streq	r0, [r0], #-4
 4f4:	026b093e 	rsbeq	r0, fp, #1015808	; 0xf8000
 4f8:	028c0000 	addeq	r0, ip, #0
 4fc:	0003cf0a 	andeq	ip, r3, sl, lsl #30
 500:	123f0400 	eorsne	r0, pc, #0, 8
 504:	0000025b 	andeq	r0, r0, fp, asr r2
 508:	150a0300 	strne	r0, [sl, #-768]	; 0xfffffd00
 50c:	04000004 	streq	r0, [r0], #-4
 510:	027b0940 	rsbseq	r0, fp, #64, 18	; 0x100000
 514:	030c0000 	movweq	r0, #49152	; 0xc000
 518:	0003c40a 	andeq	ip, r3, sl, lsl #8
 51c:	12410400 	subne	r0, r1, #0, 8
 520:	0000028b 	andeq	r0, r0, fp, lsl #5
 524:	1f0a0400 	svcne	0x000a0400
 528:	04000004 	streq	r0, [r0], #-4
 52c:	029b0942 	addseq	r0, fp, #1081344	; 0x108000
 530:	04600000 	strbteq	r0, [r0], #-0
 534:	00050e0a 	andeq	r0, r5, sl, lsl #28
 538:	12430400 	subne	r0, r3, #0, 8
 53c:	0000028b 	andeq	r0, r0, fp, lsl #5
 540:	290a0800 	stmdbcs	sl, {fp}
 544:	04000004 	streq	r0, [r0], #-4
 548:	029b0944 	addseq	r0, fp, #68, 18	; 0x110000
 54c:	08600000 	stmdaeq	r0!, {}^	; <UNPREDICTABLE>
 550:	0003be0a 	andeq	fp, r3, sl, lsl #28
 554:	12450400 	subne	r0, r5, #0, 8
 558:	000002ac 	andeq	r0, r0, ip, lsr #5
 55c:	dd0a0c00 	stcle	12, cr0, [sl, #-0]
 560:	04000004 	streq	r0, [r0], #-4
 564:	02bc0946 	adcseq	r0, ip, #1146880	; 0x118000
 568:	0c180000 	ldceq	0, cr0, [r8], {-0}
 56c:	0004ef0a 	andeq	lr, r4, sl, lsl #30
 570:	12470400 	subne	r0, r7, #0, 8
 574:	00000096 	muleq	r0, r6, r0
 578:	3d0a0f00 	stccc	15, cr0, [sl, #-0]
 57c:	04000004 	streq	r0, [r0], #-4
 580:	02cd0948 	sbceq	r0, sp, #72, 18	; 0x120000
 584:	0f040000 	svceq	0x00040000
 588:	01180800 	tsteq	r8, r0, lsl #16
 58c:	8a0b0000 	bhi	2c0594 <C_STACK_SIZE+0x2bf594>
 590:	5b000000 	blpl	598 <_PUBLIC_SIZE_TEXT+0x2c4>
 594:	0c000002 	stceq	0, cr0, [r0], {2}
 598:	0000002c 	andeq	r0, r0, ip, lsr #32
 59c:	960b00f4 			; <UNDEFINED> instruction: 0x960b00f4
 5a0:	6b000000 	blvs	5a8 <_PUBLIC_SIZE_TEXT+0x2d4>
 5a4:	0c000002 	stceq	0, cr0, [r0], {2}
 5a8:	0000002c 	andeq	r0, r0, ip, lsr #32
 5ac:	8a0b0002 	bhi	2c05bc <C_STACK_SIZE+0x2bf5bc>
 5b0:	7b000000 	blvc	5b8 <_PUBLIC_SIZE_TEXT+0x2e4>
 5b4:	0c000002 	stceq	0, cr0, [r0], {2}
 5b8:	0000002c 	andeq	r0, r0, ip, lsr #32
 5bc:	8a0b0070 	bhi	2c0784 <C_STACK_SIZE+0x2bf784>
 5c0:	8b000000 	blhi	5c8 <_PUBLIC_SIZE_TEXT+0x2f4>
 5c4:	0c000002 	stceq	0, cr0, [r0], {2}
 5c8:	0000002c 	andeq	r0, r0, ip, lsr #32
 5cc:	960b00f0 			; <UNDEFINED> instruction: 0x960b00f0
 5d0:	9b000000 	blls	5d8 <_PUBLIC_SIZE_TEXT+0x304>
 5d4:	0c000002 	stceq	0, cr0, [r0], {2}
 5d8:	0000002c 	andeq	r0, r0, ip, lsr #32
 5dc:	8a0b0017 	bhi	2c0640 <C_STACK_SIZE+0x2bf640>
 5e0:	ac000000 	stcge	0, cr0, [r0], {-0}
 5e4:	0d000002 	stceq	0, cr0, [r0, #-8]
 5e8:	0000002c 	andeq	r0, r0, ip, lsr #32
 5ec:	0b00039c 	bleq	1464 <C_STACK_SIZE+0x464>
 5f0:	00000096 	muleq	r0, r6, r0
 5f4:	000002bc 			; <UNDEFINED> instruction: 0x000002bc
 5f8:	00002c0c 	andeq	r2, r0, ip, lsl #24
 5fc:	0b000500 	bleq	1a04 <C_STACK_SIZE+0xa04>
 600:	0000008a 	andeq	r0, r0, sl, lsl #1
 604:	000002cd 	andeq	r0, r0, sp, asr #5
 608:	00002c0d 	andeq	r2, r0, sp, lsl #24
 60c:	0002e400 	andeq	lr, r2, r0, lsl #8
 610:	00008a0b 	andeq	r8, r0, fp, lsl #20
 614:	0002dd00 	andeq	sp, r2, r0, lsl #26
 618:	002c0c00 	eoreq	r0, ip, r0, lsl #24
 61c:	00f80000 	rscseq	r0, r8, r0
 620:	0003b604 	andeq	fp, r3, r4, lsl #12
 624:	07490400 	strbeq	r0, [r9, -r0, lsl #8]
 628:	00000246 	andeq	r0, r0, r6, asr #4
 62c:	0004d40e 	andeq	sp, r4, lr, lsl #8
 630:	06050100 	streq	r0, [r5], -r0, lsl #2
 634:	70030288 	andvc	r0, r3, r8, lsl #5
 638:	00000024 	andeq	r0, r0, r4, lsr #32
 63c:	03209c01 			; <UNDEFINED> instruction: 0x03209c01
 640:	f40f0000 	vst4.8	{d0-d3}, [pc], r0
 644:	01000004 	tsteq	r0, r4
 648:	03261808 			; <UNDEFINED> instruction: 0x03261808
 64c:	00000000 	andeq	r0, r0, r0
 650:	020f1e00 	andeq	r1, pc, #0, 28
 654:	01000005 	tsteq	r0, r5
 658:	03311809 	teqeq	r1, #589824	; 0x90000
 65c:	10000000 	andne	r0, r0, r0
 660:	10001e00 	andne	r1, r0, r0, lsl #28
 664:	00010c04 	andeq	r0, r1, r4, lsl #24
 668:	03201100 	nopeq	{0}	; <UNPREDICTABLE>
 66c:	04100000 	ldreq	r0, [r0], #-0
 670:	000002dd 	ldrdeq	r0, [r0], -sp
 674:	00032b11 	andeq	r2, r3, r1, lsl fp
 678:	014a0000 	mrseq	r0, (UNDEF: 74)
 67c:	00040000 	andeq	r0, r4, r0
 680:	000002d9 	ldrdeq	r0, [r0], -r9
 684:	02ee0104 	rsceq	r0, lr, #4, 2
 688:	590c0000 	stmdbpl	ip, {}	; <UNPREDICTABLE>
 68c:	47000005 	strmi	r0, [r0, -r5]
 690:	ac000004 	stcge	0, cr0, [r0], {4}
 694:	26700302 	ldrbtcs	r0, [r0], -r2, lsl #6
 698:	e6000000 	str	r0, [r0], -r0
 69c:	02000003 	andeq	r0, r0, #3
 6a0:	02be0801 	adcseq	r0, lr, #65536	; 0x10000
 6a4:	02020000 	andeq	r0, r2, #0
 6a8:	00038807 	andeq	r8, r3, r7, lsl #16
 6ac:	07040200 	streq	r0, [r4, -r0, lsl #4]
 6b0:	000002db 	ldrdeq	r0, [r0], -fp
 6b4:	d6070402 	strle	r0, [r7], -r2, lsl #8
 6b8:	02000002 	andeq	r0, r0, #2
 6bc:	02c00601 	sbceq	r0, r0, #1048576	; 0x100000
 6c0:	02020000 	andeq	r0, r2, #0
 6c4:	00026f05 	andeq	r6, r2, r5, lsl #30
 6c8:	05040300 	streq	r0, [r4, #-768]	; 0xfffffd00
 6cc:	00746e69 	rsbseq	r6, r4, r9, ror #28
 6d0:	00027904 	andeq	r7, r2, r4, lsl #18
 6d4:	162a0200 	strtne	r0, [sl], -r0, lsl #4
 6d8:	00000033 	andeq	r0, r0, r3, lsr r0
 6dc:	b0050802 	andlt	r0, r5, r2, lsl #16
 6e0:	02000002 	andeq	r0, r0, #2
 6e4:	02d10708 	sbcseq	r0, r1, #8, 14	; 0x200000
 6e8:	04020000 	streq	r0, [r2], #-0
 6ec:	0002b505 	andeq	fp, r2, r5, lsl #10
 6f0:	08010200 	stmdaeq	r1, {r9}
 6f4:	000002c7 	andeq	r0, r0, r7, asr #5
 6f8:	00027b04 	andeq	r7, r2, r4, lsl #22
 6fc:	141a0300 	ldrne	r0, [sl], #-768	; 0xfffffd00
 700:	00000056 	andeq	r0, r0, r6, asr r0
 704:	34041c05 	strcc	r1, [r4], #-3077	; 0xfffff3fb
 708:	0000ef12 	andeq	lr, r0, r2, lsl pc
 70c:	05670600 	strbeq	r0, [r7, #-1536]!	; 0xfffffa00
 710:	35040000 	strcc	r0, [r4, #-0]
 714:	00007e0e 	andeq	r7, r0, lr, lsl #28
 718:	20060000 	andcs	r0, r6, r0
 71c:	04000005 	streq	r0, [r0], #-5
 720:	007e0e36 	rsbseq	r0, lr, r6, lsr lr
 724:	06040000 	streq	r0, [r4], -r0
 728:	00000534 	andeq	r0, r0, r4, lsr r5
 72c:	7e0e3704 	cdpvc	7, 0, cr3, cr14, cr4, {0}
 730:	08000000 	stmdaeq	r0, {}	; <UNPREDICTABLE>
 734:	00052606 	andeq	r2, r5, r6, lsl #12
 738:	0e380400 	cfabsseq	mvf0, mvf8
 73c:	0000007e 	andeq	r0, r0, lr, ror r0
 740:	4952070c 	ldmdbmi	r2, {r2, r3, r8, r9, sl}^
 744:	39040053 	stmdbcc	r4, {r0, r1, r4, r6}
 748:	00007e0e 	andeq	r7, r0, lr, lsl #28
 74c:	4d071000 	stcmi	0, cr1, [r7, #-0]
 750:	04005349 	streq	r5, [r0], #-841	; 0xfffffcb7
 754:	007e0e3a 	rsbseq	r0, lr, sl, lsr lr
 758:	06140000 	ldreq	r0, [r4], -r0
 75c:	00000565 	andeq	r0, r0, r5, ror #10
 760:	7e0e3b04 	vmlavc.f64	d3, d14, d4
 764:	18000000 	stmdane	r0, {}	; <UNPREDICTABLE>
 768:	008a0800 	addeq	r0, sl, r0, lsl #16
 76c:	44040000 	strmi	r0, [r4], #-0
 770:	04000005 	streq	r0, [r0], #-5
 774:	00ef033c 	rsceq	r0, pc, ip, lsr r3	; <UNPREDICTABLE>
 778:	39090000 	stmdbcc	r9, {}	; <UNPREDICTABLE>
 77c:	01000005 	tsteq	r0, r5
 780:	02ac060b 	adceq	r0, ip, #11534336	; 0xb00000
 784:	00267003 	eoreq	r7, r6, r3
 788:	9c010000 	stcls	0, cr0, [r1], {-0}
 78c:	00000137 	andeq	r0, r0, r7, lsr r1
 790:	00052d0a 	andeq	r2, r5, sl, lsl #26
 794:	190d0100 	stmdbne	sp, {r8}
 798:	0000013d 	andeq	r0, r0, sp, lsr r1
 79c:	10011000 	andne	r1, r1, r0
 7a0:	00054d0a 	andeq	r4, r5, sl, lsl #26
 7a4:	190e0100 	stmdbne	lr, {r8}
 7a8:	00000148 	andeq	r0, r0, r8, asr #2
 7ac:	10001000 	andne	r1, r0, r0
 7b0:	f4040b00 			; <UNDEFINED> instruction: 0xf4040b00
 7b4:	0c000000 	stceq	0, cr0, [r0], {-0}
 7b8:	00000137 	andeq	r0, r0, r7, lsr r1
 7bc:	007e040b 	rsbseq	r0, lr, fp, lsl #8
 7c0:	420c0000 	andmi	r0, ip, #0
 7c4:	00000001 	andeq	r0, r0, r1

Desensamblado de la sección .debug_abbrev:

00000000 <.debug_abbrev>:
   0:	10001101 	andne	r1, r0, r1, lsl #2
   4:	12011106 	andne	r1, r1, #-2147483647	; 0x80000001
   8:	1b0e0301 	blne	380c14 <C_STACK_SIZE+0x37fc14>
   c:	130e250e 	movwne	r2, #58638	; 0xe50e
  10:	00000005 	andeq	r0, r0, r5
  14:	10001101 	andne	r1, r0, r1, lsl #2
  18:	03065506 	movweq	r5, #25862	; 0x6506
  1c:	250e1b0e 	strcs	r1, [lr, #-2830]	; 0xfffff4f2
  20:	0005130e 	andeq	r1, r5, lr, lsl #6
  24:	11010000 	mrsne	r0, (UNDEF: 1)
  28:	11061000 	mrsne	r1, (UNDEF: 6)
  2c:	03011201 	movweq	r1, #4609	; 0x1201
  30:	250e1b0e 	strcs	r1, [lr, #-2830]	; 0xfffff4f2
  34:	0005130e 	andeq	r1, r5, lr, lsl #6
  38:	11010000 	mrsne	r0, (UNDEF: 1)
  3c:	11061000 	mrsne	r1, (UNDEF: 6)
  40:	03011201 	movweq	r1, #4609	; 0x1201
  44:	250e1b0e 	strcs	r1, [lr, #-2830]	; 0xfffff4f2
  48:	0005130e 	andeq	r1, r5, lr, lsl #6
  4c:	11010000 	mrsne	r0, (UNDEF: 1)
  50:	11061000 	mrsne	r1, (UNDEF: 6)
  54:	03011201 	movweq	r1, #4609	; 0x1201
  58:	250e1b0e 	strcs	r1, [lr, #-2830]	; 0xfffff4f2
  5c:	0005130e 	andeq	r1, r5, lr, lsl #6
  60:	11010000 	mrsne	r0, (UNDEF: 1)
  64:	130e2501 	movwne	r2, #58625	; 0xe501
  68:	1b0e030b 	blne	380c9c <C_STACK_SIZE+0x37fc9c>
  6c:	1117550e 	tstne	r7, lr, lsl #10
  70:	00171001 	andseq	r1, r7, r1
  74:	01010200 	mrseq	r0, R9_usr
  78:	13011349 	movwne	r1, #4937	; 0x1349
  7c:	21030000 	mrscs	r0, (UNDEF: 3)
  80:	04000000 	streq	r0, [r0], #-0
  84:	0b0b0024 	bleq	2c011c <C_STACK_SIZE+0x2bf11c>
  88:	0e030b3e 	vmoveq.16	d3[0], r0
  8c:	26050000 	strcs	r0, [r5], -r0
  90:	00134900 	andseq	r4, r3, r0, lsl #18
  94:	00340600 	eorseq	r0, r4, r0, lsl #12
  98:	0b3a0e03 	bleq	e838ac <C_STACK_SIZE+0xe828ac>
  9c:	0b390b3b 	bleq	e42d90 <C_STACK_SIZE+0xe41d90>
  a0:	193f1349 	ldmdbne	pc!, {r0, r3, r6, r8, r9, ip}	; <UNPREDICTABLE>
  a4:	0000193c 	andeq	r1, r0, ip, lsr r9
  a8:	3f012e07 	svccc	0x00012e07
  ac:	3a0e0319 	bcc	380d18 <C_STACK_SIZE+0x37fd18>
  b0:	390b3b0b 	stmdbcc	fp, {r0, r1, r3, r8, r9, fp, ip, sp}
  b4:	1119270b 	tstne	r9, fp, lsl #14
  b8:	40061201 	andmi	r1, r6, r1, lsl #4
  bc:	19429718 	stmdbne	r2, {r3, r4, r8, r9, sl, ip, pc}^
  c0:	00001301 	andeq	r1, r0, r1, lsl #6
  c4:	03000508 	movweq	r0, #1288	; 0x508
  c8:	3b0b3a0e 	blcc	2ce908 <C_STACK_SIZE+0x2cd908>
  cc:	490b390b 	stmdbmi	fp, {r0, r1, r3, r8, fp, ip, sp}
  d0:	00180213 	andseq	r0, r8, r3, lsl r2
  d4:	00340900 	eorseq	r0, r4, r0, lsl #18
  d8:	0b3a0e03 	bleq	e838ec <C_STACK_SIZE+0xe828ec>
  dc:	0b390b3b 	bleq	e42dd0 <C_STACK_SIZE+0xe41dd0>
  e0:	18021349 	stmdane	r2, {r0, r3, r6, r8, r9, ip}
  e4:	0f0a0000 	svceq	0x000a0000
  e8:	000b0b00 	andeq	r0, fp, r0, lsl #22
  ec:	000f0b00 	andeq	r0, pc, r0, lsl #22
  f0:	13490b0b 	movtne	r0, #39691	; 0x9b0b
  f4:	260c0000 	strcs	r0, [ip], -r0
  f8:	00000000 	andeq	r0, r0, r0
  fc:	25011101 	strcs	r1, [r1, #-257]	; 0xfffffeff
 100:	030b130e 	movweq	r1, #45838	; 0xb30e
 104:	550e1b0e 	strpl	r1, [lr, #-2830]	; 0xfffff4f2
 108:	10011117 	andne	r1, r1, r7, lsl r1
 10c:	02000017 	andeq	r0, r0, #23
 110:	0b0b0024 	bleq	2c01a8 <C_STACK_SIZE+0x2bf1a8>
 114:	08030b3e 	stmdaeq	r3, {r1, r2, r3, r4, r5, r8, r9, fp}
 118:	24030000 	strcs	r0, [r3], #-0
 11c:	3e0b0b00 	vmlacc.f64	d0, d11, d0
 120:	000e030b 	andeq	r0, lr, fp, lsl #6
 124:	00160400 	andseq	r0, r6, r0, lsl #8
 128:	0b3a0e03 	bleq	e8393c <C_STACK_SIZE+0xe8293c>
 12c:	0b390b3b 	bleq	e42e20 <C_STACK_SIZE+0xe41e20>
 130:	00001349 	andeq	r1, r0, r9, asr #6
 134:	0b011305 	bleq	44d50 <C_STACK_SIZE+0x43d50>
 138:	3b0b3a0b 	blcc	2ce96c <C_STACK_SIZE+0x2cd96c>
 13c:	010b390b 	tsteq	fp, fp, lsl #18
 140:	06000013 			; <UNDEFINED> instruction: 0x06000013
 144:	0e03000d 	cdpeq	0, 0, cr0, cr3, cr13, {0}
 148:	0b3b0b3a 	bleq	ec2e38 <C_STACK_SIZE+0xec1e38>
 14c:	13490b39 	movtne	r0, #39737	; 0x9b39
 150:	00000b38 	andeq	r0, r0, r8, lsr fp
 154:	03000d07 	movweq	r0, #3335	; 0xd07
 158:	3b0b3a08 	blcc	2ce980 <C_STACK_SIZE+0x2cd980>
 15c:	490b390b 	stmdbmi	fp, {r0, r1, r3, r8, fp, ip, sp}
 160:	000b3813 	andeq	r3, fp, r3, lsl r8
 164:	00350800 	eorseq	r0, r5, r0, lsl #16
 168:	00001349 	andeq	r1, r0, r9, asr #6
 16c:	03011309 	movweq	r1, #4873	; 0x1309
 170:	3a0b0b0e 	bcc	2c2db0 <C_STACK_SIZE+0x2c1db0>
 174:	390b3b0b 	stmdbcc	fp, {r0, r1, r3, r8, r9, fp, ip, sp}
 178:	0013010b 	andseq	r0, r3, fp, lsl #2
 17c:	01010a00 	tsteq	r1, r0, lsl #20
 180:	13011349 	movwne	r1, #4937	; 0x1349
 184:	210b0000 	mrscs	r0, (UNDEF: 11)
 188:	2f134900 	svccs	0x00134900
 18c:	0c00000b 	stceq	0, cr0, [r0], {11}
 190:	193f012e 	ldmdbne	pc!, {r1, r2, r3, r5, r8}	; <UNPREDICTABLE>
 194:	0b3a0e03 	bleq	e839a8 <C_STACK_SIZE+0xe829a8>
 198:	0b390b3b 	bleq	e42e8c <C_STACK_SIZE+0xe41e8c>
 19c:	01111927 	tsteq	r1, r7, lsr #18
 1a0:	18400612 	stmdane	r0, {r1, r4, r9, sl}^
 1a4:	01194297 			; <UNDEFINED> instruction: 0x01194297
 1a8:	0d000013 	stceq	0, cr0, [r0, #-76]	; 0xffffffb4
 1ac:	08030005 	stmdaeq	r3, {r0, r2}
 1b0:	0b3b0b3a 	bleq	ec2ea0 <C_STACK_SIZE+0xec1ea0>
 1b4:	13490b39 	movtne	r0, #39737	; 0x9b39
 1b8:	00001802 	andeq	r1, r0, r2, lsl #16
 1bc:	0300340e 	movweq	r3, #1038	; 0x40e
 1c0:	3b0b3a0e 	blcc	2cea00 <C_STACK_SIZE+0x2cda00>
 1c4:	490b390b 	stmdbmi	fp, {r0, r1, r3, r8, fp, ip, sp}
 1c8:	00061c13 	andeq	r1, r6, r3, lsl ip
 1cc:	00340f00 	eorseq	r0, r4, r0, lsl #30
 1d0:	0b3a0803 	bleq	e821e4 <C_STACK_SIZE+0xe811e4>
 1d4:	0b390b3b 	bleq	e42ec8 <C_STACK_SIZE+0xe41ec8>
 1d8:	17021349 	strne	r1, [r2, -r9, asr #6]
 1dc:	001742b7 			; <UNDEFINED> instruction: 0x001742b7
 1e0:	000f1000 	andeq	r1, pc, r0
 1e4:	13490b0b 	movtne	r0, #39691	; 0x9b0b
 1e8:	26110000 	ldrcs	r0, [r1], -r0
 1ec:	00134900 	andseq	r4, r3, r0, lsl #18
 1f0:	11010000 	mrsne	r0, (UNDEF: 1)
 1f4:	130e2501 	movwne	r2, #58625	; 0xe501
 1f8:	1b0e030b 	blne	380e2c <C_STACK_SIZE+0x37fe2c>
 1fc:	1201110e 	andne	r1, r1, #-2147483645	; 0x80000003
 200:	00171006 	andseq	r1, r7, r6
 204:	00240200 	eoreq	r0, r4, r0, lsl #4
 208:	0b3e0b0b 	bleq	f82e3c <C_STACK_SIZE+0xf81e3c>
 20c:	00000803 	andeq	r0, r0, r3, lsl #16
 210:	0b002403 	bleq	9224 <C_STACK_SIZE+0x8224>
 214:	030b3e0b 	movweq	r3, #48651	; 0xbe0b
 218:	0400000e 	streq	r0, [r0], #-14
 21c:	0e030016 	mcreq	0, 0, r0, cr3, cr6, {0}
 220:	0b3b0b3a 	bleq	ec2f10 <C_STACK_SIZE+0xec1f10>
 224:	13490b39 	movtne	r0, #39737	; 0x9b39
 228:	13050000 	movwne	r0, #20480	; 0x5000
 22c:	3a0b0b01 	bcc	2c2e38 <C_STACK_SIZE+0x2c1e38>
 230:	390b3b0b 	stmdbcc	fp, {r0, r1, r3, r8, r9, fp, ip, sp}
 234:	0013010b 	andseq	r0, r3, fp, lsl #2
 238:	000d0600 	andeq	r0, sp, r0, lsl #12
 23c:	0b3a0e03 	bleq	e83a50 <C_STACK_SIZE+0xe82a50>
 240:	0b390b3b 	bleq	e42f34 <C_STACK_SIZE+0xe41f34>
 244:	0b381349 	bleq	e04f70 <C_STACK_SIZE+0xe03f70>
 248:	0d070000 	stceq	0, cr0, [r7, #-0]
 24c:	3a080300 	bcc	200e54 <C_STACK_SIZE+0x1ffe54>
 250:	390b3b0b 	stmdbcc	fp, {r0, r1, r3, r8, r9, fp, ip, sp}
 254:	3813490b 	ldmdacc	r3, {r0, r1, r3, r8, fp, lr}
 258:	0800000b 	stmdaeq	r0, {r0, r1, r3}
 25c:	13490035 	movtne	r0, #36917	; 0x9035
 260:	13090000 	movwne	r0, #36864	; 0x9000
 264:	3a050b01 	bcc	142e70 <C_STACK_SIZE+0x141e70>
 268:	390b3b0b 	stmdbcc	fp, {r0, r1, r3, r8, r9, fp, ip, sp}
 26c:	0013010b 	andseq	r0, r3, fp, lsl #2
 270:	000d0a00 	andeq	r0, sp, r0, lsl #20
 274:	0b3a0e03 	bleq	e83a88 <C_STACK_SIZE+0xe82a88>
 278:	0b390b3b 	bleq	e42f6c <C_STACK_SIZE+0xe41f6c>
 27c:	05381349 	ldreq	r1, [r8, #-841]!	; 0xfffffcb7
 280:	010b0000 	mrseq	r0, (UNDEF: 11)
 284:	01134901 	tsteq	r3, r1, lsl #18
 288:	0c000013 	stceq	0, cr0, [r0], {19}
 28c:	13490021 	movtne	r0, #36897	; 0x9021
 290:	00000b2f 	andeq	r0, r0, pc, lsr #22
 294:	4900210d 	stmdbmi	r0, {r0, r2, r3, r8, sp}
 298:	00052f13 	andeq	r2, r5, r3, lsl pc
 29c:	012e0e00 			; <UNDEFINED> instruction: 0x012e0e00
 2a0:	0e03193f 			; <UNDEFINED> instruction: 0x0e03193f
 2a4:	0b3b0b3a 	bleq	ec2f94 <C_STACK_SIZE+0xec1f94>
 2a8:	01110b39 	tsteq	r1, r9, lsr fp
 2ac:	18400612 	stmdane	r0, {r1, r4, r9, sl}^
 2b0:	01194297 			; <UNDEFINED> instruction: 0x01194297
 2b4:	0f000013 	svceq	0x00000013
 2b8:	0e030034 	mcreq	0, 0, r0, cr3, cr4, {1}
 2bc:	0b3b0b3a 	bleq	ec2fac <C_STACK_SIZE+0xec1fac>
 2c0:	13490b39 	movtne	r0, #39737	; 0x9b39
 2c4:	0000061c 	andeq	r0, r0, ip, lsl r6
 2c8:	0b000f10 	bleq	3f10 <C_STACK_SIZE+0x2f10>
 2cc:	0013490b 	andseq	r4, r3, fp, lsl #18
 2d0:	00261100 	eoreq	r1, r6, r0, lsl #2
 2d4:	00001349 	andeq	r1, r0, r9, asr #6
 2d8:	01110100 	tsteq	r1, r0, lsl #2
 2dc:	0b130e25 	bleq	4c3b78 <C_STACK_SIZE+0x4c2b78>
 2e0:	0e1b0e03 	cdpeq	14, 1, cr0, cr11, cr3, {0}
 2e4:	06120111 			; <UNDEFINED> instruction: 0x06120111
 2e8:	00001710 	andeq	r1, r0, r0, lsl r7
 2ec:	0b002402 	bleq	92fc <C_STACK_SIZE+0x82fc>
 2f0:	030b3e0b 	movweq	r3, #48651	; 0xbe0b
 2f4:	0300000e 	movweq	r0, #14
 2f8:	0b0b0024 	bleq	2c0390 <C_STACK_SIZE+0x2bf390>
 2fc:	08030b3e 	stmdaeq	r3, {r1, r2, r3, r4, r5, r8, r9, fp}
 300:	16040000 	strne	r0, [r4], -r0
 304:	3a0e0300 	bcc	380f0c <C_STACK_SIZE+0x37ff0c>
 308:	390b3b0b 	stmdbcc	fp, {r0, r1, r3, r8, r9, fp, ip, sp}
 30c:	0013490b 	andseq	r4, r3, fp, lsl #18
 310:	01130500 	tsteq	r3, r0, lsl #10
 314:	0b3a0b0b 	bleq	e82f48 <C_STACK_SIZE+0xe81f48>
 318:	0b390b3b 	bleq	e4300c <C_STACK_SIZE+0xe4200c>
 31c:	00001301 	andeq	r1, r0, r1, lsl #6
 320:	03000d06 	movweq	r0, #3334	; 0xd06
 324:	3b0b3a0e 	blcc	2ceb64 <C_STACK_SIZE+0x2cdb64>
 328:	490b390b 	stmdbmi	fp, {r0, r1, r3, r8, fp, ip, sp}
 32c:	000b3813 	andeq	r3, fp, r3, lsl r8
 330:	000d0700 	andeq	r0, sp, r0, lsl #14
 334:	0b3a0803 	bleq	e82348 <C_STACK_SIZE+0xe81348>
 338:	0b390b3b 	bleq	e4302c <C_STACK_SIZE+0xe4202c>
 33c:	0b381349 	bleq	e05068 <C_STACK_SIZE+0xe04068>
 340:	35080000 	strcc	r0, [r8, #-0]
 344:	00134900 	andseq	r4, r3, r0, lsl #18
 348:	012e0900 			; <UNDEFINED> instruction: 0x012e0900
 34c:	0e03193f 			; <UNDEFINED> instruction: 0x0e03193f
 350:	0b3b0b3a 	bleq	ec3040 <C_STACK_SIZE+0xec2040>
 354:	01110b39 	tsteq	r1, r9, lsr fp
 358:	18400612 	stmdane	r0, {r1, r4, r9, sl}^
 35c:	01194297 			; <UNDEFINED> instruction: 0x01194297
 360:	0a000013 	beq	3b4 <_PUBLIC_SIZE_TEXT+0xe0>
 364:	0e030034 	mcreq	0, 0, r0, cr3, cr4, {1}
 368:	0b3b0b3a 	bleq	ec3058 <C_STACK_SIZE+0xec2058>
 36c:	13490b39 	movtne	r0, #39737	; 0x9b39
 370:	0000061c 	andeq	r0, r0, ip, lsl r6
 374:	0b000f0b 	bleq	3fa8 <C_STACK_SIZE+0x2fa8>
 378:	0013490b 	andseq	r4, r3, fp, lsl #18
 37c:	00260c00 	eoreq	r0, r6, r0, lsl #24
 380:	00001349 	andeq	r1, r0, r9, asr #6
	...

Desensamblado de la sección .debug_aranges:

00000000 <.debug_aranges>:
   0:	0000001c 	andeq	r0, r0, ip, lsl r0
   4:	00000002 	andeq	r0, r0, r2
   8:	00040000 	andeq	r0, r4, r0
   c:	00000000 	andeq	r0, r0, r0
  10:	70030000 	andvc	r0, r3, r0
  14:	000000c4 	andeq	r0, r0, r4, asr #1
	...
  20:	00000024 	andeq	r0, r0, r4, lsr #32
  24:	00260002 	eoreq	r0, r6, r2
  28:	00040000 	andeq	r0, r4, r0
  2c:	00000000 	andeq	r0, r0, r0
  30:	70010018 	andvc	r0, r1, r8, lsl r0
  34:	00000044 	andeq	r0, r0, r4, asr #32
  38:	700300c4 	andvc	r0, r3, r4, asr #1
  3c:	00000040 	andeq	r0, r0, r0, asr #32
	...
  48:	0000001c 	andeq	r0, r0, ip, lsl r0
  4c:	00480002 	subeq	r0, r8, r2
  50:	00040000 	andeq	r0, r4, r0
  54:	00000000 	andeq	r0, r0, r0
  58:	70030104 	andvc	r0, r3, r4, lsl #2
  5c:	0000007c 	andeq	r0, r0, ip, ror r0
	...
  68:	0000001c 	andeq	r0, r0, ip, lsl r0
  6c:	006e0002 	rsbeq	r0, lr, r2
  70:	00040000 	andeq	r0, r4, r0
  74:	00000000 	andeq	r0, r0, r0
  78:	70030180 	andvc	r0, r3, r0, lsl #3
  7c:	000000fc 	strdeq	r0, [r0], -ip
	...
  88:	0000001c 	andeq	r0, r0, ip, lsl r0
  8c:	00940002 	addseq	r0, r4, r2
  90:	00040000 	andeq	r0, r4, r0
  94:	00000000 	andeq	r0, r0, r0
  98:	70010000 	andvc	r0, r1, r0
  9c:	00000018 	andeq	r0, r0, r8, lsl r0
	...
  a8:	0000001c 	andeq	r0, r0, ip, lsl r0
  ac:	00ba0002 	adcseq	r0, sl, r2
  b0:	00040000 	andeq	r0, r4, r0
  b4:	00000000 	andeq	r0, r0, r0
  b8:	7001005c 	andvc	r0, r1, ip, asr r0
  bc:	00000040 	andeq	r0, r0, r0, asr #32
	...
  c8:	0000001c 	andeq	r0, r0, ip, lsl r0
  cc:	01810002 	orreq	r0, r1, r2
  d0:	00040000 	andeq	r0, r4, r0
  d4:	00000000 	andeq	r0, r0, r0
  d8:	7003027c 	andvc	r0, r3, ip, ror r2
  dc:	0000000a 	andeq	r0, r0, sl
	...
  e8:	0000001c 	andeq	r0, r0, ip, lsl r0
  ec:	03430002 	movteq	r0, #12290	; 0x3002
  f0:	00040000 	andeq	r0, r4, r0
  f4:	00000000 	andeq	r0, r0, r0
  f8:	70030288 	andvc	r0, r3, r8, lsl #5
  fc:	00000024 	andeq	r0, r0, r4, lsr #32
	...
 108:	0000001c 	andeq	r0, r0, ip, lsl r0
 10c:	067a0002 	ldrbteq	r0, [sl], -r2
 110:	00040000 	andeq	r0, r4, r0
 114:	00000000 	andeq	r0, r0, r0
 118:	700302ac 	andvc	r0, r3, ip, lsr #5
 11c:	00000026 	andeq	r0, r0, r6, lsr #32
	...

Desensamblado de la sección .debug_str:

00000000 <.debug_str>:
   0:	2f637273 	svccs	0x00637273
   4:	5f776f6c 	svcpl	0x00776f6c
   8:	6576656c 	ldrbvs	r6, [r6, #-1388]!	; 0xfffffa94
   c:	70635f6c 	rsbvc	r5, r3, ip, ror #30
  10:	63615f75 	cmnvs	r1, #468	; 0x1d4
  14:	73736563 	cmnvc	r3, #415236096	; 0x18c00000
  18:	2f00732e 	svccs	0x0000732e
  1c:	656d6f68 	strbvs	r6, [sp, #-3944]!	; 0xfffff098
  20:	6261672f 	rsbvs	r6, r1, #12320768	; 0xbc0000
  24:	6c656972 			; <UNDEFINED> instruction: 0x6c656972
  28:	73697263 	cmnvc	r9, #805306374	; 0x30000006
  2c:	6f696661 	svcvs	0x00696661
  30:	6373452f 	cmnvs	r3, #197132288	; 0xbc00000
  34:	6f746972 	svcvs	0x00746972
  38:	2f6f6972 	svccs	0x006f6972
  3c:	2d334454 	cfldrscs	mvf4, [r3, #-336]!	; 0xfffffeb0
  40:	33323032 	teqcc	r2, #50	; 0x32
  44:	6e694c2d 	cdpvs	12, 6, cr4, cr9, cr13, {1}
  48:	472f7875 			; <UNDEFINED> instruction: 0x472f7875
  4c:	722f5449 	eorvc	r5, pc, #1224736768	; 0x49000000
  50:	6c6f7065 	stclvs	0, cr7, [pc], #-404	; fffffec4 <__bss_end__+0x8ffcfbd4>
  54:	6c61636f 	stclvs	3, cr6, [r1], #-444	; 0xfffffe44
  58:	3035722f 	eorscc	r7, r5, pc, lsr #4
  5c:	432d3135 			; <UNDEFINED> instruction: 0x432d3135
  60:	41534952 	cmpmi	r3, r2, asr r9
  64:	2d4f4946 	vstrcs.16	s9, [pc, #-140]	; ffffffe0 <__bss_end__+0x8ffcfcf0>	; <UNPREDICTABLE>
  68:	52424147 	subpl	r4, r2, #-1073741807	; 0xc0000011
  6c:	2f4c4549 	svccs	0x004c4549
  70:	635f3130 	cmpvs	pc, #48, 2
  74:	2f746175 	svccs	0x00746175
  78:	5f325054 	svcpl	0x00325054
  7c:	65746e49 	ldrbvs	r6, [r4, #-3657]!	; 0xfffff1b7
  80:	70757272 	rsbsvc	r7, r5, r2, ror r2
  84:	6e6f6963 	vnmulvs.f16	s13, s30, s7	; <UNPREDICTABLE>
  88:	425f7365 	subsmi	r7, pc, #-1811939327	; 0x94000001
  8c:	63697361 	cmnvs	r9, #-2080374783	; 0x84000001
  90:	535f7361 	cmppl	pc, #-2080374783	; 0x84000001
  94:	542f4957 	strtpl	r4, [pc], #-2391	; 9c <_PUBLIC_SIZE_INICIO>
  98:	765f3350 			; <UNDEFINED> instruction: 0x765f3350
  9c:	4e470033 	mcrmi	0, 2, r0, cr7, cr3, {1}
  a0:	53412055 	movtpl	r2, #4181	; 0x1055
  a4:	332e3220 			; <UNDEFINED> instruction: 0x332e3220
  a8:	72730034 	rsbsvc	r0, r3, #52	; 0x34
  ac:	64742f63 	ldrbtvs	r2, [r4], #-3939	; 0xfffff09d
  b0:	656d5f33 	strbvs	r5, [sp, #-3891]!	; 0xfffff0cd
  b4:	706f636d 	rsbvc	r6, pc, sp, ror #6
  b8:	00732e79 	rsbseq	r2, r3, r9, ror lr
  bc:	2f637273 	svccs	0x00637273
  c0:	65637865 	strbvs	r7, [r3, #-2149]!	; 0xfffff79b
  c4:	6f697470 	svcvs	0x00697470
  c8:	61685f6e 	cmnvs	r8, lr, ror #30
  cc:	656c646e 	strbvs	r6, [ip, #-1134]!	; 0xfffffb92
  d0:	732e7372 			; <UNDEFINED> instruction: 0x732e7372
  d4:	6f682f00 	svcvs	0x00682f00
  d8:	672f656d 	strvs	r6, [pc, -sp, ror #10]!
  dc:	69726261 	ldmdbvs	r2!, {r0, r5, r6, r9, sp, lr}^
  e0:	72636c65 	rsbvc	r6, r3, #25856	; 0x6500
  e4:	66617369 	strbtvs	r7, [r1], -r9, ror #6
  e8:	452f6f69 	strmi	r6, [pc, #-3945]!	; fffff187 <__bss_end__+0x8ffcee97>
  ec:	69726373 	ldmdbvs	r2!, {r0, r1, r4, r5, r6, r8, r9, sp, lr}^
  f0:	69726f74 	ldmdbvs	r2!, {r2, r4, r5, r6, r8, r9, sl, fp, sp, lr}^
  f4:	44542f6f 	ldrbmi	r2, [r4], #-3951	; 0xfffff091
  f8:	30322d33 	eorscc	r2, r2, r3, lsr sp
  fc:	4c2d3332 	stcmi	3, cr3, [sp], #-200	; 0xffffff38
 100:	78756e69 	ldmdavc	r5!, {r0, r3, r5, r6, r9, sl, fp, sp, lr}^
 104:	5449472f 	strbpl	r4, [r9], #-1839	; 0xfffff8d1
 108:	7065722f 	rsbvc	r7, r5, pc, lsr #4
 10c:	636f6c6f 	cmnvs	pc, #28416	; 0x6f00
 110:	722f6c61 	eorvc	r6, pc, #24832	; 0x6100
 114:	31353035 	teqcc	r5, r5, lsr r0
 118:	4952432d 	ldmdbmi	r2, {r0, r2, r3, r5, r8, r9, lr}^
 11c:	49464153 	stmdbmi	r6, {r0, r1, r4, r6, r8, lr}^
 120:	41472d4f 	cmpmi	r7, pc, asr #26
 124:	45495242 	strbmi	r5, [r9, #-578]	; 0xfffffdbe
 128:	31302f4c 	teqcc	r0, ip, asr #30
 12c:	6175635f 	cmnvs	r5, pc, asr r3
 130:	50542f74 	subspl	r2, r4, r4, ror pc
 134:	6e495f32 	mcrvs	15, 2, r5, cr9, cr2, {1}
 138:	72726574 	rsbsvc	r6, r2, #116, 10	; 0x1d000000
 13c:	69637075 	stmdbvs	r3!, {r0, r2, r4, r5, r6, ip, sp, lr}^
 140:	73656e6f 	cmnvc	r5, #1776	; 0x6f0
 144:	7361425f 	cmnvc	r1, #-268435451	; 0xf0000005
 148:	73616369 	cmnvc	r1, #-1543503871	; 0xa4000001
 14c:	4957535f 	ldmdbmi	r7, {r0, r1, r2, r3, r4, r6, r8, r9, ip, lr}^
 150:	3350542f 	cmpcc	r0, #788529152	; 0x2f000000
 154:	0035765f 	eorseq	r7, r5, pc, asr r6
 158:	2f637273 	svccs	0x00637273
 15c:	72617473 	rsbvc	r7, r1, #1929379840	; 0x73000000
 160:	2e707574 	mrccs	5, 3, r7, cr0, cr4, {3}
 164:	72730073 	rsbsvc	r0, r3, #115	; 0x73
 168:	65722f63 	ldrbvs	r2, [r2, #-3939]!	; 0xfffff09d
 16c:	5f746573 	svcpl	0x00746573
 170:	74636576 	strbtvc	r6, [r3], #-1398	; 0xfffffa8a
 174:	732e726f 			; <UNDEFINED> instruction: 0x732e726f
 178:	7a737000 	bvc	1cdc180 <C_STACK_SIZE+0x1cdb180>
 17c:	74736544 	ldrbtvc	r6, [r3], #-1348	; 0xfffffabc
 180:	33647400 	cmncc	r4, #0, 8
 184:	6d656d5f 	stclvs	13, cr6, [r5, #-380]!	; 0xfffffe84
 188:	79706f63 	ldmdbvc	r0!, {r0, r1, r5, r6, r8, r9, sl, fp, sp, lr}^
 18c:	73656400 	cmnvc	r5, #0, 8
 190:	6f6e6974 	svcvs	0x006e6974
 194:	69726f00 	ldmdbvs	r2!, {r8, r9, sl, fp, sp, lr}^
 198:	006e6567 	rsbeq	r6, lr, r7, ror #10
 19c:	20554e47 	subscs	r4, r5, r7, asr #28
 1a0:	20393943 	eorscs	r3, r9, r3, asr #18
 1a4:	2e342e39 	mrccs	14, 1, r2, cr4, cr9, {1}
 1a8:	6d2d2030 	stcvs	0, cr2, [sp, #-192]!	; 0xffffff40
 1ac:	3d757063 	ldclcc	0, cr7, [r5, #-396]!	; 0xfffffe74
 1b0:	74726f63 	ldrbtvc	r6, [r2], #-3939	; 0xfffff09d
 1b4:	612d7865 			; <UNDEFINED> instruction: 0x612d7865
 1b8:	6d2d2038 	stcvs	0, cr2, [sp, #-224]!	; 0xffffff20
 1bc:	616f6c66 	cmnvs	pc, r6, ror #24
 1c0:	62612d74 	rsbvs	r2, r1, #116, 26	; 0x1d00
 1c4:	61683d69 	cmnvs	r8, r9, ror #26
 1c8:	2d206472 	cfstrscs	mvf6, [r0, #-456]!	; 0xfffffe38
 1cc:	7570666d 	ldrbvc	r6, [r0, #-1645]!	; 0xfffff993
 1d0:	7066763d 	rsbvc	r7, r6, sp, lsr r6
 1d4:	642d3376 	strtvs	r3, [sp], #-886	; 0xfffffc8a
 1d8:	2d203631 	stccs	6, cr3, [r0, #-196]!	; 0xffffff3c
 1dc:	7568746d 	strbvc	r7, [r8, #-1133]!	; 0xfffffb93
 1e0:	2d20626d 	sfmcs	f6, 4, [r0, #-436]!	; 0xfffffe4c
 1e4:	736c746d 	cmnvc	ip, #1828716544	; 0x6d000000
 1e8:	6169642d 	cmnvs	r9, sp, lsr #8
 1ec:	7463656c 	strbtvc	r6, [r3], #-1388	; 0xfffffa94
 1f0:	756e673d 	strbvc	r6, [lr, #-1853]!	; 0xfffff8c3
 1f4:	616d2d20 	cmnvs	sp, r0, lsr #26
 1f8:	3d686372 	stclcc	3, cr6, [r8, #-456]!	; 0xfffffe38
 1fc:	766d7261 	strbtvc	r7, [sp], -r1, ror #4
 200:	2b612d37 	blcs	184b6e4 <C_STACK_SIZE+0x184a6e4>
 204:	2b636573 	blcs	18d97d8 <C_STACK_SIZE+0x18d87d8>
 208:	2d207066 	stccs	0, cr7, [r0, #-408]!	; 0xfffffe68
 20c:	4f2d2067 	svcmi	0x002d2067
 210:	732d2030 			; <UNDEFINED> instruction: 0x732d2030
 214:	673d6474 			; <UNDEFINED> instruction: 0x673d6474
 218:	3939756e 	ldmdbcc	r9!, {r1, r2, r3, r5, r6, r8, sl, ip, sp, lr}
 21c:	73662d20 	cmnvc	r6, #32, 26	; 0x800
 220:	6b636174 	blvs	18d87f8 <C_STACK_SIZE+0x18d77f8>
 224:	6f72702d 	svcvs	0x0072702d
 228:	74636574 	strbtvc	r6, [r3], #-1396	; 0xfffffa8c
 22c:	732d726f 			; <UNDEFINED> instruction: 0x732d726f
 230:	6e6f7274 	mcrvs	2, 3, r7, cr15, cr4, {3}
 234:	756e0067 	strbvc	r0, [lr, #-103]!	; 0xffffff99
 238:	79625f6d 	stmdbvc	r2!, {r0, r2, r3, r5, r6, r8, r9, sl, fp, ip, lr}^
 23c:	00736574 	rsbseq	r6, r3, r4, ror r5
 240:	537a7370 	cmnpl	sl, #112, 6	; 0xc0000001
 244:	6372756f 	cmnvs	r2, #465567744	; 0x1bc00000
 248:	656d0065 	strbvs	r0, [sp, #-101]!	; 0xffffff9b
 24c:	6a61736e 	bvs	185d00c <C_STACK_SIZE+0x185c00c>
 250:	72730065 	rsbsvc	r0, r3, #101	; 0x65
 254:	64742f63 	ldrbtvs	r2, [r4], #-3939	; 0xfffff09d
 258:	00632e33 	rsbeq	r2, r3, r3, lsr lr
 25c:	6e72656b 	cdpvs	5, 7, cr6, cr2, cr11, {3}
 260:	685f6c65 	ldmdavs	pc, {r0, r2, r5, r6, sl, fp, sp, lr}^	; <UNPREDICTABLE>
 264:	6c646e61 	stclvs	14, cr6, [r4], #-388	; 0xfffffe7c
 268:	695f7265 	ldmdbvs	pc, {r0, r2, r5, r6, r9, ip, sp, lr}^	; <UNPREDICTABLE>
 26c:	73007172 	movwvc	r7, #370	; 0x172
 270:	74726f68 	ldrbtvc	r6, [r2], #-3944	; 0xfffff098
 274:	746e6920 	strbtvc	r6, [lr], #-2336	; 0xfffff6e0
 278:	755f5f00 	ldrbvc	r5, [pc, #-3840]	; fffff380 <__bss_end__+0x8ffcf090>
 27c:	33746e69 	cmncc	r4, #1680	; 0x690
 280:	00745f32 	rsbseq	r5, r4, r2, lsr pc
 284:	43434947 	movtmi	r4, #14663	; 0x3947
 288:	675f0030 	smmlarvs	pc, r0, r0, r0	; <UNPREDICTABLE>
 28c:	5f636369 	svcpl	0x00636369
 290:	4f450074 	svcmi	0x00450074
 294:	73005249 	movwvc	r5, #585	; 0x249
 298:	652f6372 	strvs	r6, [pc, #-882]!	; ffffff2e <__bss_end__+0x8ffcfc3e>
 29c:	70656378 	rsbvc	r6, r5, r8, ror r3
 2a0:	6e6f6974 			; <UNDEFINED> instruction: 0x6e6f6974
 2a4:	6e61685f 	mcrvs	8, 3, r6, cr1, cr15, {2}
 2a8:	72656c64 	rsbvc	r6, r5, #100, 24	; 0x6400
 2ac:	00632e73 	rsbeq	r2, r3, r3, ror lr
 2b0:	676e6f6c 	strbvs	r6, [lr, -ip, ror #30]!
 2b4:	6e6f6c20 	cdpvs	12, 6, cr6, cr15, cr0, {1}
 2b8:	6e692067 	cdpvs	0, 6, cr2, cr9, cr7, {3}
 2bc:	6e750074 	mrcvs	0, 3, r0, cr5, cr4, {3}
 2c0:	6e676973 			; <UNDEFINED> instruction: 0x6e676973
 2c4:	63206465 			; <UNDEFINED> instruction: 0x63206465
 2c8:	00726168 	rsbseq	r6, r2, r8, ror #2
 2cc:	72737063 	rsbsvc	r7, r3, #99	; 0x63
 2d0:	6e6f6c00 	cdpvs	12, 6, cr6, cr15, cr0, {0}
 2d4:	6f6c2067 	svcvs	0x006c2067
 2d8:	7520676e 	strvc	r6, [r0, #-1902]!	; 0xfffff892
 2dc:	6769736e 	strbvs	r7, [r9, -lr, ror #6]!
 2e0:	2064656e 	rsbcs	r6, r4, lr, ror #10
 2e4:	00746e69 	rsbseq	r6, r4, r9, ror #28
 2e8:	49505048 	ldmdbmi	r0, {r3, r6, ip, lr}^
 2ec:	4e470052 	mcrmi	0, 2, r0, cr7, cr2, {2}
 2f0:	39432055 	stmdbcc	r3, {r0, r2, r4, r6, sp}^
 2f4:	2e392039 	mrccs	0, 1, r2, cr9, cr9, {1}
 2f8:	20302e34 	eorscs	r2, r0, r4, lsr lr
 2fc:	70636d2d 	rsbvc	r6, r3, sp, lsr #26
 300:	6f633d75 	svcvs	0x00633d75
 304:	78657472 	stmdavc	r5!, {r1, r4, r5, r6, sl, ip, sp, lr}^
 308:	2038612d 	eorscs	r6, r8, sp, lsr #2
 30c:	6c666d2d 	stclvs	13, cr6, [r6], #-180	; 0xffffff4c
 310:	2d74616f 	ldfcse	f6, [r4, #-444]!	; 0xfffffe44
 314:	3d696261 	sfmcc	f6, 2, [r9, #-388]!	; 0xfffffe7c
 318:	64726168 	ldrbtvs	r6, [r2], #-360	; 0xfffffe98
 31c:	666d2d20 	strbtvs	r2, [sp], -r0, lsr #26
 320:	763d7570 			; <UNDEFINED> instruction: 0x763d7570
 324:	33767066 	cmncc	r6, #102	; 0x66
 328:	3631642d 	ldrtcc	r6, [r1], -sp, lsr #8
 32c:	746d2d20 	strbtvc	r2, [sp], #-3360	; 0xfffff2e0
 330:	626d7568 	rsbvs	r7, sp, #104, 10	; 0x1a000000
 334:	746d2d20 	strbtvc	r2, [sp], #-3360	; 0xfffff2e0
 338:	642d736c 	strtvs	r7, [sp], #-876	; 0xfffffc94
 33c:	656c6169 	strbvs	r6, [ip, #-361]!	; 0xfffffe97
 340:	673d7463 	ldrvs	r7, [sp, -r3, ror #8]!
 344:	2d20756e 	cfstr32cs	mvfx7, [r0, #-440]!	; 0xfffffe48
 348:	6372616d 	cmnvs	r2, #1073741851	; 0x4000001b
 34c:	72613d68 	rsbvc	r3, r1, #104, 26	; 0x1a00
 350:	2d37766d 	ldccs	6, cr7, [r7, #-436]!	; 0xfffffe4c
 354:	65732b61 	ldrbvs	r2, [r3, #-2913]!	; 0xfffff49f
 358:	70662b63 	rsbvc	r2, r6, r3, ror #22
 35c:	20672d20 	rsbcs	r2, r7, r0, lsr #26
 360:	20324f2d 	eorscs	r4, r2, sp, lsr #30
 364:	6474732d 	ldrbtvs	r7, [r4], #-813	; 0xfffffcd3
 368:	756e673d 	strbvc	r6, [lr, #-1853]!	; 0xfffff8c3
 36c:	2d203939 			; <UNDEFINED> instruction: 0x2d203939
 370:	61747366 	cmnvs	r4, r6, ror #6
 374:	702d6b63 	eorvc	r6, sp, r3, ror #22
 378:	65746f72 	ldrbvs	r6, [r4, #-3954]!	; 0xfffff08e
 37c:	726f7463 	rsbvc	r7, pc, #1660944384	; 0x63000000
 380:	7274732d 	rsbsvc	r7, r4, #-1275068416	; 0xb4000000
 384:	00676e6f 	rsbeq	r6, r7, pc, ror #28
 388:	726f6873 	rsbvc	r6, pc, #7536640	; 0x730000
 38c:	6e752074 	mrcvs	0, 3, r2, cr5, cr4, {3}
 390:	6e676973 			; <UNDEFINED> instruction: 0x6e676973
 394:	69206465 	stmdbvs	r0!, {r0, r2, r5, r6, sl, sp, lr}
 398:	6300746e 	movwvs	r7, #1134	; 0x46e
 39c:	745f7874 	ldrbvc	r7, [pc], #-2164	; 3a4 <_PUBLIC_SIZE_TEXT+0xd0>
 3a0:	4c544300 	mrrcmi	3, 0, r4, r4, cr0	; <UNPREDICTABLE>
 3a4:	43490052 	movtmi	r0, #36946	; 0x9052
 3a8:	42414e45 	submi	r4, r1, #1104	; 0x450
 3ac:	0052454c 	subseq	r4, r2, ip, asr #10
 3b0:	45505954 	ldrbmi	r5, [r0, #-2388]	; 0xfffff6ac
 3b4:	675f0052 			; <UNDEFINED> instruction: 0x675f0052
 3b8:	5f646369 	svcpl	0x00646369
 3bc:	43490074 	movtmi	r0, #36980	; 0x9074
 3c0:	00524746 	subseq	r4, r2, r6, asr #14
 3c4:	49525049 	ldmdbmi	r2, {r0, r3, r6, ip, lr}^
 3c8:	5449524f 	strbpl	r5, [r9], #-591	; 0xfffffdb1
 3cc:	49005259 	stmdbmi	r0, {r0, r3, r4, r6, r9, ip, lr}
 3d0:	54434153 	strbpl	r4, [r3], #-339	; 0xfffffead
 3d4:	52455649 	subpl	r5, r5, #76546048	; 0x4900000
 3d8:	63727300 	cmnvs	r2, #0, 6
 3dc:	6369672f 	cmnvs	r9, #12320768	; 0xbc0000
 3e0:	7200632e 	andvc	r6, r0, #-1207959552	; 0xb8000000
 3e4:	72657365 	rsbvc	r7, r5, #-1811939327	; 0x94000001
 3e8:	30646576 	rsbcc	r6, r4, r6, ror r5
 3ec:	73657200 	cmnvc	r5, #0, 4
 3f0:	65767265 	ldrbvs	r7, [r6, #-613]!	; 0xfffffd9b
 3f4:	72003164 	andvc	r3, r0, #100, 2
 3f8:	72657365 	rsbvc	r7, r5, #-1811939327	; 0x94000001
 3fc:	32646576 	rsbcc	r6, r4, #494927872	; 0x1d800000
 400:	73657200 	cmnvc	r5, #0, 4
 404:	65767265 	ldrbvs	r7, [r6, #-613]!	; 0xfffffd9b
 408:	72003364 	andvc	r3, r0, #100, 6	; 0x90000001
 40c:	72657365 	rsbvc	r7, r5, #-1811939327	; 0x94000001
 410:	34646576 	strbtcc	r6, [r4], #-1398	; 0xfffffa8a
 414:	73657200 	cmnvc	r5, #0, 4
 418:	65767265 	ldrbvs	r7, [r6, #-613]!	; 0xfffffd9b
 41c:	72003564 	andvc	r3, r0, #100, 10	; 0x19000000
 420:	72657365 	rsbvc	r7, r5, #-1811939327	; 0x94000001
 424:	36646576 			; <UNDEFINED> instruction: 0x36646576
 428:	73657200 	cmnvc	r5, #0, 4
 42c:	65767265 	ldrbvs	r7, [r6, #-613]!	; 0xfffffd9b
 430:	5f003764 	svcpl	0x00003764
 434:	6e69755f 	mcrvs	5, 3, r7, cr9, cr15, {2}
 438:	745f3874 	ldrbvc	r3, [pc], #-2164	; 440 <_PUBLIC_SIZE_TEXT+0x16c>
 43c:	73657200 	cmnvc	r5, #0, 4
 440:	65767265 	ldrbvs	r7, [r6, #-613]!	; 0xfffffd9b
 444:	2f003964 	svccs	0x00003964
 448:	656d6f68 	strbvs	r6, [sp, #-3944]!	; 0xfffff098
 44c:	6261672f 	rsbvs	r6, r1, #12320768	; 0xbc0000
 450:	6c656972 			; <UNDEFINED> instruction: 0x6c656972
 454:	73697263 	cmnvc	r9, #805306374	; 0x30000006
 458:	6f696661 	svcvs	0x00696661
 45c:	6373452f 	cmnvs	r3, #197132288	; 0xbc00000
 460:	6f746972 	svcvs	0x00746972
 464:	2f6f6972 	svccs	0x006f6972
 468:	2d334454 	cfldrscs	mvf4, [r3, #-336]!	; 0xfffffeb0
 46c:	33323032 	teqcc	r2, #50	; 0x32
 470:	6e694c2d 	cdpvs	12, 6, cr4, cr9, cr13, {1}
 474:	472f7875 			; <UNDEFINED> instruction: 0x472f7875
 478:	722f5449 	eorvc	r5, pc, #1224736768	; 0x49000000
 47c:	6c6f7065 	stclvs	0, cr7, [pc], #-404	; 2f0 <_PUBLIC_SIZE_TEXT+0x1c>
 480:	6c61636f 	stclvs	3, cr6, [r1], #-444	; 0xfffffe44
 484:	3035722f 	eorscc	r7, r5, pc, lsr #4
 488:	432d3135 			; <UNDEFINED> instruction: 0x432d3135
 48c:	41534952 	cmpmi	r3, r2, asr r9
 490:	2d4f4946 	vstrcs.16	s9, [pc, #-140]	; 40c <_PUBLIC_SIZE_TEXT+0x138>	; <UNPREDICTABLE>
 494:	52424147 	subpl	r4, r2, #-1073741807	; 0xc0000011
 498:	2f4c4549 	svccs	0x004c4549
 49c:	635f3130 	cmpvs	pc, #48, 2
 4a0:	2f746175 	svccs	0x00746175
 4a4:	5f325054 	svcpl	0x00325054
 4a8:	65746e49 	ldrbvs	r6, [r4, #-3657]!	; 0xfffff1b7
 4ac:	70757272 	rsbsvc	r7, r5, r2, ror r2
 4b0:	6e6f6963 	vnmulvs.f16	s13, s30, s7	; <UNPREDICTABLE>
 4b4:	425f7365 	subsmi	r7, pc, #-1811939327	; 0x94000001
 4b8:	63697361 	cmnvs	r9, #-2080374783	; 0x84000001
 4bc:	535f7361 	cmppl	pc, #-2080374783	; 0x84000001
 4c0:	542f4957 	strtpl	r4, [pc], #-2391	; 4c8 <_PUBLIC_SIZE_TEXT+0x1f4>
 4c4:	765f3350 			; <UNDEFINED> instruction: 0x765f3350
 4c8:	53490034 	movtpl	r0, #36916	; 0x9034
 4cc:	42414e45 	submi	r4, r1, #1104	; 0x450
 4d0:	0052454c 	subseq	r4, r2, ip, asr #10
 4d4:	5f636967 	svcpl	0x00636967
 4d8:	74696e69 	strbtvc	r6, [r9], #-3689	; 0xfffff197
 4dc:	73657200 	cmnvc	r5, #0, 4
 4e0:	65767265 	ldrbvs	r7, [r6, #-613]!	; 0xfffffd9b
 4e4:	49003864 	stmdbmi	r0, {r2, r5, r6, fp, ip, sp}
 4e8:	4e455043 	cdpmi	0, 4, cr5, cr5, cr3, {2}
 4ec:	53005244 	movwpl	r5, #580	; 0x244
 4f0:	00524947 	subseq	r4, r2, r7, asr #18
 4f4:	5f555043 	svcpl	0x00555043
 4f8:	45544e49 	ldrbmi	r4, [r4, #-3657]	; 0xfffff1b7
 4fc:	43414652 	movtmi	r4, #5714	; 0x1652
 500:	49440045 	stmdbmi	r4, {r0, r2, r6}^
 504:	49525453 	ldmdbmi	r2, {r0, r1, r4, r6, sl, ip, lr}^
 508:	4f545542 	svcmi	0x00545542
 50c:	54490052 	strbpl	r0, [r9], #-82	; 0xffffffae
 510:	45475241 	strbmi	r5, [r7, #-577]	; 0xfffffdbf
 514:	00525354 	subseq	r5, r2, r4, asr r3
 518:	45505349 	ldrbmi	r5, [r0, #-841]	; 0xfffffcb7
 51c:	0052444e 	subseq	r4, r2, lr, asr #8
 520:	554c4156 	strbpl	r4, [ip, #-342]	; 0xfffffeaa
 524:	4e490045 	cdpmi	0, 4, cr0, cr9, cr5, {2}
 528:	4c524354 	mrrcmi	3, 5, r4, r2, cr4
 52c:	4d495400 	cfstrdmi	mvd5, [r9, #-0]
 530:	00305245 	eorseq	r5, r0, r5, asr #4
 534:	4c525443 	cfldrdmi	mvd5, [r2], {67}	; 0x43
 538:	6d697400 	cfstrdvs	mvd7, [r9, #-0]
 53c:	695f7265 	ldmdbvs	pc, {r0, r2, r5, r6, r9, ip, sp, lr}^	; <UNPREDICTABLE>
 540:	0074696e 	rsbseq	r6, r4, lr, ror #18
 544:	6d69745f 	cfstrdvs	mvd7, [r9, #-380]!	; 0xfffffe84
 548:	745f7265 	ldrbvc	r7, [pc], #-613	; 550 <_PUBLIC_SIZE_TEXT+0x27c>
 54c:	53595300 	cmppl	r9, #0, 6
 550:	434d4554 	movtmi	r4, #54612	; 0xd554
 554:	304c5254 	subcc	r5, ip, r4, asr r2
 558:	63727300 	cmnvs	r2, #0, 6
 55c:	6d69742f 	cfstrdvs	mvd7, [r9, #-188]!	; 0xffffff44
 560:	632e7265 			; <UNDEFINED> instruction: 0x632e7265
 564:	4c474200 	sfmmi	f4, 2, [r7], {-0}
 568:	0044414f 	subeq	r4, r4, pc, asr #2

Desensamblado de la sección .debug_ranges:

00000000 <.debug_ranges>:
   0:	ffffffff 			; <UNDEFINED> instruction: 0xffffffff
   4:	00000000 	andeq	r0, r0, r0
   8:	70010018 	andvc	r0, r1, r8, lsl r0
   c:	7001005c 	andvc	r0, r1, ip, asr r0
  10:	700300c4 	andvc	r0, r3, r4, asr #1
  14:	70030104 	andvc	r0, r3, r4, lsl #2
	...
  20:	7001005c 	andvc	r0, r1, ip, asr r0
  24:	7001009c 	mulvc	r1, ip, r0
	...
  30:	7003027c 	andvc	r0, r3, ip, ror r2
  34:	70030286 	andvc	r0, r3, r6, lsl #5
	...

Desensamblado de la sección .debug_frame:

00000000 <.debug_frame>:
   0:	0000000c 	andeq	r0, r0, ip
   4:	ffffffff 			; <UNDEFINED> instruction: 0xffffffff
   8:	7c020001 	stcvc	0, cr0, [r2], {1}
   c:	000d0c0e 	andeq	r0, sp, lr, lsl #24
  10:	00000024 	andeq	r0, r0, r4, lsr #32
  14:	00000000 	andeq	r0, r0, r0
  18:	7001005c 	andvc	r0, r1, ip, asr r0
  1c:	00000040 	andeq	r0, r0, r0, asr #32
  20:	87040e41 	strhi	r0, [r4, -r1, asr #28]
  24:	200e4101 	andcs	r4, lr, r1, lsl #2
  28:	59070d41 	stmdbpl	r7, {r0, r6, r8, sl, fp}
  2c:	0d41040e 	cfstrdeq	mvd0, [r1, #-56]	; 0xffffffc8
  30:	0ec7420d 	cdpeq	2, 12, cr4, cr7, cr13, {0}
  34:	00000000 	andeq	r0, r0, r0
  38:	0000000c 	andeq	r0, r0, ip
  3c:	ffffffff 			; <UNDEFINED> instruction: 0xffffffff
  40:	7c020001 	stcvc	0, cr0, [r2], {1}
  44:	000d0c0e 	andeq	r0, sp, lr, lsl #24
  48:	0000000c 	andeq	r0, r0, ip
  4c:	00000038 	andeq	r0, r0, r8, lsr r0
  50:	7003027c 	andvc	r0, r3, ip, ror r2
  54:	0000000a 	andeq	r0, r0, sl
  58:	0000000c 	andeq	r0, r0, ip
  5c:	ffffffff 			; <UNDEFINED> instruction: 0xffffffff
  60:	7c020001 	stcvc	0, cr0, [r2], {1}
  64:	000d0c0e 	andeq	r0, sp, lr, lsl #24
  68:	0000000c 	andeq	r0, r0, ip
  6c:	00000058 	andeq	r0, r0, r8, asr r0
  70:	70030288 	andvc	r0, r3, r8, lsl #5
  74:	00000024 	andeq	r0, r0, r4, lsr #32
  78:	0000000c 	andeq	r0, r0, ip
  7c:	ffffffff 			; <UNDEFINED> instruction: 0xffffffff
  80:	7c020001 	stcvc	0, cr0, [r2], {1}
  84:	000d0c0e 	andeq	r0, sp, lr, lsl #24
  88:	00000018 	andeq	r0, r0, r8, lsl r0
  8c:	00000078 	andeq	r0, r0, r8, ror r0
  90:	700302ac 	andvc	r0, r3, ip, lsr #5
  94:	00000026 	andeq	r0, r0, r6, lsr #32
  98:	84040e48 	strhi	r0, [r4], #-3656	; 0xfffff1b8
  9c:	0ec44901 	vdiveq.f16	s9, s8, s2	; <UNPREDICTABLE>
  a0:	00000000 	andeq	r0, r0, r0

Desensamblado de la sección .debug_loc:

00000000 <.debug_loc>:
   0:	02820000 	addeq	r0, r2, #0
   4:	02867003 	addeq	r7, r6, #3
   8:	00017003 	andeq	r7, r1, r3
   c:	00000052 	andeq	r0, r0, r2, asr r0
  10:	00000000 	andeq	r0, r0, r0
	...
