
obj/mi_td3_memcopy_v4.elf:     formato del fichero elf32-littlearm


Desensamblado de la sección .inicio:

70010000 <__ROM_start__>:
70010000:	e59fd020 	ldr	sp, [pc, #32]	; 70010028 <_Bootloader+0x4>

70010004 <_Copia_Seccion_TEXT>:
70010004:	e59f0020 	ldr	r0, [pc, #32]	; 7001002c <_Bootloader+0x8>
70010008:	e59f1020 	ldr	r1, [pc, #32]	; 70010030 <_Bootloader+0xc>
7001000c:	e59f2020 	ldr	r2, [pc, #32]	; 70010034 <_Bootloader+0x10>
70010010:	fa00000b 	blx	70010044 <td3_memcopy>

70010014 <_Copia_Seccion_DATA>:
70010014:	e59f001c 	ldr	r0, [pc, #28]	; 70010038 <_Bootloader+0x14>
70010018:	e59f101c 	ldr	r1, [pc, #28]	; 7001003c <_Bootloader+0x18>
7001001c:	e59f201c 	ldr	r2, [pc, #28]	; 70010040 <_Bootloader+0x1c>
70010020:	fa000007 	blx	70010044 <td3_memcopy>

70010024 <_Bootloader>:
70010024:	ea007ff5 	b	70030000 <_PUBLIC_RAM_INIT>
70010028:	70021000 	andvc	r1, r2, r0
7001002c:	70030000 	andvc	r0, r3, r0
70010030:	70010084 	andvc	r0, r1, r4, lsl #1
70010034:	00000040 	andeq	r0, r0, r0, asr #32
70010038:	70030040 	andvc	r0, r3, r0, asr #32
7001003c:	700100c4 	andvc	r0, r1, r4, asr #1
70010040:	00000008 	andeq	r0, r0, r8

70010044 <td3_memcopy>:
70010044:	b480      	push	{r7}
70010046:	b087      	sub	sp, #28
70010048:	af00      	add	r7, sp, #0
7001004a:	60f8      	str	r0, [r7, #12]
7001004c:	60b9      	str	r1, [r7, #8]
7001004e:	607a      	str	r2, [r7, #4]
70010050:	68fb      	ldr	r3, [r7, #12]
70010052:	613b      	str	r3, [r7, #16]
70010054:	68bb      	ldr	r3, [r7, #8]
70010056:	617b      	str	r3, [r7, #20]
70010058:	e00a      	b.n	70010070 <td3_memcopy+0x2c>
7001005a:	697a      	ldr	r2, [r7, #20]
7001005c:	1c53      	adds	r3, r2, #1
7001005e:	617b      	str	r3, [r7, #20]
70010060:	693b      	ldr	r3, [r7, #16]
70010062:	1c59      	adds	r1, r3, #1
70010064:	6139      	str	r1, [r7, #16]
70010066:	7812      	ldrb	r2, [r2, #0]
70010068:	701a      	strb	r2, [r3, #0]
7001006a:	687b      	ldr	r3, [r7, #4]
7001006c:	3b01      	subs	r3, #1
7001006e:	607b      	str	r3, [r7, #4]
70010070:	687b      	ldr	r3, [r7, #4]
70010072:	2b00      	cmp	r3, #0
70010074:	d1f1      	bne.n	7001005a <td3_memcopy+0x16>
70010076:	bf00      	nop
70010078:	bf00      	nop
7001007a:	371c      	adds	r7, #28
7001007c:	46bd      	mov	sp, r7
7001007e:	f85d 7b04 	ldr.w	r7, [sp], #4
70010082:	4770      	bx	lr

Desensamblado de la sección .text:

70030000 <__RAM_start__>:
70030000:	e3a01001 	mov	r1, #1
70030004:	e59f2028 	ldr	r2, [pc, #40]	; 70030034 <_prueba_stack+0xc>
70030008:	e5920000 	ldr	r0, [r2]

7003000c <_leer_ascii>:
7003000c:	e59fc024 	ldr	ip, [pc, #36]	; 70030038 <_prueba_stack+0x10>
70030010:	e5dc0000 	ldrb	r0, [ip]
70030014:	e59f3018 	ldr	r3, [pc, #24]	; 70030034 <_prueba_stack+0xc>
70030018:	e5c30000 	strb	r0, [r3]
7003001c:	e59c0000 	ldr	r0, [ip]
70030020:	e59f3014 	ldr	r3, [pc, #20]	; 7003003c <_prueba_stack+0x14>
70030024:	e5830000 	str	r0, [r3]

70030028 <_prueba_stack>:
70030028:	e52d0004 	push	{r0}		; (str r0, [sp, #-4]!)
7003002c:	e49d0004 	pop	{r0}		; (ldr r0, [sp], #4)
70030030:	eafffffe 	b	70030030 <_prueba_stack+0x8>
70030034:	70030044 	andvc	r0, r3, r4, asr #32
70030038:	70030040 	andvc	r0, r3, r0, asr #32
7003003c:	70030048 	andvc	r0, r3, r8, asr #32

Desensamblado de la sección .data:

70030040 <__data_start__>:
70030040:	004c4f48 	subeq	r4, ip, r8, asr #30

70030044 <argumento>:
70030044:	00000004 	andeq	r0, r0, r4

Desensamblado de la sección .bss:

70030048 <__bss_start__>:
70030048:	00000000 	andeq	r0, r0, r0

Desensamblado de la sección .stack:

70020000 <pila>:
	...

Desensamblado de la sección .ARM.attributes:

00000000 <.ARM.attributes>:
   0:	00003841 	andeq	r3, r0, r1, asr #16
   4:	61656100 	cmnvs	r5, r0, lsl #2
   8:	01006962 	tsteq	r0, r2, ror #18
   c:	0000002e 	andeq	r0, r0, lr, lsr #32
  10:	726f4305 	rsbvc	r4, pc, #335544320	; 0x14000000
  14:	2d786574 	cfldr64cs	mvdx6, [r8, #-464]!	; 0xfffffe30
  18:	06003841 	streq	r3, [r0], -r1, asr #16
  1c:	0841070a 	stmdaeq	r1, {r1, r3, r8, r9, sl}^
  20:	0a020901 	beq	8242c <_PUBLIC_SIZE_INICIO+0x823a8>
  24:	12010c03 	andne	r0, r1, #768	; 0x300
  28:	15011404 	strne	r1, [r1, #-1028]	; 0xfffffbfc
  2c:	18031701 	stmdane	r3, {r0, r8, r9, sl, ip}
  30:	1c021a01 			; <UNDEFINED> instruction: 0x1c021a01
  34:	44012201 	strmi	r2, [r1], #-513	; 0xfffffdff
  38:	La dirección 0x0000000000000038 está fuera de los límites.


Desensamblado de la sección .comment:

00000000 <.comment>:
   0:	3a434347 	bcc	10d0d24 <_PUBLIC_SIZE_INICIO+0x10d0ca0>
   4:	62552820 	subsvs	r2, r5, #32, 16	; 0x200000
   8:	75746e75 	ldrbvc	r6, [r4, #-3701]!	; 0xfffff18b
   c:	342e3920 	strtcc	r3, [lr], #-2336	; 0xfffff6e0
  10:	312d302e 			; <UNDEFINED> instruction: 0x312d302e
  14:	6e756275 	mrcvs	2, 3, r6, cr5, cr5, {3}
  18:	7e317574 	mrcvc	5, 1, r7, cr1, cr4, {3}
  1c:	302e3032 	eorcc	r3, lr, r2, lsr r0
  20:	29312e34 	ldmdbcs	r1!, {r2, r4, r5, r9, sl, fp, sp}
  24:	342e3920 	strtcc	r3, [lr], #-2336	; 0xfffff6e0
  28:	La dirección 0x0000000000000028 está fuera de los límites.


Desensamblado de la sección .debug_line:

00000000 <.debug_line>:
   0:	0000006f 	andeq	r0, r0, pc, rrx
   4:	00280003 	eoreq	r0, r8, r3
   8:	01020000 	mrseq	r0, (UNDEF: 2)
   c:	000d0efb 	strdeq	r0, [sp], -fp
  10:	01010101 	tsteq	r1, r1, lsl #2
  14:	01000000 	mrseq	r0, (UNDEF: 0)
  18:	73010000 	movwvc	r0, #4096	; 0x1000
  1c:	00006372 	andeq	r6, r0, r2, ror r3
  20:	5f336474 	svcpl	0x00336474
  24:	636d656d 	cmnvs	sp, #457179136	; 0x1b400000
  28:	2e79706f 	cdpcs	0, 7, cr7, cr9, cr15, {3}
  2c:	00010073 	andeq	r0, r1, r3, ror r0
  30:	05000000 	streq	r0, [r0, #-0]
  34:	01000002 	tsteq	r0, r2
  38:	011a0370 	tsteq	sl, r0, ror r3
  3c:	2f2f2f32 	svccs	0x002f2f32
  40:	2f2f2f32 	svccs	0x002f2f32
  44:	2e6f0331 	mcrcs	3, 3, r0, cr15, cr1, {1}
  48:	332f2f32 			; <UNDEFINED> instruction: 0x332f2f32
  4c:	02022f2f 	andeq	r2, r2, #47, 30	; 0xbc
  50:	00010100 	andeq	r0, r1, r0, lsl #2
  54:	00000205 	andeq	r0, r0, r5, lsl #4
  58:	32037003 	andcc	r7, r3, #3
  5c:	312f2f01 			; <UNDEFINED> instruction: 0x312f2f01
  60:	302f2f2f 	eorcc	r2, pc, pc, lsr #30
  64:	2f312f2f 	svccs	0x00312f2f
  68:	2e6f0330 	mcrcs	3, 3, r0, cr15, cr0, {1}
  6c:	02023432 	andeq	r3, r2, #838860800	; 0x32000000
  70:	53010100 	movwpl	r0, #4352	; 0x1100
  74:	03000000 	movweq	r0, #0
  78:	00002000 	andeq	r2, r0, r0
  7c:	fb010200 	blx	40886 <_PUBLIC_SIZE_INICIO+0x40802>
  80:	01000d0e 	tsteq	r0, lr, lsl #26
  84:	00010101 	andeq	r0, r1, r1, lsl #2
  88:	00010000 	andeq	r0, r1, r0
  8c:	72730100 	rsbsvc	r0, r3, #0, 2
  90:	74000063 	strvc	r0, [r0], #-99	; 0xffffff9d
  94:	632e3364 			; <UNDEFINED> instruction: 0x632e3364
  98:	00000100 	andeq	r0, r0, r0, lsl #2
  9c:	00010500 	andeq	r0, r1, r0, lsl #10
  a0:	00440205 	subeq	r0, r4, r5, lsl #4
  a4:	051a7001 	ldreq	r7, [sl, #-1]
  a8:	1105680b 	tstne	r5, fp, lsl #16
  ac:	300a052f 	andcc	r0, sl, pc, lsr #10
  b0:	05232305 	streq	r2, [r3, #-773]!	; 0xfffffcfb
  b4:	18053c12 	stmdane	r5, {r1, r4, sl, fp, ip, sp}
  b8:	2016053c 	andscs	r0, r6, ip, lsr r5
  bc:	05210905 	streq	r0, [r1, #-2309]!	; 0xfffff6fb
  c0:	0105380a 	tsteq	r5, sl, lsl #16
  c4:	00070243 	andeq	r0, r7, r3, asr #4
  c8:	La dirección 0x00000000000000c8 está fuera de los límites.


Desensamblado de la sección .debug_info:

00000000 <.debug_info>:
   0:	0000001e 	andeq	r0, r0, lr, lsl r0
   4:	00000002 	andeq	r0, r0, r2
   8:	01040000 	mrseq	r0, (UNDEF: 4)
	...
  18:	00000012 	andeq	r0, r0, r2, lsl r0
  1c:	00000098 	muleq	r0, r8, r0
  20:	00c38001 	sbceq	r8, r3, r1
  24:	00040000 	andeq	r0, r4, r0
  28:	00000012 	andeq	r0, r0, r2, lsl r0
  2c:	00d40104 	sbcseq	r0, r4, r4, lsl #2
  30:	8f0c0000 	svchi	0x000c0000
  34:	12000001 	andne	r0, r0, #1
  38:	20000000 	andcs	r0, r0, r0
  3c:	00000000 	andeq	r0, r0, r0
  40:	73000000 	movwvc	r0, #0
  44:	02000000 	andeq	r0, r0, #0
  48:	00000030 	andeq	r0, r0, r0, lsr r0
  4c:	00000030 	andeq	r0, r0, r0, lsr r0
  50:	01040003 	tsteq	r4, r3
  54:	00018a08 	andeq	r8, r1, r8, lsl #20
  58:	00300500 	eorseq	r0, r0, r0, lsl #10
  5c:	82060000 	andhi	r0, r6, #0
  60:	01000001 	tsteq	r0, r1
  64:	00250d03 	eoreq	r0, r5, r3, lsl #26
  68:	b9070000 	stmdblt	r7, {}	; <UNPREDICTABLE>
  6c:	01000000 	mrseq	r0, (UNDEF: 0)
  70:	00442a08 	subeq	r2, r4, r8, lsl #20
  74:	00407001 	subeq	r7, r0, r1
  78:	9c010000 	stcls	0, cr0, [r1], {-0}
  7c:	000000aa 	andeq	r0, r0, sl, lsr #1
  80:	0000c508 	andeq	ip, r0, r8, lsl #10
  84:	3c080100 	stfccs	f0, [r8], {-0}
  88:	000000aa 	andeq	r0, r0, sl, lsr #1
  8c:	086c9102 	stmdaeq	ip!, {r1, r8, ip, pc}^
  90:	000000cd 	andeq	r0, r0, sp, asr #1
  94:	ac510801 	mrrcge	8, 0, r0, r1, cr1
  98:	02000000 	andeq	r0, r0, #0
  9c:	6e086891 	mcrvs	8, 0, r6, cr8, cr1, {4}
  a0:	01000001 	tsteq	r0, r1
  a4:	00b36608 	adcseq	r6, r3, r8, lsl #12
  a8:	91020000 	mrsls	r0, (UNDEF: 2)
  ac:	00a40964 	adceq	r0, r4, r4, ror #18
  b0:	0b010000 	bleq	400b8 <_PUBLIC_SIZE_INICIO+0x40034>
  b4:	0000ba0b 	andeq	fp, r0, fp, lsl #20
  b8:	70910200 	addsvc	r0, r1, r0, lsl #4
  bc:	00017809 	andeq	r7, r1, r9, lsl #16
  c0:	110c0100 	mrsne	r0, (UNDEF: 28)
  c4:	000000c0 	andeq	r0, r0, r0, asr #1
  c8:	00749102 	rsbseq	r9, r4, r2, lsl #2
  cc:	040b040a 	streq	r0, [fp], #-1034	; 0xfffffbf6
  d0:	000000b2 	strheq	r0, [r0], -r2
  d4:	0704040c 	streq	r0, [r4, -ip, lsl #8]
  d8:	000000ac 	andeq	r0, r0, ip, lsr #1
  dc:	0030040b 	eorseq	r0, r0, fp, lsl #8
  e0:	040b0000 	streq	r0, [fp], #-0
  e4:	00000037 	andeq	r0, r0, r7, lsr r0
	...

Desensamblado de la sección .debug_abbrev:

00000000 <.debug_abbrev>:
   0:	10001101 	andne	r1, r0, r1, lsl #2
   4:	03065506 	movweq	r5, #25862	; 0x6506
   8:	250e1b0e 	strcs	r1, [lr, #-2830]	; 0xfffff4f2
   c:	0005130e 	andeq	r1, r5, lr, lsl #6
  10:	11010000 	mrsne	r0, (UNDEF: 1)
  14:	130e2501 	movwne	r2, #58625	; 0xe501
  18:	1b0e030b 	blne	380c4c <_PUBLIC_SIZE_INICIO+0x380bc8>
  1c:	1117550e 	tstne	r7, lr, lsl #10
  20:	00171001 	andseq	r1, r7, r1
  24:	01010200 	mrseq	r0, R9_usr
  28:	13011349 	movwne	r1, #4937	; 0x1349
  2c:	21030000 	mrscs	r0, (UNDEF: 3)
  30:	04000000 	streq	r0, [r0], #-0
  34:	0b0b0024 	bleq	2c00cc <_PUBLIC_SIZE_INICIO+0x2c0048>
  38:	0e030b3e 	vmoveq.16	d3[0], r0
  3c:	26050000 	strcs	r0, [r5], -r0
  40:	00134900 	andseq	r4, r3, r0, lsl #18
  44:	00340600 	eorseq	r0, r4, r0, lsl #12
  48:	0b3a0e03 	bleq	e8385c <_PUBLIC_SIZE_INICIO+0xe837d8>
  4c:	0b390b3b 	bleq	e42d40 <_PUBLIC_SIZE_INICIO+0xe42cbc>
  50:	193f1349 	ldmdbne	pc!, {r0, r3, r6, r8, r9, ip}	; <UNPREDICTABLE>
  54:	0000193c 	andeq	r1, r0, ip, lsr r9
  58:	3f012e07 	svccc	0x00012e07
  5c:	3a0e0319 	bcc	380cc8 <_PUBLIC_SIZE_INICIO+0x380c44>
  60:	390b3b0b 	stmdbcc	fp, {r0, r1, r3, r8, r9, fp, ip, sp}
  64:	1119270b 	tstne	r9, fp, lsl #14
  68:	40061201 	andmi	r1, r6, r1, lsl #4
  6c:	19429718 	stmdbne	r2, {r3, r4, r8, r9, sl, ip, pc}^
  70:	00001301 	andeq	r1, r0, r1, lsl #6
  74:	03000508 	movweq	r0, #1288	; 0x508
  78:	3b0b3a0e 	blcc	2ce8b8 <_PUBLIC_SIZE_INICIO+0x2ce834>
  7c:	490b390b 	stmdbmi	fp, {r0, r1, r3, r8, fp, ip, sp}
  80:	00180213 	andseq	r0, r8, r3, lsl r2
  84:	00340900 	eorseq	r0, r4, r0, lsl #18
  88:	0b3a0e03 	bleq	e8389c <_PUBLIC_SIZE_INICIO+0xe83818>
  8c:	0b390b3b 	bleq	e42d80 <_PUBLIC_SIZE_INICIO+0xe42cfc>
  90:	18021349 	stmdane	r2, {r0, r3, r6, r8, r9, ip}
  94:	0f0a0000 	svceq	0x000a0000
  98:	000b0b00 	andeq	r0, fp, r0, lsl #22
  9c:	000f0b00 	andeq	r0, pc, r0, lsl #22
  a0:	13490b0b 	movtne	r0, #39691	; 0x9b0b
  a4:	260c0000 	strcs	r0, [ip], -r0
  a8:	00000000 	andeq	r0, r0, r0

Desensamblado de la sección .debug_aranges:

00000000 <.debug_aranges>:
   0:	00000024 	andeq	r0, r0, r4, lsr #32
   4:	00000002 	andeq	r0, r0, r2
   8:	00040000 	andeq	r0, r4, r0
   c:	00000000 	andeq	r0, r0, r0
  10:	70010000 	andvc	r0, r1, r0
  14:	00000044 	andeq	r0, r0, r4, asr #32
  18:	70030000 	andvc	r0, r3, r0
  1c:	00000040 	andeq	r0, r0, r0, asr #32
	...
  28:	0000001c 	andeq	r0, r0, ip, lsl r0
  2c:	00220002 	eoreq	r0, r2, r2
  30:	00040000 	andeq	r0, r4, r0
  34:	00000000 	andeq	r0, r0, r0
  38:	70010044 	andvc	r0, r1, r4, asr #32
  3c:	00000040 	andeq	r0, r0, r0, asr #32
	...

Desensamblado de la sección .debug_str:

00000000 <.debug_str>:
   0:	2f637273 	svccs	0x00637273
   4:	5f336474 	svcpl	0x00336474
   8:	636d656d 	cmnvs	sp, #457179136	; 0x1b400000
   c:	2e79706f 	cdpcs	0, 7, cr7, cr9, cr15, {3}
  10:	682f0073 	stmdavs	pc!, {r0, r1, r4, r5, r6}	; <UNPREDICTABLE>
  14:	2f656d6f 	svccs	0x00656d6f
  18:	72626167 	rsbvc	r6, r2, #-1073741799	; 0xc0000019
  1c:	636c6569 	cmnvs	ip, #440401920	; 0x1a400000
  20:	61736972 	cmnvs	r3, r2, ror r9
  24:	2f6f6966 	svccs	0x006f6966
  28:	72637345 	rsbvc	r7, r3, #335544321	; 0x14000001
  2c:	726f7469 	rsbvc	r7, pc, #1761607680	; 0x69000000
  30:	542f6f69 	strtpl	r6, [pc], #-3945	; 38 <_PUBLIC_SIZE_DATA+0x30>
  34:	322d3344 	eorcc	r3, sp, #68, 6	; 0x10000001
  38:	2d333230 	lfmcs	f3, 4, [r3, #-192]!	; 0xffffff40
  3c:	756e694c 	strbvc	r6, [lr, #-2380]!	; 0xfffff6b4
  40:	49472f78 	stmdbmi	r7, {r3, r4, r5, r6, r8, r9, sl, fp, sp}^
  44:	65722f54 	ldrbvs	r2, [r2, #-3924]!	; 0xfffff0ac
  48:	6f6c6f70 	svcvs	0x006c6f70
  4c:	2f6c6163 	svccs	0x006c6163
  50:	35303572 	ldrcc	r3, [r0, #-1394]!	; 0xfffffa8e
  54:	52432d31 	subpl	r2, r3, #3136	; 0xc40
  58:	46415349 	strbmi	r5, [r1], -r9, asr #6
  5c:	472d4f49 	strmi	r4, [sp, -r9, asr #30]!
  60:	49524241 	ldmdbmi	r2, {r0, r6, r9, lr}^
  64:	302f4c45 	eorcc	r4, pc, r5, asr #24
  68:	75635f31 	strbvc	r5, [r3, #-3889]!	; 0xfffff0cf
  6c:	542f7461 	strtpl	r7, [pc], #-1121	; 74 <_PUBLIC_SIZE_TEXT+0x34>
  70:	415f3150 	cmpmi	pc, r0, asr r1	; <UNPREDICTABLE>
  74:	795f4942 	ldmdbvc	pc, {r1, r6, r8, fp, lr}^	; <UNPREDICTABLE>
  78:	7373415f 	cmnvc	r3, #-1073741801	; 0xc0000017
  7c:	6c626d65 	stclvs	13, cr6, [r2], #-404	; 0xfffffe6c
  80:	415f7265 	cmpmi	pc, r5, ror #4
  84:	37764d52 			; <UNDEFINED> instruction: 0x37764d52
  88:	3364742f 	cmncc	r4, #788529152	; 0x2f000000
  8c:	6d656d5f 	stclvs	13, cr6, [r5, #-380]!	; 0xfffffe84
  90:	79706f63 	ldmdbvc	r0!, {r0, r1, r5, r6, r8, r9, sl, fp, sp, lr}^
  94:	0032765f 	eorseq	r7, r2, pc, asr r6
  98:	20554e47 	subscs	r4, r5, r7, asr #28
  9c:	32205341 	eorcc	r5, r0, #67108865	; 0x4000001
  a0:	0034332e 	eorseq	r3, r4, lr, lsr #6
  a4:	447a7370 	ldrbtmi	r7, [sl], #-880	; 0xfffffc90
  a8:	00747365 	rsbseq	r7, r4, r5, ror #6
  ac:	69736e75 	ldmdbvs	r3!, {r0, r2, r4, r5, r6, r9, sl, fp, sp, lr}^
  b0:	64656e67 	strbtvs	r6, [r5], #-3687	; 0xfffff199
  b4:	746e6920 	strbtvc	r6, [lr], #-2336	; 0xfffff6e0
  b8:	33647400 	cmncc	r4, #0, 8
  bc:	6d656d5f 	stclvs	13, cr6, [r5, #-380]!	; 0xfffffe84
  c0:	79706f63 	ldmdbvc	r0!, {r0, r1, r5, r6, r8, r9, sl, fp, sp, lr}^
  c4:	73656400 	cmnvc	r5, #0, 8
  c8:	6f6e6974 	svcvs	0x006e6974
  cc:	69726f00 	ldmdbvs	r2!, {r8, r9, sl, fp, sp, lr}^
  d0:	006e6567 	rsbeq	r6, lr, r7, ror #10
  d4:	20554e47 	subscs	r4, r5, r7, asr #28
  d8:	20393943 	eorscs	r3, r9, r3, asr #18
  dc:	2e342e39 	mrccs	14, 1, r2, cr4, cr9, {1}
  e0:	6d2d2030 	stcvs	0, cr2, [sp, #-192]!	; 0xffffff40
  e4:	3d757063 	ldclcc	0, cr7, [r5, #-396]!	; 0xfffffe74
  e8:	74726f63 	ldrbtvc	r6, [r2], #-3939	; 0xfffff09d
  ec:	612d7865 			; <UNDEFINED> instruction: 0x612d7865
  f0:	6d2d2038 	stcvs	0, cr2, [sp, #-224]!	; 0xffffff20
  f4:	616f6c66 	cmnvs	pc, r6, ror #24
  f8:	62612d74 	rsbvs	r2, r1, #116, 26	; 0x1d00
  fc:	61683d69 	cmnvs	r8, r9, ror #26
 100:	2d206472 	cfstrscs	mvf6, [r0, #-456]!	; 0xfffffe38
 104:	7570666d 	ldrbvc	r6, [r0, #-1645]!	; 0xfffff993
 108:	7066763d 	rsbvc	r7, r6, sp, lsr r6
 10c:	642d3376 	strtvs	r3, [sp], #-886	; 0xfffffc8a
 110:	2d203631 	stccs	6, cr3, [r0, #-196]!	; 0xffffff3c
 114:	7568746d 	strbvc	r7, [r8, #-1133]!	; 0xfffffb93
 118:	2d20626d 	sfmcs	f6, 4, [r0, #-436]!	; 0xfffffe4c
 11c:	736c746d 	cmnvc	ip, #1828716544	; 0x6d000000
 120:	6169642d 	cmnvs	r9, sp, lsr #8
 124:	7463656c 	strbtvc	r6, [r3], #-1388	; 0xfffffa94
 128:	756e673d 	strbvc	r6, [lr, #-1853]!	; 0xfffff8c3
 12c:	616d2d20 	cmnvs	sp, r0, lsr #26
 130:	3d686372 	stclcc	3, cr6, [r8, #-456]!	; 0xfffffe38
 134:	766d7261 	strbtvc	r7, [sp], -r1, ror #4
 138:	2b612d37 	blcs	184b61c <_PUBLIC_SIZE_INICIO+0x184b598>
 13c:	2b636573 	blcs	18d9710 <_PUBLIC_SIZE_INICIO+0x18d968c>
 140:	2d207066 	stccs	0, cr7, [r0, #-408]!	; 0xfffffe68
 144:	4f2d2067 	svcmi	0x002d2067
 148:	732d2030 			; <UNDEFINED> instruction: 0x732d2030
 14c:	673d6474 			; <UNDEFINED> instruction: 0x673d6474
 150:	3939756e 	ldmdbcc	r9!, {r1, r2, r3, r5, r6, r8, sl, ip, sp, lr}
 154:	73662d20 	cmnvc	r6, #32, 26	; 0x800
 158:	6b636174 	blvs	18d8730 <_PUBLIC_SIZE_INICIO+0x18d86ac>
 15c:	6f72702d 	svcvs	0x0072702d
 160:	74636574 	strbtvc	r6, [r3], #-1396	; 0xfffffa8c
 164:	732d726f 			; <UNDEFINED> instruction: 0x732d726f
 168:	6e6f7274 	mcrvs	2, 3, r7, cr15, cr4, {3}
 16c:	756e0067 	strbvc	r0, [lr, #-103]!	; 0xffffff99
 170:	79625f6d 	stmdbvc	r2!, {r0, r2, r3, r5, r6, r8, r9, sl, fp, ip, lr}^
 174:	00736574 	rsbseq	r6, r3, r4, ror r5
 178:	537a7370 	cmnpl	sl, #112, 6	; 0xc0000001
 17c:	6372756f 	cmnvs	r2, #465567744	; 0x1bc00000
 180:	656d0065 	strbvs	r0, [sp, #-101]!	; 0xffffff9b
 184:	6a61736e 	bvs	185cf44 <_PUBLIC_SIZE_INICIO+0x185cec0>
 188:	68630065 	stmdavs	r3!, {r0, r2, r5, r6}^
 18c:	73007261 	movwvc	r7, #609	; 0x261
 190:	742f6372 	strtvc	r6, [pc], #-882	; 198 <_PUBLIC_SIZE_INICIO+0x114>
 194:	632e3364 			; <UNDEFINED> instruction: 0x632e3364
	...

Desensamblado de la sección .debug_ranges:

00000000 <.debug_ranges>:
   0:	ffffffff 			; <UNDEFINED> instruction: 0xffffffff
   4:	00000000 	andeq	r0, r0, r0
   8:	70010000 	andvc	r0, r1, r0
   c:	70010044 	andvc	r0, r1, r4, asr #32
  10:	70030000 	andvc	r0, r3, r0
  14:	70030040 	andvc	r0, r3, r0, asr #32
	...
  20:	70010044 	andvc	r0, r1, r4, asr #32
  24:	70010084 	andvc	r0, r1, r4, lsl #1
	...

Desensamblado de la sección .debug_frame:

00000000 <.debug_frame>:
   0:	0000000c 	andeq	r0, r0, ip
   4:	ffffffff 			; <UNDEFINED> instruction: 0xffffffff
   8:	7c020001 	stcvc	0, cr0, [r2], {1}
   c:	000d0c0e 	andeq	r0, sp, lr, lsl #24
  10:	00000024 	andeq	r0, r0, r4, lsr #32
  14:	00000000 	andeq	r0, r0, r0
  18:	70010044 	andvc	r0, r1, r4, asr #32
  1c:	00000040 	andeq	r0, r0, r0, asr #32
  20:	87040e41 	strhi	r0, [r4, -r1, asr #28]
  24:	200e4101 	andcs	r4, lr, r1, lsl #2
  28:	59070d41 	stmdbpl	r7, {r0, r6, r8, sl, fp}
  2c:	0d41040e 	cfstrdeq	mvd0, [r1, #-56]	; 0xffffffc8
  30:	0ec7420d 	cdpeq	2, 12, cr4, cr7, cr13, {0}
  34:	00000000 	andeq	r0, r0, r0
