
obj/mi_TP3_v3.elf:     formato del fichero elf32-littlearm


Desensamblado de la sección .inicio:

70010000 <__ROM_start__>:
70010000:	f10c00c0 	cpsid	if
70010004:	e10f0000 	mrs	r0, CPSR
70010008:	e3c0020f 	bic	r0, r0, #-268435456	; 0xf0000000
7001000c:	e129f000 	msr	CPSR_fc, r0
70010010:	ee100f10 	mrc	15, 0, r0, cr0, cr0, {0}
70010014:	eaffffff 	b	70010018 <_Copia_ROM_a_RAM>

70010018 <_Copia_ROM_a_RAM>:
70010018:	e59fd020 	ldr	sp, [pc, #32]	; 70010040 <_Bootloader+0x4>

7001001c <_Copia_Seccion_TEXT>:
7001001c:	e59f0020 	ldr	r0, [pc, #32]	; 70010044 <_Bootloader+0x8>
70010020:	e59f1020 	ldr	r1, [pc, #32]	; 70010048 <_Bootloader+0xc>
70010024:	e59f2020 	ldr	r2, [pc, #32]	; 7001004c <_Bootloader+0x10>
70010028:	fa00000b 	blx	7001005c <td3_memcopy>

7001002c <_Copia_Seccion_DATA>:
7001002c:	e59f001c 	ldr	r0, [pc, #28]	; 70010050 <_Bootloader+0x14>
70010030:	e59f101c 	ldr	r1, [pc, #28]	; 70010054 <_Bootloader+0x18>
70010034:	e59f201c 	ldr	r2, [pc, #28]	; 70010058 <_Bootloader+0x1c>
70010038:	fa000007 	blx	7001005c <td3_memcopy>

7001003c <_Bootloader>:
7001003c:	ea00805f 	b	700301c0 <_start>
70010040:	70021000 	andvc	r1, r2, r0
70010044:	70030000 	andvc	r0, r3, r0
70010048:	7001009c 	mulvc	r1, ip, r0
7001004c:	00000382 	andeq	r0, r0, r2, lsl #7
70010050:	70030382 	andvc	r0, r3, r2, lsl #7
70010054:	7001041e 	andvc	r0, r1, lr, lsl r4
70010058:	00000018 	andeq	r0, r0, r8, lsl r0

7001005c <td3_memcopy>:
7001005c:	b480      	push	{r7}
7001005e:	b087      	sub	sp, #28
70010060:	af00      	add	r7, sp, #0
70010062:	60f8      	str	r0, [r7, #12]
70010064:	60b9      	str	r1, [r7, #8]
70010066:	607a      	str	r2, [r7, #4]
70010068:	68fb      	ldr	r3, [r7, #12]
7001006a:	613b      	str	r3, [r7, #16]
7001006c:	68bb      	ldr	r3, [r7, #8]
7001006e:	617b      	str	r3, [r7, #20]
70010070:	e00a      	b.n	70010088 <td3_memcopy+0x2c>
70010072:	697a      	ldr	r2, [r7, #20]
70010074:	1c53      	adds	r3, r2, #1
70010076:	617b      	str	r3, [r7, #20]
70010078:	693b      	ldr	r3, [r7, #16]
7001007a:	1c59      	adds	r1, r3, #1
7001007c:	6139      	str	r1, [r7, #16]
7001007e:	7812      	ldrb	r2, [r2, #0]
70010080:	701a      	strb	r2, [r3, #0]
70010082:	687b      	ldr	r3, [r7, #4]
70010084:	3b01      	subs	r3, #1
70010086:	607b      	str	r3, [r7, #4]
70010088:	687b      	ldr	r3, [r7, #4]
7001008a:	2b00      	cmp	r3, #0
7001008c:	d1f1      	bne.n	70010072 <td3_memcopy+0x16>
7001008e:	bf00      	nop
70010090:	bf00      	nop
70010092:	371c      	adds	r7, #28
70010094:	46bd      	mov	sp, r7
70010096:	f85d 7b04 	ldr.w	r7, [sp], #4
7001009a:	4770      	bx	lr

Desensamblado de la sección .text:

70030000 <__text_start__>:
70030000:	f57ff04f 	dsb	sy
70030004:	e10f0000 	mrs	r0, CPSR
70030008:	e3c00080 	bic	r0, r0, #128	; 0x80
7003000c:	e129f000 	msr	CPSR_fc, r0
70030010:	f57ff04f 	dsb	sy
70030014:	f57ff06f 	isb	sy
70030018:	e12fff1e 	bx	lr
7003001c:	00000000 	andeq	r0, r0, r0

70030020 <_irq_disable>:
70030020:	f57ff04f 	dsb	sy
70030024:	e10f0000 	mrs	r0, CPSR
70030028:	e3800040 	orr	r0, r0, #64	; 0x40
7003002c:	e129f000 	msr	CPSR_fc, r0
70030030:	f57ff04f 	dsb	sy
70030034:	f57ff06f 	isb	sy
70030038:	e12fff1e 	bx	lr

7003003c <_LOAD_ISR_Vectors_Base>:
7003003c:	ee0c0f10 	mcr	15, 0, r0, cr12, cr0, {0}
70030040:	f57ff04f 	dsb	sy
70030044:	e12fff1e 	bx	lr
	...

70030050 <_HALT_CPU>:
70030050:	e320f003 	wfi
70030054:	e12fff1e 	bx	lr
	...

70030060 <_BREAKPOINT_DEBUG>:
70030060:	e320f002 	wfe
70030064:	e12fff1e 	bx	lr
	...

70030070 <_READ_CPSR_REGS>:
70030070:	f57ff04f 	dsb	sy
70030074:	e10f0000 	mrs	r0, CPSR
70030078:	e12fff1e 	bx	lr
7003007c:	00000000 	andeq	r0, r0, r0

70030080 <_EOI>:
70030080:	e3a00001 	mov	r0, #1
70030084:	e59f1034 	ldr	r1, [pc, #52]	; 700300c0 <_READ_32+0x8>
70030088:	e5810048 	str	r0, [r1, #72]	; 0x48
7003008c:	e12fff1e 	bx	lr

70030090 <_WRITE_8>:
70030090:	e5c01000 	strb	r1, [r0]
70030094:	e12fff1e 	bx	lr

70030098 <_WRITE_16>:
70030098:	e1c010b0 	strh	r1, [r0]
7003009c:	e12fff1e 	bx	lr

700300a0 <_WRITE_32>:
700300a0:	e5801000 	str	r1, [r0]
700300a4:	e12fff1e 	bx	lr

700300a8 <_READ_8>:
700300a8:	e5d00000 	ldrb	r0, [r0]
700300ac:	e12fff1e 	bx	lr

700300b0 <_READ_16>:
700300b0:	e1d000b0 	ldrh	r0, [r0]
700300b4:	e12fff1e 	bx	lr

700300b8 <_READ_32>:
700300b8:	e5900000 	ldr	r0, [r0]
700300bc:	e12fff1e 	bx	lr
700300c0:	48200000 	stmdami	r0!, {}	; <UNPREDICTABLE>

700300c4 <_Prueba>:
700300c4:	e3a01001 	mov	r1, #1
700300c8:	e59f2028 	ldr	r2, [pc, #40]	; 700300f8 <_prueba_stack+0xc>
700300cc:	e5920000 	ldr	r0, [r2]

700300d0 <_leer_ascii>:
700300d0:	e59fc024 	ldr	ip, [pc, #36]	; 700300fc <_prueba_stack+0x10>
700300d4:	e5dc0000 	ldrb	r0, [ip]
700300d8:	e59f3018 	ldr	r3, [pc, #24]	; 700300f8 <_prueba_stack+0xc>
700300dc:	e5c30000 	strb	r0, [r3]
700300e0:	e59c0000 	ldr	r0, [ip]
700300e4:	e59f3014 	ldr	r3, [pc, #20]	; 70030100 <_prueba_stack+0x14>
700300e8:	e5830000 	str	r0, [r3]

700300ec <_prueba_stack>:
700300ec:	e52d0004 	push	{r0}		; (str r0, [sp, #-4]!)
700300f0:	e49d0004 	pop	{r0}		; (ldr r0, [sp], #4)
700300f4:	eafffffe 	b	700300f4 <_prueba_stack+0x8>
700300f8:	70030386 	andvc	r0, r3, r6, lsl #7
700300fc:	70030382 	andvc	r0, r3, r2, lsl #7
70030100:	7003039c 	mulvc	r3, ip, r3

70030104 <UND_Handler>:
70030104:	e92d1400 	push	{sl, ip}
70030108:	e59fc060 	ldr	ip, [pc, #96]	; 70030170 <FIQ_Handler+0x8>
7003010c:	e59ca000 	ldr	sl, [ip]
70030110:	e8bd1400 	pop	{sl, ip}
70030114:	e3a0ac01 	mov	sl, #256	; 0x100
70030118:	f8bd0a00 	rfeia	sp!

7003011c <SVC_Handler>:
7003011c:	e92d1400 	push	{sl, ip}
70030120:	e59fc04c 	ldr	ip, [pc, #76]	; 70030174 <FIQ_Handler+0xc>
70030124:	e59ca000 	ldr	sl, [ip]
70030128:	e8bd1400 	pop	{sl, ip}
7003012c:	e1b0f00e 	movs	pc, lr

70030130 <PREF_Handler>:
70030130:	e3a0ac03 	mov	sl, #768	; 0x300
70030134:	f8bd0a00 	rfeia	sp!

70030138 <ABT_Handler>:
70030138:	e92d1400 	push	{sl, ip}
7003013c:	e59fc034 	ldr	ip, [pc, #52]	; 70030178 <FIQ_Handler+0x10>
70030140:	e59ca000 	ldr	sl, [ip]
70030144:	e8bd1400 	pop	{sl, ip}
70030148:	e3a0ab01 	mov	sl, #1024	; 0x400
7003014c:	f8bd0a00 	rfeia	sp!

70030150 <IRQ_Handler>:
70030150:	e24ee004 	sub	lr, lr, #4
70030154:	e92d400f 	push	{r0, r1, r2, r3, lr}
70030158:	e59fc01c 	ldr	ip, [pc, #28]	; 7003017c <FIQ_Handler+0x14>
7003015c:	e59ca000 	ldr	sl, [ip]
70030160:	e8fd800f 	ldm	sp!, {r0, r1, r2, r3, pc}^
70030164:	e1b0f00e 	movs	pc, lr

70030168 <FIQ_Handler>:
70030168:	e3a0ac06 	mov	sl, #1536	; 0x600
7003016c:	f8bd0a00 	rfeia	sp!
70030170:	7003038e 	andvc	r0, r3, lr, lsl #7
70030174:	70030396 	mulvc	r3, r6, r3
70030178:	70030392 	mulvc	r3, r2, r3
7003017c:	7003038a 	andvc	r0, r3, sl, lsl #7

70030180 <_table_start>:
70030180:	e59ff018 	ldr	pc, [pc, #24]	; 700301a0 <addr__reset_vector>
70030184:	e59ff018 	ldr	pc, [pc, #24]	; 700301a4 <addr_UND_Handler>
70030188:	e59ff018 	ldr	pc, [pc, #24]	; 700301a8 <addr_SVC_Handler>
7003018c:	e59ff018 	ldr	pc, [pc, #24]	; 700301ac <addr_PREF_Handler>
70030190:	e59ff018 	ldr	pc, [pc, #24]	; 700301b0 <addr_ABT_Handler>
70030194:	e59ff018 	ldr	pc, [pc, #24]	; 700301b4 <addr_start>
70030198:	e59ff018 	ldr	pc, [pc, #24]	; 700301b8 <addr_IRQ_Handler>
7003019c:	e59ff018 	ldr	pc, [pc, #24]	; 700301bc <addr_FIQ_Handler>

700301a0 <addr__reset_vector>:
700301a0:	70010000 	andvc	r0, r1, r0

700301a4 <addr_UND_Handler>:
700301a4:	70030104 	andvc	r0, r3, r4, lsl #2

700301a8 <addr_SVC_Handler>:
700301a8:	7003011c 	andvc	r0, r3, ip, lsl r1

700301ac <addr_PREF_Handler>:
700301ac:	70030130 	andvc	r0, r3, r0, lsr r1

700301b0 <addr_ABT_Handler>:
700301b0:	70030138 	andvc	r0, r3, r8, lsr r1

700301b4 <addr_start>:
700301b4:	700301c0 	andvc	r0, r3, r0, asr #3

700301b8 <addr_IRQ_Handler>:
700301b8:	70030150 	andvc	r0, r3, r0, asr r1

700301bc <addr_FIQ_Handler>:
700301bc:	70030168 	andvc	r0, r3, r8, ror #2

700301c0 <_start>:
700301c0:	e59f0094 	ldr	r0, [pc, #148]	; 7003025c <idle+0x4>
700301c4:	e59f1094 	ldr	r1, [pc, #148]	; 70030260 <idle+0x8>
700301c8:	e3a02000 	mov	r2, #0
700301cc:	e1500001 	cmp	r0, r1
700301d0:	0a000002 	beq	700301e0 <_TABLE_COPY>

700301d4 <_LOOP>:
700301d4:	e4802004 	str	r2, [r0], #4
700301d8:	e1500001 	cmp	r0, r1
700301dc:	dafffffc 	ble	700301d4 <_LOOP>

700301e0 <_TABLE_COPY>:
700301e0:	e3a00000 	mov	r0, #0
700301e4:	e59f1078 	ldr	r1, [pc, #120]	; 70030264 <idle+0xc>
700301e8:	e59f2078 	ldr	r2, [pc, #120]	; 70030268 <idle+0x10>

700301ec <_TABLE_LOOP>:
700301ec:	e4913004 	ldr	r3, [r1], #4
700301f0:	e4803004 	str	r3, [r0], #4
700301f4:	e1510002 	cmp	r1, r2
700301f8:	1afffffb 	bne	700301ec <_TABLE_LOOP>

700301fc <_STACK_INIT>:
700301fc:	e321f0d2 	msr	CPSR_c, #210	; 0xd2
70030200:	e59fd064 	ldr	sp, [pc, #100]	; 7003026c <idle+0x14>
70030204:	e321f0d1 	msr	CPSR_c, #209	; 0xd1
70030208:	e59fd060 	ldr	sp, [pc, #96]	; 70030270 <idle+0x18>
7003020c:	e321f0d3 	msr	CPSR_c, #211	; 0xd3
70030210:	e59fd05c 	ldr	sp, [pc, #92]	; 70030274 <idle+0x1c>
70030214:	e321f0d7 	msr	CPSR_c, #215	; 0xd7
70030218:	e59fd058 	ldr	sp, [pc, #88]	; 70030278 <idle+0x20>
7003021c:	e321f0db 	msr	CPSR_c, #219	; 0xdb
70030220:	e59fd054 	ldr	sp, [pc, #84]	; 7003027c <idle+0x24>
70030224:	e321f0df 	msr	CPSR_c, #223	; 0xdf
70030228:	e59fd050 	ldr	sp, [pc, #80]	; 70030280 <idle+0x28>
7003022c:	e59fa050 	ldr	sl, [pc, #80]	; 70030284 <idle+0x2c>
70030230:	e1a0e00f 	mov	lr, pc
70030234:	e12fff1a 	bx	sl
70030238:	e59fa048 	ldr	sl, [pc, #72]	; 70030288 <idle+0x30>
7003023c:	e1a0e00f 	mov	lr, pc
70030240:	e12fff1a 	bx	sl
70030244:	e10f0000 	mrs	r0, CPSR
70030248:	e3c00080 	bic	r0, r0, #128	; 0x80
7003024c:	e121f000 	msr	CPSR_c, r0

70030250 <lectura>:
70030250:	e59f0034 	ldr	r0, [pc, #52]	; 7003028c <idle+0x34>
70030254:	e5901000 	ldr	r1, [r0]

70030258 <idle>:
70030258:	e320f003 	wfi
7003025c:	7003039c 	mulvc	r3, ip, r3
70030260:	700303a0 	andvc	r0, r3, r0, lsr #7
70030264:	70030180 	andvc	r0, r3, r0, lsl #3
70030268:	700301c0 	andvc	r0, r3, r0, asr #3
7003026c:	70021080 	andvc	r1, r2, r0, lsl #1
70030270:	70021100 	andvc	r1, r2, r0, lsl #2
70030274:	70021180 	andvc	r1, r2, r0, lsl #3
70030278:	70021200 	andvc	r1, r2, r0, lsl #4
7003027c:	70021280 	andvc	r1, r2, r0, lsl #5
70030280:	70022280 	andvc	r2, r2, r0, lsl #5
70030284:	700302d1 	ldrdvc	r0, [r3], -r1
70030288:	70030335 	andvc	r0, r3, r5, lsr r3
7003028c:	10011004 	andne	r1, r1, r4

70030290 <kernel_handler_irq>:
70030290:	b480      	push	{r7}
70030292:	b087      	sub	sp, #28
70030294:	af00      	add	r7, sp, #0
70030296:	6078      	str	r0, [r7, #4]
70030298:	f04f 53f0 	mov.w	r3, #503316480	; 0x1e000000
7003029c:	60fb      	str	r3, [r7, #12]
7003029e:	f44f 5380 	mov.w	r3, #4096	; 0x1000
700302a2:	f2c1 0301 	movt	r3, #4097	; 0x1001
700302a6:	613b      	str	r3, [r7, #16]
700302a8:	68fb      	ldr	r3, [r7, #12]
700302aa:	68db      	ldr	r3, [r3, #12]
700302ac:	617b      	str	r3, [r7, #20]
700302ae:	697b      	ldr	r3, [r7, #20]
700302b0:	2b24      	cmp	r3, #36	; 0x24
700302b2:	d103      	bne.n	700302bc <kernel_handler_irq+0x2c>
700302b4:	693b      	ldr	r3, [r7, #16]
700302b6:	2201      	movs	r2, #1
700302b8:	60da      	str	r2, [r3, #12]
700302ba:	e000      	b.n	700302be <kernel_handler_irq+0x2e>
700302bc:	bf00      	nop
700302be:	68fb      	ldr	r3, [r7, #12]
700302c0:	697a      	ldr	r2, [r7, #20]
700302c2:	611a      	str	r2, [r3, #16]
700302c4:	bf00      	nop
700302c6:	371c      	adds	r7, #28
700302c8:	46bd      	mov	sp, r7
700302ca:	f85d 7b04 	ldr.w	r7, [sp], #4
700302ce:	4770      	bx	lr

700302d0 <__gic_init>:
700302d0:	b480      	push	{r7}
700302d2:	b083      	sub	sp, #12
700302d4:	af00      	add	r7, sp, #0
700302d6:	f04f 53f0 	mov.w	r3, #503316480	; 0x1e000000
700302da:	603b      	str	r3, [r7, #0]
700302dc:	f44f 5380 	mov.w	r3, #4096	; 0x1000
700302e0:	f6c1 6300 	movt	r3, #7680	; 0x1e00
700302e4:	607b      	str	r3, [r7, #4]
700302e6:	683b      	ldr	r3, [r7, #0]
700302e8:	22f0      	movs	r2, #240	; 0xf0
700302ea:	605a      	str	r2, [r3, #4]
700302ec:	687b      	ldr	r3, [r7, #4]
700302ee:	f8d3 3104 	ldr.w	r3, [r3, #260]	; 0x104
700302f2:	f043 0202 	orr.w	r2, r3, #2
700302f6:	687b      	ldr	r3, [r7, #4]
700302f8:	f8c3 2104 	str.w	r2, [r3, #260]	; 0x104
700302fc:	687b      	ldr	r3, [r7, #4]
700302fe:	f8d3 3104 	ldr.w	r3, [r3, #260]	; 0x104
70030302:	f043 0210 	orr.w	r2, r3, #16
70030306:	687b      	ldr	r3, [r7, #4]
70030308:	f8c3 2104 	str.w	r2, [r3, #260]	; 0x104
7003030c:	687b      	ldr	r3, [r7, #4]
7003030e:	f8d3 3104 	ldr.w	r3, [r3, #260]	; 0x104
70030312:	f443 5280 	orr.w	r2, r3, #4096	; 0x1000
70030316:	687b      	ldr	r3, [r7, #4]
70030318:	f8c3 2104 	str.w	r2, [r3, #260]	; 0x104
7003031c:	683b      	ldr	r3, [r7, #0]
7003031e:	2201      	movs	r2, #1
70030320:	601a      	str	r2, [r3, #0]
70030322:	687b      	ldr	r3, [r7, #4]
70030324:	2201      	movs	r2, #1
70030326:	601a      	str	r2, [r3, #0]
70030328:	bf00      	nop
7003032a:	370c      	adds	r7, #12
7003032c:	46bd      	mov	sp, r7
7003032e:	f85d 7b04 	ldr.w	r7, [sp], #4
70030332:	4770      	bx	lr

70030334 <__timer_init>:
70030334:	b480      	push	{r7}
70030336:	b083      	sub	sp, #12
70030338:	af00      	add	r7, sp, #0
7003033a:	f44f 5380 	mov.w	r3, #4096	; 0x1000
7003033e:	f2c1 0301 	movt	r3, #4097	; 0x1001
70030342:	607b      	str	r3, [r7, #4]
70030344:	687b      	ldr	r3, [r7, #4]
70030346:	f44f 3280 	mov.w	r2, #65536	; 0x10000
7003034a:	601a      	str	r2, [r3, #0]
7003034c:	687b      	ldr	r3, [r7, #4]
7003034e:	2202      	movs	r2, #2
70030350:	609a      	str	r2, [r3, #8]
70030352:	687b      	ldr	r3, [r7, #4]
70030354:	689b      	ldr	r3, [r3, #8]
70030356:	f043 0240 	orr.w	r2, r3, #64	; 0x40
7003035a:	687b      	ldr	r3, [r7, #4]
7003035c:	609a      	str	r2, [r3, #8]
7003035e:	687b      	ldr	r3, [r7, #4]
70030360:	689b      	ldr	r3, [r3, #8]
70030362:	f043 0220 	orr.w	r2, r3, #32
70030366:	687b      	ldr	r3, [r7, #4]
70030368:	609a      	str	r2, [r3, #8]
7003036a:	687b      	ldr	r3, [r7, #4]
7003036c:	689b      	ldr	r3, [r3, #8]
7003036e:	f043 0280 	orr.w	r2, r3, #128	; 0x80
70030372:	687b      	ldr	r3, [r7, #4]
70030374:	609a      	str	r2, [r3, #8]
70030376:	bf00      	nop
70030378:	370c      	adds	r7, #12
7003037a:	46bd      	mov	sp, r7
7003037c:	f85d 7b04 	ldr.w	r7, [sp], #4
70030380:	4770      	bx	lr

Desensamblado de la sección .data:

70030382 <__data_start__>:
70030382:	004c4f48 	subeq	r4, ip, r8, asr #30

70030386 <argumento>:
70030386:	00000004 	andeq	r0, r0, r4

7003038a <_IRQ_string>:
7003038a:	00515249 	subseq	r5, r1, r9, asr #4

7003038e <_UND_string>:
7003038e:	00564e49 	subseq	r4, r6, r9, asr #28

70030392 <_ABT_string>:
70030392:	004d454d 	subeq	r4, sp, sp, asr #10

70030396 <_SVC_string>:
70030396:	00435653 	subeq	r5, r3, r3, asr r6

Desensamblado de la sección .bss:

7003039a <__bss_start__-0x2>:
	...

7003039c <__bss_start__>:
7003039c:	00000000 	andeq	r0, r0, r0

Desensamblado de la sección .stack:

70020000 <__stack_start__>:
	...

70021000 <fin_pila>:
	...

70021080 <__irq_stack_top__>:
	...

70021100 <__fiq_stack_top__>:
	...

70021180 <__svc_stack_top__>:
	...

70021200 <__abt_stack_top__>:
	...

70021280 <__und_stack_top__>:
	...

Desensamblado de la sección .ARM.attributes:

00000000 <.ARM.attributes>:
   0:	00003841 	andeq	r3, r0, r1, asr #16
   4:	61656100 	cmnvs	r5, r0, lsl #2
   8:	01006962 	tsteq	r0, r2, ror #18
   c:	0000002e 	andeq	r0, r0, lr, lsr #32
  10:	726f4305 	rsbvc	r4, pc, #335544320	; 0x14000000
  14:	2d786574 	cfldr64cs	mvdx6, [r8, #-464]!	; 0xfffffe30
  18:	06003841 	streq	r3, [r0], -r1, asr #16
  1c:	0841070a 	stmdaeq	r1, {r1, r3, r8, r9, sl}^
  20:	0a020901 	beq	8242c <C_STACK_SIZE+0x8142c>
  24:	12010c03 	andne	r0, r1, #768	; 0x300
  28:	15011404 	strne	r1, [r1, #-1028]	; 0xfffffbfc
  2c:	18031701 	stmdane	r3, {r0, r8, r9, sl, ip}
  30:	1c021a01 			; <UNDEFINED> instruction: 0x1c021a01
  34:	44012201 	strmi	r2, [r1], #-513	; 0xfffffdff
  38:	La dirección 0x0000000000000038 está fuera de los límites.


Desensamblado de la sección .comment:

00000000 <.comment>:
   0:	3a434347 	bcc	10d0d24 <C_STACK_SIZE+0x10cfd24>
   4:	62552820 	subsvs	r2, r5, #32, 16	; 0x200000
   8:	75746e75 	ldrbvc	r6, [r4, #-3701]!	; 0xfffff18b
   c:	342e3920 	strtcc	r3, [lr], #-2336	; 0xfffff6e0
  10:	312d302e 			; <UNDEFINED> instruction: 0x312d302e
  14:	6e756275 	mrcvs	2, 3, r6, cr5, cr5, {3}
  18:	7e317574 	mrcvc	5, 1, r7, cr1, cr4, {3}
  1c:	302e3032 	eorcc	r3, lr, r2, lsr r0
  20:	29312e34 	ldmdbcs	r1!, {r2, r4, r5, r9, sl, fp, sp}
  24:	342e3920 	strtcc	r3, [lr], #-2336	; 0xfffff6e0
  28:	La dirección 0x0000000000000028 está fuera de los límites.


Desensamblado de la sección .debug_line:

00000000 <.debug_line>:
   0:	00000072 	andeq	r0, r0, r2, ror r0
   4:	00310003 	eorseq	r0, r1, r3
   8:	01020000 	mrseq	r0, (UNDEF: 2)
   c:	000d0efb 	strdeq	r0, [sp], -fp
  10:	01010101 	tsteq	r1, r1, lsl #2
  14:	01000000 	mrseq	r0, (UNDEF: 0)
  18:	73010000 	movwvc	r0, #4096	; 0x1000
  1c:	00006372 	andeq	r6, r0, r2, ror r3
  20:	5f776f6c 	svcpl	0x00776f6c
  24:	6576656c 	ldrbvs	r6, [r6, #-1388]!	; 0xfffffa94
  28:	70635f6c 	rsbvc	r5, r3, ip, ror #30
  2c:	63615f75 	cmnvs	r1, #468	; 0x1d4
  30:	73736563 	cmnvc	r3, #415236096	; 0x18c00000
  34:	0100732e 	tsteq	r0, lr, lsr #6
  38:	00000000 	andeq	r0, r0, r0
  3c:	00000205 	andeq	r0, r0, r5, lsl #4
  40:	1e037003 	cdpne	0, 0, cr7, cr3, cr3, {0}
  44:	2f2f2f01 	svccs	0x002f2f01
  48:	512f2f2f 			; <UNDEFINED> instruction: 0x512f2f2f
  4c:	2f2f2f2f 	svccs	0x002f2f2f
  50:	2f352f2f 	svccs	0x00352f2f
  54:	660a032f 	strvs	r0, [sl], -pc, lsr #6
  58:	6a2f6e2f 	bvs	bdb91c <C_STACK_SIZE+0xbda91c>
  5c:	2f4e2f2f 	svccs	0x004e2f2f
  60:	2f35302f 	svccs	0x0035302f
  64:	2f312f31 	svccs	0x00312f31
  68:	2f312f31 	svccs	0x00312f31
  6c:	61032f31 	tstvs	r3, r1, lsr pc
  70:	0002022e 	andeq	r0, r2, lr, lsr #4
  74:	006f0101 	rsbeq	r0, pc, r1, lsl #2
  78:	00030000 	andeq	r0, r3, r0
  7c:	00000028 	andeq	r0, r0, r8, lsr #32
  80:	0efb0102 	cdpeq	1, 15, cr0, cr11, cr2, {0}
  84:	0101000d 	tsteq	r1, sp
  88:	00000101 	andeq	r0, r0, r1, lsl #2
  8c:	00000100 	andeq	r0, r0, r0, lsl #2
  90:	63727301 	cmnvs	r2, #67108864	; 0x4000000
  94:	64740000 	ldrbtvs	r0, [r4], #-0
  98:	656d5f33 	strbvs	r5, [sp, #-3891]!	; 0xfffff0cd
  9c:	706f636d 	rsbvc	r6, pc, sp, ror #6
  a0:	00732e79 	rsbseq	r2, r3, r9, ror lr
  a4:	00000001 	andeq	r0, r0, r1
  a8:	18020500 	stmdane	r2, {r8, sl}
  ac:	03700100 	cmneq	r0, #0, 2
  b0:	2f320119 	svccs	0x00320119
  b4:	2f322f2f 	svccs	0x00322f2f
  b8:	03312f2f 	teqeq	r1, #47, 30	; 0xbc
  bc:	2f322e6f 	svccs	0x00322e6f
  c0:	2f2f332f 	svccs	0x002f332f
  c4:	01000202 	tsteq	r0, r2, lsl #4
  c8:	02050001 	andeq	r0, r5, #1
  cc:	700300c4 	andvc	r0, r3, r4, asr #1
  d0:	2f013103 	svccs	0x00013103
  d4:	2f2f312f 	svccs	0x002f312f
  d8:	2f2f302f 	svccs	0x002f302f
  dc:	03302f31 	teqeq	r0, #49, 30	; 0xc4
  e0:	34322e6f 	ldrtcc	r2, [r2], #-3695	; 0xfffff191
  e4:	01000202 	tsteq	r0, r2, lsl #4
  e8:	00006a01 	andeq	r6, r0, r1, lsl #20
  ec:	2f000300 	svccs	0x00000300
  f0:	02000000 	andeq	r0, r0, #0
  f4:	0d0efb01 	vstreq	d15, [lr, #-4]
  f8:	01010100 	mrseq	r0, (UNDEF: 17)
  fc:	00000001 	andeq	r0, r0, r1
 100:	01000001 	tsteq	r0, r1
 104:	00637273 	rsbeq	r7, r3, r3, ror r2
 108:	63786500 	cmnvs	r8, #0, 10
 10c:	69747065 	ldmdbvs	r4!, {r0, r2, r5, r6, ip, sp, lr}^
 110:	685f6e6f 	ldmdavs	pc, {r0, r1, r2, r3, r5, r6, r9, sl, fp, sp, lr}^	; <UNPREDICTABLE>
 114:	6c646e61 	stclvs	14, cr6, [r4], #-388	; 0xfffffe7c
 118:	2e737265 	cdpcs	2, 7, cr7, cr3, cr5, {3}
 11c:	00010073 	andeq	r0, r1, r3, ror r0
 120:	05000000 	streq	r0, [r0, #-0]
 124:	03010402 	movweq	r0, #5122	; 0x1402
 128:	01120370 	tsteq	r2, r0, ror r3
 12c:	302f2f2f 	eorcc	r2, pc, pc, lsr #30
 130:	2f2f332f 	svccs	0x002f332f
 134:	2f33302f 	svccs	0x0033302f
 138:	2f2f2f32 	svccs	0x002f2f32
 13c:	2f312f30 	svccs	0x00312f30
 140:	2f322f30 	svccs	0x00322f30
 144:	4f032f33 	svcmi	0x00032f33
 148:	2e0b032e 	cdpcs	3, 0, cr0, cr11, cr14, {1}
 14c:	032e0f03 			; <UNDEFINED> instruction: 0x032e0f03
 150:	02022e0b 	andeq	r2, r2, #11, 28	; 0xb0
 154:	80010100 	andhi	r0, r1, r0, lsl #2
 158:	03000000 	movweq	r0, #0
 15c:	00002400 	andeq	r2, r0, r0, lsl #8
 160:	fb010200 	blx	4096a <C_STACK_SIZE+0x3f96a>
 164:	01000d0e 	tsteq	r0, lr, lsl #26
 168:	00010101 	andeq	r0, r1, r1, lsl #2
 16c:	00010000 	andeq	r0, r1, r0
 170:	72730100 	rsbsvc	r0, r3, #0, 2
 174:	73000063 	movwvc	r0, #99	; 0x63
 178:	74726174 	ldrbtvc	r6, [r2], #-372	; 0xfffffe8c
 17c:	732e7075 			; <UNDEFINED> instruction: 0x732e7075
 180:	00000100 	andeq	r0, r0, r0, lsl #2
 184:	02050000 	andeq	r0, r5, #0
 188:	70030180 	andvc	r0, r3, r0, lsl #3
 18c:	0100c303 	tsteq	r0, r3, lsl #6
 190:	2f2f2f2f 	svccs	0x002f2f2f
 194:	032f2f2f 			; <UNDEFINED> instruction: 0x032f2f2f
 198:	2f20080f 	svccs	0x0020080f
 19c:	302f2f2f 	eorcc	r2, pc, pc, lsr #30
 1a0:	2f322f2f 	svccs	0x00322f2f
 1a4:	302f312f 	eorcc	r3, pc, pc, lsr #2
 1a8:	302f332f 	eorcc	r3, pc, pc, lsr #6
 1ac:	302f302f 	eorcc	r3, pc, pc, lsr #32
 1b0:	302f302f 	eorcc	r3, pc, pc, lsr #32
 1b4:	2f2f302f 	svccs	0x002f302f
 1b8:	312f2f30 			; <UNDEFINED> instruction: 0x312f2f30
 1bc:	2f312f2f 	svccs	0x00312f2f
 1c0:	2e420331 	mcrcs	3, 2, r0, cr2, cr1, {1}
 1c4:	2e0c032f 	cdpcs	3, 0, cr0, cr12, cr15, {1}
 1c8:	2e0d032f 	cdpcs	3, 0, cr0, cr13, cr15, {1}
 1cc:	31313131 	teqcc	r1, r1, lsr r1
 1d0:	03323031 	teqeq	r2, #49	; 0x31
 1d4:	02022e0a 	andeq	r2, r2, #10, 28	; 0xa0
 1d8:	43010100 	movwmi	r0, #4352	; 0x1100
 1dc:	03000000 	movweq	r0, #0
 1e0:	00002900 	andeq	r2, r0, r0, lsl #18
 1e4:	fb010200 	blx	409ee <C_STACK_SIZE+0x3f9ee>
 1e8:	01000d0e 	tsteq	r0, lr, lsl #26
 1ec:	00010101 	andeq	r0, r1, r1, lsl #2
 1f0:	00010000 	andeq	r0, r1, r0
 1f4:	72730100 	rsbsvc	r0, r3, #0, 2
 1f8:	72000063 	andvc	r0, r0, #99	; 0x63
 1fc:	74657365 	strbtvc	r7, [r5], #-869	; 0xfffffc9b
 200:	6365765f 	cmnvs	r5, #99614720	; 0x5f00000
 204:	2e726f74 	mrccs	15, 3, r6, cr2, cr4, {3}
 208:	00010073 	andeq	r0, r1, r3, ror r0
 20c:	05000000 	streq	r0, [r0, #-0]
 210:	01000002 	tsteq	r0, r2
 214:	01160370 	tsteq	r6, r0, ror r3
 218:	312f2f36 			; <UNDEFINED> instruction: 0x312f2f36
 21c:	00020230 	andeq	r0, r2, r0, lsr r2
 220:	00530101 	subseq	r0, r3, r1, lsl #2
 224:	00030000 	andeq	r0, r3, r0
 228:	00000020 	andeq	r0, r0, r0, lsr #32
 22c:	0efb0102 	cdpeq	1, 15, cr0, cr11, cr2, {0}
 230:	0101000d 	tsteq	r1, sp
 234:	00000101 	andeq	r0, r0, r1, lsl #2
 238:	00000100 	andeq	r0, r0, r0, lsl #2
 23c:	63727301 	cmnvs	r2, #67108864	; 0x4000000
 240:	64740000 	ldrbtvs	r0, [r4], #-0
 244:	00632e33 	rsbeq	r2, r3, r3, lsr lr
 248:	00000001 	andeq	r0, r0, r1
 24c:	05000105 	streq	r0, [r0, #-261]	; 0xfffffefb
 250:	01005c02 	tsteq	r0, r2, lsl #24
 254:	0b051a70 	bleq	146c1c <C_STACK_SIZE+0x145c1c>
 258:	2f110568 	svccs	0x00110568
 25c:	05300a05 	ldreq	r0, [r0, #-2565]!	; 0xfffff5fb
 260:	12052323 	andne	r2, r5, #-1946157056	; 0x8c000000
 264:	3c18053c 	cfldr32cc	mvfx0, [r8], {60}	; 0x3c
 268:	05201605 	streq	r1, [r0, #-1541]!	; 0xfffff9fb
 26c:	0a052109 	beq	148698 <C_STACK_SIZE+0x147698>
 270:	43010538 	movwmi	r0, #5432	; 0x1538
 274:	01000702 	tsteq	r0, r2, lsl #14
 278:	0000c301 	andeq	ip, r0, r1, lsl #6
 27c:	91000300 	mrsls	r0, LR_irq
 280:	02000000 	andeq	r0, r0, #0
 284:	0d0efb01 	vstreq	d15, [lr, #-4]
 288:	01010100 	mrseq	r0, (UNDEF: 17)
 28c:	00000001 	andeq	r0, r0, r1
 290:	01000001 	tsteq	r0, r1
 294:	00637273 	rsbeq	r7, r3, r3, ror r2
 298:	7273752f 	rsbsvc	r7, r3, #197132288	; 0xbc00000
 29c:	6d72612f 	ldfvse	f6, [r2, #-188]!	; 0xffffff44
 2a0:	6e696c2d 	cdpvs	12, 6, cr6, cr9, cr13, {1}
 2a4:	672d7875 			; <UNDEFINED> instruction: 0x672d7875
 2a8:	6165756e 	cmnvs	r5, lr, ror #10
 2ac:	66686962 	strbtvs	r6, [r8], -r2, ror #18
 2b0:	636e692f 	cmnvs	lr, #770048	; 0xbc000
 2b4:	6564756c 	strbvs	r7, [r4, #-1388]!	; 0xfffffa94
 2b8:	7469622f 	strbtvc	r6, [r9], #-559	; 0xfffffdd1
 2bc:	72730073 	rsbsvc	r0, r3, #115	; 0x73
 2c0:	2e2e2f63 	cdpcs	15, 2, cr2, cr14, cr3, {3}
 2c4:	636e692f 	cmnvs	lr, #770048	; 0xbc000
 2c8:	78650000 	stmdavc	r5!, {}^	; <UNPREDICTABLE>
 2cc:	74706563 	ldrbtvc	r6, [r0], #-1379	; 0xfffffa9d
 2d0:	5f6e6f69 	svcpl	0x006e6f69
 2d4:	646e6168 	strbtvs	r6, [lr], #-360	; 0xfffffe98
 2d8:	7372656c 	cmnvc	r2, #108, 10	; 0x1b000000
 2dc:	0100632e 	tsteq	r0, lr, lsr #6
 2e0:	79740000 	ldmdbvc	r4!, {}^	; <UNPREDICTABLE>
 2e4:	2e736570 	mrccs	5, 3, r6, cr3, cr0, {3}
 2e8:	00020068 	andeq	r0, r2, r8, rrx
 2ec:	64747300 	ldrbtvs	r7, [r4], #-768	; 0xfffffd00
 2f0:	2d746e69 	ldclcs	14, cr6, [r4, #-420]!	; 0xfffffe5c
 2f4:	746e6975 	strbtvc	r6, [lr], #-2421	; 0xfffff68b
 2f8:	00682e6e 	rsbeq	r2, r8, lr, ror #28
 2fc:	67000002 	strvs	r0, [r0, -r2]
 300:	682e6369 	stmdavs	lr!, {r0, r3, r5, r6, r8, r9, sp, lr}
 304:	00000300 	andeq	r0, r0, r0, lsl #6
 308:	656d6974 	strbvs	r6, [sp, #-2420]!	; 0xfffff68c
 30c:	00682e72 	rsbeq	r2, r8, r2, ror lr
 310:	00000003 	andeq	r0, r0, r3
 314:	05000105 	streq	r0, [r0, #-261]	; 0xfffffefb
 318:	03029002 	movweq	r9, #8194	; 0x2002
 31c:	01250370 			; <UNDEFINED> instruction: 0x01250370
 320:	054c1405 	strbeq	r1, [ip, #-1029]	; 0xfffffbfb
 324:	0e053d15 	mcreq	13, 0, r3, cr5, cr5, {0}
 328:	3f050559 	svccc	0x00050559
 32c:	053f2605 	ldreq	r2, [pc, #-1541]!	; fffffd2f <__bss_end__+0x8ffcf98f>
 330:	0d053d11 	stceq	13, cr3, [r5, #-68]	; 0xffffffbc
 334:	24110524 	ldrcs	r0, [r1], #-1316	; 0xfffffadc
 338:	023e0105 	eorseq	r0, lr, #1073741825	; 0x40000001
 33c:	01010006 	tsteq	r1, r6
 340:	0000009d 	muleq	r0, sp, r0
 344:	00770003 	rsbseq	r0, r7, r3
 348:	01020000 	mrseq	r0, (UNDEF: 2)
 34c:	000d0efb 	strdeq	r0, [sp], -fp
 350:	01010101 	tsteq	r1, r1, lsl #2
 354:	01000000 	mrseq	r0, (UNDEF: 0)
 358:	73010000 	movwvc	r0, #4096	; 0x1000
 35c:	2f006372 	svccs	0x00006372
 360:	2f727375 	svccs	0x00727375
 364:	2d6d7261 	sfmcs	f7, 2, [sp, #-388]!	; 0xfffffe7c
 368:	756e696c 	strbvc	r6, [lr, #-2412]!	; 0xfffff694
 36c:	6e672d78 	mcrvs	13, 3, r2, cr7, cr8, {3}
 370:	62616575 	rsbvs	r6, r1, #490733568	; 0x1d400000
 374:	2f666869 	svccs	0x00666869
 378:	6c636e69 	stclvs	14, cr6, [r3], #-420	; 0xfffffe5c
 37c:	2f656475 	svccs	0x00656475
 380:	73746962 	cmnvc	r4, #1605632	; 0x188000
 384:	63727300 	cmnvs	r2, #0, 6
 388:	2f2e2e2f 	svccs	0x002e2e2f
 38c:	00636e69 	rsbeq	r6, r3, r9, ror #28
 390:	63696700 	cmnvs	r9, #0, 14
 394:	0100632e 	tsteq	r0, lr, lsr #6
 398:	79740000 	ldmdbvc	r4!, {}^	; <UNPREDICTABLE>
 39c:	2e736570 	mrccs	5, 3, r6, cr3, cr0, {3}
 3a0:	00020068 	andeq	r0, r2, r8, rrx
 3a4:	64747300 	ldrbtvs	r7, [r4], #-768	; 0xfffffd00
 3a8:	2d746e69 	ldclcs	14, cr6, [r4, #-420]!	; 0xfffffe5c
 3ac:	746e6975 	strbtvc	r6, [lr], #-2421	; 0xfffff68b
 3b0:	00682e6e 	rsbeq	r2, r8, lr, ror #28
 3b4:	67000002 	strvs	r0, [r0, -r2]
 3b8:	682e6369 	stmdavs	lr!, {r0, r3, r5, r6, r8, r9, sp, lr}
 3bc:	00000300 	andeq	r0, r0, r0, lsl #6
 3c0:	00050500 	andeq	r0, r5, r0, lsl #10
 3c4:	02d00205 	sbcseq	r0, r0, #1342177280	; 0x50000000
 3c8:	05167003 	ldreq	r7, [r6, #-3]
 3cc:	053d3d18 	ldreq	r3, [sp, #-3352]!	; 0xfffff2e8
 3d0:	1d055b15 	vstrne	d5, [r5, #-84]	; 0xffffffac
 3d4:	8383833d 	orrhi	r8, r3, #-201326592	; 0xf4000000
 3d8:	3f05053d 	svccc	0x0005053d
 3dc:	01000602 	tsteq	r0, r2, lsl #12
 3e0:	00009a01 	andeq	r9, r0, r1, lsl #20
 3e4:	74000300 	strvc	r0, [r0], #-768	; 0xfffffd00
 3e8:	02000000 	andeq	r0, r0, #0
 3ec:	0d0efb01 	vstreq	d15, [lr, #-4]
 3f0:	01010100 	mrseq	r0, (UNDEF: 17)
 3f4:	00000001 	andeq	r0, r0, r1
 3f8:	01000001 	tsteq	r0, r1
 3fc:	00637273 	rsbeq	r7, r3, r3, ror r2
 400:	7273752f 	rsbsvc	r7, r3, #197132288	; 0xbc00000
 404:	6d72612f 	ldfvse	f6, [r2, #-188]!	; 0xffffff44
 408:	6e696c2d 	cdpvs	12, 6, cr6, cr9, cr13, {1}
 40c:	672d7875 			; <UNDEFINED> instruction: 0x672d7875
 410:	6165756e 	cmnvs	r5, lr, ror #10
 414:	66686962 	strbtvs	r6, [r8], -r2, ror #18
 418:	636e692f 	cmnvs	lr, #770048	; 0xbc000
 41c:	6564756c 	strbvs	r7, [r4, #-1388]!	; 0xfffffa94
 420:	7469622f 	strbtvc	r6, [r9], #-559	; 0xfffffdd1
 424:	6e690073 	mcrvs	0, 3, r0, cr9, cr3, {3}
 428:	74000063 	strvc	r0, [r0], #-99	; 0xffffff9d
 42c:	72656d69 	rsbvc	r6, r5, #6720	; 0x1a40
 430:	0100632e 	tsteq	r0, lr, lsr #6
 434:	79740000 	ldmdbvc	r4!, {}^	; <UNPREDICTABLE>
 438:	2e736570 	mrccs	5, 3, r6, cr3, cr0, {3}
 43c:	00020068 	andeq	r0, r2, r8, rrx
 440:	64747300 	ldrbtvs	r7, [r4], #-768	; 0xfffffd00
 444:	2d746e69 	ldclcs	14, cr6, [r4, #-420]!	; 0xfffffe5c
 448:	746e6975 	strbtvc	r6, [lr], #-2421	; 0xfffff68b
 44c:	00682e6e 	rsbeq	r2, r8, lr, ror #28
 450:	74000002 	strvc	r0, [r0], #-2
 454:	72656d69 	rsbvc	r6, r5, #6720	; 0x1a40
 458:	0300682e 	movweq	r6, #2094	; 0x82e
 45c:	05000000 	streq	r0, [r0, #-0]
 460:	02050005 	andeq	r0, r5, #5
 464:	70030334 	andvc	r0, r3, r4, lsr r3
 468:	05010903 	streq	r0, [r1, #-2307]	; 0xfffff6fd
 46c:	20053d19 	andcs	r3, r5, r9, lsl sp
 470:	1f054d5a 	svcne	0x00054d5a
 474:	0567673d 	strbeq	r6, [r7, #-1853]!	; 0xfffff8c3
 478:	06026705 	streq	r6, [r2], -r5, lsl #14
 47c:	La dirección 0x000000000000047c está fuera de los límites.


Desensamblado de la sección .debug_info:

00000000 <.debug_info>:
   0:	00000022 	andeq	r0, r0, r2, lsr #32
   4:	00000002 	andeq	r0, r0, r2
   8:	01040000 	mrseq	r0, (UNDEF: 4)
   c:	00000000 	andeq	r0, r0, r0
  10:	70030000 	andvc	r0, r3, r0
  14:	700300c4 	andvc	r0, r3, r4, asr #1
  18:	00000000 	andeq	r0, r0, r0
  1c:	0000001b 	andeq	r0, r0, fp, lsl r0
  20:	0000009e 	muleq	r0, lr, r0
  24:	001e8001 	andseq	r8, lr, r1
  28:	00020000 	andeq	r0, r2, r0
  2c:	00000014 	andeq	r0, r0, r4, lsl r0
  30:	00760104 	rsbseq	r0, r6, r4, lsl #2
  34:	00000000 	andeq	r0, r0, r0
  38:	00aa0000 	adceq	r0, sl, r0
  3c:	001b0000 	andseq	r0, fp, r0
  40:	009e0000 	addseq	r0, lr, r0
  44:	80010000 	andhi	r0, r1, r0
  48:	00000022 	andeq	r0, r0, r2, lsr #32
  4c:	00260002 	eoreq	r0, r6, r2
  50:	01040000 	mrseq	r0, (UNDEF: 4)
  54:	000000e9 	andeq	r0, r0, r9, ror #1
  58:	70030104 	andvc	r0, r3, r4, lsl #2
  5c:	70030180 	andvc	r0, r3, r0, lsl #3
  60:	000000bc 	strheq	r0, [r0], -ip
  64:	0000001b 	andeq	r0, r0, fp, lsl r0
  68:	0000009e 	muleq	r0, lr, r0
  6c:	00228001 	eoreq	r8, r2, r1
  70:	00020000 	andeq	r0, r2, r0
  74:	0000003a 	andeq	r0, r0, sl, lsr r0
  78:	01570104 	cmpeq	r7, r4, lsl #2
  7c:	01800000 	orreq	r0, r0, r0
  80:	02907003 	addseq	r7, r0, #3
  84:	00d57003 	sbcseq	r7, r5, r3
  88:	001b0000 	andseq	r0, fp, r0
  8c:	009e0000 	addseq	r0, lr, r0
  90:	80010000 	andhi	r0, r1, r0
  94:	00000022 	andeq	r0, r0, r2, lsr #32
  98:	004e0002 	subeq	r0, lr, r2
  9c:	01040000 	mrseq	r0, (UNDEF: 4)
  a0:	000001db 	ldrdeq	r0, [r0], -fp
  a4:	70010000 	andvc	r0, r1, r0
  a8:	70010018 	andvc	r0, r1, r8, lsl r0
  ac:	000000e3 	andeq	r0, r0, r3, ror #1
  b0:	0000001b 	andeq	r0, r0, fp, lsl r0
  b4:	0000009e 	muleq	r0, lr, r0
  b8:	00c38001 	sbceq	r8, r3, r1
  bc:	00040000 	andeq	r0, r4, r0
  c0:	00000062 	andeq	r0, r0, r2, rrx
  c4:	01190104 	tsteq	r9, r4, lsl #2
  c8:	cf0c0000 	svcgt	0x000c0000
  cc:	1b000001 	blne	d8 <_PUBLIC_SIZE_INICIO+0x3c>
  d0:	20000000 	andcs	r0, r0, r0
  d4:	00000000 	andeq	r0, r0, r0
  d8:	22000000 	andcs	r0, r0, #0
  dc:	02000002 	andeq	r0, r0, #2
  e0:	00000030 	andeq	r0, r0, r0, lsr r0
  e4:	00000030 	andeq	r0, r0, r0, lsr r0
  e8:	01040003 	tsteq	r4, r3
  ec:	00026e08 	andeq	r6, r2, r8, lsl #28
  f0:	00300500 	eorseq	r0, r0, r0, lsl #10
  f4:	c7060000 	strgt	r0, [r6, -r0]
  f8:	01000001 	tsteq	r0, r1
  fc:	00250d03 	eoreq	r0, r5, r3, lsl #26
 100:	fe070000 	cdp2	0, 0, cr0, cr7, cr0, {0}
 104:	01000000 	mrseq	r0, (UNDEF: 0)
 108:	005c2a08 	subseq	r2, ip, r8, lsl #20
 10c:	00407001 	subeq	r7, r0, r1
 110:	9c010000 	stcls	0, cr0, [r1], {-0}
 114:	000000aa 	andeq	r0, r0, sl, lsr #1
 118:	00010a08 	andeq	r0, r1, r8, lsl #20
 11c:	3c080100 	stfccs	f0, [r8], {-0}
 120:	000000aa 	andeq	r0, r0, sl, lsr #1
 124:	086c9102 	stmdaeq	ip!, {r1, r8, ip, pc}^
 128:	00000112 	andeq	r0, r0, r2, lsl r1
 12c:	ac510801 	mrrcge	8, 0, r0, r1, cr1
 130:	02000000 	andeq	r0, r0, #0
 134:	b3086891 	movwlt	r6, #34961	; 0x8891
 138:	01000001 	tsteq	r0, r1
 13c:	00b36608 	adcseq	r6, r3, r8, lsl #12
 140:	91020000 	mrsls	r0, (UNDEF: 2)
 144:	00f60964 	rscseq	r0, r6, r4, ror #18
 148:	0b010000 	bleq	40150 <C_STACK_SIZE+0x3f150>
 14c:	0000ba0b 	andeq	fp, r0, fp, lsl #20
 150:	70910200 	addsvc	r0, r1, r0, lsl #4
 154:	0001bd09 	andeq	fp, r1, r9, lsl #26
 158:	110c0100 	mrsne	r0, (UNDEF: 28)
 15c:	000000c0 	andeq	r0, r0, r0, asr #1
 160:	00749102 	rsbseq	r9, r4, r2, lsl #2
 164:	040b040a 	streq	r0, [fp], #-1034	; 0xfffffbf6
 168:	000000b2 	strheq	r0, [r0], -r2
 16c:	0704040c 	streq	r0, [r4, -ip, lsl #8]
 170:	00000282 	andeq	r0, r0, r2, lsl #5
 174:	0030040b 	eorseq	r0, r0, fp, lsl #8
 178:	040b0000 	streq	r0, [fp], #-0
 17c:	00000037 	andeq	r0, r0, r7, lsr r0
 180:	00024900 	andeq	r4, r2, r0, lsl #18
 184:	fc000400 	stc2	4, cr0, [r0], {-0}
 188:	04000000 	streq	r0, [r0], #-0
 18c:	00011901 	andeq	r1, r1, r1, lsl #18
 190:	022f0c00 	eoreq	r0, pc, #0, 24
 194:	001b0000 	andseq	r0, fp, r0
 198:	00300000 	eorseq	r0, r0, r0
 19c:	00000000 	andeq	r0, r0, r0
 1a0:	02790000 	rsbseq	r0, r9, #0
 1a4:	04020000 	streq	r0, [r2], #-0
 1a8:	746e6905 	strbtvc	r6, [lr], #-2309	; 0xfffff6fb
 1ac:	07040300 	streq	r0, [r4, -r0, lsl #6]
 1b0:	00000282 	andeq	r0, r0, r2, lsl #5
 1b4:	65080103 	strvs	r0, [r8, #-259]	; 0xfffffefd
 1b8:	03000002 	movweq	r0, #2
 1bc:	02950702 	addseq	r0, r5, #524288	; 0x80000
 1c0:	04030000 	streq	r0, [r3], #-0
 1c4:	00027d07 	andeq	r7, r2, r7, lsl #26
 1c8:	06010300 	streq	r0, [r1], -r0, lsl #6
 1cc:	00000267 	andeq	r0, r0, r7, ror #4
 1d0:	f7050203 			; <UNDEFINED> instruction: 0xf7050203
 1d4:	04000001 	streq	r0, [r0], #-1
 1d8:	00000201 	andeq	r0, r0, r1, lsl #4
 1dc:	2c162a02 			; <UNDEFINED> instruction: 0x2c162a02
 1e0:	03000000 	movweq	r0, #0
 1e4:	02480508 	subeq	r0, r8, #8, 10	; 0x2000000
 1e8:	08030000 	stmdaeq	r3, {}	; <UNPREDICTABLE>
 1ec:	00027807 	andeq	r7, r2, r7, lsl #16
 1f0:	05040300 	streq	r0, [r4, #-768]	; 0xfffffd00
 1f4:	0000024d 	andeq	r0, r0, sp, asr #4
 1f8:	6e080103 	adfvse	f0, f0, f3
 1fc:	04000002 	streq	r0, [r0], #-2
 200:	00000203 	andeq	r0, r0, r3, lsl #4
 204:	56141a03 	ldrpl	r1, [r4], -r3, lsl #20
 208:	05000000 	streq	r0, [r0, #-0]
 20c:	121c041c 	andsne	r0, ip, #28, 8	; 0x1c000000
 210:	000000ef 	andeq	r0, r0, pc, ror #1
 214:	0002e406 	andeq	lr, r2, r6, lsl #8
 218:	151e0400 	ldrne	r0, [lr, #-1024]	; 0xfffffc00
 21c:	0000007e 	andeq	r0, r0, lr, ror r0
 220:	4d500700 	ldclmi	7, cr0, [r0, #-0]
 224:	1f040052 	svcne	0x00040052
 228:	00007e15 	andeq	r7, r0, r5, lsl lr
 22c:	42070400 	andmi	r0, r7, #0, 8
 230:	04005250 	streq	r5, [r0], #-592	; 0xfffffdb0
 234:	007e1520 	rsbseq	r1, lr, r0, lsr #10
 238:	07080000 	streq	r0, [r8, -r0]
 23c:	00524149 	subseq	r4, r2, r9, asr #2
 240:	7e152104 	mufvcs	f2, f5, f4
 244:	0c000000 	stceq	0, cr0, [r0], {-0}
 248:	00021e06 	andeq	r1, r2, r6, lsl #28
 24c:	15220400 	strne	r0, [r2, #-1024]!	; 0xfffffc00
 250:	0000007e 	andeq	r0, r0, lr, ror r0
 254:	50520710 	subspl	r0, r2, r0, lsl r7
 258:	23040052 	movwcs	r0, #16466	; 0x4052
 25c:	00007e15 	andeq	r7, r0, r5, lsl lr
 260:	8f061400 	svchi	0x00061400
 264:	04000002 	streq	r0, [r0], #-2
 268:	007e1524 	rsbseq	r1, lr, r4, lsr #10
 26c:	00180000 	andseq	r0, r8, r0
 270:	00008a08 	andeq	r8, r0, r8, lsl #20
 274:	02160400 	andseq	r0, r6, #0, 8
 278:	25040000 	strcs	r0, [r4, #-0]
 27c:	0000ef07 	andeq	lr, r0, r7, lsl #30
 280:	051c0500 	ldreq	r0, [ip, #-1280]	; 0xfffffb00
 284:	01651208 	cmneq	r5, r8, lsl #4
 288:	ec060000 	stc	0, cr0, [r6], {-0}
 28c:	05000001 	streq	r0, [r0, #-1]
 290:	007e0e09 	rsbseq	r0, lr, r9, lsl #28
 294:	06000000 	streq	r0, [r0], -r0
 298:	00000223 	andeq	r0, r0, r3, lsr #4
 29c:	7e0e0a05 	vmlavc.f32	s0, s28, s10
 2a0:	04000000 	streq	r0, [r0], #-0
 2a4:	0002a806 	andeq	sl, r2, r6, lsl #16
 2a8:	0e0b0500 	cfsh32eq	mvfx0, mvfx11, #0
 2ac:	0000007e 	andeq	r0, r0, lr, ror r0
 2b0:	02d00608 	sbcseq	r0, r0, #8, 12	; 0x800000
 2b4:	0c050000 	stceq	0, cr0, [r5], {-0}
 2b8:	00007e0e 	andeq	r7, r0, lr, lsl #28
 2bc:	0c060c00 	stceq	12, cr0, [r6], {-0}
 2c0:	05000002 	streq	r0, [r0, #-2]
 2c4:	007e0e0d 	rsbseq	r0, lr, sp, lsl #28
 2c8:	06100000 	ldreq	r0, [r0], -r0
 2cc:	000002c6 	andeq	r0, r0, r6, asr #5
 2d0:	7e0e0e05 	cdpvc	14, 0, cr0, cr14, cr5, {0}
 2d4:	14000000 	strne	r0, [r0], #-0
 2d8:	0002b306 	andeq	fp, r2, r6, lsl #6
 2dc:	0e0f0500 	cfsh32eq	mvfx0, mvfx15, #0
 2e0:	0000007e 	andeq	r0, r0, lr, ror r0
 2e4:	00080018 	andeq	r0, r8, r8, lsl r0
 2e8:	04000001 	streq	r0, [r0], #-1
 2ec:	0000025c 	andeq	r0, r0, ip, asr r2
 2f0:	65031005 	strvs	r1, [r3, #-5]
 2f4:	09000001 	stmdbeq	r0, {r0}
 2f8:	000002c0 	andeq	r0, r0, r0, asr #5
 2fc:	100f0144 	andne	r0, pc, r4, asr #2
 300:	000001c2 	andeq	r0, r0, r2, asr #3
 304:	00027306 	andeq	r7, r2, r6, lsl #6
 308:	0e110100 	mufeqs	f0, f1, f0
 30c:	0000007e 	andeq	r0, r0, lr, ror r0
 310:	63700700 	cmnvs	r0, #0, 14
 314:	14110100 	ldrne	r0, [r1], #-256	; 0xffffff00
 318:	0000007e 	andeq	r0, r0, lr, ror r0
 31c:	70670704 	rsbvc	r0, r7, r4, lsl #14
 320:	11010072 	tstne	r1, r2, ror r0
 324:	0001c218 	andeq	ip, r1, r8, lsl r2
 328:	73070800 	movwvc	r0, #30720	; 0x7800
 32c:	11010070 	tstne	r1, r0, ror r0
 330:	00007e23 	andeq	r7, r0, r3, lsr #28
 334:	6c073c00 	stcvs	12, cr3, [r7], {-0}
 338:	11010072 	tstne	r1, r2, ror r0
 33c:	00007e27 	andeq	r7, r0, r7, lsr #28
 340:	0a004000 	beq	10348 <C_STACK_SIZE+0xf348>
 344:	0000007e 	andeq	r0, r0, lr, ror r0
 348:	000001d2 	ldrdeq	r0, [r0], -r2
 34c:	00002c0b 	andeq	r2, r0, fp, lsl #24
 350:	04000c00 	streq	r0, [r0], #-3072	; 0xfffff400
 354:	000002c0 	andeq	r0, r0, r0, asr #5
 358:	76031201 	strvc	r1, [r3], -r1, lsl #4
 35c:	0c000001 	stceq	0, cr0, [r0], {1}
 360:	000001d9 	ldrdeq	r0, [r0], -r9
 364:	90282501 	eorls	r2, r8, r1, lsl #10
 368:	40700302 	rsbsmi	r0, r0, r2, lsl #6
 36c:	01000000 	mrseq	r0, (UNDEF: 0)
 370:	0002309c 	muleq	r2, ip, r0
 374:	74630d00 	strbtvc	r0, [r3], #-3328	; 0xfffff300
 378:	25010078 	strcs	r0, [r1, #-120]	; 0xffffff88
 37c:	00023043 	andeq	r3, r2, r3, asr #32
 380:	64910200 	ldrvs	r0, [r1], #512	; 0x200
 384:	0002560e 	andeq	r5, r2, lr, lsl #12
 388:	14280100 	strtne	r0, [r8], #-256	; 0xffffff00
 38c:	0000023c 	andeq	r0, r0, ip, lsr r2
 390:	0e6c9102 	lgneqe	f1, f2
 394:	000002dd 	ldrdeq	r0, [r0], -sp
 398:	47152901 	ldrmi	r2, [r5, -r1, lsl #18]
 39c:	02000002 	andeq	r0, r0, #2
 3a0:	690f7091 	stmdbvs	pc, {r0, r4, r7, ip, sp, lr}	; <UNPREDICTABLE>
 3a4:	2a010064 	bcs	4053c <C_STACK_SIZE+0x3f53c>
 3a8:	00007e0e 	andeq	r7, r0, lr, lsl #28
 3ac:	74910200 	ldrvc	r0, [r1], #512	; 0x200
 3b0:	d2041000 	andle	r1, r4, #0
 3b4:	10000001 	andne	r0, r0, r1
 3b8:	0000f404 	andeq	pc, r0, r4, lsl #8
 3bc:	02361100 	eorseq	r1, r6, #0, 2
 3c0:	04100000 	ldreq	r0, [r0], #-0
 3c4:	0000016a 	andeq	r0, r0, sl, ror #2
 3c8:	00024111 	andeq	r4, r2, r1, lsl r1
 3cc:	03310000 	teqeq	r1, #0
 3d0:	00040000 	andeq	r0, r4, r0
 3d4:	000001ef 	andeq	r0, r0, pc, ror #3
 3d8:	01190104 	tsteq	r9, r4, lsl #2
 3dc:	1c0c0000 	stcne	0, cr0, [ip], {-0}
 3e0:	1b000003 	blne	3f4 <_PUBLIC_SIZE_TEXT+0x72>
 3e4:	40000000 	andmi	r0, r0, r0
 3e8:	00000000 	andeq	r0, r0, r0
 3ec:	40000000 	andmi	r0, r0, r0
 3f0:	02000003 	andeq	r0, r0, #3
 3f4:	6e690504 	cdpvs	5, 6, cr0, cr9, cr4, {0}
 3f8:	04030074 	streq	r0, [r3], #-116	; 0xffffff8c
 3fc:	00028207 	andeq	r8, r2, r7, lsl #4
 400:	08010300 	stmdaeq	r1, {r8, r9}
 404:	00000265 	andeq	r0, r0, r5, ror #4
 408:	95070203 	strls	r0, [r7, #-515]	; 0xfffffdfd
 40c:	03000002 	movweq	r0, #2
 410:	027d0704 	rsbseq	r0, sp, #4, 14	; 0x100000
 414:	01030000 	mrseq	r0, (UNDEF: 3)
 418:	00026706 	andeq	r6, r2, r6, lsl #14
 41c:	03760400 	cmneq	r6, #0, 8
 420:	26020000 	strcs	r0, [r2], -r0
 424:	00003317 	andeq	r3, r0, r7, lsl r3
 428:	05020300 	streq	r0, [r2, #-768]	; 0xfffffd00
 42c:	000001f7 	strdeq	r0, [r0], -r7
 430:	00020104 	andeq	r0, r2, r4, lsl #2
 434:	162a0200 	strtne	r0, [sl], -r0, lsl #4
 438:	0000002c 	andeq	r0, r0, ip, lsr #32
 43c:	48050803 	stmdami	r5, {r0, r1, fp}
 440:	03000002 	movweq	r0, #2
 444:	02780708 	rsbseq	r0, r8, #8, 14	; 0x200000
 448:	04030000 	streq	r0, [r3], #-0
 44c:	00024d05 	andeq	r4, r2, r5, lsl #26
 450:	08010300 	stmdaeq	r1, {r8, r9}
 454:	0000026e 	andeq	r0, r0, lr, ror #4
 458:	00037804 	andeq	r7, r3, r4, lsl #16
 45c:	13180300 	tstne	r8, #0, 6
 460:	0000004f 	andeq	r0, r0, pc, asr #32
 464:	00020304 	andeq	r0, r2, r4, lsl #6
 468:	141a0300 	ldrne	r0, [sl], #-768	; 0xfffffd00
 46c:	00000062 	andeq	r0, r0, r2, rrx
 470:	1c041c05 	stcne	12, cr1, [r4], {5}
 474:	00010712 	andeq	r0, r1, r2, lsl r7
 478:	02e40600 	rsceq	r0, r4, #0, 12
 47c:	1e040000 	cdpne	0, 0, cr0, cr4, cr0, {0}
 480:	00009615 	andeq	r9, r0, r5, lsl r6
 484:	50070000 	andpl	r0, r7, r0
 488:	0400524d 	streq	r5, [r0], #-589	; 0xfffffdb3
 48c:	0096151f 	addseq	r1, r6, pc, lsl r5
 490:	07040000 	streq	r0, [r4, -r0]
 494:	00525042 	subseq	r5, r2, r2, asr #32
 498:	96152004 	ldrls	r2, [r5], -r4
 49c:	08000000 	stmdaeq	r0, {}	; <UNPREDICTABLE>
 4a0:	52414907 	subpl	r4, r1, #114688	; 0x1c000
 4a4:	15210400 	strne	r0, [r1, #-1024]!	; 0xfffffc00
 4a8:	00000096 	muleq	r0, r6, r0
 4ac:	021e060c 	andseq	r0, lr, #12, 12	; 0xc00000
 4b0:	22040000 	andcs	r0, r4, #0
 4b4:	00009615 	andeq	r9, r0, r5, lsl r6
 4b8:	52071000 	andpl	r1, r7, #0
 4bc:	04005250 	streq	r5, [r0], #-592	; 0xfffffdb0
 4c0:	00961523 	addseq	r1, r6, r3, lsr #10
 4c4:	06140000 	ldreq	r0, [r4], -r0
 4c8:	0000028f 	andeq	r0, r0, pc, lsl #5
 4cc:	96152404 	ldrls	r2, [r5], -r4, lsl #8
 4d0:	18000000 	stmdane	r0, {}	; <UNPREDICTABLE>
 4d4:	00a20800 	adceq	r0, r2, r0, lsl #16
 4d8:	16040000 	strne	r0, [r4], -r0
 4dc:	04000002 	streq	r0, [r0], #-2
 4e0:	01070725 	tsteq	r7, r5, lsr #14
 4e4:	00090000 	andeq	r0, r9, r0
 4e8:	12270410 	eorne	r0, r7, #16, 8	; 0x10000000
 4ec:	00000246 	andeq	r0, r0, r6, asr #4
 4f0:	0002e406 	andeq	lr, r2, r6, lsl #8
 4f4:	12290400 	eorne	r0, r9, #0, 8
 4f8:	00000096 	muleq	r0, r6, r0
 4fc:	02e90600 	rsceq	r0, r9, #0, 12
 500:	2a040000 	bcs	100508 <C_STACK_SIZE+0xff508>
 504:	00009612 	andeq	r9, r0, r2, lsl r6
 508:	26060400 	strcs	r0, [r6], -r0, lsl #8
 50c:	04000003 	streq	r0, [r0], #-3
 510:	024b092b 	subeq	r0, fp, #704512	; 0xac000
 514:	0a080000 	beq	20051c <C_STACK_SIZE+0x1ff51c>
 518:	00000390 	muleq	r0, r0, r3
 51c:	5b122c04 	blpl	48b534 <C_STACK_SIZE+0x48a534>
 520:	00000002 	andeq	r0, r0, r2
 524:	03300a01 	teqeq	r0, #4096	; 0x1000
 528:	2d040000 	stccs	0, cr0, [r4, #-0]
 52c:	00026b09 	andeq	r6, r2, r9, lsl #22
 530:	0a010c00 	beq	43538 <C_STACK_SIZE+0x42538>
 534:	00000312 	andeq	r0, r0, r2, lsl r3
 538:	5b122e04 	blpl	48bd50 <C_STACK_SIZE+0x48ad50>
 53c:	80000002 	andhi	r0, r0, r2
 540:	033a0a01 	teqeq	sl, #4096	; 0x1000
 544:	2f040000 	svccs	0x00040000
 548:	00026b09 	andeq	r6, r2, r9, lsl #22
 54c:	0a018c00 	beq	63554 <C_STACK_SIZE+0x62554>
 550:	000003c6 	andeq	r0, r0, r6, asr #7
 554:	5b123004 	blpl	48c56c <C_STACK_SIZE+0x48b56c>
 558:	00000002 	andeq	r0, r0, r2
 55c:	03440a02 	movteq	r0, #18946	; 0x4a02
 560:	31040000 	mrscc	r0, (UNDEF: 4)
 564:	00026b09 	andeq	r6, r2, r9, lsl #22
 568:	0a020c00 	beq	83570 <C_STACK_SIZE+0x82570>
 56c:	000003a4 	andeq	r0, r0, r4, lsr #7
 570:	5b123204 	blpl	48cd88 <C_STACK_SIZE+0x48bd88>
 574:	80000002 	andhi	r0, r0, r2
 578:	034e0a02 	movteq	r0, #59906	; 0xea02
 57c:	33040000 	movwcc	r0, #16384	; 0x4000
 580:	00026b09 	andeq	r6, r2, r9, lsl #22
 584:	0a028c00 	beq	a358c <C_STACK_SIZE+0xa258c>
 588:	00000308 	andeq	r0, r0, r8, lsl #6
 58c:	5b123404 	blpl	48d5a4 <C_STACK_SIZE+0x48c5a4>
 590:	00000002 	andeq	r0, r0, r2
 594:	03580a03 	cmpeq	r8, #12288	; 0x3000
 598:	35040000 	strcc	r0, [r4, #-0]
 59c:	00027b09 	andeq	r7, r2, r9, lsl #22
 5a0:	0a030c00 	beq	c35a8 <C_STACK_SIZE+0xc25a8>
 5a4:	000002fd 	strdeq	r0, [r0], -sp
 5a8:	8b123604 	blhi	48ddc0 <C_STACK_SIZE+0x48cdc0>
 5ac:	00000002 	andeq	r0, r0, r2
 5b0:	03620a04 	cmneq	r2, #4, 20	; 0x4000
 5b4:	37040000 	strcc	r0, [r4, -r0]
 5b8:	00029b09 	andeq	r9, r2, r9, lsl #22
 5bc:	0a046000 	beq	1185c4 <C_STACK_SIZE+0x1175c4>
 5c0:	000003bc 			; <UNDEFINED> instruction: 0x000003bc
 5c4:	8b123804 	blhi	48e5dc <C_STACK_SIZE+0x48d5dc>
 5c8:	00000002 	andeq	r0, r0, r2
 5cc:	036c0a08 	cmneq	ip, #8, 20	; 0x8000
 5d0:	39040000 	stmdbcc	r4, {}	; <UNPREDICTABLE>
 5d4:	00029b09 	andeq	r9, r2, r9, lsl #22
 5d8:	0a086000 	beq	2185e0 <C_STACK_SIZE+0x2175e0>
 5dc:	000002f7 	strdeq	r0, [r0], -r7
 5e0:	ac123a04 			; <UNDEFINED> instruction: 0xac123a04
 5e4:	00000002 	andeq	r0, r0, r2
 5e8:	039a0a0c 	orrseq	r0, sl, #12, 20	; 0xc000
 5ec:	3b040000 	blcc	1005f4 <C_STACK_SIZE+0xff5f4>
 5f0:	0002bc09 	andeq	fp, r2, r9, lsl #24
 5f4:	0a0c1800 	beq	3065fc <C_STACK_SIZE+0x3055fc>
 5f8:	000003ac 	andeq	r0, r0, ip, lsr #7
 5fc:	96123c04 	ldrls	r3, [r2], -r4, lsl #24
 600:	00000000 	andeq	r0, r0, r0
 604:	03800a0f 	orreq	r0, r0, #61440	; 0xf000
 608:	3d040000 	stccc	0, cr0, [r4, #-0]
 60c:	0002cd09 	andeq	ip, r2, r9, lsl #26
 610:	000f0400 	andeq	r0, pc, r0, lsl #8
 614:	00011808 	andeq	r1, r1, r8, lsl #16
 618:	008a0b00 	addeq	r0, sl, r0, lsl #22
 61c:	025b0000 	subseq	r0, fp, #0
 620:	2c0c0000 	stccs	0, cr0, [ip], {-0}
 624:	f4000000 	vst4.8	{d0-d3}, [r0], r0
 628:	00960b00 	addseq	r0, r6, r0, lsl #22
 62c:	026b0000 	rsbeq	r0, fp, #0
 630:	2c0c0000 	stccs	0, cr0, [ip], {-0}
 634:	02000000 	andeq	r0, r0, #0
 638:	008a0b00 	addeq	r0, sl, r0, lsl #22
 63c:	027b0000 	rsbseq	r0, fp, #0
 640:	2c0c0000 	stccs	0, cr0, [ip], {-0}
 644:	70000000 	andvc	r0, r0, r0
 648:	008a0b00 	addeq	r0, sl, r0, lsl #22
 64c:	028b0000 	addeq	r0, fp, #0
 650:	2c0c0000 	stccs	0, cr0, [ip], {-0}
 654:	f0000000 			; <UNDEFINED> instruction: 0xf0000000
 658:	00960b00 	addseq	r0, r6, r0, lsl #22
 65c:	029b0000 	addseq	r0, fp, #0
 660:	2c0c0000 	stccs	0, cr0, [ip], {-0}
 664:	17000000 	strne	r0, [r0, -r0]
 668:	008a0b00 	addeq	r0, sl, r0, lsl #22
 66c:	02ac0000 	adceq	r0, ip, #0
 670:	2c0d0000 	stccs	0, cr0, [sp], {-0}
 674:	9c000000 	stcls	0, cr0, [r0], {-0}
 678:	960b0003 	strls	r0, [fp], -r3
 67c:	bc000000 	stclt	0, cr0, [r0], {-0}
 680:	0c000002 	stceq	0, cr0, [r0], {2}
 684:	0000002c 	andeq	r0, r0, ip, lsr #32
 688:	8a0b0005 	bhi	2c06a4 <C_STACK_SIZE+0x2bf6a4>
 68c:	cd000000 	stcgt	0, cr0, [r0, #-0]
 690:	0d000002 	stceq	0, cr0, [r0, #-8]
 694:	0000002c 	andeq	r0, r0, ip, lsr #32
 698:	0b0002e4 	bleq	1230 <C_STACK_SIZE+0x230>
 69c:	0000008a 	andeq	r0, r0, sl, lsl #1
 6a0:	000002dd 	ldrdeq	r0, [r0], -sp
 6a4:	00002c0c 	andeq	r2, r0, ip, lsl #24
 6a8:	0400f800 	streq	pc, [r0], #-2048	; 0xfffff800
 6ac:	000002ef 	andeq	r0, r0, pc, ror #5
 6b0:	46073e04 	strmi	r3, [r7], -r4, lsl #28
 6b4:	0e000002 	cdpeq	0, 0, cr0, cr0, cr2, {0}
 6b8:	000003b1 			; <UNDEFINED> instruction: 0x000003b1
 6bc:	d0280401 	eorle	r0, r8, r1, lsl #8
 6c0:	64700302 	ldrbtvs	r0, [r0], #-770	; 0xfffffcfe
 6c4:	01000000 	mrseq	r0, (UNDEF: 0)
 6c8:	00031e9c 	muleq	r3, ip, lr
 6cc:	02560f00 	subseq	r0, r6, #0, 30
 6d0:	06010000 	streq	r0, [r1], -r0
 6d4:	00032418 	andeq	r2, r3, r8, lsl r4
 6d8:	70910200 	addsvc	r0, r1, r0, lsl #4
 6dc:	00038a0f 	andeq	r8, r3, pc, lsl #20
 6e0:	18070100 	stmdane	r7, {r8}
 6e4:	0000032f 	andeq	r0, r0, pc, lsr #6
 6e8:	00749102 	rsbseq	r9, r4, r2, lsl #2
 6ec:	010c0410 	tsteq	ip, r0, lsl r4
 6f0:	1e110000 	cdpne	0, 1, cr0, cr1, cr0, {0}
 6f4:	10000003 	andne	r0, r0, r3
 6f8:	0002dd04 	andeq	sp, r2, r4, lsl #26
 6fc:	03291100 			; <UNDEFINED> instruction: 0x03291100
 700:	2e000000 	cdpcs	0, 0, cr0, cr0, cr0, {0}
 704:	04000001 	streq	r0, [r0], #-1
 708:	0002d600 	andeq	sp, r2, r0, lsl #12
 70c:	19010400 	stmdbne	r1, {sl}
 710:	0c000001 	stceq	0, cr0, [r0], {1}
 714:	000003db 	ldrdeq	r0, [r0], -fp
 718:	0000001b 	andeq	r0, r0, fp, lsl r0
 71c:	00000050 	andeq	r0, r0, r0, asr r0
 720:	00000000 	andeq	r0, r0, r0
 724:	000003e1 	andeq	r0, r0, r1, ror #7
 728:	65080102 	strvs	r0, [r8, #-258]	; 0xfffffefe
 72c:	02000002 	andeq	r0, r0, #2
 730:	02950702 	addseq	r0, r5, #524288	; 0x80000
 734:	04020000 	streq	r0, [r2], #-0
 738:	00028207 	andeq	r8, r2, r7, lsl #4
 73c:	07040200 	streq	r0, [r4, -r0, lsl #4]
 740:	0000027d 	andeq	r0, r0, sp, ror r2
 744:	67060102 	strvs	r0, [r6, -r2, lsl #2]
 748:	02000002 	andeq	r0, r0, #2
 74c:	01f70502 	mvnseq	r0, r2, lsl #10
 750:	04030000 	streq	r0, [r3], #-0
 754:	746e6905 	strbtvc	r6, [lr], #-2309	; 0xfffff6fb
 758:	02010400 	andeq	r0, r1, #0, 8
 75c:	2a020000 	bcs	80764 <C_STACK_SIZE+0x7f764>
 760:	00003316 	andeq	r3, r0, r6, lsl r3
 764:	05080200 	streq	r0, [r8, #-512]	; 0xfffffe00
 768:	00000248 	andeq	r0, r0, r8, asr #4
 76c:	78070802 	stmdavc	r7, {r1, fp}
 770:	02000002 	andeq	r0, r0, #2
 774:	024d0504 	subeq	r0, sp, #4, 10	; 0x1000000
 778:	01020000 	mrseq	r0, (UNDEF: 2)
 77c:	00026e08 	andeq	r6, r2, r8, lsl #28
 780:	02030400 	andeq	r0, r3, #0, 8
 784:	1a030000 	bne	c078c <C_STACK_SIZE+0xbf78c>
 788:	00005614 	andeq	r5, r0, r4, lsl r6
 78c:	041c0500 	ldreq	r0, [ip], #-1280	; 0xfffffb00
 790:	00ef1208 	rsceq	r1, pc, r8, lsl #4
 794:	ec060000 	stc	0, cr0, [r6], {-0}
 798:	04000001 	streq	r0, [r0], #-1
 79c:	007e0e09 	rsbseq	r0, lr, r9, lsl #28
 7a0:	06000000 	streq	r0, [r0], -r0
 7a4:	00000223 	andeq	r0, r0, r3, lsr #4
 7a8:	7e0e0a04 	vmlavc.f32	s0, s28, s8
 7ac:	04000000 	streq	r0, [r0], #-0
 7b0:	0002a806 	andeq	sl, r2, r6, lsl #16
 7b4:	0e0b0400 	cfcpyseq	mvf0, mvf11
 7b8:	0000007e 	andeq	r0, r0, lr, ror r0
 7bc:	02d00608 	sbcseq	r0, r0, #8, 12	; 0x800000
 7c0:	0c040000 	stceq	0, cr0, [r4], {-0}
 7c4:	00007e0e 	andeq	r7, r0, lr, lsl #28
 7c8:	0c060c00 	stceq	12, cr0, [r6], {-0}
 7cc:	04000002 	streq	r0, [r0], #-2
 7d0:	007e0e0d 	rsbseq	r0, lr, sp, lsl #28
 7d4:	06100000 	ldreq	r0, [r0], -r0
 7d8:	000002c6 	andeq	r0, r0, r6, asr #5
 7dc:	7e0e0e04 	cdpvc	14, 0, cr0, cr14, cr4, {0}
 7e0:	14000000 	strne	r0, [r0], #-0
 7e4:	0002b306 	andeq	fp, r2, r6, lsl #6
 7e8:	0e0f0400 	cfcpyseq	mvf0, mvf15
 7ec:	0000007e 	andeq	r0, r0, lr, ror r0
 7f0:	8a070018 	bhi	1c0858 <C_STACK_SIZE+0x1bf858>
 7f4:	04000000 	streq	r0, [r0], #-0
 7f8:	0000025c 	andeq	r0, r0, ip, asr r2
 7fc:	ef031004 	svc	0x00031004
 800:	08000000 	stmdaeq	r0, {}	; <UNPREDICTABLE>
 804:	000003ce 	andeq	r0, r0, lr, asr #7
 808:	34280901 	strtcc	r0, [r8], #-2305	; 0xfffff6ff
 80c:	4e700303 	cdpmi	3, 7, cr0, cr0, cr3, {0}
 810:	01000000 	mrseq	r0, (UNDEF: 0)
 814:	0001269c 	muleq	r1, ip, r6
 818:	02dd0900 	sbcseq	r0, sp, #0, 18
 81c:	0b010000 	bleq	40824 <C_STACK_SIZE+0x3f824>
 820:	00012c19 	andeq	r2, r1, r9, lsl ip
 824:	74910200 	ldrvc	r0, [r1], #512	; 0x200
 828:	f4040a00 	vst1.8	{d0-d1}, [r4], r0
 82c:	0b000000 	bleq	834 <_PUBLIC_SIZE_TEXT+0x4b2>
 830:	00000126 	andeq	r0, r0, r6, lsr #2
	...

Desensamblado de la sección .debug_abbrev:

00000000 <.debug_abbrev>:
   0:	10001101 	andne	r1, r0, r1, lsl #2
   4:	12011106 	andne	r1, r1, #-2147483647	; 0x80000001
   8:	1b0e0301 	blne	380c14 <C_STACK_SIZE+0x37fc14>
   c:	130e250e 	movwne	r2, #58638	; 0xe50e
  10:	00000005 	andeq	r0, r0, r5
  14:	10001101 	andne	r1, r0, r1, lsl #2
  18:	03065506 	movweq	r5, #25862	; 0x6506
  1c:	250e1b0e 	strcs	r1, [lr, #-2830]	; 0xfffff4f2
  20:	0005130e 	andeq	r1, r5, lr, lsl #6
  24:	11010000 	mrsne	r0, (UNDEF: 1)
  28:	11061000 	mrsne	r1, (UNDEF: 6)
  2c:	03011201 	movweq	r1, #4609	; 0x1201
  30:	250e1b0e 	strcs	r1, [lr, #-2830]	; 0xfffff4f2
  34:	0005130e 	andeq	r1, r5, lr, lsl #6
  38:	11010000 	mrsne	r0, (UNDEF: 1)
  3c:	11061000 	mrsne	r1, (UNDEF: 6)
  40:	03011201 	movweq	r1, #4609	; 0x1201
  44:	250e1b0e 	strcs	r1, [lr, #-2830]	; 0xfffff4f2
  48:	0005130e 	andeq	r1, r5, lr, lsl #6
  4c:	11010000 	mrsne	r0, (UNDEF: 1)
  50:	11061000 	mrsne	r1, (UNDEF: 6)
  54:	03011201 	movweq	r1, #4609	; 0x1201
  58:	250e1b0e 	strcs	r1, [lr, #-2830]	; 0xfffff4f2
  5c:	0005130e 	andeq	r1, r5, lr, lsl #6
  60:	11010000 	mrsne	r0, (UNDEF: 1)
  64:	130e2501 	movwne	r2, #58625	; 0xe501
  68:	1b0e030b 	blne	380c9c <C_STACK_SIZE+0x37fc9c>
  6c:	1117550e 	tstne	r7, lr, lsl #10
  70:	00171001 	andseq	r1, r7, r1
  74:	01010200 	mrseq	r0, R9_usr
  78:	13011349 	movwne	r1, #4937	; 0x1349
  7c:	21030000 	mrscs	r0, (UNDEF: 3)
  80:	04000000 	streq	r0, [r0], #-0
  84:	0b0b0024 	bleq	2c011c <C_STACK_SIZE+0x2bf11c>
  88:	0e030b3e 	vmoveq.16	d3[0], r0
  8c:	26050000 	strcs	r0, [r5], -r0
  90:	00134900 	andseq	r4, r3, r0, lsl #18
  94:	00340600 	eorseq	r0, r4, r0, lsl #12
  98:	0b3a0e03 	bleq	e838ac <C_STACK_SIZE+0xe828ac>
  9c:	0b390b3b 	bleq	e42d90 <C_STACK_SIZE+0xe41d90>
  a0:	193f1349 	ldmdbne	pc!, {r0, r3, r6, r8, r9, ip}	; <UNPREDICTABLE>
  a4:	0000193c 	andeq	r1, r0, ip, lsr r9
  a8:	3f012e07 	svccc	0x00012e07
  ac:	3a0e0319 	bcc	380d18 <C_STACK_SIZE+0x37fd18>
  b0:	390b3b0b 	stmdbcc	fp, {r0, r1, r3, r8, r9, fp, ip, sp}
  b4:	1119270b 	tstne	r9, fp, lsl #14
  b8:	40061201 	andmi	r1, r6, r1, lsl #4
  bc:	19429718 	stmdbne	r2, {r3, r4, r8, r9, sl, ip, pc}^
  c0:	00001301 	andeq	r1, r0, r1, lsl #6
  c4:	03000508 	movweq	r0, #1288	; 0x508
  c8:	3b0b3a0e 	blcc	2ce908 <C_STACK_SIZE+0x2cd908>
  cc:	490b390b 	stmdbmi	fp, {r0, r1, r3, r8, fp, ip, sp}
  d0:	00180213 	andseq	r0, r8, r3, lsl r2
  d4:	00340900 	eorseq	r0, r4, r0, lsl #18
  d8:	0b3a0e03 	bleq	e838ec <C_STACK_SIZE+0xe828ec>
  dc:	0b390b3b 	bleq	e42dd0 <C_STACK_SIZE+0xe41dd0>
  e0:	18021349 	stmdane	r2, {r0, r3, r6, r8, r9, ip}
  e4:	0f0a0000 	svceq	0x000a0000
  e8:	000b0b00 	andeq	r0, fp, r0, lsl #22
  ec:	000f0b00 	andeq	r0, pc, r0, lsl #22
  f0:	13490b0b 	movtne	r0, #39691	; 0x9b0b
  f4:	260c0000 	strcs	r0, [ip], -r0
  f8:	00000000 	andeq	r0, r0, r0
  fc:	25011101 	strcs	r1, [r1, #-257]	; 0xfffffeff
 100:	030b130e 	movweq	r1, #45838	; 0xb30e
 104:	550e1b0e 	strpl	r1, [lr, #-2830]	; 0xfffff4f2
 108:	10011117 	andne	r1, r1, r7, lsl r1
 10c:	02000017 	andeq	r0, r0, #23
 110:	0b0b0024 	bleq	2c01a8 <C_STACK_SIZE+0x2bf1a8>
 114:	08030b3e 	stmdaeq	r3, {r1, r2, r3, r4, r5, r8, r9, fp}
 118:	24030000 	strcs	r0, [r3], #-0
 11c:	3e0b0b00 	vmlacc.f64	d0, d11, d0
 120:	000e030b 	andeq	r0, lr, fp, lsl #6
 124:	00160400 	andseq	r0, r6, r0, lsl #8
 128:	0b3a0e03 	bleq	e8393c <C_STACK_SIZE+0xe8293c>
 12c:	0b390b3b 	bleq	e42e20 <C_STACK_SIZE+0xe41e20>
 130:	00001349 	andeq	r1, r0, r9, asr #6
 134:	0b011305 	bleq	44d50 <C_STACK_SIZE+0x43d50>
 138:	3b0b3a0b 	blcc	2ce96c <C_STACK_SIZE+0x2cd96c>
 13c:	010b390b 	tsteq	fp, fp, lsl #18
 140:	06000013 			; <UNDEFINED> instruction: 0x06000013
 144:	0e03000d 	cdpeq	0, 0, cr0, cr3, cr13, {0}
 148:	0b3b0b3a 	bleq	ec2e38 <C_STACK_SIZE+0xec1e38>
 14c:	13490b39 	movtne	r0, #39737	; 0x9b39
 150:	00000b38 	andeq	r0, r0, r8, lsr fp
 154:	03000d07 	movweq	r0, #3335	; 0xd07
 158:	3b0b3a08 	blcc	2ce980 <C_STACK_SIZE+0x2cd980>
 15c:	490b390b 	stmdbmi	fp, {r0, r1, r3, r8, fp, ip, sp}
 160:	000b3813 	andeq	r3, fp, r3, lsl r8
 164:	00350800 	eorseq	r0, r5, r0, lsl #16
 168:	00001349 	andeq	r1, r0, r9, asr #6
 16c:	03011309 	movweq	r1, #4873	; 0x1309
 170:	3a0b0b0e 	bcc	2c2db0 <C_STACK_SIZE+0x2c1db0>
 174:	390b3b0b 	stmdbcc	fp, {r0, r1, r3, r8, r9, fp, ip, sp}
 178:	0013010b 	andseq	r0, r3, fp, lsl #2
 17c:	01010a00 	tsteq	r1, r0, lsl #20
 180:	13011349 	movwne	r1, #4937	; 0x1349
 184:	210b0000 	mrscs	r0, (UNDEF: 11)
 188:	2f134900 	svccs	0x00134900
 18c:	0c00000b 	stceq	0, cr0, [r0], {11}
 190:	193f012e 	ldmdbne	pc!, {r1, r2, r3, r5, r8}	; <UNPREDICTABLE>
 194:	0b3a0e03 	bleq	e839a8 <C_STACK_SIZE+0xe829a8>
 198:	0b390b3b 	bleq	e42e8c <C_STACK_SIZE+0xe41e8c>
 19c:	01111927 	tsteq	r1, r7, lsr #18
 1a0:	18400612 	stmdane	r0, {r1, r4, r9, sl}^
 1a4:	01194297 			; <UNDEFINED> instruction: 0x01194297
 1a8:	0d000013 	stceq	0, cr0, [r0, #-76]	; 0xffffffb4
 1ac:	08030005 	stmdaeq	r3, {r0, r2}
 1b0:	0b3b0b3a 	bleq	ec2ea0 <C_STACK_SIZE+0xec1ea0>
 1b4:	13490b39 	movtne	r0, #39737	; 0x9b39
 1b8:	00001802 	andeq	r1, r0, r2, lsl #16
 1bc:	0300340e 	movweq	r3, #1038	; 0x40e
 1c0:	3b0b3a0e 	blcc	2cea00 <C_STACK_SIZE+0x2cda00>
 1c4:	490b390b 	stmdbmi	fp, {r0, r1, r3, r8, fp, ip, sp}
 1c8:	00180213 	andseq	r0, r8, r3, lsl r2
 1cc:	00340f00 	eorseq	r0, r4, r0, lsl #30
 1d0:	0b3a0803 	bleq	e821e4 <C_STACK_SIZE+0xe811e4>
 1d4:	0b390b3b 	bleq	e42ec8 <C_STACK_SIZE+0xe41ec8>
 1d8:	18021349 	stmdane	r2, {r0, r3, r6, r8, r9, ip}
 1dc:	0f100000 	svceq	0x00100000
 1e0:	490b0b00 	stmdbmi	fp, {r8, r9, fp}
 1e4:	11000013 	tstne	r0, r3, lsl r0
 1e8:	13490026 	movtne	r0, #36902	; 0x9026
 1ec:	01000000 	mrseq	r0, (UNDEF: 0)
 1f0:	0e250111 	mcreq	1, 1, r0, cr5, cr1, {0}
 1f4:	0e030b13 	vmoveq.32	d3[0], r0
 1f8:	17550e1b 	smmlane	r5, fp, lr, r0
 1fc:	17100111 			; <UNDEFINED> instruction: 0x17100111
 200:	24020000 	strcs	r0, [r2], #-0
 204:	3e0b0b00 	vmlacc.f64	d0, d11, d0
 208:	0008030b 	andeq	r0, r8, fp, lsl #6
 20c:	00240300 	eoreq	r0, r4, r0, lsl #6
 210:	0b3e0b0b 	bleq	f82e44 <C_STACK_SIZE+0xf81e44>
 214:	00000e03 	andeq	r0, r0, r3, lsl #28
 218:	03001604 	movweq	r1, #1540	; 0x604
 21c:	3b0b3a0e 	blcc	2cea5c <C_STACK_SIZE+0x2cda5c>
 220:	490b390b 	stmdbmi	fp, {r0, r1, r3, r8, fp, ip, sp}
 224:	05000013 	streq	r0, [r0, #-19]	; 0xffffffed
 228:	0b0b0113 	bleq	2c067c <C_STACK_SIZE+0x2bf67c>
 22c:	0b3b0b3a 	bleq	ec2f1c <C_STACK_SIZE+0xec1f1c>
 230:	13010b39 	movwne	r0, #6969	; 0x1b39
 234:	0d060000 	stceq	0, cr0, [r6, #-0]
 238:	3a0e0300 	bcc	380e40 <C_STACK_SIZE+0x37fe40>
 23c:	390b3b0b 	stmdbcc	fp, {r0, r1, r3, r8, r9, fp, ip, sp}
 240:	3813490b 	ldmdacc	r3, {r0, r1, r3, r8, fp, lr}
 244:	0700000b 	streq	r0, [r0, -fp]
 248:	0803000d 	stmdaeq	r3, {r0, r2, r3}
 24c:	0b3b0b3a 	bleq	ec2f3c <C_STACK_SIZE+0xec1f3c>
 250:	13490b39 	movtne	r0, #39737	; 0x9b39
 254:	00000b38 	andeq	r0, r0, r8, lsr fp
 258:	49003508 	stmdbmi	r0, {r3, r8, sl, ip, sp}
 25c:	09000013 	stmdbeq	r0, {r0, r1, r4}
 260:	050b0113 	streq	r0, [fp, #-275]	; 0xfffffeed
 264:	0b3b0b3a 	bleq	ec2f54 <C_STACK_SIZE+0xec1f54>
 268:	13010b39 	movwne	r0, #6969	; 0x1b39
 26c:	0d0a0000 	stceq	0, cr0, [sl, #-0]
 270:	3a0e0300 	bcc	380e78 <C_STACK_SIZE+0x37fe78>
 274:	390b3b0b 	stmdbcc	fp, {r0, r1, r3, r8, r9, fp, ip, sp}
 278:	3813490b 	ldmdacc	r3, {r0, r1, r3, r8, fp, lr}
 27c:	0b000005 	bleq	298 <_PUB_RAM_IRQ_STACK_SIZE+0x198>
 280:	13490101 	movtne	r0, #37121	; 0x9101
 284:	00001301 	andeq	r1, r0, r1, lsl #6
 288:	4900210c 	stmdbmi	r0, {r2, r3, r8, sp}
 28c:	000b2f13 	andeq	r2, fp, r3, lsl pc
 290:	00210d00 	eoreq	r0, r1, r0, lsl #26
 294:	052f1349 	streq	r1, [pc, #-841]!	; ffffff53 <__bss_end__+0x8ffcfbb3>
 298:	2e0e0000 	cdpcs	0, 0, cr0, cr14, cr0, {0}
 29c:	03193f01 	tsteq	r9, #1, 30
 2a0:	3b0b3a0e 	blcc	2ceae0 <C_STACK_SIZE+0x2cdae0>
 2a4:	110b390b 	tstne	fp, fp, lsl #18
 2a8:	40061201 	andmi	r1, r6, r1, lsl #4
 2ac:	19429718 	stmdbne	r2, {r3, r4, r8, r9, sl, ip, pc}^
 2b0:	00001301 	andeq	r1, r0, r1, lsl #6
 2b4:	0300340f 	movweq	r3, #1039	; 0x40f
 2b8:	3b0b3a0e 	blcc	2ceaf8 <C_STACK_SIZE+0x2cdaf8>
 2bc:	490b390b 	stmdbmi	fp, {r0, r1, r3, r8, fp, ip, sp}
 2c0:	00180213 	andseq	r0, r8, r3, lsl r2
 2c4:	000f1000 	andeq	r1, pc, r0
 2c8:	13490b0b 	movtne	r0, #39691	; 0x9b0b
 2cc:	26110000 	ldrcs	r0, [r1], -r0
 2d0:	00134900 	andseq	r4, r3, r0, lsl #18
 2d4:	11010000 	mrsne	r0, (UNDEF: 1)
 2d8:	130e2501 	movwne	r2, #58625	; 0xe501
 2dc:	1b0e030b 	blne	380f10 <C_STACK_SIZE+0x37ff10>
 2e0:	1117550e 	tstne	r7, lr, lsl #10
 2e4:	00171001 	andseq	r1, r7, r1
 2e8:	00240200 	eoreq	r0, r4, r0, lsl #4
 2ec:	0b3e0b0b 	bleq	f82f20 <C_STACK_SIZE+0xf81f20>
 2f0:	00000e03 	andeq	r0, r0, r3, lsl #28
 2f4:	0b002403 	bleq	9308 <C_STACK_SIZE+0x8308>
 2f8:	030b3e0b 	movweq	r3, #48651	; 0xbe0b
 2fc:	04000008 	streq	r0, [r0], #-8
 300:	0e030016 	mcreq	0, 0, r0, cr3, cr6, {0}
 304:	0b3b0b3a 	bleq	ec2ff4 <C_STACK_SIZE+0xec1ff4>
 308:	13490b39 	movtne	r0, #39737	; 0x9b39
 30c:	13050000 	movwne	r0, #20480	; 0x5000
 310:	3a0b0b01 	bcc	2c2f1c <C_STACK_SIZE+0x2c1f1c>
 314:	390b3b0b 	stmdbcc	fp, {r0, r1, r3, r8, r9, fp, ip, sp}
 318:	0013010b 	andseq	r0, r3, fp, lsl #2
 31c:	000d0600 	andeq	r0, sp, r0, lsl #12
 320:	0b3a0e03 	bleq	e83b34 <C_STACK_SIZE+0xe82b34>
 324:	0b390b3b 	bleq	e43018 <C_STACK_SIZE+0xe42018>
 328:	0b381349 	bleq	e05054 <C_STACK_SIZE+0xe04054>
 32c:	35070000 	strcc	r0, [r7, #-0]
 330:	00134900 	andseq	r4, r3, r0, lsl #18
 334:	012e0800 			; <UNDEFINED> instruction: 0x012e0800
 338:	0e03193f 			; <UNDEFINED> instruction: 0x0e03193f
 33c:	0b3b0b3a 	bleq	ec302c <C_STACK_SIZE+0xec202c>
 340:	01110b39 	tsteq	r1, r9, lsr fp
 344:	18400612 	stmdane	r0, {r1, r4, r9, sl}^
 348:	01194297 			; <UNDEFINED> instruction: 0x01194297
 34c:	09000013 	stmdbeq	r0, {r0, r1, r4}
 350:	0e030034 	mcreq	0, 0, r0, cr3, cr4, {1}
 354:	0b3b0b3a 	bleq	ec3044 <C_STACK_SIZE+0xec2044>
 358:	13490b39 	movtne	r0, #39737	; 0x9b39
 35c:	00001802 	andeq	r1, r0, r2, lsl #16
 360:	0b000f0a 	bleq	3f90 <C_STACK_SIZE+0x2f90>
 364:	0013490b 	andseq	r4, r3, fp, lsl #18
 368:	00260b00 	eoreq	r0, r6, r0, lsl #22
 36c:	00001349 	andeq	r1, r0, r9, asr #6
	...

Desensamblado de la sección .debug_aranges:

00000000 <.debug_aranges>:
   0:	0000001c 	andeq	r0, r0, ip, lsl r0
   4:	00000002 	andeq	r0, r0, r2
   8:	00040000 	andeq	r0, r4, r0
   c:	00000000 	andeq	r0, r0, r0
  10:	70030000 	andvc	r0, r3, r0
  14:	000000c4 	andeq	r0, r0, r4, asr #1
	...
  20:	00000024 	andeq	r0, r0, r4, lsr #32
  24:	00260002 	eoreq	r0, r6, r2
  28:	00040000 	andeq	r0, r4, r0
  2c:	00000000 	andeq	r0, r0, r0
  30:	70010018 	andvc	r0, r1, r8, lsl r0
  34:	00000044 	andeq	r0, r0, r4, asr #32
  38:	700300c4 	andvc	r0, r3, r4, asr #1
  3c:	00000040 	andeq	r0, r0, r0, asr #32
	...
  48:	0000001c 	andeq	r0, r0, ip, lsl r0
  4c:	00480002 	subeq	r0, r8, r2
  50:	00040000 	andeq	r0, r4, r0
  54:	00000000 	andeq	r0, r0, r0
  58:	70030104 	andvc	r0, r3, r4, lsl #2
  5c:	0000007c 	andeq	r0, r0, ip, ror r0
	...
  68:	0000001c 	andeq	r0, r0, ip, lsl r0
  6c:	006e0002 	rsbeq	r0, lr, r2
  70:	00040000 	andeq	r0, r4, r0
  74:	00000000 	andeq	r0, r0, r0
  78:	70030180 	andvc	r0, r3, r0, lsl #3
  7c:	00000110 	andeq	r0, r0, r0, lsl r1
	...
  88:	0000001c 	andeq	r0, r0, ip, lsl r0
  8c:	00940002 	addseq	r0, r4, r2
  90:	00040000 	andeq	r0, r4, r0
  94:	00000000 	andeq	r0, r0, r0
  98:	70010000 	andvc	r0, r1, r0
  9c:	00000018 	andeq	r0, r0, r8, lsl r0
	...
  a8:	0000001c 	andeq	r0, r0, ip, lsl r0
  ac:	00ba0002 	adcseq	r0, sl, r2
  b0:	00040000 	andeq	r0, r4, r0
  b4:	00000000 	andeq	r0, r0, r0
  b8:	7001005c 	andvc	r0, r1, ip, asr r0
  bc:	00000040 	andeq	r0, r0, r0, asr #32
	...
  c8:	0000001c 	andeq	r0, r0, ip, lsl r0
  cc:	01810002 	orreq	r0, r1, r2
  d0:	00040000 	andeq	r0, r4, r0
  d4:	00000000 	andeq	r0, r0, r0
  d8:	70030290 	mulvc	r3, r0, r2
  dc:	00000040 	andeq	r0, r0, r0, asr #32
	...
  e8:	0000001c 	andeq	r0, r0, ip, lsl r0
  ec:	03ce0002 	biceq	r0, lr, #2
  f0:	00040000 	andeq	r0, r4, r0
  f4:	00000000 	andeq	r0, r0, r0
  f8:	700302d0 	ldrdvc	r0, [r3], -r0	; <UNPREDICTABLE>
  fc:	00000064 	andeq	r0, r0, r4, rrx
	...
 108:	0000001c 	andeq	r0, r0, ip, lsl r0
 10c:	07030002 	streq	r0, [r3, -r2]
 110:	00040000 	andeq	r0, r4, r0
 114:	00000000 	andeq	r0, r0, r0
 118:	70030334 	andvc	r0, r3, r4, lsr r3
 11c:	0000004e 	andeq	r0, r0, lr, asr #32
	...

Desensamblado de la sección .debug_str:

00000000 <.debug_str>:
   0:	2f637273 	svccs	0x00637273
   4:	5f776f6c 	svcpl	0x00776f6c
   8:	6576656c 	ldrbvs	r6, [r6, #-1388]!	; 0xfffffa94
   c:	70635f6c 	rsbvc	r5, r3, ip, ror #30
  10:	63615f75 	cmnvs	r1, #468	; 0x1d4
  14:	73736563 	cmnvc	r3, #415236096	; 0x18c00000
  18:	2f00732e 	svccs	0x0000732e
  1c:	656d6f68 	strbvs	r6, [sp, #-3944]!	; 0xfffff098
  20:	6261672f 	rsbvs	r6, r1, #12320768	; 0xbc0000
  24:	6c656972 			; <UNDEFINED> instruction: 0x6c656972
  28:	73697263 	cmnvc	r9, #805306374	; 0x30000006
  2c:	6f696661 	svcvs	0x00696661
  30:	6373452f 	cmnvs	r3, #197132288	; 0xbc00000
  34:	6f746972 	svcvs	0x00746972
  38:	2f6f6972 	svccs	0x006f6972
  3c:	2d334454 	cfldrscs	mvf4, [r3, #-336]!	; 0xfffffeb0
  40:	33323032 	teqcc	r2, #50	; 0x32
  44:	6e694c2d 	cdpvs	12, 6, cr4, cr9, cr13, {1}
  48:	472f7875 			; <UNDEFINED> instruction: 0x472f7875
  4c:	722f5449 	eorvc	r5, pc, #1224736768	; 0x49000000
  50:	6c6f7065 	stclvs	0, cr7, [pc], #-404	; fffffec4 <__bss_end__+0x8ffcfb24>
  54:	6c61636f 	stclvs	3, cr6, [r1], #-444	; 0xfffffe44
  58:	3035722f 	eorscc	r7, r5, pc, lsr #4
  5c:	432d3135 			; <UNDEFINED> instruction: 0x432d3135
  60:	41534952 	cmpmi	r3, r2, asr r9
  64:	2d4f4946 	vstrcs.16	s9, [pc, #-140]	; ffffffe0 <__bss_end__+0x8ffcfc40>	; <UNPREDICTABLE>
  68:	52424147 	subpl	r4, r2, #-1073741807	; 0xc0000011
  6c:	2f4c4549 	svccs	0x004c4549
  70:	635f3130 	cmpvs	pc, #48, 2
  74:	2f746175 	svccs	0x00746175
  78:	5f325054 	svcpl	0x00325054
  7c:	65746e49 	ldrbvs	r6, [r4, #-3657]!	; 0xfffff1b7
  80:	70757272 	rsbsvc	r7, r5, r2, ror r2
  84:	6e6f6963 	vnmulvs.f16	s13, s30, s7	; <UNPREDICTABLE>
  88:	425f7365 	subsmi	r7, pc, #-1811939327	; 0x94000001
  8c:	63697361 	cmnvs	r9, #-2080374783	; 0x84000001
  90:	535f7361 	cmppl	pc, #-2080374783	; 0x84000001
  94:	542f4957 	strtpl	r4, [pc], #-2391	; 9c <_PUBLIC_SIZE_INICIO>
  98:	765f3350 			; <UNDEFINED> instruction: 0x765f3350
  9c:	4e470033 	mcrmi	0, 2, r0, cr7, cr3, {1}
  a0:	53412055 	movtpl	r2, #4181	; 0x1055
  a4:	332e3220 			; <UNDEFINED> instruction: 0x332e3220
  a8:	72730034 	rsbsvc	r0, r3, #52	; 0x34
  ac:	64742f63 	ldrbtvs	r2, [r4], #-3939	; 0xfffff09d
  b0:	656d5f33 	strbvs	r5, [sp, #-3891]!	; 0xfffff0cd
  b4:	706f636d 	rsbvc	r6, pc, sp, ror #6
  b8:	00732e79 	rsbseq	r2, r3, r9, ror lr
  bc:	2f637273 	svccs	0x00637273
  c0:	65637865 	strbvs	r7, [r3, #-2149]!	; 0xfffff79b
  c4:	6f697470 	svcvs	0x00697470
  c8:	61685f6e 	cmnvs	r8, lr, ror #30
  cc:	656c646e 	strbvs	r6, [ip, #-1134]!	; 0xfffffb92
  d0:	732e7372 			; <UNDEFINED> instruction: 0x732e7372
  d4:	63727300 	cmnvs	r2, #0, 6
  d8:	6174732f 	cmnvs	r4, pc, lsr #6
  dc:	70757472 	rsbsvc	r7, r5, r2, ror r4
  e0:	7300732e 	movwvc	r7, #814	; 0x32e
  e4:	722f6372 	eorvc	r6, pc, #-939524095	; 0xc8000001
  e8:	74657365 	strbtvc	r7, [r5], #-869	; 0xfffffc9b
  ec:	6365765f 	cmnvs	r5, #99614720	; 0x5f00000
  f0:	2e726f74 	mrccs	15, 3, r6, cr2, cr4, {3}
  f4:	73700073 	cmnvc	r0, #115	; 0x73
  f8:	7365447a 	cmnvc	r5, #2046820352	; 0x7a000000
  fc:	64740074 	ldrbtvs	r0, [r4], #-116	; 0xffffff8c
 100:	656d5f33 	strbvs	r5, [sp, #-3891]!	; 0xfffff0cd
 104:	706f636d 	rsbvc	r6, pc, sp, ror #6
 108:	65640079 	strbvs	r0, [r4, #-121]!	; 0xffffff87
 10c:	6e697473 	mcrvs	4, 3, r7, cr9, cr3, {3}
 110:	726f006f 	rsbvc	r0, pc, #111	; 0x6f
 114:	6e656769 	cdpvs	7, 6, cr6, cr5, cr9, {3}
 118:	554e4700 	strbpl	r4, [lr, #-1792]	; 0xfffff900
 11c:	39394320 	ldmdbcc	r9!, {r5, r8, r9, lr}
 120:	342e3920 	strtcc	r3, [lr], #-2336	; 0xfffff6e0
 124:	2d20302e 	stccs	0, cr3, [r0, #-184]!	; 0xffffff48
 128:	7570636d 	ldrbvc	r6, [r0, #-877]!	; 0xfffffc93
 12c:	726f633d 	rsbvc	r6, pc, #-201326592	; 0xf4000000
 130:	2d786574 	cfldr64cs	mvdx6, [r8, #-464]!	; 0xfffffe30
 134:	2d203861 	stccs	8, cr3, [r0, #-388]!	; 0xfffffe7c
 138:	6f6c666d 	svcvs	0x006c666d
 13c:	612d7461 			; <UNDEFINED> instruction: 0x612d7461
 140:	683d6962 	ldmdavs	sp!, {r1, r5, r6, r8, fp, sp, lr}
 144:	20647261 	rsbcs	r7, r4, r1, ror #4
 148:	70666d2d 	rsbvc	r6, r6, sp, lsr #26
 14c:	66763d75 			; <UNDEFINED> instruction: 0x66763d75
 150:	2d337670 	ldccs	6, cr7, [r3, #-448]!	; 0xfffffe40
 154:	20363164 	eorscs	r3, r6, r4, ror #2
 158:	68746d2d 	ldmdavs	r4!, {r0, r2, r3, r5, r8, sl, fp, sp, lr}^
 15c:	20626d75 	rsbcs	r6, r2, r5, ror sp
 160:	6c746d2d 	ldclvs	13, cr6, [r4], #-180	; 0xffffff4c
 164:	69642d73 	stmdbvs	r4!, {r0, r1, r4, r5, r6, r8, sl, fp, sp}^
 168:	63656c61 	cmnvs	r5, #24832	; 0x6100
 16c:	6e673d74 	mcrvs	13, 3, r3, cr7, cr4, {3}
 170:	6d2d2075 	stcvs	0, cr2, [sp, #-468]!	; 0xfffffe2c
 174:	68637261 	stmdavs	r3!, {r0, r5, r6, r9, ip, sp, lr}^
 178:	6d72613d 	ldfvse	f6, [r2, #-244]!	; 0xffffff0c
 17c:	612d3776 			; <UNDEFINED> instruction: 0x612d3776
 180:	6365732b 	cmnvs	r5, #-1409286144	; 0xac000000
 184:	2070662b 	rsbscs	r6, r0, fp, lsr #12
 188:	2d20672d 	stccs	7, cr6, [r0, #-180]!	; 0xffffff4c
 18c:	2d20304f 	stccs	0, cr3, [r0, #-316]!	; 0xfffffec4
 190:	3d647473 	cfstrdcc	mvd7, [r4, #-460]!	; 0xfffffe34
 194:	39756e67 	ldmdbcc	r5!, {r0, r1, r2, r5, r6, r9, sl, fp, sp, lr}^
 198:	662d2039 			; <UNDEFINED> instruction: 0x662d2039
 19c:	63617473 	cmnvs	r1, #1929379840	; 0x73000000
 1a0:	72702d6b 	rsbsvc	r2, r0, #6848	; 0x1ac0
 1a4:	6365746f 	cmnvs	r5, #1862270976	; 0x6f000000
 1a8:	2d726f74 	ldclcs	15, cr6, [r2, #-464]!	; 0xfffffe30
 1ac:	6f727473 	svcvs	0x00727473
 1b0:	6e00676e 	cdpvs	7, 0, cr6, cr0, cr14, {3}
 1b4:	625f6d75 	subsvs	r6, pc, #7488	; 0x1d40
 1b8:	73657479 	cmnvc	r5, #2030043136	; 0x79000000
 1bc:	7a737000 	bvc	1cdc1c4 <C_STACK_SIZE+0x1cdb1c4>
 1c0:	72756f53 	rsbsvc	r6, r5, #332	; 0x14c
 1c4:	6d006563 	cfstr32vs	mvfx6, [r0, #-396]	; 0xfffffe74
 1c8:	61736e65 	cmnvs	r3, r5, ror #28
 1cc:	7300656a 	movwvc	r6, #1386	; 0x56a
 1d0:	742f6372 	strtvc	r6, [pc], #-882	; 1d8 <_PUB_RAM_IRQ_STACK_SIZE+0xd8>
 1d4:	632e3364 			; <UNDEFINED> instruction: 0x632e3364
 1d8:	72656b00 	rsbvc	r6, r5, #0, 22
 1dc:	5f6c656e 	svcpl	0x006c656e
 1e0:	646e6168 	strbtvs	r6, [lr], #-360	; 0xfffffe98
 1e4:	5f72656c 	svcpl	0x0072656c
 1e8:	00717269 	rsbseq	r7, r1, r9, ror #4
 1ec:	656d6954 	strbvs	r6, [sp, #-2388]!	; 0xfffff6ac
 1f0:	6f4c3172 	svcvs	0x004c3172
 1f4:	73006461 	movwvc	r6, #1121	; 0x461
 1f8:	74726f68 	ldrbtvc	r6, [r2], #-3944	; 0xfffff098
 1fc:	746e6920 	strbtvc	r6, [lr], #-2336	; 0xfffff6e0
 200:	755f5f00 	ldrbvc	r5, [pc, #-3840]	; fffff308 <__bss_end__+0x8ffcef68>
 204:	33746e69 	cmncc	r4, #1680	; 0x690
 208:	00745f32 	rsbseq	r5, r4, r2, lsr pc
 20c:	656d6954 	strbvs	r6, [sp, #-2388]!	; 0xfffff6ac
 210:	49523172 	ldmdbmi	r2, {r1, r4, r5, r6, r8, ip, sp}^
 214:	675f0053 			; <UNDEFINED> instruction: 0x675f0053
 218:	5f636369 	svcpl	0x00636369
 21c:	4f450074 	svcmi	0x00450074
 220:	54005249 	strpl	r5, [r0], #-585	; 0xfffffdb7
 224:	72656d69 	rsbvc	r6, r5, #6720	; 0x1a40
 228:	6c615631 	stclvs	6, cr5, [r1], #-196	; 0xffffff3c
 22c:	73006575 	movwvc	r6, #1397	; 0x575
 230:	652f6372 	strvs	r6, [pc, #-882]!	; fffffec6 <__bss_end__+0x8ffcfb26>
 234:	70656378 	rsbvc	r6, r5, r8, ror r3
 238:	6e6f6974 			; <UNDEFINED> instruction: 0x6e6f6974
 23c:	6e61685f 	mcrvs	8, 3, r6, cr1, cr15, {2}
 240:	72656c64 	rsbvc	r6, r5, #100, 24	; 0x6400
 244:	00632e73 	rsbeq	r2, r3, r3, ror lr
 248:	676e6f6c 	strbvs	r6, [lr, -ip, ror #30]!
 24c:	6e6f6c20 	cdpvs	12, 6, cr6, cr15, cr0, {1}
 250:	6e692067 	cdpvs	0, 6, cr2, cr9, cr7, {3}
 254:	49470074 	stmdbmi	r7, {r2, r4, r5, r6}^
 258:	00304343 	eorseq	r4, r0, r3, asr #6
 25c:	6d69745f 	cfstrdvs	mvd7, [r9, #-380]!	; 0xfffffe84
 260:	745f7265 	ldrbvc	r7, [pc], #-613	; 268 <_PUB_RAM_IRQ_STACK_SIZE+0x168>
 264:	736e7500 	cmnvc	lr, #0, 10
 268:	656e6769 	strbvs	r6, [lr, #-1897]!	; 0xfffff897
 26c:	68632064 	stmdavs	r3!, {r2, r5, r6, sp}^
 270:	63007261 	movwvs	r7, #609	; 0x261
 274:	00727370 	rsbseq	r7, r2, r0, ror r3
 278:	676e6f6c 	strbvs	r6, [lr, -ip, ror #30]!
 27c:	6e6f6c20 	cdpvs	12, 6, cr6, cr15, cr0, {1}
 280:	6e752067 	cdpvs	0, 7, cr2, cr5, cr7, {3}
 284:	6e676973 			; <UNDEFINED> instruction: 0x6e676973
 288:	69206465 	stmdbvs	r0!, {r0, r2, r5, r6, sl, sp, lr}
 28c:	4800746e 	stmdami	r0, {r1, r2, r3, r5, r6, sl, ip, sp, lr}
 290:	52495050 	subpl	r5, r9, #80	; 0x50
 294:	6f687300 	svcvs	0x00687300
 298:	75207472 	strvc	r7, [r0, #-1138]!	; 0xfffffb8e
 29c:	6769736e 	strbvs	r7, [r9, -lr, ror #6]!
 2a0:	2064656e 	rsbcs	r6, r4, lr, ror #10
 2a4:	00746e69 	rsbseq	r6, r4, r9, ror #28
 2a8:	656d6954 	strbvs	r6, [sp, #-2388]!	; 0xfffff6ac
 2ac:	74433172 	strbvc	r3, [r3], #-370	; 0xfffffe8e
 2b0:	54006c72 	strpl	r6, [r0], #-3186	; 0xfffff38e
 2b4:	72656d69 	rsbvc	r6, r5, #6720	; 0x1a40
 2b8:	4c674231 	sfmmi	f4, 2, [r7], #-196	; 0xffffff3c
 2bc:	0064616f 	rsbeq	r6, r4, pc, ror #2
 2c0:	5f787463 	svcpl	0x00787463
 2c4:	69540074 	ldmdbvs	r4, {r2, r4, r5, r6}^
 2c8:	3172656d 	cmncc	r2, sp, ror #10
 2cc:	0053494d 	subseq	r4, r3, sp, asr #18
 2d0:	656d6954 	strbvs	r6, [sp, #-2388]!	; 0xfffff6ac
 2d4:	6e493172 	mcrvs	1, 2, r3, cr9, cr2, {3}
 2d8:	726c4374 	rsbvc	r4, ip, #116, 6	; 0xd0000001
 2dc:	4d495400 	cfstrdmi	mvd5, [r9, #-0]
 2e0:	00305245 	eorseq	r5, r0, r5, asr #4
 2e4:	524c5443 	subpl	r5, ip, #1124073472	; 0x43000000
 2e8:	50595400 	subspl	r5, r9, r0, lsl #8
 2ec:	5f005245 	svcpl	0x00005245
 2f0:	64636967 	strbtvs	r6, [r3], #-2407	; 0xfffff699
 2f4:	4900745f 	stmdbmi	r0, {r0, r1, r2, r3, r4, r6, sl, ip, sp, lr}
 2f8:	52474643 	subpl	r4, r7, #70254592	; 0x4300000
 2fc:	52504900 	subspl	r4, r0, #0, 18
 300:	49524f49 	ldmdbmi	r2, {r0, r3, r6, r8, r9, sl, fp, lr}^
 304:	00525954 	subseq	r5, r2, r4, asr r9
 308:	43415349 	movtmi	r5, #4937	; 0x1349
 30c:	45564954 	ldrbmi	r4, [r6, #-2388]	; 0xfffff6ac
 310:	43490052 	movtmi	r0, #36946	; 0x9052
 314:	42414e45 	submi	r4, r1, #1104	; 0x450
 318:	0052454c 	subseq	r4, r2, ip, asr #10
 31c:	2f637273 	svccs	0x00637273
 320:	2e636967 	vnmulcs.f16	s13, s6, s15	; <UNPREDICTABLE>
 324:	65720063 	ldrbvs	r0, [r2, #-99]!	; 0xffffff9d
 328:	76726573 			; <UNDEFINED> instruction: 0x76726573
 32c:	00306465 	eorseq	r6, r0, r5, ror #8
 330:	65736572 	ldrbvs	r6, [r3, #-1394]!	; 0xfffffa8e
 334:	64657672 	strbtvs	r7, [r5], #-1650	; 0xfffff98e
 338:	65720031 	ldrbvs	r0, [r2, #-49]!	; 0xffffffcf
 33c:	76726573 			; <UNDEFINED> instruction: 0x76726573
 340:	00326465 	eorseq	r6, r2, r5, ror #8
 344:	65736572 	ldrbvs	r6, [r3, #-1394]!	; 0xfffffa8e
 348:	64657672 	strbtvs	r7, [r5], #-1650	; 0xfffff98e
 34c:	65720033 	ldrbvs	r0, [r2, #-51]!	; 0xffffffcd
 350:	76726573 			; <UNDEFINED> instruction: 0x76726573
 354:	00346465 	eorseq	r6, r4, r5, ror #8
 358:	65736572 	ldrbvs	r6, [r3, #-1394]!	; 0xfffffa8e
 35c:	64657672 	strbtvs	r7, [r5], #-1650	; 0xfffff98e
 360:	65720035 	ldrbvs	r0, [r2, #-53]!	; 0xffffffcb
 364:	76726573 			; <UNDEFINED> instruction: 0x76726573
 368:	00366465 	eorseq	r6, r6, r5, ror #8
 36c:	65736572 	ldrbvs	r6, [r3, #-1394]!	; 0xfffffa8e
 370:	64657672 	strbtvs	r7, [r5], #-1650	; 0xfffff98e
 374:	5f5f0037 	svcpl	0x005f0037
 378:	746e6975 	strbtvc	r6, [lr], #-2421	; 0xfffff68b
 37c:	00745f38 	rsbseq	r5, r4, r8, lsr pc
 380:	65736572 	ldrbvs	r6, [r3, #-1394]!	; 0xfffffa8e
 384:	64657672 	strbtvs	r7, [r5], #-1650	; 0xfffff98e
 388:	49470039 	stmdbmi	r7, {r0, r3, r4, r5}^
 38c:	00304443 	eorseq	r4, r0, r3, asr #8
 390:	4e455349 	cdpmi	3, 4, cr5, cr5, cr9, {2}
 394:	454c4241 	strbmi	r4, [ip, #-577]	; 0xfffffdbf
 398:	65720052 	ldrbvs	r0, [r2, #-82]!	; 0xffffffae
 39c:	76726573 			; <UNDEFINED> instruction: 0x76726573
 3a0:	00386465 	eorseq	r6, r8, r5, ror #8
 3a4:	45504349 	ldrbmi	r4, [r0, #-841]	; 0xfffffcb7
 3a8:	0052444e 	subseq	r4, r2, lr, asr #8
 3ac:	52494753 	subpl	r4, r9, #21757952	; 0x14c0000
 3b0:	675f5f00 	ldrbvs	r5, [pc, -r0, lsl #30]
 3b4:	695f6369 	ldmdbvs	pc, {r0, r3, r5, r6, r8, r9, sp, lr}^	; <UNPREDICTABLE>
 3b8:	0074696e 	rsbseq	r6, r4, lr, ror #18
 3bc:	52415449 	subpl	r5, r1, #1224736768	; 0x49000000
 3c0:	53544547 	cmppl	r4, #297795584	; 0x11c00000
 3c4:	53490052 	movtpl	r0, #36946	; 0x9052
 3c8:	444e4550 	strbmi	r4, [lr], #-1360	; 0xfffffab0
 3cc:	5f5f0052 	svcpl	0x005f0052
 3d0:	656d6974 	strbvs	r6, [sp, #-2420]!	; 0xfffff68c
 3d4:	6e695f72 	mcrvs	15, 3, r5, cr9, cr2, {3}
 3d8:	73007469 	movwvc	r7, #1129	; 0x469
 3dc:	742f6372 	strtvc	r6, [pc], #-882	; 3e4 <_PUBLIC_SIZE_TEXT+0x62>
 3e0:	72656d69 	rsbvc	r6, r5, #6720	; 0x1a40
 3e4:	La dirección 0x00000000000003e4 está fuera de los límites.


Desensamblado de la sección .debug_ranges:

00000000 <.debug_ranges>:
   0:	ffffffff 			; <UNDEFINED> instruction: 0xffffffff
   4:	00000000 	andeq	r0, r0, r0
   8:	70010018 	andvc	r0, r1, r8, lsl r0
   c:	7001005c 	andvc	r0, r1, ip, asr r0
  10:	700300c4 	andvc	r0, r3, r4, asr #1
  14:	70030104 	andvc	r0, r3, r4, lsl #2
	...
  20:	7001005c 	andvc	r0, r1, ip, asr r0
  24:	7001009c 	mulvc	r1, ip, r0
	...
  30:	70030290 	mulvc	r3, r0, r2
  34:	700302d0 	ldrdvc	r0, [r3], -r0	; <UNPREDICTABLE>
	...
  40:	700302d0 	ldrdvc	r0, [r3], -r0	; <UNPREDICTABLE>
  44:	70030334 	andvc	r0, r3, r4, lsr r3
	...
  50:	70030334 	andvc	r0, r3, r4, lsr r3
  54:	70030382 	andvc	r0, r3, r2, lsl #7
	...

Desensamblado de la sección .debug_frame:

00000000 <.debug_frame>:
   0:	0000000c 	andeq	r0, r0, ip
   4:	ffffffff 			; <UNDEFINED> instruction: 0xffffffff
   8:	7c020001 	stcvc	0, cr0, [r2], {1}
   c:	000d0c0e 	andeq	r0, sp, lr, lsl #24
  10:	00000024 	andeq	r0, r0, r4, lsr #32
  14:	00000000 	andeq	r0, r0, r0
  18:	7001005c 	andvc	r0, r1, ip, asr r0
  1c:	00000040 	andeq	r0, r0, r0, asr #32
  20:	87040e41 	strhi	r0, [r4, -r1, asr #28]
  24:	200e4101 	andcs	r4, lr, r1, lsl #2
  28:	59070d41 	stmdbpl	r7, {r0, r6, r8, sl, fp}
  2c:	0d41040e 	cfstrdeq	mvd0, [r1, #-56]	; 0xffffffc8
  30:	0ec7420d 	cdpeq	2, 12, cr4, cr7, cr13, {0}
  34:	00000000 	andeq	r0, r0, r0
  38:	0000000c 	andeq	r0, r0, ip
  3c:	ffffffff 			; <UNDEFINED> instruction: 0xffffffff
  40:	7c020001 	stcvc	0, cr0, [r2], {1}
  44:	000d0c0e 	andeq	r0, sp, lr, lsl #24
  48:	00000024 	andeq	r0, r0, r4, lsr #32
  4c:	00000038 	andeq	r0, r0, r8, lsr r0
  50:	70030290 	mulvc	r3, r0, r2
  54:	00000040 	andeq	r0, r0, r0, asr #32
  58:	87040e41 	strhi	r0, [r4, -r1, asr #28]
  5c:	200e4101 	andcs	r4, lr, r1, lsl #2
  60:	59070d41 	stmdbpl	r7, {r0, r6, r8, sl, fp}
  64:	0d41040e 	cfstrdeq	mvd0, [r1, #-56]	; 0xffffffc8
  68:	0ec7420d 	cdpeq	2, 12, cr4, cr7, cr13, {0}
  6c:	00000000 	andeq	r0, r0, r0
  70:	0000000c 	andeq	r0, r0, ip
  74:	ffffffff 			; <UNDEFINED> instruction: 0xffffffff
  78:	7c020001 	stcvc	0, cr0, [r2], {1}
  7c:	000d0c0e 	andeq	r0, sp, lr, lsl #24
  80:	00000024 	andeq	r0, r0, r4, lsr #32
  84:	00000070 	andeq	r0, r0, r0, ror r0
  88:	700302d0 	ldrdvc	r0, [r3], -r0	; <UNPREDICTABLE>
  8c:	00000064 	andeq	r0, r0, r4, rrx
  90:	87040e41 	strhi	r0, [r4, -r1, asr #28]
  94:	100e4101 	andne	r4, lr, r1, lsl #2
  98:	6b070d41 	blvs	1c35a4 <C_STACK_SIZE+0x1c25a4>
  9c:	0d41040e 	cfstrdeq	mvd0, [r1, #-56]	; 0xffffffc8
  a0:	0ec7420d 	cdpeq	2, 12, cr4, cr7, cr13, {0}
  a4:	00000000 	andeq	r0, r0, r0
  a8:	0000000c 	andeq	r0, r0, ip
  ac:	ffffffff 			; <UNDEFINED> instruction: 0xffffffff
  b0:	7c020001 	stcvc	0, cr0, [r2], {1}
  b4:	000d0c0e 	andeq	r0, sp, lr, lsl #24
  b8:	00000024 	andeq	r0, r0, r4, lsr #32
  bc:	000000a8 	andeq	r0, r0, r8, lsr #1
  c0:	70030334 	andvc	r0, r3, r4, lsr r3
  c4:	0000004e 	andeq	r0, r0, lr, asr #32
  c8:	87040e41 	strhi	r0, [r4, -r1, asr #28]
  cc:	100e4101 	andne	r4, lr, r1, lsl #2
  d0:	60070d41 	andvs	r0, r7, r1, asr #26
  d4:	0d41040e 	cfstrdeq	mvd0, [r1, #-56]	; 0xffffffc8
  d8:	0ec7420d 	cdpeq	2, 12, cr4, cr7, cr13, {0}
  dc:	00000000 	andeq	r0, r0, r0
